ERROR [2022-11-06][11:54:38] game src/main.rs:66:17 Cannot create vertex shader: 0:11(49): error: `s0' undeclared
0:11(9): error: cannot construct `mat4' from a non-numeric data type
0:11(2): error: `return' with wrong type error, in function `frustum' returning mat4

ERROR [2022-11-06][11:54:38] game src/main.rs:89:9 Cannot link program: error: linking with uncompiled/unspecialized shader
INFO [2022-11-06][11:54:38] game src/main.rs:269:9 90, -0.1, 0.1, -0.17791668, 0.17791668
INFO [2022-11-06][11:54:38] game src/main.rs:269:9 90, -0.1, 0.1, -0.17791668, 0.17791668
INFO [2022-11-06][11:54:38] game src/main.rs:269:9 90, -0.1, 0.1, -0.17791668, 0.17791668
INFO [2022-11-06][11:54:38] game src/main.rs:269:9 90, -0.1, 0.1, -0.17791668, 0.17791668
INFO [2022-11-06][11:54:38] game src/main.rs:269:9 90, -0.1, 0.1, -0.17791668, 0.17791668
INFO [2022-11-06][11:54:38] game src/main.rs:269:9 90, -0.1, 0.1, -0.17791668, 0.17791668
INFO [2022-11-06][11:54:38] game src/main.rs:269:9 90, -0.1, 0.1, -0.17791668, 0.17791668
INFO [2022-11-06][11:54:38] game src/main.rs:269:9 90, -0.1, 0.1, -0.17791668, 0.17791668
INFO [2022-11-06][11:54:38] game src/main.rs:269:9 90, -0.1, 0.1, -0.17791668, 0.17791668
INFO [2022-11-06][11:54:38] game src/main.rs:269:9 90, -0.1, 0.1, -0.17791668, 0.17791668
INFO [2022-11-06][11:54:38] game src/main.rs:269:9 90, -0.1, 0.1, -0.17791668, 0.17791668
INFO [2022-11-06][11:54:38] game src/main.rs:269:9 90, -0.1, 0.1, -0.17791668, 0.17791668
INFO [2022-11-06][11:54:38] game src/main.rs:269:9 90, -0.1, 0.1, -0.17791668, 0.17791668
INFO [2022-11-06][11:54:38] game src/main.rs:269:9 90, -0.1, 0.1, -0.17791668, 0.17791668
INFO [2022-11-06][11:54:38] game src/main.rs:269:9 90, -0.1, 0.1, -0.17791668, 0.17791668
INFO [2022-11-06][11:54:38] game src/main.rs:269:9 90, -0.1, 0.1, -0.17791668, 0.17791668
INFO [2022-11-06][11:54:38] game src/main.rs:269:9 90, -0.1, 0.1, -0.17791668, 0.17791668
INFO [2022-11-06][11:54:38] game src/main.rs:269:9 90, -0.1, 0.1, -0.17791668, 0.17791668
INFO [2022-11-06][11:54:38] game src/main.rs:269:9 90, -0.1, 0.1, -0.17791668, 0.17791668
INFO [2022-11-06][11:54:38] game src/main.rs:269:9 90, -0.1, 0.1, -0.17791668, 0.17791668
INFO [2022-11-06][11:54:38] game src/main.rs:269:9 90, -0.1, 0.1, -0.17791668, 0.17791668
INFO [2022-11-06][11:54:38] game src/main.rs:269:9 90, -0.1, 0.1, -0.17791668, 0.17791668
INFO [2022-11-06][11:54:38] game src/main.rs:269:9 90, -0.1, 0.1, -0.17791668, 0.17791668
INFO [2022-11-06][11:54:38] game src/main.rs:269:9 90, -0.1, 0.1, -0.17791668, 0.17791668
INFO [2022-11-06][11:54:38] game src/main.rs:269:9 90, -0.1, 0.1, -0.17791668, 0.17791668
INFO [2022-11-06][11:54:38] game src/main.rs:269:9 90, -0.1, 0.1, -0.17791668, 0.17791668
INFO [2022-11-06][11:54:38] game src/main.rs:269:9 90, -0.1, 0.1, -0.17791668, 0.17791668
INFO [2022-11-06][11:54:38] game src/main.rs:269:9 90, -0.1, 0.1, -0.17791668, 0.17791668
INFO [2022-11-06][11:54:38] game src/main.rs:269:9 90, -0.1, 0.1, -0.17791668, 0.17791668
INFO [2022-11-06][11:54:38] game src/main.rs:269:9 90, -0.1, 0.1, -0.17791668, 0.17791668
INFO [2022-11-06][11:54:38] game src/main.rs:269:9 90, -0.1, 0.1, -0.17791668, 0.17791668
INFO [2022-11-06][11:54:38] game src/main.rs:269:9 90, -0.1, 0.1, -0.17791668, 0.17791668
INFO [2022-11-06][11:54:38] game src/main.rs:269:9 90, -0.1, 0.1, -0.17791668, 0.17791668
INFO [2022-11-06][11:54:38] game src/main.rs:269:9 90, -0.1, 0.1, -0.17791668, 0.17791668
INFO [2022-11-06][11:54:38] game src/main.rs:269:9 90, -0.1, 0.1, -0.17791668, 0.17791668
INFO [2022-11-06][11:54:38] game src/main.rs:269:9 90, -0.1, 0.1, -0.17791668, 0.17791668
INFO [2022-11-06][11:54:38] game src/main.rs:269:9 90, -0.1, 0.1, -0.17791668, 0.17791668
INFO [2022-11-06][11:54:38] game src/main.rs:269:9 90, -0.1, 0.1, -0.17791668, 0.17791668
INFO [2022-11-06][11:54:38] game src/main.rs:269:9 90, -0.1, 0.1, -0.17791668, 0.17791668
INFO [2022-11-06][11:54:38] game src/main.rs:269:9 90, -0.1, 0.1, -0.17791668, 0.17791668
INFO [2022-11-06][11:54:38] game src/main.rs:269:9 90, -0.1, 0.1, -0.17791668, 0.17791668
INFO [2022-11-06][11:54:38] game src/main.rs:269:9 90, -0.1, 0.1, -0.17791668, 0.17791668
INFO [2022-11-06][11:54:38] game src/main.rs:269:9 90, -0.1, 0.1, -0.17791668, 0.17791668
INFO [2022-11-06][11:54:38] game src/main.rs:269:9 90, -0.1, 0.1, -0.17791668, 0.17791668
INFO [2022-11-06][11:54:38] game src/main.rs:269:9 90, -0.1, 0.1, -0.17791668, 0.17791668
INFO [2022-11-06][11:54:38] game src/main.rs:269:9 90, -0.1, 0.1, -0.17791668, 0.17791668
INFO [2022-11-06][11:54:38] game src/main.rs:269:9 90, -0.1, 0.1, -0.17791668, 0.17791668
INFO [2022-11-06][11:54:38] game src/main.rs:269:9 90, -0.1, 0.1, -0.17791668, 0.17791668
INFO [2022-11-06][11:54:38] game src/main.rs:269:9 90, -0.1, 0.1, -0.17791668, 0.17791668
INFO [2022-11-06][11:54:38] game src/main.rs:269:9 90, -0.1, 0.1, -0.17791668, 0.17791668
INFO [2022-11-06][11:54:38] game src/main.rs:269:9 90, -0.1, 0.1, -0.17791668, 0.17791668
INFO [2022-11-06][11:54:38] game src/main.rs:269:9 90, -0.1, 0.1, -0.17791668, 0.17791668
INFO [2022-11-06][11:54:38] game src/main.rs:269:9 90, -0.1, 0.1, -0.17791668, 0.17791668
INFO [2022-11-06][11:54:38] game src/main.rs:269:9 90, -0.1, 0.1, -0.17791668, 0.17791668
INFO [2022-11-06][11:54:38] game src/main.rs:269:9 90, -0.1, 0.1, -0.17791668, 0.17791668
INFO [2022-11-06][11:54:38] game src/main.rs:269:9 90, -0.1, 0.1, -0.17791668, 0.17791668
INFO [2022-11-06][11:54:38] game src/main.rs:269:9 90, -0.1, 0.1, -0.17791668, 0.17791668
INFO [2022-11-06][11:54:38] game src/main.rs:269:9 90, -0.1, 0.1, -0.17791668, 0.17791668
INFO [2022-11-06][11:54:39] game src/main.rs:269:9 90, -0.1, 0.1, -0.17791668, 0.17791668
INFO [2022-11-06][11:54:39] game src/main.rs:269:9 90, -0.1, 0.1, -0.17791668, 0.17791668
INFO [2022-11-06][11:54:39] game src/main.rs:269:9 90, -0.1, 0.1, -0.17791668, 0.17791668
INFO [2022-11-06][11:54:39] game src/main.rs:269:9 90, -0.1, 0.1, -0.17791668, 0.17791668
INFO [2022-11-06][11:54:39] game src/main.rs:269:9 90, -0.1, 0.1, -0.17791668, 0.17791668
INFO [2022-11-06][11:54:39] game src/main.rs:269:9 90, -0.1, 0.1, -0.17791668, 0.17791668
INFO [2022-11-06][11:54:39] game src/main.rs:269:9 90, -0.1, 0.1, -0.17791668, 0.17791668
INFO [2022-11-06][11:54:39] game src/main.rs:269:9 90, -0.1, 0.1, -0.17791668, 0.17791668
INFO [2022-11-06][11:54:39] game src/main.rs:269:9 90, -0.1, 0.1, -0.17791668, 0.17791668
INFO [2022-11-06][11:54:39] game src/main.rs:269:9 90, -0.1, 0.1, -0.17791668, 0.17791668
INFO [2022-11-06][11:54:39] game src/main.rs:269:9 90, -0.1, 0.1, -0.17791668, 0.17791668
INFO [2022-11-06][11:54:39] game src/main.rs:269:9 90, -0.1, 0.1, -0.17791668, 0.17791668
INFO [2022-11-06][11:54:39] game src/main.rs:269:9 90, -0.1, 0.1, -0.17791668, 0.17791668
INFO [2022-11-06][11:54:39] game src/main.rs:269:9 90, -0.1, 0.1, -0.17791668, 0.17791668
INFO [2022-11-06][11:54:39] game src/main.rs:269:9 90, -0.1, 0.1, -0.17791668, 0.17791668
INFO [2022-11-06][11:54:39] game src/main.rs:269:9 90, -0.1, 0.1, -0.17791668, 0.17791668
