ERROR [2022-11-06][11:23:20] game src/main.rs:66:17 Cannot create vertex shader: 0:20(41): error: `vertCamera' undeclared
0:20(41): error: type mismatch
0:20(20): error: operands to arithmetic operators must be numeric
0:23(27): error: size mismatch for matrix multiplication
0:24(23): warning: `projectedVert_tmp' used uninitialized
0:24(47): error: `projectedVert' undeclared
0:24(47): error: type mismatch
0:24(23): error: operands to arithmetic operators must be numeric
0:25(16): warning: `projectedVert' used uninitialized
0:25(2): error: value of type vec3 cannot be assigned to variable of type vec4

ERROR [2022-11-06][11:23:20] game src/main.rs:89:9 Cannot link program: error: linking with uncompiled/unspecialized shader
INFO [2022-11-06][11:23:20] game src/main.rs:268:9 angle=90 camera_z=-5
INFO [2022-11-06][11:23:20] game src/main.rs:268:9 angle=90 camera_z=-5
INFO [2022-11-06][11:23:20] game src/main.rs:268:9 angle=90 camera_z=-5
INFO [2022-11-06][11:23:20] game src/main.rs:268:9 angle=90 camera_z=-5
INFO [2022-11-06][11:23:20] game src/main.rs:268:9 angle=90 camera_z=-5
INFO [2022-11-06][11:23:20] game src/main.rs:268:9 angle=90 camera_z=-5
INFO [2022-11-06][11:23:20] game src/main.rs:268:9 angle=90 camera_z=-5
INFO [2022-11-06][11:23:20] game src/main.rs:268:9 angle=90 camera_z=-5
INFO [2022-11-06][11:23:20] game src/main.rs:268:9 angle=90 camera_z=-5
INFO [2022-11-06][11:23:20] game src/main.rs:268:9 angle=90 camera_z=-5
INFO [2022-11-06][11:23:20] game src/main.rs:268:9 angle=90 camera_z=-5
INFO [2022-11-06][11:23:20] game src/main.rs:268:9 angle=90 camera_z=-5
INFO [2022-11-06][11:23:20] game src/main.rs:268:9 angle=90 camera_z=-5
INFO [2022-11-06][11:23:20] game src/main.rs:268:9 angle=90 camera_z=-5
INFO [2022-11-06][11:23:20] game src/main.rs:268:9 angle=90 camera_z=-5
INFO [2022-11-06][11:23:20] game src/main.rs:268:9 angle=90 camera_z=-5
INFO [2022-11-06][11:23:20] game src/main.rs:268:9 angle=90 camera_z=-5
INFO [2022-11-06][11:23:20] game src/main.rs:268:9 angle=90 camera_z=-5
INFO [2022-11-06][11:23:20] game src/main.rs:268:9 angle=90 camera_z=-5
INFO [2022-11-06][11:23:20] game src/main.rs:268:9 angle=90 camera_z=-5
INFO [2022-11-06][11:23:20] game src/main.rs:268:9 angle=90 camera_z=-5
INFO [2022-11-06][11:23:20] game src/main.rs:268:9 angle=90 camera_z=-5
INFO [2022-11-06][11:23:20] game src/main.rs:268:9 angle=90 camera_z=-5
INFO [2022-11-06][11:23:20] game src/main.rs:268:9 angle=90 camera_z=-5
INFO [2022-11-06][11:23:20] game src/main.rs:268:9 angle=90 camera_z=-5
INFO [2022-11-06][11:23:20] game src/main.rs:268:9 angle=90 camera_z=-5
INFO [2022-11-06][11:23:20] game src/main.rs:268:9 angle=90 camera_z=-5
INFO [2022-11-06][11:23:20] game src/main.rs:268:9 angle=90 camera_z=-5
INFO [2022-11-06][11:23:20] game src/main.rs:268:9 angle=90 camera_z=-5
INFO [2022-11-06][11:23:20] game src/main.rs:268:9 angle=90 camera_z=-5
INFO [2022-11-06][11:23:20] game src/main.rs:268:9 angle=90 camera_z=-5
INFO [2022-11-06][11:23:20] game src/main.rs:268:9 angle=90 camera_z=-5
INFO [2022-11-06][11:23:20] game src/main.rs:268:9 angle=90 camera_z=-5
INFO [2022-11-06][11:23:20] game src/main.rs:268:9 angle=90 camera_z=-5
INFO [2022-11-06][11:23:20] game src/main.rs:268:9 angle=90 camera_z=-5
INFO [2022-11-06][11:23:20] game src/main.rs:268:9 angle=90 camera_z=-5
INFO [2022-11-06][11:23:20] game src/main.rs:268:9 angle=90 camera_z=-5
INFO [2022-11-06][11:23:20] game src/main.rs:268:9 angle=90 camera_z=-5
INFO [2022-11-06][11:23:20] game src/main.rs:268:9 angle=90 camera_z=-5
INFO [2022-11-06][11:23:20] game src/main.rs:268:9 angle=90 camera_z=-5
INFO [2022-11-06][11:23:20] game src/main.rs:268:9 angle=90 camera_z=-5
INFO [2022-11-06][11:23:20] game src/main.rs:268:9 angle=90 camera_z=-5
INFO [2022-11-06][11:23:20] game src/main.rs:268:9 angle=90 camera_z=-5
INFO [2022-11-06][11:23:20] game src/main.rs:268:9 angle=90 camera_z=-5
INFO [2022-11-06][11:23:20] game src/main.rs:268:9 angle=90 camera_z=-5
INFO [2022-11-06][11:23:20] game src/main.rs:268:9 angle=90 camera_z=-5
INFO [2022-11-06][11:23:20] game src/main.rs:268:9 angle=90 camera_z=-5
INFO [2022-11-06][11:23:20] game src/main.rs:268:9 angle=90 camera_z=-5
INFO [2022-11-06][11:23:20] game src/main.rs:268:9 angle=90 camera_z=-5
INFO [2022-11-06][11:23:20] game src/main.rs:268:9 angle=90 camera_z=-5
INFO [2022-11-06][11:23:20] game src/main.rs:268:9 angle=90 camera_z=-5
INFO [2022-11-06][11:23:20] game src/main.rs:268:9 angle=90 camera_z=-5
INFO [2022-11-06][11:23:20] game src/main.rs:268:9 angle=90 camera_z=-5
INFO [2022-11-06][11:23:20] game src/main.rs:268:9 angle=90 camera_z=-5
INFO [2022-11-06][11:23:20] game src/main.rs:268:9 angle=90 camera_z=-5
INFO [2022-11-06][11:23:21] game src/main.rs:268:9 angle=90 camera_z=-5
INFO [2022-11-06][11:23:21] game src/main.rs:268:9 angle=90 camera_z=-5
INFO [2022-11-06][11:23:21] game src/main.rs:268:9 angle=90 camera_z=-5
INFO [2022-11-06][11:23:21] game src/main.rs:268:9 angle=90 camera_z=-5
INFO [2022-11-06][11:23:21] game src/main.rs:268:9 angle=90 camera_z=-5
INFO [2022-11-06][11:23:21] game src/main.rs:268:9 angle=90 camera_z=-5
INFO [2022-11-06][11:23:21] game src/main.rs:268:9 angle=90 camera_z=-5
INFO [2022-11-06][11:23:21] game src/main.rs:268:9 angle=90 camera_z=-5
INFO [2022-11-06][11:23:21] game src/main.rs:268:9 angle=90 camera_z=-5
INFO [2022-11-06][11:23:21] game src/main.rs:268:9 angle=90 camera_z=-5
INFO [2022-11-06][11:23:21] game src/main.rs:268:9 angle=90 camera_z=-5
INFO [2022-11-06][11:23:21] game src/main.rs:268:9 angle=90 camera_z=-5
INFO [2022-11-06][11:23:21] game src/main.rs:268:9 angle=90 camera_z=-5
INFO [2022-11-06][11:23:21] game src/main.rs:268:9 angle=90 camera_z=-5
INFO [2022-11-06][11:23:21] game src/main.rs:268:9 angle=90 camera_z=-5
INFO [2022-11-06][11:23:21] game src/main.rs:268:9 angle=90 camera_z=-5
INFO [2022-11-06][11:23:21] game src/main.rs:268:9 angle=90 camera_z=-5
INFO [2022-11-06][11:23:21] game src/main.rs:268:9 angle=90 camera_z=-5
INFO [2022-11-06][11:23:21] game src/main.rs:268:9 angle=90 camera_z=-5
INFO [2022-11-06][11:23:21] game src/main.rs:268:9 angle=90 camera_z=-5
INFO [2022-11-06][11:23:21] game src/main.rs:268:9 angle=90 camera_z=-5
INFO [2022-11-06][11:23:21] game src/main.rs:268:9 angle=90 camera_z=-6
INFO [2022-11-06][11:23:21] game src/main.rs:268:9 angle=90 camera_z=-6
INFO [2022-11-06][11:23:21] game src/main.rs:268:9 angle=90 camera_z=-6
INFO [2022-11-06][11:23:21] game src/main.rs:268:9 angle=90 camera_z=-6
INFO [2022-11-06][11:23:21] game src/main.rs:268:9 angle=90 camera_z=-6
INFO [2022-11-06][11:23:21] game src/main.rs:268:9 angle=90 camera_z=-6
INFO [2022-11-06][11:23:21] game src/main.rs:268:9 angle=90 camera_z=-6
INFO [2022-11-06][11:23:21] game src/main.rs:268:9 angle=90 camera_z=-6
INFO [2022-11-06][11:23:21] game src/main.rs:268:9 angle=90 camera_z=-6
INFO [2022-11-06][11:23:21] game src/main.rs:268:9 angle=90 camera_z=-6
INFO [2022-11-06][11:23:21] game src/main.rs:268:9 angle=90 camera_z=-6
INFO [2022-11-06][11:23:21] game src/main.rs:268:9 angle=90 camera_z=-5
INFO [2022-11-06][11:23:21] game src/main.rs:268:9 angle=90 camera_z=-5
INFO [2022-11-06][11:23:21] game src/main.rs:268:9 angle=90 camera_z=-5
INFO [2022-11-06][11:23:21] game src/main.rs:268:9 angle=90 camera_z=-5
INFO [2022-11-06][11:23:21] game src/main.rs:268:9 angle=90 camera_z=-5
INFO [2022-11-06][11:23:21] game src/main.rs:268:9 angle=90 camera_z=-5
INFO [2022-11-06][11:23:21] game src/main.rs:268:9 angle=90 camera_z=-5
INFO [2022-11-06][11:23:21] game src/main.rs:268:9 angle=90 camera_z=-5
INFO [2022-11-06][11:23:21] game src/main.rs:268:9 angle=90 camera_z=-5
INFO [2022-11-06][11:23:21] game src/main.rs:268:9 angle=90 camera_z=-5
INFO [2022-11-06][11:23:21] game src/main.rs:268:9 angle=90 camera_z=-5
INFO [2022-11-06][11:23:21] game src/main.rs:268:9 angle=90 camera_z=-5
INFO [2022-11-06][11:23:21] game src/main.rs:268:9 angle=90 camera_z=-5
INFO [2022-11-06][11:23:21] game src/main.rs:268:9 angle=90 camera_z=-5
INFO [2022-11-06][11:23:21] game src/main.rs:268:9 angle=90 camera_z=-5
INFO [2022-11-06][11:23:21] game src/main.rs:268:9 angle=90 camera_z=-5
INFO [2022-11-06][11:23:21] game src/main.rs:268:9 angle=90 camera_z=-5
INFO [2022-11-06][11:23:21] game src/main.rs:268:9 angle=90 camera_z=-5
INFO [2022-11-06][11:23:21] game src/main.rs:268:9 angle=90 camera_z=-4
INFO [2022-11-06][11:23:21] game src/main.rs:268:9 angle=90 camera_z=-4
INFO [2022-11-06][11:23:21] game src/main.rs:268:9 angle=90 camera_z=-4
INFO [2022-11-06][11:23:21] game src/main.rs:268:9 angle=90 camera_z=-4
INFO [2022-11-06][11:23:21] game src/main.rs:268:9 angle=90 camera_z=-4
INFO [2022-11-06][11:23:21] game src/main.rs:268:9 angle=90 camera_z=-4
INFO [2022-11-06][11:23:21] game src/main.rs:268:9 angle=90 camera_z=-5
INFO [2022-11-06][11:23:21] game src/main.rs:268:9 angle=90 camera_z=-5
INFO [2022-11-06][11:23:21] game src/main.rs:268:9 angle=90 camera_z=-5
INFO [2022-11-06][11:23:21] game src/main.rs:268:9 angle=90 camera_z=-5
INFO [2022-11-06][11:23:22] game src/main.rs:268:9 angle=90 camera_z=-5
INFO [2022-11-06][11:23:22] game src/main.rs:268:9 angle=90 camera_z=-5
INFO [2022-11-06][11:23:22] game src/main.rs:268:9 angle=90 camera_z=-5
INFO [2022-11-06][11:23:22] game src/main.rs:268:9 angle=90 camera_z=-5
INFO [2022-11-06][11:23:22] game src/main.rs:268:9 angle=90 camera_z=-5
INFO [2022-11-06][11:23:22] game src/main.rs:268:9 angle=90 camera_z=-5
INFO [2022-11-06][11:23:22] game src/main.rs:268:9 angle=90 camera_z=-5
INFO [2022-11-06][11:23:22] game src/main.rs:268:9 angle=90 camera_z=-5
INFO [2022-11-06][11:23:22] game src/main.rs:268:9 angle=90 camera_z=-5
INFO [2022-11-06][11:23:22] game src/main.rs:268:9 angle=90 camera_z=-5
INFO [2022-11-06][11:23:22] game src/main.rs:268:9 angle=90 camera_z=-5
INFO [2022-11-06][11:23:22] game src/main.rs:268:9 angle=90 camera_z=-5
INFO [2022-11-06][11:23:22] game src/main.rs:268:9 angle=90 camera_z=-5
INFO [2022-11-06][11:23:22] game src/main.rs:268:9 angle=90 camera_z=-6
INFO [2022-11-06][11:23:22] game src/main.rs:268:9 angle=90 camera_z=-6
INFO [2022-11-06][11:23:22] game src/main.rs:268:9 angle=90 camera_z=-6
INFO [2022-11-06][11:23:22] game src/main.rs:268:9 angle=90 camera_z=-6
INFO [2022-11-06][11:23:22] game src/main.rs:268:9 angle=90 camera_z=-5
INFO [2022-11-06][11:23:22] game src/main.rs:268:9 angle=90 camera_z=-5
INFO [2022-11-06][11:23:22] game src/main.rs:268:9 angle=90 camera_z=-5
INFO [2022-11-06][11:23:22] game src/main.rs:268:9 angle=90 camera_z=-5
INFO [2022-11-06][11:23:22] game src/main.rs:268:9 angle=90 camera_z=-5
INFO [2022-11-06][11:23:22] game src/main.rs:268:9 angle=90 camera_z=-5
INFO [2022-11-06][11:23:22] game src/main.rs:268:9 angle=90 camera_z=-5
INFO [2022-11-06][11:23:22] game src/main.rs:268:9 angle=90 camera_z=-5
INFO [2022-11-06][11:23:22] game src/main.rs:268:9 angle=90 camera_z=-5
INFO [2022-11-06][11:23:22] game src/main.rs:268:9 angle=90 camera_z=-6
INFO [2022-11-06][11:23:22] game src/main.rs:268:9 angle=90 camera_z=-6
INFO [2022-11-06][11:23:22] game src/main.rs:268:9 angle=90 camera_z=-6
INFO [2022-11-06][11:23:22] game src/main.rs:268:9 angle=90 camera_z=-6
INFO [2022-11-06][11:23:22] game src/main.rs:268:9 angle=90 camera_z=-6
INFO [2022-11-06][11:23:22] game src/main.rs:268:9 angle=90 camera_z=-6
INFO [2022-11-06][11:23:22] game src/main.rs:268:9 angle=90 camera_z=-6
INFO [2022-11-06][11:23:22] game src/main.rs:268:9 angle=90 camera_z=-5
INFO [2022-11-06][11:23:22] game src/main.rs:268:9 angle=90 camera_z=-5
INFO [2022-11-06][11:23:22] game src/main.rs:268:9 angle=90 camera_z=-5
INFO [2022-11-06][11:23:22] game src/main.rs:268:9 angle=90 camera_z=-5
INFO [2022-11-06][11:23:22] game src/main.rs:268:9 angle=90 camera_z=-5
INFO [2022-11-06][11:23:22] game src/main.rs:268:9 angle=90 camera_z=-5
INFO [2022-11-06][11:23:22] game src/main.rs:268:9 angle=90 camera_z=-5
INFO [2022-11-06][11:23:22] game src/main.rs:268:9 angle=90 camera_z=-5
INFO [2022-11-06][11:23:22] game src/main.rs:268:9 angle=90 camera_z=-6
INFO [2022-11-06][11:23:22] game src/main.rs:268:9 angle=90 camera_z=-6
INFO [2022-11-06][11:23:22] game src/main.rs:268:9 angle=90 camera_z=-6
INFO [2022-11-06][11:23:22] game src/main.rs:268:9 angle=90 camera_z=-6
INFO [2022-11-06][11:23:22] game src/main.rs:268:9 angle=90 camera_z=-6
INFO [2022-11-06][11:23:22] game src/main.rs:268:9 angle=90 camera_z=-6
INFO [2022-11-06][11:23:22] game src/main.rs:268:9 angle=90 camera_z=-6
INFO [2022-11-06][11:23:22] game src/main.rs:268:9 angle=90 camera_z=-5
INFO [2022-11-06][11:23:22] game src/main.rs:268:9 angle=90 camera_z=-5
INFO [2022-11-06][11:23:22] game src/main.rs:268:9 angle=90 camera_z=-5
INFO [2022-11-06][11:23:22] game src/main.rs:268:9 angle=90 camera_z=-5
INFO [2022-11-06][11:23:22] game src/main.rs:268:9 angle=90 camera_z=-5
INFO [2022-11-06][11:23:22] game src/main.rs:268:9 angle=90 camera_z=-5
INFO [2022-11-06][11:23:22] game src/main.rs:268:9 angle=90 camera_z=-5
INFO [2022-11-06][11:23:22] game src/main.rs:268:9 angle=90 camera_z=-5
INFO [2022-11-06][11:23:22] game src/main.rs:268:9 angle=90 camera_z=-5
INFO [2022-11-06][11:23:22] game src/main.rs:268:9 angle=90 camera_z=-5
INFO [2022-11-06][11:23:22] game src/main.rs:268:9 angle=90 camera_z=-5
INFO [2022-11-06][11:23:22] game src/main.rs:268:9 angle=90 camera_z=-5
INFO [2022-11-06][11:23:23] game src/main.rs:268:9 angle=90 camera_z=-5
INFO [2022-11-06][11:23:23] game src/main.rs:268:9 angle=90 camera_z=-4
INFO [2022-11-06][11:23:23] game src/main.rs:268:9 angle=90 camera_z=-4
INFO [2022-11-06][11:23:23] game src/main.rs:268:9 angle=90 camera_z=-4
INFO [2022-11-06][11:23:23] game src/main.rs:268:9 angle=90 camera_z=-4
INFO [2022-11-06][11:23:23] game src/main.rs:268:9 angle=90 camera_z=-4
INFO [2022-11-06][11:23:23] game src/main.rs:268:9 angle=90 camera_z=-4
INFO [2022-11-06][11:23:23] game src/main.rs:268:9 angle=90 camera_z=-4
INFO [2022-11-06][11:23:23] game src/main.rs:268:9 angle=90 camera_z=-4
INFO [2022-11-06][11:23:23] game src/main.rs:268:9 angle=90 camera_z=-4
INFO [2022-11-06][11:23:23] game src/main.rs:268:9 angle=90 camera_z=-4
INFO [2022-11-06][11:23:23] game src/main.rs:268:9 angle=90 camera_z=-4
INFO [2022-11-06][11:23:23] game src/main.rs:268:9 angle=90 camera_z=-4
INFO [2022-11-06][11:23:23] game src/main.rs:268:9 angle=90 camera_z=-4
INFO [2022-11-06][11:23:23] game src/main.rs:268:9 angle=90 camera_z=-4
INFO [2022-11-06][11:23:23] game src/main.rs:268:9 angle=90 camera_z=-4
INFO [2022-11-06][11:23:23] game src/main.rs:268:9 angle=90 camera_z=-4
INFO [2022-11-06][11:23:23] game src/main.rs:268:9 angle=90 camera_z=-4
INFO [2022-11-06][11:23:23] game src/main.rs:268:9 angle=90 camera_z=-4
INFO [2022-11-06][11:23:23] game src/main.rs:268:9 angle=90 camera_z=-4
INFO [2022-11-06][11:23:23] game src/main.rs:268:9 angle=90 camera_z=-4
INFO [2022-11-06][11:23:23] game src/main.rs:268:9 angle=90 camera_z=-4
INFO [2022-11-06][11:23:23] game src/main.rs:268:9 angle=90 camera_z=-4
INFO [2022-11-06][11:23:23] game src/main.rs:268:9 angle=90 camera_z=-4
INFO [2022-11-06][11:23:23] game src/main.rs:268:9 angle=90 camera_z=-4
INFO [2022-11-06][11:23:23] game src/main.rs:268:9 angle=90 camera_z=-4
INFO [2022-11-06][11:23:23] game src/main.rs:268:9 angle=90 camera_z=-4
INFO [2022-11-06][11:23:23] game src/main.rs:268:9 angle=90 camera_z=-4
INFO [2022-11-06][11:23:23] game src/main.rs:268:9 angle=90 camera_z=-4
INFO [2022-11-06][11:23:23] game src/main.rs:268:9 angle=90 camera_z=-4
INFO [2022-11-06][11:23:23] game src/main.rs:268:9 angle=90 camera_z=-4
INFO [2022-11-06][11:23:23] game src/main.rs:268:9 angle=90 camera_z=-3
INFO [2022-11-06][11:23:23] game src/main.rs:268:9 angle=90 camera_z=-3
INFO [2022-11-06][11:23:23] game src/main.rs:268:9 angle=90 camera_z=-2
INFO [2022-11-06][11:23:23] game src/main.rs:268:9 angle=90 camera_z=-1
INFO [2022-11-06][11:23:23] game src/main.rs:268:9 angle=90 camera_z=-1
INFO [2022-11-06][11:23:23] game src/main.rs:268:9 angle=90 camera_z=0
INFO [2022-11-06][11:23:23] game src/main.rs:268:9 angle=90 camera_z=0
INFO [2022-11-06][11:23:23] game src/main.rs:268:9 angle=90 camera_z=1
INFO [2022-11-06][11:23:23] game src/main.rs:268:9 angle=90 camera_z=1
INFO [2022-11-06][11:23:23] game src/main.rs:268:9 angle=90 camera_z=2
INFO [2022-11-06][11:23:23] game src/main.rs:268:9 angle=90 camera_z=2
INFO [2022-11-06][11:23:23] game src/main.rs:268:9 angle=90 camera_z=3
INFO [2022-11-06][11:23:23] game src/main.rs:268:9 angle=90 camera_z=3
INFO [2022-11-06][11:23:23] game src/main.rs:268:9 angle=90 camera_z=4
INFO [2022-11-06][11:23:23] game src/main.rs:268:9 angle=90 camera_z=5
INFO [2022-11-06][11:23:23] game src/main.rs:268:9 angle=90 camera_z=5
INFO [2022-11-06][11:23:23] game src/main.rs:268:9 angle=90 camera_z=6
INFO [2022-11-06][11:23:23] game src/main.rs:268:9 angle=90 camera_z=6
INFO [2022-11-06][11:23:23] game src/main.rs:268:9 angle=90 camera_z=7
INFO [2022-11-06][11:23:23] game src/main.rs:268:9 angle=90 camera_z=7
INFO [2022-11-06][11:23:23] game src/main.rs:268:9 angle=90 camera_z=8
INFO [2022-11-06][11:23:23] game src/main.rs:268:9 angle=90 camera_z=8
INFO [2022-11-06][11:23:23] game src/main.rs:268:9 angle=90 camera_z=9
INFO [2022-11-06][11:23:23] game src/main.rs:268:9 angle=90 camera_z=9
INFO [2022-11-06][11:23:23] game src/main.rs:268:9 angle=90 camera_z=10
INFO [2022-11-06][11:23:23] game src/main.rs:268:9 angle=90 camera_z=11
INFO [2022-11-06][11:23:23] game src/main.rs:268:9 angle=90 camera_z=11
INFO [2022-11-06][11:23:23] game src/main.rs:268:9 angle=90 camera_z=12
INFO [2022-11-06][11:23:24] game src/main.rs:268:9 angle=90 camera_z=12
INFO [2022-11-06][11:23:24] game src/main.rs:268:9 angle=90 camera_z=13
INFO [2022-11-06][11:23:24] game src/main.rs:268:9 angle=90 camera_z=13
INFO [2022-11-06][11:23:24] game src/main.rs:268:9 angle=90 camera_z=14
INFO [2022-11-06][11:23:24] game src/main.rs:268:9 angle=90 camera_z=14
INFO [2022-11-06][11:23:24] game src/main.rs:268:9 angle=90 camera_z=15
INFO [2022-11-06][11:23:24] game src/main.rs:268:9 angle=90 camera_z=16
INFO [2022-11-06][11:23:24] game src/main.rs:268:9 angle=90 camera_z=16
INFO [2022-11-06][11:23:24] game src/main.rs:268:9 angle=90 camera_z=17
INFO [2022-11-06][11:23:24] game src/main.rs:268:9 angle=90 camera_z=17
INFO [2022-11-06][11:23:24] game src/main.rs:268:9 angle=90 camera_z=18
INFO [2022-11-06][11:23:24] game src/main.rs:268:9 angle=90 camera_z=18
INFO [2022-11-06][11:23:24] game src/main.rs:268:9 angle=90 camera_z=19
INFO [2022-11-06][11:23:24] game src/main.rs:268:9 angle=90 camera_z=19
INFO [2022-11-06][11:23:24] game src/main.rs:268:9 angle=90 camera_z=20
INFO [2022-11-06][11:23:24] game src/main.rs:268:9 angle=90 camera_z=20
INFO [2022-11-06][11:23:24] game src/main.rs:268:9 angle=90 camera_z=21
INFO [2022-11-06][11:23:24] game src/main.rs:268:9 angle=90 camera_z=22
INFO [2022-11-06][11:23:24] game src/main.rs:268:9 angle=90 camera_z=22
INFO [2022-11-06][11:23:24] game src/main.rs:268:9 angle=90 camera_z=23
INFO [2022-11-06][11:23:24] game src/main.rs:268:9 angle=90 camera_z=23
INFO [2022-11-06][11:23:24] game src/main.rs:268:9 angle=90 camera_z=24
INFO [2022-11-06][11:23:24] game src/main.rs:268:9 angle=90 camera_z=24
INFO [2022-11-06][11:23:24] game src/main.rs:268:9 angle=90 camera_z=25
INFO [2022-11-06][11:23:24] game src/main.rs:268:9 angle=90 camera_z=25
INFO [2022-11-06][11:23:24] game src/main.rs:268:9 angle=90 camera_z=26
INFO [2022-11-06][11:23:24] game src/main.rs:268:9 angle=90 camera_z=27
INFO [2022-11-06][11:23:24] game src/main.rs:268:9 angle=90 camera_z=27
INFO [2022-11-06][11:23:24] game src/main.rs:268:9 angle=90 camera_z=28
INFO [2022-11-06][11:23:24] game src/main.rs:268:9 angle=90 camera_z=28
INFO [2022-11-06][11:23:24] game src/main.rs:268:9 angle=90 camera_z=29
INFO [2022-11-06][11:23:24] game src/main.rs:268:9 angle=90 camera_z=29
INFO [2022-11-06][11:23:24] game src/main.rs:268:9 angle=90 camera_z=30
INFO [2022-11-06][11:23:24] game src/main.rs:268:9 angle=90 camera_z=30
INFO [2022-11-06][11:23:24] game src/main.rs:268:9 angle=90 camera_z=31
INFO [2022-11-06][11:23:24] game src/main.rs:268:9 angle=90 camera_z=31
INFO [2022-11-06][11:23:24] game src/main.rs:268:9 angle=90 camera_z=32
INFO [2022-11-06][11:23:24] game src/main.rs:268:9 angle=90 camera_z=33
INFO [2022-11-06][11:23:24] game src/main.rs:268:9 angle=90 camera_z=33
INFO [2022-11-06][11:23:24] game src/main.rs:268:9 angle=90 camera_z=34
INFO [2022-11-06][11:23:24] game src/main.rs:268:9 angle=90 camera_z=34
INFO [2022-11-06][11:23:24] game src/main.rs:268:9 angle=90 camera_z=35
INFO [2022-11-06][11:23:24] game src/main.rs:268:9 angle=90 camera_z=35
INFO [2022-11-06][11:23:24] game src/main.rs:268:9 angle=90 camera_z=36
INFO [2022-11-06][11:23:24] game src/main.rs:268:9 angle=90 camera_z=36
INFO [2022-11-06][11:23:24] game src/main.rs:268:9 angle=90 camera_z=37
INFO [2022-11-06][11:23:24] game src/main.rs:268:9 angle=90 camera_z=37
INFO [2022-11-06][11:23:24] game src/main.rs:268:9 angle=90 camera_z=38
INFO [2022-11-06][11:23:24] game src/main.rs:268:9 angle=90 camera_z=39
INFO [2022-11-06][11:23:24] game src/main.rs:268:9 angle=90 camera_z=39
INFO [2022-11-06][11:23:24] game src/main.rs:268:9 angle=90 camera_z=40
INFO [2022-11-06][11:23:24] game src/main.rs:268:9 angle=90 camera_z=40
INFO [2022-11-06][11:23:24] game src/main.rs:268:9 angle=90 camera_z=41
INFO [2022-11-06][11:23:24] game src/main.rs:268:9 angle=90 camera_z=41
INFO [2022-11-06][11:23:24] game src/main.rs:268:9 angle=90 camera_z=42
INFO [2022-11-06][11:23:24] game src/main.rs:268:9 angle=90 camera_z=42
INFO [2022-11-06][11:23:24] game src/main.rs:268:9 angle=90 camera_z=43
INFO [2022-11-06][11:23:24] game src/main.rs:268:9 angle=90 camera_z=44
INFO [2022-11-06][11:23:24] game src/main.rs:268:9 angle=90 camera_z=44
INFO [2022-11-06][11:23:24] game src/main.rs:268:9 angle=90 camera_z=45
INFO [2022-11-06][11:23:25] game src/main.rs:268:9 angle=90 camera_z=45
INFO [2022-11-06][11:23:25] game src/main.rs:268:9 angle=90 camera_z=46
INFO [2022-11-06][11:23:25] game src/main.rs:268:9 angle=90 camera_z=46
INFO [2022-11-06][11:23:25] game src/main.rs:268:9 angle=90 camera_z=47
INFO [2022-11-06][11:23:25] game src/main.rs:268:9 angle=90 camera_z=47
INFO [2022-11-06][11:23:25] game src/main.rs:268:9 angle=90 camera_z=48
INFO [2022-11-06][11:23:25] game src/main.rs:268:9 angle=90 camera_z=48
INFO [2022-11-06][11:23:25] game src/main.rs:268:9 angle=90 camera_z=49
INFO [2022-11-06][11:23:25] game src/main.rs:268:9 angle=90 camera_z=49
INFO [2022-11-06][11:23:25] game src/main.rs:268:9 angle=90 camera_z=50
INFO [2022-11-06][11:23:25] game src/main.rs:268:9 angle=90 camera_z=51
INFO [2022-11-06][11:23:25] game src/main.rs:268:9 angle=90 camera_z=51
INFO [2022-11-06][11:23:25] game src/main.rs:268:9 angle=90 camera_z=52
INFO [2022-11-06][11:23:25] game src/main.rs:268:9 angle=90 camera_z=52
INFO [2022-11-06][11:23:25] game src/main.rs:268:9 angle=90 camera_z=53
INFO [2022-11-06][11:23:25] game src/main.rs:268:9 angle=90 camera_z=53
INFO [2022-11-06][11:23:25] game src/main.rs:268:9 angle=90 camera_z=54
INFO [2022-11-06][11:23:25] game src/main.rs:268:9 angle=90 camera_z=54
INFO [2022-11-06][11:23:25] game src/main.rs:268:9 angle=90 camera_z=55
INFO [2022-11-06][11:23:25] game src/main.rs:268:9 angle=90 camera_z=56
INFO [2022-11-06][11:23:25] game src/main.rs:268:9 angle=90 camera_z=56
INFO [2022-11-06][11:23:25] game src/main.rs:268:9 angle=90 camera_z=57
INFO [2022-11-06][11:23:25] game src/main.rs:268:9 angle=90 camera_z=57
INFO [2022-11-06][11:23:25] game src/main.rs:268:9 angle=90 camera_z=58
INFO [2022-11-06][11:23:25] game src/main.rs:268:9 angle=90 camera_z=58
INFO [2022-11-06][11:23:25] game src/main.rs:268:9 angle=90 camera_z=59
INFO [2022-11-06][11:23:25] game src/main.rs:268:9 angle=90 camera_z=59
INFO [2022-11-06][11:23:25] game src/main.rs:268:9 angle=90 camera_z=60
INFO [2022-11-06][11:23:25] game src/main.rs:268:9 angle=90 camera_z=61
INFO [2022-11-06][11:23:25] game src/main.rs:268:9 angle=90 camera_z=61
INFO [2022-11-06][11:23:25] game src/main.rs:268:9 angle=90 camera_z=62
INFO [2022-11-06][11:23:25] game src/main.rs:268:9 angle=90 camera_z=62
INFO [2022-11-06][11:23:25] game src/main.rs:268:9 angle=90 camera_z=63
INFO [2022-11-06][11:23:25] game src/main.rs:268:9 angle=90 camera_z=63
INFO [2022-11-06][11:23:25] game src/main.rs:268:9 angle=90 camera_z=64
INFO [2022-11-06][11:23:25] game src/main.rs:268:9 angle=90 camera_z=64
INFO [2022-11-06][11:23:25] game src/main.rs:268:9 angle=90 camera_z=65
INFO [2022-11-06][11:23:25] game src/main.rs:268:9 angle=90 camera_z=65
INFO [2022-11-06][11:23:25] game src/main.rs:268:9 angle=90 camera_z=66
INFO [2022-11-06][11:23:25] game src/main.rs:268:9 angle=90 camera_z=67
INFO [2022-11-06][11:23:25] game src/main.rs:268:9 angle=90 camera_z=67
INFO [2022-11-06][11:23:25] game src/main.rs:268:9 angle=90 camera_z=68
INFO [2022-11-06][11:23:25] game src/main.rs:268:9 angle=90 camera_z=68
INFO [2022-11-06][11:23:25] game src/main.rs:268:9 angle=90 camera_z=69
INFO [2022-11-06][11:23:25] game src/main.rs:268:9 angle=90 camera_z=69
INFO [2022-11-06][11:23:25] game src/main.rs:268:9 angle=90 camera_z=70
INFO [2022-11-06][11:23:25] game src/main.rs:268:9 angle=90 camera_z=70
INFO [2022-11-06][11:23:25] game src/main.rs:268:9 angle=90 camera_z=71
INFO [2022-11-06][11:23:25] game src/main.rs:268:9 angle=90 camera_z=71
INFO [2022-11-06][11:23:25] game src/main.rs:268:9 angle=90 camera_z=72
INFO [2022-11-06][11:23:25] game src/main.rs:268:9 angle=90 camera_z=73
INFO [2022-11-06][11:23:25] game src/main.rs:268:9 angle=90 camera_z=73
INFO [2022-11-06][11:23:25] game src/main.rs:268:9 angle=90 camera_z=74
INFO [2022-11-06][11:23:25] game src/main.rs:268:9 angle=90 camera_z=74
INFO [2022-11-06][11:23:25] game src/main.rs:268:9 angle=90 camera_z=75
INFO [2022-11-06][11:23:25] game src/main.rs:268:9 angle=90 camera_z=75
INFO [2022-11-06][11:23:25] game src/main.rs:268:9 angle=90 camera_z=76
INFO [2022-11-06][11:23:25] game src/main.rs:268:9 angle=90 camera_z=76
INFO [2022-11-06][11:23:25] game src/main.rs:268:9 angle=90 camera_z=77
INFO [2022-11-06][11:23:25] game src/main.rs:268:9 angle=90 camera_z=77
INFO [2022-11-06][11:23:26] game src/main.rs:268:9 angle=90 camera_z=78
INFO [2022-11-06][11:23:26] game src/main.rs:268:9 angle=90 camera_z=79
INFO [2022-11-06][11:23:26] game src/main.rs:268:9 angle=90 camera_z=79
INFO [2022-11-06][11:23:26] game src/main.rs:268:9 angle=90 camera_z=80
INFO [2022-11-06][11:23:26] game src/main.rs:268:9 angle=90 camera_z=80
INFO [2022-11-06][11:23:26] game src/main.rs:268:9 angle=90 camera_z=81
INFO [2022-11-06][11:23:26] game src/main.rs:268:9 angle=90 camera_z=81
INFO [2022-11-06][11:23:26] game src/main.rs:268:9 angle=90 camera_z=82
INFO [2022-11-06][11:23:26] game src/main.rs:268:9 angle=90 camera_z=82
INFO [2022-11-06][11:23:26] game src/main.rs:268:9 angle=90 camera_z=83
INFO [2022-11-06][11:23:26] game src/main.rs:268:9 angle=90 camera_z=83
INFO [2022-11-06][11:23:26] game src/main.rs:268:9 angle=90 camera_z=84
INFO [2022-11-06][11:23:26] game src/main.rs:268:9 angle=90 camera_z=85
INFO [2022-11-06][11:23:26] game src/main.rs:268:9 angle=90 camera_z=85
INFO [2022-11-06][11:23:26] game src/main.rs:268:9 angle=90 camera_z=86
INFO [2022-11-06][11:23:26] game src/main.rs:268:9 angle=90 camera_z=86
INFO [2022-11-06][11:23:26] game src/main.rs:268:9 angle=90 camera_z=87
INFO [2022-11-06][11:23:26] game src/main.rs:268:9 angle=90 camera_z=87
INFO [2022-11-06][11:23:26] game src/main.rs:268:9 angle=90 camera_z=88
INFO [2022-11-06][11:23:26] game src/main.rs:268:9 angle=90 camera_z=88
INFO [2022-11-06][11:23:26] game src/main.rs:268:9 angle=90 camera_z=89
INFO [2022-11-06][11:23:26] game src/main.rs:268:9 angle=90 camera_z=89
INFO [2022-11-06][11:23:26] game src/main.rs:268:9 angle=90 camera_z=90
INFO [2022-11-06][11:23:26] game src/main.rs:268:9 angle=90 camera_z=91
INFO [2022-11-06][11:23:26] game src/main.rs:268:9 angle=90 camera_z=91
INFO [2022-11-06][11:23:26] game src/main.rs:268:9 angle=90 camera_z=92
INFO [2022-11-06][11:23:26] game src/main.rs:268:9 angle=90 camera_z=92
INFO [2022-11-06][11:23:26] game src/main.rs:268:9 angle=90 camera_z=93
INFO [2022-11-06][11:23:26] game src/main.rs:268:9 angle=90 camera_z=93
INFO [2022-11-06][11:23:26] game src/main.rs:268:9 angle=90 camera_z=94
INFO [2022-11-06][11:23:26] game src/main.rs:268:9 angle=90 camera_z=94
INFO [2022-11-06][11:23:26] game src/main.rs:268:9 angle=90 camera_z=95
INFO [2022-11-06][11:23:26] game src/main.rs:268:9 angle=90 camera_z=96
INFO [2022-11-06][11:23:26] game src/main.rs:268:9 angle=90 camera_z=96
INFO [2022-11-06][11:23:26] game src/main.rs:268:9 angle=90 camera_z=97
INFO [2022-11-06][11:23:26] game src/main.rs:268:9 angle=90 camera_z=97
INFO [2022-11-06][11:23:26] game src/main.rs:268:9 angle=90 camera_z=98
INFO [2022-11-06][11:23:26] game src/main.rs:268:9 angle=90 camera_z=98
INFO [2022-11-06][11:23:26] game src/main.rs:268:9 angle=90 camera_z=99
INFO [2022-11-06][11:23:26] game src/main.rs:268:9 angle=90 camera_z=99
INFO [2022-11-06][11:23:26] game src/main.rs:268:9 angle=90 camera_z=100
INFO [2022-11-06][11:23:26] game src/main.rs:268:9 angle=90 camera_z=101
INFO [2022-11-06][11:23:26] game src/main.rs:268:9 angle=90 camera_z=101
INFO [2022-11-06][11:23:26] game src/main.rs:268:9 angle=90 camera_z=102
INFO [2022-11-06][11:23:26] game src/main.rs:268:9 angle=90 camera_z=102
INFO [2022-11-06][11:23:26] game src/main.rs:268:9 angle=90 camera_z=103
INFO [2022-11-06][11:23:26] game src/main.rs:268:9 angle=90 camera_z=103
INFO [2022-11-06][11:23:26] game src/main.rs:268:9 angle=90 camera_z=104
INFO [2022-11-06][11:23:26] game src/main.rs:268:9 angle=90 camera_z=104
INFO [2022-11-06][11:23:26] game src/main.rs:268:9 angle=90 camera_z=105
INFO [2022-11-06][11:23:26] game src/main.rs:268:9 angle=90 camera_z=105
INFO [2022-11-06][11:23:26] game src/main.rs:268:9 angle=90 camera_z=106
INFO [2022-11-06][11:23:26] game src/main.rs:268:9 angle=90 camera_z=107
INFO [2022-11-06][11:23:26] game src/main.rs:268:9 angle=90 camera_z=107
INFO [2022-11-06][11:23:26] game src/main.rs:268:9 angle=90 camera_z=108
INFO [2022-11-06][11:23:26] game src/main.rs:268:9 angle=90 camera_z=108
INFO [2022-11-06][11:23:26] game src/main.rs:268:9 angle=90 camera_z=109
INFO [2022-11-06][11:23:26] game src/main.rs:268:9 angle=90 camera_z=109
INFO [2022-11-06][11:23:26] game src/main.rs:268:9 angle=90 camera_z=110
INFO [2022-11-06][11:23:26] game src/main.rs:268:9 angle=90 camera_z=110
INFO [2022-11-06][11:23:27] game src/main.rs:268:9 angle=90 camera_z=111
INFO [2022-11-06][11:23:27] game src/main.rs:268:9 angle=90 camera_z=111
INFO [2022-11-06][11:23:27] game src/main.rs:268:9 angle=90 camera_z=112
INFO [2022-11-06][11:23:27] game src/main.rs:268:9 angle=90 camera_z=113
INFO [2022-11-06][11:23:27] game src/main.rs:268:9 angle=90 camera_z=113
INFO [2022-11-06][11:23:27] game src/main.rs:268:9 angle=90 camera_z=114
INFO [2022-11-06][11:23:27] game src/main.rs:268:9 angle=90 camera_z=114
INFO [2022-11-06][11:23:27] game src/main.rs:268:9 angle=90 camera_z=115
INFO [2022-11-06][11:23:27] game src/main.rs:268:9 angle=90 camera_z=115
INFO [2022-11-06][11:23:27] game src/main.rs:268:9 angle=90 camera_z=116
INFO [2022-11-06][11:23:27] game src/main.rs:268:9 angle=90 camera_z=116
INFO [2022-11-06][11:23:27] game src/main.rs:268:9 angle=90 camera_z=117
INFO [2022-11-06][11:23:27] game src/main.rs:268:9 angle=90 camera_z=117
INFO [2022-11-06][11:23:27] game src/main.rs:268:9 angle=90 camera_z=118
INFO [2022-11-06][11:23:27] game src/main.rs:268:9 angle=90 camera_z=119
INFO [2022-11-06][11:23:27] game src/main.rs:268:9 angle=90 camera_z=119
INFO [2022-11-06][11:23:27] game src/main.rs:268:9 angle=90 camera_z=120
INFO [2022-11-06][11:23:27] game src/main.rs:268:9 angle=90 camera_z=120
INFO [2022-11-06][11:23:27] game src/main.rs:268:9 angle=90 camera_z=121
INFO [2022-11-06][11:23:27] game src/main.rs:268:9 angle=90 camera_z=121
INFO [2022-11-06][11:23:27] game src/main.rs:268:9 angle=90 camera_z=121
INFO [2022-11-06][11:23:27] game src/main.rs:268:9 angle=90 camera_z=121
INFO [2022-11-06][11:23:27] game src/main.rs:268:9 angle=90 camera_z=121
INFO [2022-11-06][11:23:27] game src/main.rs:268:9 angle=90 camera_z=121
INFO [2022-11-06][11:23:27] game src/main.rs:268:9 angle=90 camera_z=121
INFO [2022-11-06][11:23:27] game src/main.rs:268:9 angle=90 camera_z=121
INFO [2022-11-06][11:23:27] game src/main.rs:268:9 angle=90 camera_z=121
INFO [2022-11-06][11:23:27] game src/main.rs:268:9 angle=90 camera_z=121
INFO [2022-11-06][11:23:27] game src/main.rs:268:9 angle=90 camera_z=121
INFO [2022-11-06][11:23:27] game src/main.rs:268:9 angle=90 camera_z=121
INFO [2022-11-06][11:23:27] game src/main.rs:268:9 angle=90 camera_z=121
INFO [2022-11-06][11:23:27] game src/main.rs:268:9 angle=90 camera_z=121
INFO [2022-11-06][11:23:27] game src/main.rs:268:9 angle=90 camera_z=121
INFO [2022-11-06][11:23:27] game src/main.rs:268:9 angle=90 camera_z=121
INFO [2022-11-06][11:23:27] game src/main.rs:268:9 angle=90 camera_z=121
INFO [2022-11-06][11:23:27] game src/main.rs:268:9 angle=90 camera_z=121
INFO [2022-11-06][11:23:27] game src/main.rs:268:9 angle=90 camera_z=121
INFO [2022-11-06][11:23:27] game src/main.rs:268:9 angle=90 camera_z=121
INFO [2022-11-06][11:23:27] game src/main.rs:268:9 angle=90 camera_z=121
INFO [2022-11-06][11:23:27] game src/main.rs:268:9 angle=90 camera_z=121
INFO [2022-11-06][11:23:27] game src/main.rs:268:9 angle=90 camera_z=121
INFO [2022-11-06][11:23:27] game src/main.rs:268:9 angle=90 camera_z=121
