ERROR [2022-11-06][10:22:57] game src/main.rs:65:17 Cannot create vertex shader: 0:20(41): error: `vertCamera' undeclared
0:20(41): error: type mismatch
0:20(20): error: operands to arithmetic operators must be numeric
0:22(27): warning: `vertCamera' used uninitialized
0:22(27): error: size mismatch for matrix multiplication
0:23(23): warning: `projectedVert_tmp' used uninitialized
0:23(47): error: `projectedVert' undeclared
0:23(47): error: type mismatch
0:23(23): error: operands to arithmetic operators must be numeric
0:24(16): warning: `projectedVert' used uninitialized
0:24(2): error: value of type vec3 cannot be assigned to variable of type vec4

ERROR [2022-11-06][10:22:57] game src/main.rs:88:9 Cannot link program: error: linking with uncompiled/unspecialized shader
DEBUG [2022-11-06][10:22:57] game src/main.rs:158:32 Window: Shown
DEBUG [2022-11-06][10:22:57] game src/main.rs:158:32 Window: Moved(256, 172)
DEBUG [2022-11-06][10:22:57] game src/main.rs:158:32 Window: Exposed
DEBUG [2022-11-06][10:22:57] game src/main.rs:158:32 Window: FocusGained
DEBUG [2022-11-06][10:22:57] game src/main.rs:158:32 Window: TakeFocus
DEBUG [2022-11-06][10:22:58] game src/main.rs:187:21 KeyDown:
DEBUG [2022-11-06][10:22:58] game src/main.rs:195:37 Keycode Right, 1073741903
DEBUG [2022-11-06][10:22:58] game src/main.rs:199:37 Scancde Right, 79
DEBUG [2022-11-06][10:22:58] game src/main.rs:202:21 Keymod: 0000
DEBUG [2022-11-06][10:22:58] game src/main.rs:213:21 KeyUp:
DEBUG [2022-11-06][10:22:58] game src/main.rs:215:37 Keycode Right, 1073741903
DEBUG [2022-11-06][10:22:58] game src/main.rs:219:37 Scancde Right, 79
DEBUG [2022-11-06][10:22:58] game src/main.rs:222:21 Keymod: 0000
DEBUG [2022-11-06][10:22:58] game src/main.rs:187:21 KeyDown:
DEBUG [2022-11-06][10:22:58] game src/main.rs:195:37 Keycode Right, 1073741903
DEBUG [2022-11-06][10:22:58] game src/main.rs:199:37 Scancde Right, 79
DEBUG [2022-11-06][10:22:58] game src/main.rs:202:21 Keymod: 0000
DEBUG [2022-11-06][10:22:58] game src/main.rs:213:21 KeyUp:
DEBUG [2022-11-06][10:22:58] game src/main.rs:215:37 Keycode Right, 1073741903
DEBUG [2022-11-06][10:22:58] game src/main.rs:219:37 Scancde Right, 79
DEBUG [2022-11-06][10:22:58] game src/main.rs:222:21 Keymod: 0000
DEBUG [2022-11-06][10:22:58] game src/main.rs:187:21 KeyDown:
DEBUG [2022-11-06][10:22:58] game src/main.rs:195:37 Keycode Right, 1073741903
DEBUG [2022-11-06][10:22:58] game src/main.rs:199:37 Scancde Right, 79
DEBUG [2022-11-06][10:22:58] game src/main.rs:202:21 Keymod: 0000
DEBUG [2022-11-06][10:22:58] game src/main.rs:213:21 KeyUp:
DEBUG [2022-11-06][10:22:58] game src/main.rs:215:37 Keycode Right, 1073741903
DEBUG [2022-11-06][10:22:58] game src/main.rs:219:37 Scancde Right, 79
DEBUG [2022-11-06][10:22:58] game src/main.rs:222:21 Keymod: 0000
DEBUG [2022-11-06][10:22:59] game src/main.rs:187:21 KeyDown:
DEBUG [2022-11-06][10:22:59] game src/main.rs:195:37 Keycode Right, 1073741903
DEBUG [2022-11-06][10:22:59] game src/main.rs:199:37 Scancde Right, 79
DEBUG [2022-11-06][10:22:59] game src/main.rs:202:21 Keymod: 0000
DEBUG [2022-11-06][10:22:59] game src/main.rs:213:21 KeyUp:
DEBUG [2022-11-06][10:22:59] game src/main.rs:215:37 Keycode Right, 1073741903
DEBUG [2022-11-06][10:22:59] game src/main.rs:219:37 Scancde Right, 79
DEBUG [2022-11-06][10:22:59] game src/main.rs:222:21 Keymod: 0000
DEBUG [2022-11-06][10:22:59] game src/main.rs:187:21 KeyDown:
DEBUG [2022-11-06][10:22:59] game src/main.rs:195:37 Keycode Right, 1073741903
DEBUG [2022-11-06][10:22:59] game src/main.rs:199:37 Scancde Right, 79
DEBUG [2022-11-06][10:22:59] game src/main.rs:202:21 Keymod: 0000
DEBUG [2022-11-06][10:22:59] game src/main.rs:213:21 KeyUp:
DEBUG [2022-11-06][10:22:59] game src/main.rs:215:37 Keycode Right, 1073741903
DEBUG [2022-11-06][10:22:59] game src/main.rs:219:37 Scancde Right, 79
DEBUG [2022-11-06][10:22:59] game src/main.rs:222:21 Keymod: 0000
DEBUG [2022-11-06][10:22:59] game src/main.rs:187:21 KeyDown:
DEBUG [2022-11-06][10:22:59] game src/main.rs:195:37 Keycode Right, 1073741903
DEBUG [2022-11-06][10:22:59] game src/main.rs:199:37 Scancde Right, 79
DEBUG [2022-11-06][10:22:59] game src/main.rs:202:21 Keymod: 0000
DEBUG [2022-11-06][10:22:59] game src/main.rs:213:21 KeyUp:
DEBUG [2022-11-06][10:22:59] game src/main.rs:215:37 Keycode Right, 1073741903
DEBUG [2022-11-06][10:22:59] game src/main.rs:219:37 Scancde Right, 79
DEBUG [2022-11-06][10:22:59] game src/main.rs:222:21 Keymod: 0000
DEBUG [2022-11-06][10:22:59] game src/main.rs:187:21 KeyDown:
DEBUG [2022-11-06][10:22:59] game src/main.rs:195:37 Keycode Left, 1073741904
DEBUG [2022-11-06][10:22:59] game src/main.rs:199:37 Scancde Left, 80
DEBUG [2022-11-06][10:22:59] game src/main.rs:202:21 Keymod: 0000
DEBUG [2022-11-06][10:22:59] game src/main.rs:213:21 KeyUp:
DEBUG [2022-11-06][10:22:59] game src/main.rs:215:37 Keycode Left, 1073741904
DEBUG [2022-11-06][10:22:59] game src/main.rs:219:37 Scancde Left, 80
DEBUG [2022-11-06][10:22:59] game src/main.rs:222:21 Keymod: 0000
DEBUG [2022-11-06][10:22:59] game src/main.rs:187:21 KeyDown:
DEBUG [2022-11-06][10:22:59] game src/main.rs:195:37 Keycode Left, 1073741904
DEBUG [2022-11-06][10:22:59] game src/main.rs:199:37 Scancde Left, 80
DEBUG [2022-11-06][10:22:59] game src/main.rs:202:21 Keymod: 0000
DEBUG [2022-11-06][10:22:59] game src/main.rs:213:21 KeyUp:
DEBUG [2022-11-06][10:22:59] game src/main.rs:215:37 Keycode Left, 1073741904
DEBUG [2022-11-06][10:22:59] game src/main.rs:219:37 Scancde Left, 80
DEBUG [2022-11-06][10:22:59] game src/main.rs:222:21 Keymod: 0000
DEBUG [2022-11-06][10:22:59] game src/main.rs:187:21 KeyDown:
DEBUG [2022-11-06][10:22:59] game src/main.rs:195:37 Keycode Left, 1073741904
DEBUG [2022-11-06][10:22:59] game src/main.rs:199:37 Scancde Left, 80
DEBUG [2022-11-06][10:22:59] game src/main.rs:202:21 Keymod: 0000
DEBUG [2022-11-06][10:22:59] game src/main.rs:213:21 KeyUp:
DEBUG [2022-11-06][10:22:59] game src/main.rs:215:37 Keycode Left, 1073741904
DEBUG [2022-11-06][10:22:59] game src/main.rs:219:37 Scancde Left, 80
DEBUG [2022-11-06][10:22:59] game src/main.rs:222:21 Keymod: 0000
DEBUG [2022-11-06][10:23:00] game src/main.rs:187:21 KeyDown:
DEBUG [2022-11-06][10:23:00] game src/main.rs:195:37 Keycode Left, 1073741904
DEBUG [2022-11-06][10:23:00] game src/main.rs:199:37 Scancde Left, 80
DEBUG [2022-11-06][10:23:00] game src/main.rs:202:21 Keymod: 0000
DEBUG [2022-11-06][10:23:00] game src/main.rs:213:21 KeyUp:
DEBUG [2022-11-06][10:23:00] game src/main.rs:215:37 Keycode Left, 1073741904
DEBUG [2022-11-06][10:23:00] game src/main.rs:219:37 Scancde Left, 80
DEBUG [2022-11-06][10:23:00] game src/main.rs:222:21 Keymod: 0000
DEBUG [2022-11-06][10:23:00] game src/main.rs:187:21 KeyDown:
DEBUG [2022-11-06][10:23:00] game src/main.rs:195:37 Keycode Left, 1073741904
DEBUG [2022-11-06][10:23:00] game src/main.rs:199:37 Scancde Left, 80
DEBUG [2022-11-06][10:23:00] game src/main.rs:202:21 Keymod: 0000
DEBUG [2022-11-06][10:23:00] game src/main.rs:213:21 KeyUp:
DEBUG [2022-11-06][10:23:00] game src/main.rs:215:37 Keycode Left, 1073741904
DEBUG [2022-11-06][10:23:00] game src/main.rs:219:37 Scancde Left, 80
DEBUG [2022-11-06][10:23:00] game src/main.rs:222:21 Keymod: 0000
DEBUG [2022-11-06][10:23:00] game src/main.rs:187:21 KeyDown:
DEBUG [2022-11-06][10:23:00] game src/main.rs:195:37 Keycode Right, 1073741903
DEBUG [2022-11-06][10:23:00] game src/main.rs:199:37 Scancde Right, 79
DEBUG [2022-11-06][10:23:00] game src/main.rs:202:21 Keymod: 0000
DEBUG [2022-11-06][10:23:00] game src/main.rs:213:21 KeyUp:
DEBUG [2022-11-06][10:23:00] game src/main.rs:215:37 Keycode Right, 1073741903
DEBUG [2022-11-06][10:23:00] game src/main.rs:219:37 Scancde Right, 79
DEBUG [2022-11-06][10:23:00] game src/main.rs:222:21 Keymod: 0000
DEBUG [2022-11-06][10:23:00] game src/main.rs:187:21 KeyDown:
DEBUG [2022-11-06][10:23:00] game src/main.rs:195:37 Keycode Left, 1073741904
DEBUG [2022-11-06][10:23:00] game src/main.rs:199:37 Scancde Left, 80
DEBUG [2022-11-06][10:23:00] game src/main.rs:202:21 Keymod: 0000
DEBUG [2022-11-06][10:23:00] game src/main.rs:187:21 KeyDown:
DEBUG [2022-11-06][10:23:00] game src/main.rs:195:37 Keycode Right, 1073741903
DEBUG [2022-11-06][10:23:00] game src/main.rs:199:37 Scancde Right, 79
DEBUG [2022-11-06][10:23:00] game src/main.rs:202:21 Keymod: 0000
DEBUG [2022-11-06][10:23:00] game src/main.rs:213:21 KeyUp:
DEBUG [2022-11-06][10:23:00] game src/main.rs:215:37 Keycode Left, 1073741904
DEBUG [2022-11-06][10:23:00] game src/main.rs:219:37 Scancde Left, 80
DEBUG [2022-11-06][10:23:00] game src/main.rs:222:21 Keymod: 0000
DEBUG [2022-11-06][10:23:00] game src/main.rs:187:21 KeyDown:
DEBUG [2022-11-06][10:23:00] game src/main.rs:195:37 Keycode Left, 1073741904
DEBUG [2022-11-06][10:23:00] game src/main.rs:199:37 Scancde Left, 80
DEBUG [2022-11-06][10:23:00] game src/main.rs:202:21 Keymod: 0000
DEBUG [2022-11-06][10:23:00] game src/main.rs:213:21 KeyUp:
DEBUG [2022-11-06][10:23:00] game src/main.rs:215:37 Keycode Right, 1073741903
DEBUG [2022-11-06][10:23:00] game src/main.rs:219:37 Scancde Right, 79
DEBUG [2022-11-06][10:23:00] game src/main.rs:222:21 Keymod: 0000
DEBUG [2022-11-06][10:23:00] game src/main.rs:187:21 KeyDown:
DEBUG [2022-11-06][10:23:00] game src/main.rs:195:37 Keycode Right, 1073741903
DEBUG [2022-11-06][10:23:00] game src/main.rs:199:37 Scancde Right, 79
DEBUG [2022-11-06][10:23:00] game src/main.rs:202:21 Keymod: 0000
DEBUG [2022-11-06][10:23:00] game src/main.rs:213:21 KeyUp:
DEBUG [2022-11-06][10:23:00] game src/main.rs:215:37 Keycode Left, 1073741904
DEBUG [2022-11-06][10:23:00] game src/main.rs:219:37 Scancde Left, 80
DEBUG [2022-11-06][10:23:00] game src/main.rs:222:21 Keymod: 0000
DEBUG [2022-11-06][10:23:00] game src/main.rs:187:21 KeyDown:
DEBUG [2022-11-06][10:23:00] game src/main.rs:195:37 Keycode Left, 1073741904
DEBUG [2022-11-06][10:23:00] game src/main.rs:199:37 Scancde Left, 80
DEBUG [2022-11-06][10:23:00] game src/main.rs:202:21 Keymod: 0000
DEBUG [2022-11-06][10:23:00] game src/main.rs:213:21 KeyUp:
DEBUG [2022-11-06][10:23:00] game src/main.rs:215:37 Keycode Right, 1073741903
DEBUG [2022-11-06][10:23:00] game src/main.rs:219:37 Scancde Right, 79
DEBUG [2022-11-06][10:23:00] game src/main.rs:222:21 Keymod: 0000
DEBUG [2022-11-06][10:23:00] game src/main.rs:187:21 KeyDown:
DEBUG [2022-11-06][10:23:00] game src/main.rs:195:37 Keycode Right, 1073741903
DEBUG [2022-11-06][10:23:00] game src/main.rs:199:37 Scancde Right, 79
DEBUG [2022-11-06][10:23:00] game src/main.rs:202:21 Keymod: 0000
DEBUG [2022-11-06][10:23:00] game src/main.rs:213:21 KeyUp:
DEBUG [2022-11-06][10:23:00] game src/main.rs:215:37 Keycode Left, 1073741904
DEBUG [2022-11-06][10:23:00] game src/main.rs:219:37 Scancde Left, 80
DEBUG [2022-11-06][10:23:00] game src/main.rs:222:21 Keymod: 0000
DEBUG [2022-11-06][10:23:01] game src/main.rs:213:21 KeyUp:
DEBUG [2022-11-06][10:23:01] game src/main.rs:215:37 Keycode Right, 1073741903
DEBUG [2022-11-06][10:23:01] game src/main.rs:219:37 Scancde Right, 79
DEBUG [2022-11-06][10:23:01] game src/main.rs:222:21 Keymod: 0000
DEBUG [2022-11-06][10:23:01] game src/main.rs:158:32 Window: Enter
DEBUG [2022-11-06][10:23:01] game src/main.rs:158:32 Window: Leave
DEBUG [2022-11-06][10:23:01] game src/main.rs:158:32 Window: FocusLost
DEBUG [2022-11-06][10:23:05] game src/main.rs:158:32 Window: Enter
DEBUG [2022-11-06][10:23:05] game src/main.rs:158:32 Window: Leave
DEBUG [2022-11-06][10:23:05] game src/main.rs:158:32 Window: Enter
DEBUG [2022-11-06][10:23:06] game src/main.rs:158:32 Window: Leave
DEBUG [2022-11-06][10:23:06] game src/main.rs:158:32 Window: Enter
DEBUG [2022-11-06][10:23:07] game src/main.rs:158:32 Window: Leave
DEBUG [2022-11-06][10:23:07] game src/main.rs:158:32 Window: Close
