ERROR [2022-11-06][11:24:28] game src/main.rs:66:17 Cannot create vertex shader: 0:20(41): error: `vertCamera' undeclared
0:20(41): error: type mismatch
0:20(20): error: operands to arithmetic operators must be numeric
0:23(27): error: size mismatch for matrix multiplication
0:24(23): warning: `projectedVert_tmp' used uninitialized
0:24(47): error: `projectedVert' undeclared
0:24(47): error: type mismatch
0:24(23): error: operands to arithmetic operators must be numeric
0:25(16): warning: `projectedVert' used uninitialized
0:25(16): error: vector size mismatch for arithmetic operator

ERROR [2022-11-06][11:24:28] game src/main.rs:89:9 Cannot link program: error: linking with uncompiled/unspecialized shader
INFO [2022-11-06][11:24:28] game src/main.rs:268:9 angle=90 camera_z=-5
INFO [2022-11-06][11:24:28] game src/main.rs:268:9 angle=90 camera_z=-5
INFO [2022-11-06][11:24:28] game src/main.rs:268:9 angle=90 camera_z=-5
INFO [2022-11-06][11:24:28] game src/main.rs:268:9 angle=90 camera_z=-5
INFO [2022-11-06][11:24:28] game src/main.rs:268:9 angle=90 camera_z=-5
INFO [2022-11-06][11:24:28] game src/main.rs:268:9 angle=90 camera_z=-5
INFO [2022-11-06][11:24:28] game src/main.rs:268:9 angle=90 camera_z=-5
INFO [2022-11-06][11:24:28] game src/main.rs:268:9 angle=90 camera_z=-5
INFO [2022-11-06][11:24:28] game src/main.rs:268:9 angle=90 camera_z=-5
INFO [2022-11-06][11:24:28] game src/main.rs:268:9 angle=90 camera_z=-5
INFO [2022-11-06][11:24:28] game src/main.rs:268:9 angle=90 camera_z=-5
INFO [2022-11-06][11:24:28] game src/main.rs:268:9 angle=90 camera_z=-5
INFO [2022-11-06][11:24:28] game src/main.rs:268:9 angle=90 camera_z=-5
INFO [2022-11-06][11:24:28] game src/main.rs:268:9 angle=90 camera_z=-5
INFO [2022-11-06][11:24:28] game src/main.rs:268:9 angle=90 camera_z=-5
INFO [2022-11-06][11:24:28] game src/main.rs:268:9 angle=90 camera_z=-5
INFO [2022-11-06][11:24:28] game src/main.rs:268:9 angle=90 camera_z=-5
INFO [2022-11-06][11:24:28] game src/main.rs:268:9 angle=90 camera_z=-5
INFO [2022-11-06][11:24:28] game src/main.rs:268:9 angle=90 camera_z=-5
INFO [2022-11-06][11:24:28] game src/main.rs:268:9 angle=90 camera_z=-5
INFO [2022-11-06][11:24:28] game src/main.rs:268:9 angle=90 camera_z=-5
INFO [2022-11-06][11:24:28] game src/main.rs:268:9 angle=90 camera_z=-5
INFO [2022-11-06][11:24:28] game src/main.rs:268:9 angle=90 camera_z=-5
INFO [2022-11-06][11:24:28] game src/main.rs:268:9 angle=90 camera_z=-5
INFO [2022-11-06][11:24:28] game src/main.rs:268:9 angle=90 camera_z=-5
INFO [2022-11-06][11:24:28] game src/main.rs:268:9 angle=90 camera_z=-5
INFO [2022-11-06][11:24:28] game src/main.rs:268:9 angle=90 camera_z=-5
INFO [2022-11-06][11:24:28] game src/main.rs:268:9 angle=90 camera_z=-5
INFO [2022-11-06][11:24:28] game src/main.rs:268:9 angle=90 camera_z=-5
INFO [2022-11-06][11:24:28] game src/main.rs:268:9 angle=90 camera_z=-5
INFO [2022-11-06][11:24:28] game src/main.rs:268:9 angle=90 camera_z=-5
INFO [2022-11-06][11:24:28] game src/main.rs:268:9 angle=90 camera_z=-5
INFO [2022-11-06][11:24:28] game src/main.rs:268:9 angle=90 camera_z=-5
INFO [2022-11-06][11:24:28] game src/main.rs:268:9 angle=90 camera_z=-5
INFO [2022-11-06][11:24:28] game src/main.rs:268:9 angle=90 camera_z=-5
INFO [2022-11-06][11:24:28] game src/main.rs:268:9 angle=90 camera_z=-5
INFO [2022-11-06][11:24:28] game src/main.rs:268:9 angle=90 camera_z=-5
INFO [2022-11-06][11:24:28] game src/main.rs:268:9 angle=90 camera_z=-5
INFO [2022-11-06][11:24:28] game src/main.rs:268:9 angle=90 camera_z=-5
INFO [2022-11-06][11:24:28] game src/main.rs:268:9 angle=90 camera_z=-5
INFO [2022-11-06][11:24:28] game src/main.rs:268:9 angle=90 camera_z=-5
INFO [2022-11-06][11:24:28] game src/main.rs:268:9 angle=90 camera_z=-5
INFO [2022-11-06][11:24:28] game src/main.rs:268:9 angle=90 camera_z=-5
INFO [2022-11-06][11:24:28] game src/main.rs:268:9 angle=90 camera_z=-5
INFO [2022-11-06][11:24:28] game src/main.rs:268:9 angle=90 camera_z=-5
INFO [2022-11-06][11:24:28] game src/main.rs:268:9 angle=90 camera_z=-5
INFO [2022-11-06][11:24:28] game src/main.rs:268:9 angle=90 camera_z=-5
INFO [2022-11-06][11:24:28] game src/main.rs:268:9 angle=90 camera_z=-5
INFO [2022-11-06][11:24:28] game src/main.rs:268:9 angle=90 camera_z=-5
INFO [2022-11-06][11:24:28] game src/main.rs:268:9 angle=90 camera_z=-5
INFO [2022-11-06][11:24:28] game src/main.rs:268:9 angle=90 camera_z=-5
INFO [2022-11-06][11:24:28] game src/main.rs:268:9 angle=90 camera_z=-5
INFO [2022-11-06][11:24:28] game src/main.rs:268:9 angle=90 camera_z=-5
INFO [2022-11-06][11:24:29] game src/main.rs:268:9 angle=90 camera_z=-5
INFO [2022-11-06][11:24:29] game src/main.rs:268:9 angle=90 camera_z=-5
INFO [2022-11-06][11:24:29] game src/main.rs:268:9 angle=90 camera_z=-5
INFO [2022-11-06][11:24:29] game src/main.rs:268:9 angle=90 camera_z=-5
INFO [2022-11-06][11:24:29] game src/main.rs:268:9 angle=90 camera_z=-5
INFO [2022-11-06][11:24:29] game src/main.rs:268:9 angle=90 camera_z=-5
INFO [2022-11-06][11:24:29] game src/main.rs:268:9 angle=90 camera_z=-5
INFO [2022-11-06][11:24:29] game src/main.rs:268:9 angle=90 camera_z=-5
INFO [2022-11-06][11:24:29] game src/main.rs:268:9 angle=90 camera_z=-5
INFO [2022-11-06][11:24:29] game src/main.rs:268:9 angle=90 camera_z=-5
INFO [2022-11-06][11:24:29] game src/main.rs:268:9 angle=90 camera_z=-5
INFO [2022-11-06][11:24:29] game src/main.rs:268:9 angle=90 camera_z=-5
INFO [2022-11-06][11:24:29] game src/main.rs:268:9 angle=90 camera_z=-5
INFO [2022-11-06][11:24:29] game src/main.rs:268:9 angle=90 camera_z=-5
INFO [2022-11-06][11:24:29] game src/main.rs:268:9 angle=90 camera_z=-5
INFO [2022-11-06][11:24:29] game src/main.rs:268:9 angle=90 camera_z=-5
INFO [2022-11-06][11:24:29] game src/main.rs:268:9 angle=90 camera_z=-5
INFO [2022-11-06][11:24:29] game src/main.rs:268:9 angle=90 camera_z=-5
INFO [2022-11-06][11:24:29] game src/main.rs:268:9 angle=90 camera_z=-5
INFO [2022-11-06][11:24:29] game src/main.rs:268:9 angle=90 camera_z=-5
INFO [2022-11-06][11:24:29] game src/main.rs:268:9 angle=90 camera_z=-5
INFO [2022-11-06][11:24:29] game src/main.rs:268:9 angle=90 camera_z=-5
INFO [2022-11-06][11:24:29] game src/main.rs:268:9 angle=90 camera_z=-5
INFO [2022-11-06][11:24:29] game src/main.rs:268:9 angle=90 camera_z=-5
INFO [2022-11-06][11:24:29] game src/main.rs:268:9 angle=90 camera_z=-5
INFO [2022-11-06][11:24:29] game src/main.rs:268:9 angle=89 camera_z=-5
INFO [2022-11-06][11:24:29] game src/main.rs:268:9 angle=89 camera_z=-5
INFO [2022-11-06][11:24:29] game src/main.rs:268:9 angle=89 camera_z=-5
INFO [2022-11-06][11:24:29] game src/main.rs:268:9 angle=89 camera_z=-5
INFO [2022-11-06][11:24:29] game src/main.rs:268:9 angle=89 camera_z=-5
INFO [2022-11-06][11:24:29] game src/main.rs:268:9 angle=89 camera_z=-5
INFO [2022-11-06][11:24:29] game src/main.rs:268:9 angle=89 camera_z=-5
INFO [2022-11-06][11:24:29] game src/main.rs:268:9 angle=89 camera_z=-5
INFO [2022-11-06][11:24:29] game src/main.rs:268:9 angle=89 camera_z=-5
INFO [2022-11-06][11:24:29] game src/main.rs:268:9 angle=89 camera_z=-5
INFO [2022-11-06][11:24:29] game src/main.rs:268:9 angle=89 camera_z=-5
INFO [2022-11-06][11:24:29] game src/main.rs:268:9 angle=89 camera_z=-5
INFO [2022-11-06][11:24:29] game src/main.rs:268:9 angle=89 camera_z=-5
INFO [2022-11-06][11:24:29] game src/main.rs:268:9 angle=89 camera_z=-5
INFO [2022-11-06][11:24:29] game src/main.rs:268:9 angle=90 camera_z=-5
INFO [2022-11-06][11:24:29] game src/main.rs:268:9 angle=90 camera_z=-5
INFO [2022-11-06][11:24:29] game src/main.rs:268:9 angle=90 camera_z=-5
INFO [2022-11-06][11:24:29] game src/main.rs:268:9 angle=90 camera_z=-5
INFO [2022-11-06][11:24:29] game src/main.rs:268:9 angle=90 camera_z=-5
INFO [2022-11-06][11:24:29] game src/main.rs:268:9 angle=90 camera_z=-5
INFO [2022-11-06][11:24:29] game src/main.rs:268:9 angle=90 camera_z=-5
INFO [2022-11-06][11:24:29] game src/main.rs:268:9 angle=90 camera_z=-5
INFO [2022-11-06][11:24:29] game src/main.rs:268:9 angle=90 camera_z=-5
INFO [2022-11-06][11:24:29] game src/main.rs:268:9 angle=90 camera_z=-5
INFO [2022-11-06][11:24:29] game src/main.rs:268:9 angle=90 camera_z=-5
INFO [2022-11-06][11:24:29] game src/main.rs:268:9 angle=90 camera_z=-5
INFO [2022-11-06][11:24:29] game src/main.rs:268:9 angle=90 camera_z=-5
INFO [2022-11-06][11:24:29] game src/main.rs:268:9 angle=90 camera_z=-5
INFO [2022-11-06][11:24:29] game src/main.rs:268:9 angle=90 camera_z=-5
INFO [2022-11-06][11:24:29] game src/main.rs:268:9 angle=90 camera_z=-5
INFO [2022-11-06][11:24:29] game src/main.rs:268:9 angle=90 camera_z=-5
INFO [2022-11-06][11:24:29] game src/main.rs:268:9 angle=90 camera_z=-5
INFO [2022-11-06][11:24:29] game src/main.rs:268:9 angle=90 camera_z=-5
INFO [2022-11-06][11:24:29] game src/main.rs:268:9 angle=90 camera_z=-5
INFO [2022-11-06][11:24:29] game src/main.rs:268:9 angle=90 camera_z=-5
INFO [2022-11-06][11:24:30] game src/main.rs:268:9 angle=90 camera_z=-5
INFO [2022-11-06][11:24:30] game src/main.rs:268:9 angle=90 camera_z=-5
INFO [2022-11-06][11:24:30] game src/main.rs:268:9 angle=90 camera_z=-5
INFO [2022-11-06][11:24:30] game src/main.rs:268:9 angle=90 camera_z=-5
INFO [2022-11-06][11:24:30] game src/main.rs:268:9 angle=90 camera_z=-4
INFO [2022-11-06][11:24:30] game src/main.rs:268:9 angle=90 camera_z=-4
INFO [2022-11-06][11:24:30] game src/main.rs:268:9 angle=90 camera_z=-4
INFO [2022-11-06][11:24:30] game src/main.rs:268:9 angle=90 camera_z=-4
INFO [2022-11-06][11:24:30] game src/main.rs:268:9 angle=90 camera_z=-4
INFO [2022-11-06][11:24:30] game src/main.rs:268:9 angle=90 camera_z=-4
INFO [2022-11-06][11:24:30] game src/main.rs:268:9 angle=90 camera_z=-4
INFO [2022-11-06][11:24:30] game src/main.rs:268:9 angle=90 camera_z=-4
INFO [2022-11-06][11:24:30] game src/main.rs:268:9 angle=90 camera_z=-4
INFO [2022-11-06][11:24:30] game src/main.rs:268:9 angle=90 camera_z=-4
INFO [2022-11-06][11:24:30] game src/main.rs:268:9 angle=90 camera_z=-4
INFO [2022-11-06][11:24:30] game src/main.rs:268:9 angle=90 camera_z=-4
INFO [2022-11-06][11:24:30] game src/main.rs:268:9 angle=90 camera_z=-4
INFO [2022-11-06][11:24:30] game src/main.rs:268:9 angle=90 camera_z=-4
INFO [2022-11-06][11:24:30] game src/main.rs:268:9 angle=90 camera_z=-4
INFO [2022-11-06][11:24:30] game src/main.rs:268:9 angle=90 camera_z=-4
INFO [2022-11-06][11:24:30] game src/main.rs:268:9 angle=90 camera_z=-4
INFO [2022-11-06][11:24:30] game src/main.rs:268:9 angle=90 camera_z=-4
INFO [2022-11-06][11:24:30] game src/main.rs:268:9 angle=90 camera_z=-4
INFO [2022-11-06][11:24:30] game src/main.rs:268:9 angle=90 camera_z=-4
INFO [2022-11-06][11:24:30] game src/main.rs:268:9 angle=90 camera_z=-4
INFO [2022-11-06][11:24:30] game src/main.rs:268:9 angle=90 camera_z=-4
INFO [2022-11-06][11:24:30] game src/main.rs:268:9 angle=90 camera_z=-4
INFO [2022-11-06][11:24:30] game src/main.rs:268:9 angle=90 camera_z=-4
INFO [2022-11-06][11:24:30] game src/main.rs:268:9 angle=90 camera_z=-4
INFO [2022-11-06][11:24:30] game src/main.rs:268:9 angle=90 camera_z=-4
INFO [2022-11-06][11:24:30] game src/main.rs:268:9 angle=90 camera_z=-4
INFO [2022-11-06][11:24:30] game src/main.rs:268:9 angle=90 camera_z=-4
INFO [2022-11-06][11:24:30] game src/main.rs:268:9 angle=90 camera_z=-4
INFO [2022-11-06][11:24:30] game src/main.rs:268:9 angle=90 camera_z=-4
INFO [2022-11-06][11:24:30] game src/main.rs:268:9 angle=90 camera_z=-3
INFO [2022-11-06][11:24:30] game src/main.rs:268:9 angle=90 camera_z=-3
INFO [2022-11-06][11:24:30] game src/main.rs:268:9 angle=90 camera_z=-2
INFO [2022-11-06][11:24:30] game src/main.rs:268:9 angle=90 camera_z=-2
INFO [2022-11-06][11:24:30] game src/main.rs:268:9 angle=90 camera_z=-1
INFO [2022-11-06][11:24:30] game src/main.rs:268:9 angle=90 camera_z=0
INFO [2022-11-06][11:24:30] game src/main.rs:268:9 angle=90 camera_z=0
INFO [2022-11-06][11:24:30] game src/main.rs:268:9 angle=90 camera_z=1
INFO [2022-11-06][11:24:30] game src/main.rs:268:9 angle=90 camera_z=1
INFO [2022-11-06][11:24:30] game src/main.rs:268:9 angle=90 camera_z=2
INFO [2022-11-06][11:24:30] game src/main.rs:268:9 angle=90 camera_z=2
INFO [2022-11-06][11:24:30] game src/main.rs:268:9 angle=90 camera_z=3
INFO [2022-11-06][11:24:30] game src/main.rs:268:9 angle=90 camera_z=3
INFO [2022-11-06][11:24:30] game src/main.rs:268:9 angle=90 camera_z=4
INFO [2022-11-06][11:24:30] game src/main.rs:268:9 angle=90 camera_z=4
INFO [2022-11-06][11:24:30] game src/main.rs:268:9 angle=90 camera_z=5
INFO [2022-11-06][11:24:30] game src/main.rs:268:9 angle=90 camera_z=6
INFO [2022-11-06][11:24:30] game src/main.rs:268:9 angle=90 camera_z=6
INFO [2022-11-06][11:24:30] game src/main.rs:268:9 angle=90 camera_z=7
INFO [2022-11-06][11:24:30] game src/main.rs:268:9 angle=90 camera_z=7
INFO [2022-11-06][11:24:30] game src/main.rs:268:9 angle=90 camera_z=8
INFO [2022-11-06][11:24:30] game src/main.rs:268:9 angle=90 camera_z=8
INFO [2022-11-06][11:24:30] game src/main.rs:268:9 angle=90 camera_z=9
INFO [2022-11-06][11:24:30] game src/main.rs:268:9 angle=90 camera_z=9
INFO [2022-11-06][11:24:30] game src/main.rs:268:9 angle=90 camera_z=10
INFO [2022-11-06][11:24:30] game src/main.rs:268:9 angle=90 camera_z=11
INFO [2022-11-06][11:24:31] game src/main.rs:268:9 angle=90 camera_z=11
INFO [2022-11-06][11:24:31] game src/main.rs:268:9 angle=90 camera_z=12
INFO [2022-11-06][11:24:31] game src/main.rs:268:9 angle=90 camera_z=12
INFO [2022-11-06][11:24:31] game src/main.rs:268:9 angle=90 camera_z=13
INFO [2022-11-06][11:24:31] game src/main.rs:268:9 angle=90 camera_z=13
INFO [2022-11-06][11:24:31] game src/main.rs:268:9 angle=90 camera_z=14
INFO [2022-11-06][11:24:31] game src/main.rs:268:9 angle=90 camera_z=14
INFO [2022-11-06][11:24:31] game src/main.rs:268:9 angle=90 camera_z=15
INFO [2022-11-06][11:24:31] game src/main.rs:268:9 angle=90 camera_z=15
INFO [2022-11-06][11:24:31] game src/main.rs:268:9 angle=90 camera_z=16
INFO [2022-11-06][11:24:31] game src/main.rs:268:9 angle=90 camera_z=16
INFO [2022-11-06][11:24:31] game src/main.rs:268:9 angle=90 camera_z=17
INFO [2022-11-06][11:24:31] game src/main.rs:268:9 angle=90 camera_z=18
INFO [2022-11-06][11:24:31] game src/main.rs:268:9 angle=90 camera_z=18
INFO [2022-11-06][11:24:31] game src/main.rs:268:9 angle=90 camera_z=19
INFO [2022-11-06][11:24:31] game src/main.rs:268:9 angle=90 camera_z=19
INFO [2022-11-06][11:24:31] game src/main.rs:268:9 angle=90 camera_z=20
INFO [2022-11-06][11:24:31] game src/main.rs:268:9 angle=90 camera_z=20
INFO [2022-11-06][11:24:31] game src/main.rs:268:9 angle=90 camera_z=21
INFO [2022-11-06][11:24:31] game src/main.rs:268:9 angle=90 camera_z=21
INFO [2022-11-06][11:24:31] game src/main.rs:268:9 angle=90 camera_z=22
INFO [2022-11-06][11:24:31] game src/main.rs:268:9 angle=90 camera_z=23
INFO [2022-11-06][11:24:31] game src/main.rs:268:9 angle=90 camera_z=23
INFO [2022-11-06][11:24:31] game src/main.rs:268:9 angle=90 camera_z=24
INFO [2022-11-06][11:24:31] game src/main.rs:268:9 angle=90 camera_z=24
INFO [2022-11-06][11:24:31] game src/main.rs:268:9 angle=90 camera_z=25
INFO [2022-11-06][11:24:31] game src/main.rs:268:9 angle=90 camera_z=25
INFO [2022-11-06][11:24:31] game src/main.rs:268:9 angle=90 camera_z=26
INFO [2022-11-06][11:24:31] game src/main.rs:268:9 angle=90 camera_z=26
INFO [2022-11-06][11:24:31] game src/main.rs:268:9 angle=90 camera_z=26
INFO [2022-11-06][11:24:31] game src/main.rs:268:9 angle=90 camera_z=26
INFO [2022-11-06][11:24:31] game src/main.rs:268:9 angle=90 camera_z=26
INFO [2022-11-06][11:24:31] game src/main.rs:268:9 angle=90 camera_z=26
INFO [2022-11-06][11:24:31] game src/main.rs:268:9 angle=90 camera_z=26
INFO [2022-11-06][11:24:31] game src/main.rs:268:9 angle=90 camera_z=26
INFO [2022-11-06][11:24:31] game src/main.rs:268:9 angle=90 camera_z=25
INFO [2022-11-06][11:24:31] game src/main.rs:268:9 angle=90 camera_z=25
INFO [2022-11-06][11:24:31] game src/main.rs:268:9 angle=90 camera_z=25
INFO [2022-11-06][11:24:31] game src/main.rs:268:9 angle=90 camera_z=25
INFO [2022-11-06][11:24:31] game src/main.rs:268:9 angle=90 camera_z=25
INFO [2022-11-06][11:24:31] game src/main.rs:268:9 angle=90 camera_z=25
INFO [2022-11-06][11:24:31] game src/main.rs:268:9 angle=90 camera_z=25
INFO [2022-11-06][11:24:31] game src/main.rs:268:9 angle=90 camera_z=25
INFO [2022-11-06][11:24:31] game src/main.rs:268:9 angle=90 camera_z=25
INFO [2022-11-06][11:24:31] game src/main.rs:268:9 angle=90 camera_z=25
INFO [2022-11-06][11:24:31] game src/main.rs:268:9 angle=90 camera_z=25
INFO [2022-11-06][11:24:31] game src/main.rs:268:9 angle=90 camera_z=25
INFO [2022-11-06][11:24:31] game src/main.rs:268:9 angle=90 camera_z=25
INFO [2022-11-06][11:24:31] game src/main.rs:268:9 angle=90 camera_z=25
INFO [2022-11-06][11:24:31] game src/main.rs:268:9 angle=90 camera_z=25
INFO [2022-11-06][11:24:31] game src/main.rs:268:9 angle=90 camera_z=25
INFO [2022-11-06][11:24:31] game src/main.rs:268:9 angle=90 camera_z=25
INFO [2022-11-06][11:24:31] game src/main.rs:268:9 angle=90 camera_z=25
INFO [2022-11-06][11:24:31] game src/main.rs:268:9 angle=90 camera_z=25
INFO [2022-11-06][11:24:31] game src/main.rs:268:9 angle=90 camera_z=25
INFO [2022-11-06][11:24:31] game src/main.rs:268:9 angle=90 camera_z=25
INFO [2022-11-06][11:24:31] game src/main.rs:268:9 angle=90 camera_z=25
INFO [2022-11-06][11:24:31] game src/main.rs:268:9 angle=90 camera_z=25
INFO [2022-11-06][11:24:31] game src/main.rs:268:9 angle=90 camera_z=25
INFO [2022-11-06][11:24:32] game src/main.rs:268:9 angle=90 camera_z=25
INFO [2022-11-06][11:24:32] game src/main.rs:268:9 angle=90 camera_z=25
INFO [2022-11-06][11:24:32] game src/main.rs:268:9 angle=90 camera_z=25
INFO [2022-11-06][11:24:32] game src/main.rs:268:9 angle=90 camera_z=25
INFO [2022-11-06][11:24:32] game src/main.rs:268:9 angle=90 camera_z=25
INFO [2022-11-06][11:24:32] game src/main.rs:268:9 angle=90 camera_z=25
INFO [2022-11-06][11:24:32] game src/main.rs:268:9 angle=90 camera_z=24
INFO [2022-11-06][11:24:32] game src/main.rs:268:9 angle=90 camera_z=24
INFO [2022-11-06][11:24:32] game src/main.rs:268:9 angle=90 camera_z=23
INFO [2022-11-06][11:24:32] game src/main.rs:268:9 angle=90 camera_z=23
INFO [2022-11-06][11:24:32] game src/main.rs:268:9 angle=90 camera_z=22
INFO [2022-11-06][11:24:32] game src/main.rs:268:9 angle=90 camera_z=22
INFO [2022-11-06][11:24:32] game src/main.rs:268:9 angle=90 camera_z=21
INFO [2022-11-06][11:24:32] game src/main.rs:268:9 angle=90 camera_z=20
INFO [2022-11-06][11:24:32] game src/main.rs:268:9 angle=90 camera_z=20
INFO [2022-11-06][11:24:32] game src/main.rs:268:9 angle=90 camera_z=19
INFO [2022-11-06][11:24:32] game src/main.rs:268:9 angle=90 camera_z=19
INFO [2022-11-06][11:24:32] game src/main.rs:268:9 angle=90 camera_z=18
INFO [2022-11-06][11:24:32] game src/main.rs:268:9 angle=90 camera_z=18
INFO [2022-11-06][11:24:32] game src/main.rs:268:9 angle=90 camera_z=17
INFO [2022-11-06][11:24:32] game src/main.rs:268:9 angle=90 camera_z=17
INFO [2022-11-06][11:24:32] game src/main.rs:268:9 angle=90 camera_z=16
INFO [2022-11-06][11:24:32] game src/main.rs:268:9 angle=90 camera_z=16
INFO [2022-11-06][11:24:32] game src/main.rs:268:9 angle=90 camera_z=15
INFO [2022-11-06][11:24:32] game src/main.rs:268:9 angle=90 camera_z=14
INFO [2022-11-06][11:24:32] game src/main.rs:268:9 angle=90 camera_z=14
INFO [2022-11-06][11:24:32] game src/main.rs:268:9 angle=90 camera_z=13
INFO [2022-11-06][11:24:32] game src/main.rs:268:9 angle=90 camera_z=13
INFO [2022-11-06][11:24:32] game src/main.rs:268:9 angle=90 camera_z=12
INFO [2022-11-06][11:24:32] game src/main.rs:268:9 angle=90 camera_z=12
INFO [2022-11-06][11:24:32] game src/main.rs:268:9 angle=90 camera_z=11
INFO [2022-11-06][11:24:32] game src/main.rs:268:9 angle=90 camera_z=11
INFO [2022-11-06][11:24:32] game src/main.rs:268:9 angle=90 camera_z=10
INFO [2022-11-06][11:24:32] game src/main.rs:268:9 angle=90 camera_z=10
INFO [2022-11-06][11:24:32] game src/main.rs:268:9 angle=90 camera_z=9
INFO [2022-11-06][11:24:32] game src/main.rs:268:9 angle=90 camera_z=8
INFO [2022-11-06][11:24:32] game src/main.rs:268:9 angle=90 camera_z=8
INFO [2022-11-06][11:24:32] game src/main.rs:268:9 angle=90 camera_z=7
INFO [2022-11-06][11:24:32] game src/main.rs:268:9 angle=90 camera_z=7
INFO [2022-11-06][11:24:32] game src/main.rs:268:9 angle=89 camera_z=6
INFO [2022-11-06][11:24:32] game src/main.rs:268:9 angle=89 camera_z=6
INFO [2022-11-06][11:24:32] game src/main.rs:268:9 angle=89 camera_z=6
INFO [2022-11-06][11:24:32] game src/main.rs:268:9 angle=89 camera_z=6
INFO [2022-11-06][11:24:32] game src/main.rs:268:9 angle=89 camera_z=6
INFO [2022-11-06][11:24:32] game src/main.rs:268:9 angle=89 camera_z=6
INFO [2022-11-06][11:24:32] game src/main.rs:268:9 angle=89 camera_z=6
INFO [2022-11-06][11:24:32] game src/main.rs:268:9 angle=89 camera_z=6
INFO [2022-11-06][11:24:32] game src/main.rs:268:9 angle=89 camera_z=6
INFO [2022-11-06][11:24:32] game src/main.rs:268:9 angle=89 camera_z=6
INFO [2022-11-06][11:24:32] game src/main.rs:268:9 angle=89 camera_z=6
INFO [2022-11-06][11:24:32] game src/main.rs:268:9 angle=89 camera_z=6
INFO [2022-11-06][11:24:32] game src/main.rs:268:9 angle=89 camera_z=6
INFO [2022-11-06][11:24:32] game src/main.rs:268:9 angle=89 camera_z=6
INFO [2022-11-06][11:24:32] game src/main.rs:268:9 angle=89 camera_z=6
INFO [2022-11-06][11:24:32] game src/main.rs:268:9 angle=89 camera_z=6
INFO [2022-11-06][11:24:32] game src/main.rs:268:9 angle=89 camera_z=6
INFO [2022-11-06][11:24:32] game src/main.rs:268:9 angle=89 camera_z=6
INFO [2022-11-06][11:24:32] game src/main.rs:268:9 angle=89 camera_z=6
INFO [2022-11-06][11:24:32] game src/main.rs:268:9 angle=89 camera_z=6
INFO [2022-11-06][11:24:32] game src/main.rs:268:9 angle=89 camera_z=6
INFO [2022-11-06][11:24:33] game src/main.rs:268:9 angle=89 camera_z=6
INFO [2022-11-06][11:24:33] game src/main.rs:268:9 angle=89 camera_z=6
INFO [2022-11-06][11:24:33] game src/main.rs:268:9 angle=89 camera_z=6
INFO [2022-11-06][11:24:33] game src/main.rs:268:9 angle=89 camera_z=6
INFO [2022-11-06][11:24:33] game src/main.rs:268:9 angle=89 camera_z=6
INFO [2022-11-06][11:24:33] game src/main.rs:268:9 angle=89 camera_z=6
INFO [2022-11-06][11:24:33] game src/main.rs:268:9 angle=89 camera_z=6
INFO [2022-11-06][11:24:33] game src/main.rs:268:9 angle=89 camera_z=6
INFO [2022-11-06][11:24:33] game src/main.rs:268:9 angle=89 camera_z=6
INFO [2022-11-06][11:24:33] game src/main.rs:268:9 angle=88 camera_z=6
INFO [2022-11-06][11:24:33] game src/main.rs:268:9 angle=88 camera_z=6
INFO [2022-11-06][11:24:33] game src/main.rs:268:9 angle=87 camera_z=6
INFO [2022-11-06][11:24:33] game src/main.rs:268:9 angle=87 camera_z=6
INFO [2022-11-06][11:24:33] game src/main.rs:268:9 angle=86 camera_z=6
INFO [2022-11-06][11:24:33] game src/main.rs:268:9 angle=86 camera_z=6
INFO [2022-11-06][11:24:33] game src/main.rs:268:9 angle=85 camera_z=6
INFO [2022-11-06][11:24:33] game src/main.rs:268:9 angle=84 camera_z=6
INFO [2022-11-06][11:24:33] game src/main.rs:268:9 angle=84 camera_z=6
INFO [2022-11-06][11:24:33] game src/main.rs:268:9 angle=83 camera_z=6
INFO [2022-11-06][11:24:33] game src/main.rs:268:9 angle=83 camera_z=6
INFO [2022-11-06][11:24:33] game src/main.rs:268:9 angle=82 camera_z=6
INFO [2022-11-06][11:24:33] game src/main.rs:268:9 angle=82 camera_z=6
INFO [2022-11-06][11:24:33] game src/main.rs:268:9 angle=81 camera_z=6
INFO [2022-11-06][11:24:33] game src/main.rs:268:9 angle=81 camera_z=6
INFO [2022-11-06][11:24:33] game src/main.rs:268:9 angle=80 camera_z=6
INFO [2022-11-06][11:24:33] game src/main.rs:268:9 angle=79 camera_z=6
INFO [2022-11-06][11:24:33] game src/main.rs:268:9 angle=79 camera_z=6
INFO [2022-11-06][11:24:33] game src/main.rs:268:9 angle=78 camera_z=6
INFO [2022-11-06][11:24:33] game src/main.rs:268:9 angle=78 camera_z=6
INFO [2022-11-06][11:24:33] game src/main.rs:268:9 angle=77 camera_z=6
INFO [2022-11-06][11:24:33] game src/main.rs:268:9 angle=77 camera_z=6
INFO [2022-11-06][11:24:33] game src/main.rs:268:9 angle=76 camera_z=6
INFO [2022-11-06][11:24:33] game src/main.rs:268:9 angle=76 camera_z=6
INFO [2022-11-06][11:24:33] game src/main.rs:268:9 angle=75 camera_z=6
INFO [2022-11-06][11:24:33] game src/main.rs:268:9 angle=75 camera_z=6
INFO [2022-11-06][11:24:33] game src/main.rs:268:9 angle=74 camera_z=6
INFO [2022-11-06][11:24:33] game src/main.rs:268:9 angle=73 camera_z=6
INFO [2022-11-06][11:24:33] game src/main.rs:268:9 angle=73 camera_z=6
INFO [2022-11-06][11:24:33] game src/main.rs:268:9 angle=72 camera_z=6
INFO [2022-11-06][11:24:33] game src/main.rs:268:9 angle=72 camera_z=6
INFO [2022-11-06][11:24:33] game src/main.rs:268:9 angle=71 camera_z=6
INFO [2022-11-06][11:24:33] game src/main.rs:268:9 angle=72 camera_z=6
INFO [2022-11-06][11:24:33] game src/main.rs:268:9 angle=72 camera_z=6
INFO [2022-11-06][11:24:33] game src/main.rs:268:9 angle=72 camera_z=6
INFO [2022-11-06][11:24:33] game src/main.rs:268:9 angle=72 camera_z=6
INFO [2022-11-06][11:24:33] game src/main.rs:268:9 angle=72 camera_z=6
INFO [2022-11-06][11:24:33] game src/main.rs:268:9 angle=72 camera_z=6
INFO [2022-11-06][11:24:33] game src/main.rs:268:9 angle=72 camera_z=6
INFO [2022-11-06][11:24:33] game src/main.rs:268:9 angle=72 camera_z=6
INFO [2022-11-06][11:24:33] game src/main.rs:268:9 angle=72 camera_z=6
INFO [2022-11-06][11:24:33] game src/main.rs:268:9 angle=72 camera_z=6
INFO [2022-11-06][11:24:33] game src/main.rs:268:9 angle=72 camera_z=6
INFO [2022-11-06][11:24:33] game src/main.rs:268:9 angle=72 camera_z=6
INFO [2022-11-06][11:24:33] game src/main.rs:268:9 angle=72 camera_z=6
INFO [2022-11-06][11:24:33] game src/main.rs:268:9 angle=72 camera_z=6
INFO [2022-11-06][11:24:33] game src/main.rs:268:9 angle=72 camera_z=6
INFO [2022-11-06][11:24:33] game src/main.rs:268:9 angle=72 camera_z=6
INFO [2022-11-06][11:24:33] game src/main.rs:268:9 angle=72 camera_z=6
INFO [2022-11-06][11:24:33] game src/main.rs:268:9 angle=72 camera_z=6
INFO [2022-11-06][11:24:33] game src/main.rs:268:9 angle=72 camera_z=6
INFO [2022-11-06][11:24:34] game src/main.rs:268:9 angle=72 camera_z=6
INFO [2022-11-06][11:24:34] game src/main.rs:268:9 angle=72 camera_z=6
INFO [2022-11-06][11:24:34] game src/main.rs:268:9 angle=72 camera_z=6
INFO [2022-11-06][11:24:34] game src/main.rs:268:9 angle=72 camera_z=6
INFO [2022-11-06][11:24:34] game src/main.rs:268:9 angle=72 camera_z=6
INFO [2022-11-06][11:24:34] game src/main.rs:268:9 angle=72 camera_z=6
INFO [2022-11-06][11:24:34] game src/main.rs:268:9 angle=72 camera_z=6
INFO [2022-11-06][11:24:34] game src/main.rs:268:9 angle=72 camera_z=6
INFO [2022-11-06][11:24:34] game src/main.rs:268:9 angle=72 camera_z=6
INFO [2022-11-06][11:24:34] game src/main.rs:268:9 angle=72 camera_z=6
INFO [2022-11-06][11:24:34] game src/main.rs:268:9 angle=72 camera_z=6
INFO [2022-11-06][11:24:34] game src/main.rs:268:9 angle=73 camera_z=6
INFO [2022-11-06][11:24:34] game src/main.rs:268:9 angle=73 camera_z=6
INFO [2022-11-06][11:24:34] game src/main.rs:268:9 angle=74 camera_z=6
INFO [2022-11-06][11:24:34] game src/main.rs:268:9 angle=74 camera_z=6
INFO [2022-11-06][11:24:34] game src/main.rs:268:9 angle=75 camera_z=6
INFO [2022-11-06][11:24:34] game src/main.rs:268:9 angle=76 camera_z=6
INFO [2022-11-06][11:24:34] game src/main.rs:268:9 angle=76 camera_z=6
INFO [2022-11-06][11:24:34] game src/main.rs:268:9 angle=77 camera_z=6
INFO [2022-11-06][11:24:34] game src/main.rs:268:9 angle=77 camera_z=6
INFO [2022-11-06][11:24:34] game src/main.rs:268:9 angle=78 camera_z=6
INFO [2022-11-06][11:24:34] game src/main.rs:268:9 angle=78 camera_z=6
INFO [2022-11-06][11:24:34] game src/main.rs:268:9 angle=79 camera_z=6
INFO [2022-11-06][11:24:34] game src/main.rs:268:9 angle=79 camera_z=6
INFO [2022-11-06][11:24:34] game src/main.rs:268:9 angle=80 camera_z=6
INFO [2022-11-06][11:24:34] game src/main.rs:268:9 angle=81 camera_z=6
INFO [2022-11-06][11:24:34] game src/main.rs:268:9 angle=81 camera_z=6
INFO [2022-11-06][11:24:34] game src/main.rs:268:9 angle=82 camera_z=6
INFO [2022-11-06][11:24:34] game src/main.rs:268:9 angle=82 camera_z=6
INFO [2022-11-06][11:24:34] game src/main.rs:268:9 angle=83 camera_z=6
INFO [2022-11-06][11:24:34] game src/main.rs:268:9 angle=83 camera_z=6
INFO [2022-11-06][11:24:34] game src/main.rs:268:9 angle=84 camera_z=6
INFO [2022-11-06][11:24:34] game src/main.rs:268:9 angle=84 camera_z=6
INFO [2022-11-06][11:24:34] game src/main.rs:268:9 angle=85 camera_z=6
INFO [2022-11-06][11:24:34] game src/main.rs:268:9 angle=86 camera_z=6
INFO [2022-11-06][11:24:34] game src/main.rs:268:9 angle=86 camera_z=6
INFO [2022-11-06][11:24:34] game src/main.rs:268:9 angle=87 camera_z=6
INFO [2022-11-06][11:24:34] game src/main.rs:268:9 angle=87 camera_z=6
INFO [2022-11-06][11:24:34] game src/main.rs:268:9 angle=88 camera_z=6
INFO [2022-11-06][11:24:34] game src/main.rs:268:9 angle=88 camera_z=6
INFO [2022-11-06][11:24:34] game src/main.rs:268:9 angle=89 camera_z=6
INFO [2022-11-06][11:24:34] game src/main.rs:268:9 angle=89 camera_z=6
INFO [2022-11-06][11:24:34] game src/main.rs:268:9 angle=90 camera_z=6
INFO [2022-11-06][11:24:34] game src/main.rs:268:9 angle=90 camera_z=6
INFO [2022-11-06][11:24:34] game src/main.rs:268:9 angle=91 camera_z=6
INFO [2022-11-06][11:24:34] game src/main.rs:268:9 angle=92 camera_z=6
INFO [2022-11-06][11:24:34] game src/main.rs:268:9 angle=92 camera_z=6
INFO [2022-11-06][11:24:34] game src/main.rs:268:9 angle=93 camera_z=6
INFO [2022-11-06][11:24:34] game src/main.rs:268:9 angle=93 camera_z=6
INFO [2022-11-06][11:24:34] game src/main.rs:268:9 angle=94 camera_z=6
INFO [2022-11-06][11:24:34] game src/main.rs:268:9 angle=94 camera_z=6
INFO [2022-11-06][11:24:34] game src/main.rs:268:9 angle=95 camera_z=6
INFO [2022-11-06][11:24:34] game src/main.rs:268:9 angle=95 camera_z=6
INFO [2022-11-06][11:24:34] game src/main.rs:268:9 angle=96 camera_z=6
INFO [2022-11-06][11:24:34] game src/main.rs:268:9 angle=96 camera_z=6
INFO [2022-11-06][11:24:34] game src/main.rs:268:9 angle=97 camera_z=6
INFO [2022-11-06][11:24:34] game src/main.rs:268:9 angle=98 camera_z=6
INFO [2022-11-06][11:24:34] game src/main.rs:268:9 angle=98 camera_z=6
INFO [2022-11-06][11:24:34] game src/main.rs:268:9 angle=99 camera_z=6
