ERROR [2022-11-06][11:22:55] game src/main.rs:66:17 Cannot create vertex shader: 0:20(41): error: `vertCamera' undeclared
0:20(41): error: type mismatch
0:20(20): error: operands to arithmetic operators must be numeric
0:23(27): error: size mismatch for matrix multiplication
0:24(23): warning: `projectedVert_tmp' used uninitialized
0:24(47): error: `projectedVert' undeclared
0:24(47): error: type mismatch
0:24(23): error: operands to arithmetic operators must be numeric
0:25(16): warning: `projectedVert' used uninitialized
0:25(2): error: value of type vec3 cannot be assigned to variable of type vec4

ERROR [2022-11-06][11:22:55] game src/main.rs:89:9 Cannot link program: error: linking with uncompiled/unspecialized shader
INFO [2022-11-06][11:22:55] game src/main.rs:268:9 angle=90
INFO [2022-11-06][11:22:55] game src/main.rs:268:9 angle=90
INFO [2022-11-06][11:22:55] game src/main.rs:268:9 angle=90
INFO [2022-11-06][11:22:55] game src/main.rs:268:9 angle=90
INFO [2022-11-06][11:22:55] game src/main.rs:268:9 angle=90
INFO [2022-11-06][11:22:55] game src/main.rs:268:9 angle=90
INFO [2022-11-06][11:22:55] game src/main.rs:268:9 angle=90
INFO [2022-11-06][11:22:55] game src/main.rs:268:9 angle=90
INFO [2022-11-06][11:22:55] game src/main.rs:268:9 angle=90
INFO [2022-11-06][11:22:55] game src/main.rs:268:9 angle=90
INFO [2022-11-06][11:22:55] game src/main.rs:268:9 angle=90
INFO [2022-11-06][11:22:55] game src/main.rs:268:9 angle=90
INFO [2022-11-06][11:22:55] game src/main.rs:268:9 angle=90
INFO [2022-11-06][11:22:55] game src/main.rs:268:9 angle=90
INFO [2022-11-06][11:22:55] game src/main.rs:268:9 angle=90
INFO [2022-11-06][11:22:55] game src/main.rs:268:9 angle=90
INFO [2022-11-06][11:22:55] game src/main.rs:268:9 angle=90
INFO [2022-11-06][11:22:55] game src/main.rs:268:9 angle=90
INFO [2022-11-06][11:22:55] game src/main.rs:268:9 angle=90
INFO [2022-11-06][11:22:55] game src/main.rs:268:9 angle=90
INFO [2022-11-06][11:22:55] game src/main.rs:268:9 angle=90
INFO [2022-11-06][11:22:55] game src/main.rs:268:9 angle=90
INFO [2022-11-06][11:22:55] game src/main.rs:268:9 angle=90
INFO [2022-11-06][11:22:55] game src/main.rs:268:9 angle=90
INFO [2022-11-06][11:22:55] game src/main.rs:268:9 angle=90
INFO [2022-11-06][11:22:55] game src/main.rs:268:9 angle=90
INFO [2022-11-06][11:22:55] game src/main.rs:268:9 angle=90
INFO [2022-11-06][11:22:55] game src/main.rs:268:9 angle=90
INFO [2022-11-06][11:22:55] game src/main.rs:268:9 angle=90
INFO [2022-11-06][11:22:55] game src/main.rs:268:9 angle=90
INFO [2022-11-06][11:22:55] game src/main.rs:268:9 angle=90
INFO [2022-11-06][11:22:55] game src/main.rs:268:9 angle=90
INFO [2022-11-06][11:22:55] game src/main.rs:268:9 angle=90
INFO [2022-11-06][11:22:56] game src/main.rs:268:9 angle=90
INFO [2022-11-06][11:22:56] game src/main.rs:268:9 angle=90
INFO [2022-11-06][11:22:56] game src/main.rs:268:9 angle=90
INFO [2022-11-06][11:22:56] game src/main.rs:268:9 angle=90
INFO [2022-11-06][11:22:56] game src/main.rs:268:9 angle=90
INFO [2022-11-06][11:22:56] game src/main.rs:268:9 angle=90
INFO [2022-11-06][11:22:56] game src/main.rs:268:9 angle=90
INFO [2022-11-06][11:22:56] game src/main.rs:268:9 angle=90
INFO [2022-11-06][11:22:56] game src/main.rs:268:9 angle=90
INFO [2022-11-06][11:22:56] game src/main.rs:268:9 angle=90
INFO [2022-11-06][11:22:56] game src/main.rs:268:9 angle=90
INFO [2022-11-06][11:22:56] game src/main.rs:268:9 angle=90
INFO [2022-11-06][11:22:56] game src/main.rs:268:9 angle=90
INFO [2022-11-06][11:22:56] game src/main.rs:268:9 angle=90
INFO [2022-11-06][11:22:56] game src/main.rs:268:9 angle=90
INFO [2022-11-06][11:22:56] game src/main.rs:268:9 angle=90
INFO [2022-11-06][11:22:56] game src/main.rs:268:9 angle=90
INFO [2022-11-06][11:22:56] game src/main.rs:268:9 angle=90
INFO [2022-11-06][11:22:56] game src/main.rs:268:9 angle=90
INFO [2022-11-06][11:22:56] game src/main.rs:268:9 angle=90
INFO [2022-11-06][11:22:56] game src/main.rs:268:9 angle=90
INFO [2022-11-06][11:22:56] game src/main.rs:268:9 angle=90
INFO [2022-11-06][11:22:56] game src/main.rs:268:9 angle=90
INFO [2022-11-06][11:22:56] game src/main.rs:268:9 angle=90
INFO [2022-11-06][11:22:56] game src/main.rs:268:9 angle=90
INFO [2022-11-06][11:22:56] game src/main.rs:268:9 angle=90
INFO [2022-11-06][11:22:56] game src/main.rs:268:9 angle=90
INFO [2022-11-06][11:22:56] game src/main.rs:268:9 angle=90
INFO [2022-11-06][11:22:56] game src/main.rs:268:9 angle=90
INFO [2022-11-06][11:22:56] game src/main.rs:268:9 angle=90
INFO [2022-11-06][11:22:56] game src/main.rs:268:9 angle=90
INFO [2022-11-06][11:22:56] game src/main.rs:268:9 angle=90
INFO [2022-11-06][11:22:56] game src/main.rs:268:9 angle=90
INFO [2022-11-06][11:22:56] game src/main.rs:268:9 angle=90
INFO [2022-11-06][11:22:56] game src/main.rs:268:9 angle=90
INFO [2022-11-06][11:22:56] game src/main.rs:268:9 angle=90
INFO [2022-11-06][11:22:56] game src/main.rs:268:9 angle=90
INFO [2022-11-06][11:22:56] game src/main.rs:268:9 angle=90
INFO [2022-11-06][11:22:56] game src/main.rs:268:9 angle=90
INFO [2022-11-06][11:22:56] game src/main.rs:268:9 angle=90
INFO [2022-11-06][11:22:56] game src/main.rs:268:9 angle=90
INFO [2022-11-06][11:22:56] game src/main.rs:268:9 angle=90
INFO [2022-11-06][11:22:56] game src/main.rs:268:9 angle=90
INFO [2022-11-06][11:22:56] game src/main.rs:268:9 angle=90
INFO [2022-11-06][11:22:56] game src/main.rs:268:9 angle=90
INFO [2022-11-06][11:22:56] game src/main.rs:268:9 angle=90
INFO [2022-11-06][11:22:56] game src/main.rs:268:9 angle=90
INFO [2022-11-06][11:22:56] game src/main.rs:268:9 angle=90
INFO [2022-11-06][11:22:56] game src/main.rs:268:9 angle=90
INFO [2022-11-06][11:22:56] game src/main.rs:268:9 angle=90
INFO [2022-11-06][11:22:56] game src/main.rs:268:9 angle=90
INFO [2022-11-06][11:22:56] game src/main.rs:268:9 angle=90
INFO [2022-11-06][11:22:56] game src/main.rs:268:9 angle=90
INFO [2022-11-06][11:22:56] game src/main.rs:268:9 angle=90
INFO [2022-11-06][11:22:56] game src/main.rs:268:9 angle=90
INFO [2022-11-06][11:22:56] game src/main.rs:268:9 angle=90
INFO [2022-11-06][11:22:56] game src/main.rs:268:9 angle=90
INFO [2022-11-06][11:22:56] game src/main.rs:268:9 angle=90
INFO [2022-11-06][11:22:56] game src/main.rs:268:9 angle=90
INFO [2022-11-06][11:22:56] game src/main.rs:268:9 angle=90
INFO [2022-11-06][11:22:57] game src/main.rs:268:9 angle=90
INFO [2022-11-06][11:22:57] game src/main.rs:268:9 angle=90
INFO [2022-11-06][11:22:57] game src/main.rs:268:9 angle=90
INFO [2022-11-06][11:22:57] game src/main.rs:268:9 angle=90
INFO [2022-11-06][11:22:57] game src/main.rs:268:9 angle=90
INFO [2022-11-06][11:22:57] game src/main.rs:268:9 angle=90
INFO [2022-11-06][11:22:57] game src/main.rs:268:9 angle=90
INFO [2022-11-06][11:22:57] game src/main.rs:268:9 angle=90
INFO [2022-11-06][11:22:57] game src/main.rs:268:9 angle=90
INFO [2022-11-06][11:22:57] game src/main.rs:268:9 angle=90
INFO [2022-11-06][11:22:57] game src/main.rs:268:9 angle=90
INFO [2022-11-06][11:22:57] game src/main.rs:268:9 angle=90
INFO [2022-11-06][11:22:57] game src/main.rs:268:9 angle=90
INFO [2022-11-06][11:22:57] game src/main.rs:268:9 angle=90
INFO [2022-11-06][11:22:57] game src/main.rs:268:9 angle=90
INFO [2022-11-06][11:22:57] game src/main.rs:268:9 angle=90
INFO [2022-11-06][11:22:57] game src/main.rs:268:9 angle=90
INFO [2022-11-06][11:22:57] game src/main.rs:268:9 angle=90
INFO [2022-11-06][11:22:57] game src/main.rs:268:9 angle=90
INFO [2022-11-06][11:22:57] game src/main.rs:268:9 angle=90
INFO [2022-11-06][11:22:57] game src/main.rs:268:9 angle=90
INFO [2022-11-06][11:22:57] game src/main.rs:268:9 angle=90
INFO [2022-11-06][11:22:57] game src/main.rs:268:9 angle=90
INFO [2022-11-06][11:22:57] game src/main.rs:268:9 angle=90
INFO [2022-11-06][11:22:57] game src/main.rs:268:9 angle=90
INFO [2022-11-06][11:22:57] game src/main.rs:268:9 angle=90
INFO [2022-11-06][11:22:57] game src/main.rs:268:9 angle=90
INFO [2022-11-06][11:22:57] game src/main.rs:268:9 angle=90
INFO [2022-11-06][11:22:57] game src/main.rs:268:9 angle=90
INFO [2022-11-06][11:22:57] game src/main.rs:268:9 angle=90
INFO [2022-11-06][11:22:57] game src/main.rs:268:9 angle=90
INFO [2022-11-06][11:22:57] game src/main.rs:268:9 angle=90
INFO [2022-11-06][11:22:57] game src/main.rs:268:9 angle=90
INFO [2022-11-06][11:22:57] game src/main.rs:268:9 angle=90
INFO [2022-11-06][11:22:57] game src/main.rs:268:9 angle=90
INFO [2022-11-06][11:22:57] game src/main.rs:268:9 angle=90
INFO [2022-11-06][11:22:57] game src/main.rs:268:9 angle=90
INFO [2022-11-06][11:22:57] game src/main.rs:268:9 angle=90
INFO [2022-11-06][11:22:57] game src/main.rs:268:9 angle=90
INFO [2022-11-06][11:22:57] game src/main.rs:268:9 angle=90
INFO [2022-11-06][11:22:57] game src/main.rs:268:9 angle=90
INFO [2022-11-06][11:22:57] game src/main.rs:268:9 angle=90
INFO [2022-11-06][11:22:57] game src/main.rs:268:9 angle=90
INFO [2022-11-06][11:22:57] game src/main.rs:268:9 angle=90
INFO [2022-11-06][11:22:57] game src/main.rs:268:9 angle=90
INFO [2022-11-06][11:22:57] game src/main.rs:268:9 angle=90
INFO [2022-11-06][11:22:57] game src/main.rs:268:9 angle=90
INFO [2022-11-06][11:22:57] game src/main.rs:268:9 angle=90
INFO [2022-11-06][11:22:57] game src/main.rs:268:9 angle=90
INFO [2022-11-06][11:22:57] game src/main.rs:268:9 angle=90
INFO [2022-11-06][11:22:57] game src/main.rs:268:9 angle=90
INFO [2022-11-06][11:22:57] game src/main.rs:268:9 angle=90
INFO [2022-11-06][11:22:57] game src/main.rs:268:9 angle=90
INFO [2022-11-06][11:22:57] game src/main.rs:268:9 angle=90
INFO [2022-11-06][11:22:57] game src/main.rs:268:9 angle=90
INFO [2022-11-06][11:22:57] game src/main.rs:268:9 angle=90
INFO [2022-11-06][11:22:57] game src/main.rs:268:9 angle=90
INFO [2022-11-06][11:22:57] game src/main.rs:268:9 angle=90
INFO [2022-11-06][11:22:57] game src/main.rs:268:9 angle=90
INFO [2022-11-06][11:22:57] game src/main.rs:268:9 angle=90
INFO [2022-11-06][11:22:58] game src/main.rs:268:9 angle=90
INFO [2022-11-06][11:22:58] game src/main.rs:268:9 angle=90
INFO [2022-11-06][11:22:58] game src/main.rs:268:9 angle=90
INFO [2022-11-06][11:22:58] game src/main.rs:268:9 angle=90
INFO [2022-11-06][11:22:58] game src/main.rs:268:9 angle=90
INFO [2022-11-06][11:22:58] game src/main.rs:268:9 angle=90
INFO [2022-11-06][11:22:58] game src/main.rs:268:9 angle=90
INFO [2022-11-06][11:22:58] game src/main.rs:268:9 angle=90
INFO [2022-11-06][11:22:58] game src/main.rs:268:9 angle=90
INFO [2022-11-06][11:22:58] game src/main.rs:268:9 angle=90
INFO [2022-11-06][11:22:58] game src/main.rs:268:9 angle=90
INFO [2022-11-06][11:22:58] game src/main.rs:268:9 angle=90
INFO [2022-11-06][11:22:58] game src/main.rs:268:9 angle=90
INFO [2022-11-06][11:22:58] game src/main.rs:268:9 angle=90
INFO [2022-11-06][11:22:58] game src/main.rs:268:9 angle=90
INFO [2022-11-06][11:22:58] game src/main.rs:268:9 angle=90
INFO [2022-11-06][11:22:58] game src/main.rs:268:9 angle=90
INFO [2022-11-06][11:22:58] game src/main.rs:268:9 angle=90
INFO [2022-11-06][11:22:58] game src/main.rs:268:9 angle=90
INFO [2022-11-06][11:22:58] game src/main.rs:268:9 angle=90
INFO [2022-11-06][11:22:58] game src/main.rs:268:9 angle=90
INFO [2022-11-06][11:22:58] game src/main.rs:268:9 angle=90
INFO [2022-11-06][11:22:58] game src/main.rs:268:9 angle=90
INFO [2022-11-06][11:22:58] game src/main.rs:268:9 angle=90
INFO [2022-11-06][11:22:58] game src/main.rs:268:9 angle=90
INFO [2022-11-06][11:22:58] game src/main.rs:268:9 angle=90
INFO [2022-11-06][11:22:58] game src/main.rs:268:9 angle=90
INFO [2022-11-06][11:22:58] game src/main.rs:268:9 angle=90
INFO [2022-11-06][11:22:58] game src/main.rs:268:9 angle=90
INFO [2022-11-06][11:22:58] game src/main.rs:268:9 angle=90
INFO [2022-11-06][11:22:58] game src/main.rs:268:9 angle=90
INFO [2022-11-06][11:22:58] game src/main.rs:268:9 angle=90
INFO [2022-11-06][11:22:58] game src/main.rs:268:9 angle=90
INFO [2022-11-06][11:22:58] game src/main.rs:268:9 angle=90
INFO [2022-11-06][11:22:58] game src/main.rs:268:9 angle=90
INFO [2022-11-06][11:22:58] game src/main.rs:268:9 angle=90
INFO [2022-11-06][11:22:58] game src/main.rs:268:9 angle=90
INFO [2022-11-06][11:22:58] game src/main.rs:268:9 angle=90
INFO [2022-11-06][11:22:58] game src/main.rs:268:9 angle=90
INFO [2022-11-06][11:22:58] game src/main.rs:268:9 angle=90
INFO [2022-11-06][11:22:58] game src/main.rs:268:9 angle=90
INFO [2022-11-06][11:22:58] game src/main.rs:268:9 angle=90
INFO [2022-11-06][11:22:58] game src/main.rs:268:9 angle=90
INFO [2022-11-06][11:22:58] game src/main.rs:268:9 angle=90
INFO [2022-11-06][11:22:58] game src/main.rs:268:9 angle=90
INFO [2022-11-06][11:22:58] game src/main.rs:268:9 angle=90
INFO [2022-11-06][11:22:58] game src/main.rs:268:9 angle=90
INFO [2022-11-06][11:22:58] game src/main.rs:268:9 angle=90
INFO [2022-11-06][11:22:58] game src/main.rs:268:9 angle=90
INFO [2022-11-06][11:22:58] game src/main.rs:268:9 angle=90
INFO [2022-11-06][11:22:58] game src/main.rs:268:9 angle=90
INFO [2022-11-06][11:22:58] game src/main.rs:268:9 angle=90
INFO [2022-11-06][11:22:58] game src/main.rs:268:9 angle=90
INFO [2022-11-06][11:22:58] game src/main.rs:268:9 angle=90
INFO [2022-11-06][11:22:58] game src/main.rs:268:9 angle=90
INFO [2022-11-06][11:22:58] game src/main.rs:268:9 angle=90
INFO [2022-11-06][11:22:58] game src/main.rs:268:9 angle=90
INFO [2022-11-06][11:22:58] game src/main.rs:268:9 angle=90
INFO [2022-11-06][11:22:58] game src/main.rs:268:9 angle=90
INFO [2022-11-06][11:22:58] game src/main.rs:268:9 angle=90
INFO [2022-11-06][11:22:59] game src/main.rs:268:9 angle=90
INFO [2022-11-06][11:22:59] game src/main.rs:268:9 angle=90
INFO [2022-11-06][11:22:59] game src/main.rs:268:9 angle=90
INFO [2022-11-06][11:22:59] game src/main.rs:268:9 angle=90
INFO [2022-11-06][11:22:59] game src/main.rs:268:9 angle=90
INFO [2022-11-06][11:22:59] game src/main.rs:268:9 angle=90
INFO [2022-11-06][11:22:59] game src/main.rs:268:9 angle=90
INFO [2022-11-06][11:22:59] game src/main.rs:268:9 angle=90
INFO [2022-11-06][11:22:59] game src/main.rs:268:9 angle=90
INFO [2022-11-06][11:22:59] game src/main.rs:268:9 angle=90
INFO [2022-11-06][11:22:59] game src/main.rs:268:9 angle=90
INFO [2022-11-06][11:22:59] game src/main.rs:268:9 angle=90
INFO [2022-11-06][11:22:59] game src/main.rs:268:9 angle=90
INFO [2022-11-06][11:22:59] game src/main.rs:268:9 angle=90
INFO [2022-11-06][11:22:59] game src/main.rs:268:9 angle=90
INFO [2022-11-06][11:22:59] game src/main.rs:268:9 angle=90
INFO [2022-11-06][11:22:59] game src/main.rs:268:9 angle=90
INFO [2022-11-06][11:22:59] game src/main.rs:268:9 angle=90
INFO [2022-11-06][11:22:59] game src/main.rs:268:9 angle=90
INFO [2022-11-06][11:22:59] game src/main.rs:268:9 angle=90
INFO [2022-11-06][11:22:59] game src/main.rs:268:9 angle=90
INFO [2022-11-06][11:22:59] game src/main.rs:268:9 angle=90
INFO [2022-11-06][11:22:59] game src/main.rs:268:9 angle=90
INFO [2022-11-06][11:22:59] game src/main.rs:268:9 angle=90
INFO [2022-11-06][11:22:59] game src/main.rs:268:9 angle=90
INFO [2022-11-06][11:22:59] game src/main.rs:268:9 angle=90
INFO [2022-11-06][11:22:59] game src/main.rs:268:9 angle=90
INFO [2022-11-06][11:22:59] game src/main.rs:268:9 angle=90
INFO [2022-11-06][11:22:59] game src/main.rs:268:9 angle=90
INFO [2022-11-06][11:22:59] game src/main.rs:268:9 angle=90
INFO [2022-11-06][11:22:59] game src/main.rs:268:9 angle=90
INFO [2022-11-06][11:22:59] game src/main.rs:268:9 angle=90
INFO [2022-11-06][11:22:59] game src/main.rs:268:9 angle=90
INFO [2022-11-06][11:22:59] game src/main.rs:268:9 angle=90
INFO [2022-11-06][11:22:59] game src/main.rs:268:9 angle=90
INFO [2022-11-06][11:22:59] game src/main.rs:268:9 angle=90
INFO [2022-11-06][11:22:59] game src/main.rs:268:9 angle=90
INFO [2022-11-06][11:22:59] game src/main.rs:268:9 angle=90
INFO [2022-11-06][11:22:59] game src/main.rs:268:9 angle=90
INFO [2022-11-06][11:22:59] game src/main.rs:268:9 angle=90
INFO [2022-11-06][11:22:59] game src/main.rs:268:9 angle=90
INFO [2022-11-06][11:22:59] game src/main.rs:268:9 angle=90
INFO [2022-11-06][11:22:59] game src/main.rs:268:9 angle=90
INFO [2022-11-06][11:22:59] game src/main.rs:268:9 angle=90
INFO [2022-11-06][11:22:59] game src/main.rs:268:9 angle=90
INFO [2022-11-06][11:22:59] game src/main.rs:268:9 angle=90
INFO [2022-11-06][11:22:59] game src/main.rs:268:9 angle=90
INFO [2022-11-06][11:22:59] game src/main.rs:268:9 angle=90
INFO [2022-11-06][11:22:59] game src/main.rs:268:9 angle=90
INFO [2022-11-06][11:22:59] game src/main.rs:268:9 angle=90
INFO [2022-11-06][11:22:59] game src/main.rs:268:9 angle=90
INFO [2022-11-06][11:22:59] game src/main.rs:268:9 angle=90
INFO [2022-11-06][11:22:59] game src/main.rs:268:9 angle=90
INFO [2022-11-06][11:22:59] game src/main.rs:268:9 angle=90
INFO [2022-11-06][11:22:59] game src/main.rs:268:9 angle=90
INFO [2022-11-06][11:22:59] game src/main.rs:268:9 angle=90
INFO [2022-11-06][11:22:59] game src/main.rs:268:9 angle=90
INFO [2022-11-06][11:22:59] game src/main.rs:268:9 angle=90
INFO [2022-11-06][11:22:59] game src/main.rs:268:9 angle=90
INFO [2022-11-06][11:22:59] game src/main.rs:268:9 angle=90
INFO [2022-11-06][11:23:00] game src/main.rs:268:9 angle=90
INFO [2022-11-06][11:23:00] game src/main.rs:268:9 angle=90
INFO [2022-11-06][11:23:00] game src/main.rs:268:9 angle=90
INFO [2022-11-06][11:23:00] game src/main.rs:268:9 angle=90
INFO [2022-11-06][11:23:00] game src/main.rs:268:9 angle=90
INFO [2022-11-06][11:23:00] game src/main.rs:268:9 angle=90
INFO [2022-11-06][11:23:00] game src/main.rs:268:9 angle=90
INFO [2022-11-06][11:23:00] game src/main.rs:268:9 angle=90
INFO [2022-11-06][11:23:00] game src/main.rs:268:9 angle=90
INFO [2022-11-06][11:23:00] game src/main.rs:268:9 angle=90
INFO [2022-11-06][11:23:00] game src/main.rs:268:9 angle=90
INFO [2022-11-06][11:23:00] game src/main.rs:268:9 angle=90
INFO [2022-11-06][11:23:00] game src/main.rs:268:9 angle=90
INFO [2022-11-06][11:23:00] game src/main.rs:268:9 angle=90
INFO [2022-11-06][11:23:00] game src/main.rs:268:9 angle=90
INFO [2022-11-06][11:23:00] game src/main.rs:268:9 angle=90
INFO [2022-11-06][11:23:00] game src/main.rs:268:9 angle=90
INFO [2022-11-06][11:23:00] game src/main.rs:268:9 angle=90
INFO [2022-11-06][11:23:00] game src/main.rs:268:9 angle=90
INFO [2022-11-06][11:23:00] game src/main.rs:268:9 angle=90
INFO [2022-11-06][11:23:00] game src/main.rs:268:9 angle=90
INFO [2022-11-06][11:23:00] game src/main.rs:268:9 angle=90
INFO [2022-11-06][11:23:00] game src/main.rs:268:9 angle=90
INFO [2022-11-06][11:23:00] game src/main.rs:268:9 angle=90
INFO [2022-11-06][11:23:00] game src/main.rs:268:9 angle=90
INFO [2022-11-06][11:23:00] game src/main.rs:268:9 angle=90
INFO [2022-11-06][11:23:00] game src/main.rs:268:9 angle=90
INFO [2022-11-06][11:23:00] game src/main.rs:268:9 angle=90
INFO [2022-11-06][11:23:00] game src/main.rs:268:9 angle=90
INFO [2022-11-06][11:23:00] game src/main.rs:268:9 angle=90
INFO [2022-11-06][11:23:00] game src/main.rs:268:9 angle=90
INFO [2022-11-06][11:23:00] game src/main.rs:268:9 angle=90
INFO [2022-11-06][11:23:00] game src/main.rs:268:9 angle=90
INFO [2022-11-06][11:23:00] game src/main.rs:268:9 angle=90
INFO [2022-11-06][11:23:00] game src/main.rs:268:9 angle=90
INFO [2022-11-06][11:23:00] game src/main.rs:268:9 angle=90
INFO [2022-11-06][11:23:00] game src/main.rs:268:9 angle=90
INFO [2022-11-06][11:23:00] game src/main.rs:268:9 angle=90
INFO [2022-11-06][11:23:00] game src/main.rs:268:9 angle=90
INFO [2022-11-06][11:23:00] game src/main.rs:268:9 angle=90
INFO [2022-11-06][11:23:00] game src/main.rs:268:9 angle=90
INFO [2022-11-06][11:23:00] game src/main.rs:268:9 angle=90
INFO [2022-11-06][11:23:00] game src/main.rs:268:9 angle=90
INFO [2022-11-06][11:23:00] game src/main.rs:268:9 angle=90
INFO [2022-11-06][11:23:00] game src/main.rs:268:9 angle=90
INFO [2022-11-06][11:23:00] game src/main.rs:268:9 angle=90
INFO [2022-11-06][11:23:00] game src/main.rs:268:9 angle=90
INFO [2022-11-06][11:23:00] game src/main.rs:268:9 angle=90
INFO [2022-11-06][11:23:00] game src/main.rs:268:9 angle=90
INFO [2022-11-06][11:23:00] game src/main.rs:268:9 angle=90
INFO [2022-11-06][11:23:00] game src/main.rs:268:9 angle=90
INFO [2022-11-06][11:23:00] game src/main.rs:268:9 angle=90
INFO [2022-11-06][11:23:00] game src/main.rs:268:9 angle=90
INFO [2022-11-06][11:23:00] game src/main.rs:268:9 angle=90
INFO [2022-11-06][11:23:00] game src/main.rs:268:9 angle=90
INFO [2022-11-06][11:23:00] game src/main.rs:268:9 angle=90
INFO [2022-11-06][11:23:00] game src/main.rs:268:9 angle=90
INFO [2022-11-06][11:23:00] game src/main.rs:268:9 angle=90
INFO [2022-11-06][11:23:00] game src/main.rs:268:9 angle=90
INFO [2022-11-06][11:23:00] game src/main.rs:268:9 angle=90
INFO [2022-11-06][11:23:01] game src/main.rs:268:9 angle=90
INFO [2022-11-06][11:23:01] game src/main.rs:268:9 angle=90
INFO [2022-11-06][11:23:01] game src/main.rs:268:9 angle=90
INFO [2022-11-06][11:23:01] game src/main.rs:268:9 angle=90
INFO [2022-11-06][11:23:01] game src/main.rs:268:9 angle=90
INFO [2022-11-06][11:23:01] game src/main.rs:268:9 angle=90
INFO [2022-11-06][11:23:01] game src/main.rs:268:9 angle=90
INFO [2022-11-06][11:23:01] game src/main.rs:268:9 angle=90
INFO [2022-11-06][11:23:01] game src/main.rs:268:9 angle=90
INFO [2022-11-06][11:23:01] game src/main.rs:268:9 angle=90
INFO [2022-11-06][11:23:01] game src/main.rs:268:9 angle=90
INFO [2022-11-06][11:23:01] game src/main.rs:268:9 angle=90
INFO [2022-11-06][11:23:01] game src/main.rs:268:9 angle=90
INFO [2022-11-06][11:23:01] game src/main.rs:268:9 angle=90
INFO [2022-11-06][11:23:01] game src/main.rs:268:9 angle=90
INFO [2022-11-06][11:23:01] game src/main.rs:268:9 angle=90
INFO [2022-11-06][11:23:01] game src/main.rs:268:9 angle=90
INFO [2022-11-06][11:23:01] game src/main.rs:268:9 angle=90
INFO [2022-11-06][11:23:01] game src/main.rs:268:9 angle=90
INFO [2022-11-06][11:23:01] game src/main.rs:268:9 angle=90
INFO [2022-11-06][11:23:01] game src/main.rs:268:9 angle=90
INFO [2022-11-06][11:23:01] game src/main.rs:268:9 angle=90
INFO [2022-11-06][11:23:01] game src/main.rs:268:9 angle=90
INFO [2022-11-06][11:23:01] game src/main.rs:268:9 angle=90
INFO [2022-11-06][11:23:01] game src/main.rs:268:9 angle=90
INFO [2022-11-06][11:23:01] game src/main.rs:268:9 angle=90
INFO [2022-11-06][11:23:01] game src/main.rs:268:9 angle=90
INFO [2022-11-06][11:23:01] game src/main.rs:268:9 angle=90
INFO [2022-11-06][11:23:01] game src/main.rs:268:9 angle=90
INFO [2022-11-06][11:23:01] game src/main.rs:268:9 angle=90
INFO [2022-11-06][11:23:01] game src/main.rs:268:9 angle=90
INFO [2022-11-06][11:23:01] game src/main.rs:268:9 angle=90
INFO [2022-11-06][11:23:01] game src/main.rs:268:9 angle=90
INFO [2022-11-06][11:23:01] game src/main.rs:268:9 angle=90
INFO [2022-11-06][11:23:01] game src/main.rs:268:9 angle=90
