ERROR [2022-11-06][07:58:33] game src/main.rs:65:17 Cannot vertex create shader: 0:4(16): error: syntax error, unexpected ';', expecting '{'

ERROR [2022-11-06][07:58:33] game src/main.rs:88:9 Cannot link program: error: linking with uncompiled/unspecialized shader
DEBUG [2022-11-06][07:58:33] game src/main.rs:140:32 Window: Shown
DEBUG [2022-11-06][07:58:33] game src/main.rs:140:32 Window: Moved(256, 172)
DEBUG [2022-11-06][07:58:33] game src/main.rs:140:32 Window: Exposed
DEBUG [2022-11-06][07:58:35] game src/main.rs:140:32 Window: Enter
DEBUG [2022-11-06][07:58:36] game src/main.rs:140:32 Window: FocusGained
DEBUG [2022-11-06][07:58:36] game src/main.rs:140:32 Window: TakeFocus
DEBUG [2022-11-06][07:58:37] game src/main.rs:140:32 Window: Leave
DEBUG [2022-11-06][07:58:38] game src/main.rs:140:32 Window: TakeFocus
DEBUG [2022-11-06][07:58:38] game src/main.rs:140:32 Window: TakeFocus
DEBUG [2022-11-06][07:58:38] game src/main.rs:140:32 Window: Moved(257, 173)
DEBUG [2022-11-06][07:58:38] game src/main.rs:140:32 Window: Moved(259, 177)
DEBUG [2022-11-06][07:58:38] game src/main.rs:140:32 Window: Moved(261, 182)
DEBUG [2022-11-06][07:58:38] game src/main.rs:140:32 Window: Moved(268, 188)
DEBUG [2022-11-06][07:58:38] game src/main.rs:140:32 Window: Moved(277, 197)
DEBUG [2022-11-06][07:58:38] game src/main.rs:140:32 Window: Moved(286, 205)
DEBUG [2022-11-06][07:58:38] game src/main.rs:140:32 Window: Moved(291, 207)
DEBUG [2022-11-06][07:58:38] game src/main.rs:140:32 Window: Moved(292, 207)
DEBUG [2022-11-06][07:58:39] game src/main.rs:140:32 Window: Moved(296, 210)
DEBUG [2022-11-06][07:58:39] game src/main.rs:140:32 Window: Moved(314, 219)
DEBUG [2022-11-06][07:58:39] game src/main.rs:140:32 Window: Moved(336, 231)
DEBUG [2022-11-06][07:58:39] game src/main.rs:140:32 Window: Moved(369, 242)
DEBUG [2022-11-06][07:58:39] game src/main.rs:140:32 Window: Moved(410, 250)
DEBUG [2022-11-06][07:58:39] game src/main.rs:140:32 Window: Moved(446, 253)
DEBUG [2022-11-06][07:58:39] game src/main.rs:140:32 Window: Moved(477, 259)
DEBUG [2022-11-06][07:58:39] game src/main.rs:140:32 Window: Moved(502, 259)
DEBUG [2022-11-06][07:58:39] game src/main.rs:140:32 Window: Moved(512, 259)
DEBUG [2022-11-06][07:58:39] game src/main.rs:140:32 Window: Moved(545, 259)
DEBUG [2022-11-06][07:58:39] game src/main.rs:140:32 Window: Moved(548, 258)
DEBUG [2022-11-06][07:58:39] game src/main.rs:140:32 Window: Moved(553, 257)
DEBUG [2022-11-06][07:58:39] game src/main.rs:140:32 Window: Moved(559, 256)
DEBUG [2022-11-06][07:58:39] game src/main.rs:140:32 Window: Moved(561, 256)
DEBUG [2022-11-06][07:58:39] game src/main.rs:140:32 Window: Moved(562, 256)
DEBUG [2022-11-06][07:58:39] game src/main.rs:140:32 Window: Moved(564, 256)
DEBUG [2022-11-06][07:58:39] game src/main.rs:140:32 Window: Moved(565, 257)
DEBUG [2022-11-06][07:58:39] game src/main.rs:140:32 Window: Moved(566, 258)
DEBUG [2022-11-06][07:58:39] game src/main.rs:140:32 Window: Moved(567, 264)
DEBUG [2022-11-06][07:58:39] game src/main.rs:140:32 Window: Moved(573, 272)
DEBUG [2022-11-06][07:58:39] game src/main.rs:140:32 Window: Moved(581, 285)
DEBUG [2022-11-06][07:58:39] game src/main.rs:140:32 Window: Moved(591, 288)
DEBUG [2022-11-06][07:58:39] game src/main.rs:140:32 Window: Moved(604, 321)
DEBUG [2022-11-06][07:58:39] game src/main.rs:140:32 Window: Moved(616, 345)
DEBUG [2022-11-06][07:58:39] game src/main.rs:140:32 Window: Moved(616, 381)
DEBUG [2022-11-06][07:58:39] game src/main.rs:140:32 Window: Moved(616, 401)
DEBUG [2022-11-06][07:58:39] game src/main.rs:140:32 Window: Moved(616, 417)
DEBUG [2022-11-06][07:58:39] game src/main.rs:140:32 Window: Moved(616, 436)
DEBUG [2022-11-06][07:58:39] game src/main.rs:140:32 Window: Moved(616, 442)
DEBUG [2022-11-06][07:58:39] game src/main.rs:140:32 Window: Moved(616, 444)
DEBUG [2022-11-06][07:58:39] game src/main.rs:140:32 Window: Moved(616, 446)
DEBUG [2022-11-06][07:58:39] game src/main.rs:140:32 Window: Moved(616, 449)
DEBUG [2022-11-06][07:58:39] game src/main.rs:140:32 Window: Moved(609, 453)
DEBUG [2022-11-06][07:58:39] game src/main.rs:140:32 Window: Moved(602, 456)
DEBUG [2022-11-06][07:58:39] game src/main.rs:140:32 Window: Moved(575, 459)
DEBUG [2022-11-06][07:58:39] game src/main.rs:140:32 Window: Moved(541, 461)
DEBUG [2022-11-06][07:58:39] game src/main.rs:140:32 Window: Moved(514, 461)
DEBUG [2022-11-06][07:58:39] game src/main.rs:140:32 Window: Moved(512, 460)
DEBUG [2022-11-06][07:58:39] game src/main.rs:140:32 Window: Moved(512, 456)
DEBUG [2022-11-06][07:58:39] game src/main.rs:140:32 Window: Moved(493, 449)
DEBUG [2022-11-06][07:58:40] game src/main.rs:140:32 Window: Moved(481, 440)
DEBUG [2022-11-06][07:58:40] game src/main.rs:140:32 Window: Moved(470, 429)
DEBUG [2022-11-06][07:58:40] game src/main.rs:140:32 Window: Moved(460, 421)
DEBUG [2022-11-06][07:58:40] game src/main.rs:140:32 Window: Moved(448, 411)
DEBUG [2022-11-06][07:58:40] game src/main.rs:140:32 Window: Moved(435, 400)
DEBUG [2022-11-06][07:58:40] game src/main.rs:140:32 Window: Moved(421, 388)
DEBUG [2022-11-06][07:58:40] game src/main.rs:140:32 Window: Moved(405, 378)
DEBUG [2022-11-06][07:58:40] game src/main.rs:140:32 Window: Moved(393, 368)
DEBUG [2022-11-06][07:58:40] game src/main.rs:140:32 Window: Moved(389, 365)
DEBUG [2022-11-06][07:58:40] game src/main.rs:140:32 Window: Moved(386, 363)
DEBUG [2022-11-06][07:58:40] game src/main.rs:140:32 Window: Moved(385, 362)
DEBUG [2022-11-06][07:58:40] game src/main.rs:140:32 Window: Moved(382, 353)
DEBUG [2022-11-06][07:58:40] game src/main.rs:140:32 Window: Moved(382, 344)
DEBUG [2022-11-06][07:58:40] game src/main.rs:140:32 Window: Moved(382, 334)
DEBUG [2022-11-06][07:58:40] game src/main.rs:140:32 Window: Moved(382, 322)
DEBUG [2022-11-06][07:58:40] game src/main.rs:140:32 Window: Moved(383, 311)
DEBUG [2022-11-06][07:58:40] game src/main.rs:140:32 Window: Moved(390, 296)
DEBUG [2022-11-06][07:58:40] game src/main.rs:140:32 Window: Moved(394, 288)
DEBUG [2022-11-06][07:58:40] game src/main.rs:140:32 Window: Moved(399, 272)
DEBUG [2022-11-06][07:58:40] game src/main.rs:140:32 Window: Moved(400, 263)
DEBUG [2022-11-06][07:58:40] game src/main.rs:140:32 Window: Moved(402, 258)
DEBUG [2022-11-06][07:58:41] game src/main.rs:140:32 Window: FocusLost
DEBUG [2022-11-06][07:58:41] game src/main.rs:140:32 Window: Enter
DEBUG [2022-11-06][07:58:42] game src/main.rs:140:32 Window: Leave
DEBUG [2022-11-06][07:58:42] game src/main.rs:140:32 Window: FocusGained
DEBUG [2022-11-06][07:58:42] game src/main.rs:140:32 Window: TakeFocus
DEBUG [2022-11-06][07:58:42] game src/main.rs:140:32 Window: TakeFocus
DEBUG [2022-11-06][07:58:42] game src/main.rs:140:32 Window: Moved(403, 258)
DEBUG [2022-11-06][07:58:42] game src/main.rs:140:32 Window: Moved(406, 257)
DEBUG [2022-11-06][07:58:42] game src/main.rs:140:32 Window: Moved(411, 257)
DEBUG [2022-11-06][07:58:42] game src/main.rs:140:32 Window: Moved(417, 254)
DEBUG [2022-11-06][07:58:42] game src/main.rs:140:32 Window: Moved(420, 253)
DEBUG [2022-11-06][07:58:42] game src/main.rs:140:32 Window: Moved(422, 252)
DEBUG [2022-11-06][07:58:42] game src/main.rs:140:32 Window: Moved(426, 249)
DEBUG [2022-11-06][07:58:42] game src/main.rs:140:32 Window: Moved(427, 248)
DEBUG [2022-11-06][07:58:42] game src/main.rs:140:32 Window: Moved(428, 246)
DEBUG [2022-11-06][07:58:42] game src/main.rs:140:32 Window: Moved(429, 244)
DEBUG [2022-11-06][07:58:42] game src/main.rs:140:32 Window: Moved(432, 240)
DEBUG [2022-11-06][07:58:42] game src/main.rs:140:32 Window: Moved(433, 239)
DEBUG [2022-11-06][07:58:42] game src/main.rs:140:32 Window: Moved(436, 234)
DEBUG [2022-11-06][07:58:42] game src/main.rs:140:32 Window: Moved(441, 224)
DEBUG [2022-11-06][07:58:42] game src/main.rs:140:32 Window: Moved(442, 220)
DEBUG [2022-11-06][07:58:42] game src/main.rs:140:32 Window: Moved(443, 219)
DEBUG [2022-11-06][07:58:42] game src/main.rs:140:32 Window: Moved(444, 218)
DEBUG [2022-11-06][07:58:43] game src/main.rs:140:32 Window: Moved(451, 218)
DEBUG [2022-11-06][07:58:43] game src/main.rs:140:32 Window: Moved(475, 223)
DEBUG [2022-11-06][07:58:43] game src/main.rs:140:32 Window: Moved(504, 230)
DEBUG [2022-11-06][07:58:43] game src/main.rs:140:32 Window: Moved(512, 242)
DEBUG [2022-11-06][07:58:43] game src/main.rs:140:32 Window: Moved(556, 256)
DEBUG [2022-11-06][07:58:43] game src/main.rs:140:32 Window: Moved(595, 283)
DEBUG [2022-11-06][07:58:43] game src/main.rs:140:32 Window: Moved(599, 288)
DEBUG [2022-11-06][07:58:43] game src/main.rs:140:32 Window: Moved(601, 288)
DEBUG [2022-11-06][07:58:43] game src/main.rs:140:32 Window: Moved(602, 288)
DEBUG [2022-11-06][07:58:43] game src/main.rs:140:32 Window: Moved(593, 288)
DEBUG [2022-11-06][07:58:43] game src/main.rs:140:32 Window: Moved(575, 288)
DEBUG [2022-11-06][07:58:43] game src/main.rs:140:32 Window: Moved(558, 264)
DEBUG [2022-11-06][07:58:43] game src/main.rs:140:32 Window: Moved(536, 248)
DEBUG [2022-11-06][07:58:43] game src/main.rs:140:32 Window: Moved(519, 234)
DEBUG [2022-11-06][07:58:43] game src/main.rs:140:32 Window: Moved(512, 225)
DEBUG [2022-11-06][07:58:43] game src/main.rs:140:32 Window: Moved(494, 221)
DEBUG [2022-11-06][07:58:43] game src/main.rs:140:32 Window: Moved(487, 219)
DEBUG [2022-11-06][07:58:43] game src/main.rs:140:32 Window: Moved(481, 217)
DEBUG [2022-11-06][07:58:43] game src/main.rs:140:32 Window: Moved(474, 215)
DEBUG [2022-11-06][07:58:43] game src/main.rs:140:32 Window: Moved(467, 214)
DEBUG [2022-11-06][07:58:43] game src/main.rs:140:32 Window: Moved(458, 214)
DEBUG [2022-11-06][07:58:43] game src/main.rs:140:32 Window: Moved(455, 214)
DEBUG [2022-11-06][07:58:43] game src/main.rs:140:32 Window: Moved(451, 214)
DEBUG [2022-11-06][07:58:43] game src/main.rs:140:32 Window: Moved(448, 215)
DEBUG [2022-11-06][07:58:43] game src/main.rs:140:32 Window: Moved(447, 215)
DEBUG [2022-11-06][07:58:43] game src/main.rs:140:32 Window: Moved(442, 215)
DEBUG [2022-11-06][07:58:43] game src/main.rs:140:32 Window: Moved(438, 215)
DEBUG [2022-11-06][07:58:43] game src/main.rs:140:32 Window: Moved(435, 215)
DEBUG [2022-11-06][07:58:43] game src/main.rs:140:32 Window: Moved(430, 215)
DEBUG [2022-11-06][07:58:43] game src/main.rs:140:32 Window: Moved(425, 215)
DEBUG [2022-11-06][07:58:43] game src/main.rs:140:32 Window: Moved(421, 215)
DEBUG [2022-11-06][07:58:43] game src/main.rs:140:32 Window: Moved(399, 215)
DEBUG [2022-11-06][07:58:43] game src/main.rs:140:32 Window: Moved(387, 211)
DEBUG [2022-11-06][07:58:43] game src/main.rs:140:32 Window: Moved(380, 210)
DEBUG [2022-11-06][07:58:44] game src/main.rs:140:32 Window: Moved(372, 207)
DEBUG [2022-11-06][07:58:44] game src/main.rs:140:32 Window: Enter
DEBUG [2022-11-06][07:58:44] game src/main.rs:140:32 Window: Leave
DEBUG [2022-11-06][07:58:44] game src/main.rs:140:32 Window: Close
