ERROR [2022-11-06][11:25:51] game src/main.rs:66:17 Cannot create vertex shader: 0:25(47): error: `projectedVert' undeclared
0:25(47): error: type mismatch
0:25(23): error: operands to arithmetic operators must be numeric
0:26(16): warning: `projectedVert' used uninitialized
0:26(2): error: value of type vec3 cannot be assigned to variable of type vec4

ERROR [2022-11-06][11:25:51] game src/main.rs:89:9 Cannot link program: error: linking with uncompiled/unspecialized shader
INFO [2022-11-06][11:25:51] game src/main.rs:268:9 angle=90 camera_z=-5
INFO [2022-11-06][11:25:51] game src/main.rs:268:9 angle=90 camera_z=-5
INFO [2022-11-06][11:25:51] game src/main.rs:268:9 angle=90 camera_z=-5
INFO [2022-11-06][11:25:51] game src/main.rs:268:9 angle=90 camera_z=-5
INFO [2022-11-06][11:25:51] game src/main.rs:268:9 angle=90 camera_z=-5
INFO [2022-11-06][11:25:51] game src/main.rs:268:9 angle=90 camera_z=-5
INFO [2022-11-06][11:25:51] game src/main.rs:268:9 angle=90 camera_z=-5
INFO [2022-11-06][11:25:51] game src/main.rs:268:9 angle=90 camera_z=-5
INFO [2022-11-06][11:25:51] game src/main.rs:268:9 angle=90 camera_z=-5
INFO [2022-11-06][11:25:51] game src/main.rs:268:9 angle=90 camera_z=-5
INFO [2022-11-06][11:25:51] game src/main.rs:268:9 angle=90 camera_z=-5
INFO [2022-11-06][11:25:52] game src/main.rs:268:9 angle=90 camera_z=-5
INFO [2022-11-06][11:25:52] game src/main.rs:268:9 angle=90 camera_z=-5
INFO [2022-11-06][11:25:52] game src/main.rs:268:9 angle=90 camera_z=-5
INFO [2022-11-06][11:25:52] game src/main.rs:268:9 angle=90 camera_z=-5
INFO [2022-11-06][11:25:52] game src/main.rs:268:9 angle=90 camera_z=-5
INFO [2022-11-06][11:25:52] game src/main.rs:268:9 angle=90 camera_z=-5
INFO [2022-11-06][11:25:52] game src/main.rs:268:9 angle=90 camera_z=-5
INFO [2022-11-06][11:25:52] game src/main.rs:268:9 angle=90 camera_z=-5
INFO [2022-11-06][11:25:52] game src/main.rs:268:9 angle=90 camera_z=-5
INFO [2022-11-06][11:25:52] game src/main.rs:268:9 angle=90 camera_z=-5
INFO [2022-11-06][11:25:52] game src/main.rs:268:9 angle=90 camera_z=-5
INFO [2022-11-06][11:25:52] game src/main.rs:268:9 angle=90 camera_z=-5
INFO [2022-11-06][11:25:52] game src/main.rs:268:9 angle=90 camera_z=-5
INFO [2022-11-06][11:25:52] game src/main.rs:268:9 angle=90 camera_z=-5
INFO [2022-11-06][11:25:52] game src/main.rs:268:9 angle=90 camera_z=-5
INFO [2022-11-06][11:25:52] game src/main.rs:268:9 angle=90 camera_z=-5
INFO [2022-11-06][11:25:52] game src/main.rs:268:9 angle=90 camera_z=-5
INFO [2022-11-06][11:25:52] game src/main.rs:268:9 angle=90 camera_z=-5
INFO [2022-11-06][11:25:52] game src/main.rs:268:9 angle=90 camera_z=-5
INFO [2022-11-06][11:25:52] game src/main.rs:268:9 angle=90 camera_z=-5
INFO [2022-11-06][11:25:52] game src/main.rs:268:9 angle=90 camera_z=-5
INFO [2022-11-06][11:25:52] game src/main.rs:268:9 angle=90 camera_z=-5
INFO [2022-11-06][11:25:52] game src/main.rs:268:9 angle=90 camera_z=-5
INFO [2022-11-06][11:25:52] game src/main.rs:268:9 angle=90 camera_z=-5
INFO [2022-11-06][11:25:52] game src/main.rs:268:9 angle=90 camera_z=-5
INFO [2022-11-06][11:25:52] game src/main.rs:268:9 angle=90 camera_z=-5
INFO [2022-11-06][11:25:52] game src/main.rs:268:9 angle=90 camera_z=-5
INFO [2022-11-06][11:25:52] game src/main.rs:268:9 angle=90 camera_z=-5
INFO [2022-11-06][11:25:52] game src/main.rs:268:9 angle=90 camera_z=-5
INFO [2022-11-06][11:25:52] game src/main.rs:268:9 angle=90 camera_z=-5
INFO [2022-11-06][11:25:52] game src/main.rs:268:9 angle=90 camera_z=-5
INFO [2022-11-06][11:25:52] game src/main.rs:268:9 angle=90 camera_z=-5
INFO [2022-11-06][11:25:52] game src/main.rs:268:9 angle=90 camera_z=-5
INFO [2022-11-06][11:25:52] game src/main.rs:268:9 angle=89 camera_z=-5
INFO [2022-11-06][11:25:52] game src/main.rs:268:9 angle=89 camera_z=-5
INFO [2022-11-06][11:25:52] game src/main.rs:268:9 angle=89 camera_z=-5
INFO [2022-11-06][11:25:52] game src/main.rs:268:9 angle=89 camera_z=-5
INFO [2022-11-06][11:25:52] game src/main.rs:268:9 angle=89 camera_z=-5
INFO [2022-11-06][11:25:52] game src/main.rs:268:9 angle=89 camera_z=-5
INFO [2022-11-06][11:25:52] game src/main.rs:268:9 angle=89 camera_z=-5
INFO [2022-11-06][11:25:52] game src/main.rs:268:9 angle=89 camera_z=-5
INFO [2022-11-06][11:25:52] game src/main.rs:268:9 angle=89 camera_z=-5
INFO [2022-11-06][11:25:52] game src/main.rs:268:9 angle=89 camera_z=-5
INFO [2022-11-06][11:25:52] game src/main.rs:268:9 angle=89 camera_z=-5
INFO [2022-11-06][11:25:52] game src/main.rs:268:9 angle=89 camera_z=-5
INFO [2022-11-06][11:25:52] game src/main.rs:268:9 angle=89 camera_z=-5
INFO [2022-11-06][11:25:52] game src/main.rs:268:9 angle=89 camera_z=-5
INFO [2022-11-06][11:25:52] game src/main.rs:268:9 angle=89 camera_z=-5
INFO [2022-11-06][11:25:52] game src/main.rs:268:9 angle=89 camera_z=-5
INFO [2022-11-06][11:25:52] game src/main.rs:268:9 angle=89 camera_z=-5
INFO [2022-11-06][11:25:52] game src/main.rs:268:9 angle=89 camera_z=-5
INFO [2022-11-06][11:25:52] game src/main.rs:268:9 angle=89 camera_z=-5
INFO [2022-11-06][11:25:52] game src/main.rs:268:9 angle=90 camera_z=-5
INFO [2022-11-06][11:25:52] game src/main.rs:268:9 angle=90 camera_z=-5
INFO [2022-11-06][11:25:52] game src/main.rs:268:9 angle=90 camera_z=-5
INFO [2022-11-06][11:25:52] game src/main.rs:268:9 angle=90 camera_z=-5
INFO [2022-11-06][11:25:52] game src/main.rs:268:9 angle=90 camera_z=-5
INFO [2022-11-06][11:25:52] game src/main.rs:268:9 angle=90 camera_z=-5
INFO [2022-11-06][11:25:52] game src/main.rs:268:9 angle=90 camera_z=-5
INFO [2022-11-06][11:25:52] game src/main.rs:268:9 angle=90 camera_z=-5
INFO [2022-11-06][11:25:53] game src/main.rs:268:9 angle=90 camera_z=-5
INFO [2022-11-06][11:25:53] game src/main.rs:268:9 angle=90 camera_z=-5
INFO [2022-11-06][11:25:53] game src/main.rs:268:9 angle=90 camera_z=-5
INFO [2022-11-06][11:25:53] game src/main.rs:268:9 angle=90 camera_z=-5
INFO [2022-11-06][11:25:53] game src/main.rs:268:9 angle=90 camera_z=-5
INFO [2022-11-06][11:25:53] game src/main.rs:268:9 angle=90 camera_z=-5
INFO [2022-11-06][11:25:53] game src/main.rs:268:9 angle=90 camera_z=-5
INFO [2022-11-06][11:25:53] game src/main.rs:268:9 angle=90 camera_z=-5
INFO [2022-11-06][11:25:53] game src/main.rs:268:9 angle=90 camera_z=-5
INFO [2022-11-06][11:25:53] game src/main.rs:268:9 angle=90 camera_z=-5
INFO [2022-11-06][11:25:53] game src/main.rs:268:9 angle=90 camera_z=-5
INFO [2022-11-06][11:25:53] game src/main.rs:268:9 angle=90 camera_z=-5
INFO [2022-11-06][11:25:53] game src/main.rs:268:9 angle=90 camera_z=-5
INFO [2022-11-06][11:25:53] game src/main.rs:268:9 angle=90 camera_z=-5
INFO [2022-11-06][11:25:53] game src/main.rs:268:9 angle=90 camera_z=-5
INFO [2022-11-06][11:25:53] game src/main.rs:268:9 angle=90 camera_z=-5
INFO [2022-11-06][11:25:53] game src/main.rs:268:9 angle=90 camera_z=-5
INFO [2022-11-06][11:25:53] game src/main.rs:268:9 angle=90 camera_z=-5
INFO [2022-11-06][11:25:53] game src/main.rs:268:9 angle=90 camera_z=-5
INFO [2022-11-06][11:25:53] game src/main.rs:268:9 angle=90 camera_z=-5
INFO [2022-11-06][11:25:53] game src/main.rs:268:9 angle=90 camera_z=-5
INFO [2022-11-06][11:25:53] game src/main.rs:268:9 angle=90 camera_z=-5
INFO [2022-11-06][11:25:53] game src/main.rs:268:9 angle=91 camera_z=-5
INFO [2022-11-06][11:25:53] game src/main.rs:268:9 angle=91 camera_z=-5
INFO [2022-11-06][11:25:53] game src/main.rs:268:9 angle=92 camera_z=-5
INFO [2022-11-06][11:25:53] game src/main.rs:268:9 angle=92 camera_z=-5
INFO [2022-11-06][11:25:53] game src/main.rs:268:9 angle=93 camera_z=-5
INFO [2022-11-06][11:25:53] game src/main.rs:268:9 angle=94 camera_z=-5
INFO [2022-11-06][11:25:53] game src/main.rs:268:9 angle=94 camera_z=-5
INFO [2022-11-06][11:25:53] game src/main.rs:268:9 angle=95 camera_z=-5
INFO [2022-11-06][11:25:53] game src/main.rs:268:9 angle=95 camera_z=-5
INFO [2022-11-06][11:25:53] game src/main.rs:268:9 angle=96 camera_z=-5
INFO [2022-11-06][11:25:53] game src/main.rs:268:9 angle=96 camera_z=-5
INFO [2022-11-06][11:25:53] game src/main.rs:268:9 angle=97 camera_z=-5
INFO [2022-11-06][11:25:53] game src/main.rs:268:9 angle=97 camera_z=-5
INFO [2022-11-06][11:25:53] game src/main.rs:268:9 angle=98 camera_z=-5
INFO [2022-11-06][11:25:53] game src/main.rs:268:9 angle=99 camera_z=-5
INFO [2022-11-06][11:25:53] game src/main.rs:268:9 angle=99 camera_z=-5
INFO [2022-11-06][11:25:53] game src/main.rs:268:9 angle=100 camera_z=-5
INFO [2022-11-06][11:25:53] game src/main.rs:268:9 angle=100 camera_z=-5
INFO [2022-11-06][11:25:53] game src/main.rs:268:9 angle=101 camera_z=-5
INFO [2022-11-06][11:25:53] game src/main.rs:268:9 angle=101 camera_z=-5
INFO [2022-11-06][11:25:53] game src/main.rs:268:9 angle=102 camera_z=-5
INFO [2022-11-06][11:25:53] game src/main.rs:268:9 angle=102 camera_z=-5
INFO [2022-11-06][11:25:53] game src/main.rs:268:9 angle=103 camera_z=-5
INFO [2022-11-06][11:25:53] game src/main.rs:268:9 angle=104 camera_z=-5
INFO [2022-11-06][11:25:53] game src/main.rs:268:9 angle=104 camera_z=-5
INFO [2022-11-06][11:25:53] game src/main.rs:268:9 angle=105 camera_z=-5
INFO [2022-11-06][11:25:53] game src/main.rs:268:9 angle=105 camera_z=-5
INFO [2022-11-06][11:25:53] game src/main.rs:268:9 angle=106 camera_z=-5
INFO [2022-11-06][11:25:53] game src/main.rs:268:9 angle=106 camera_z=-5
INFO [2022-11-06][11:25:53] game src/main.rs:268:9 angle=107 camera_z=-5
INFO [2022-11-06][11:25:53] game src/main.rs:268:9 angle=107 camera_z=-5
INFO [2022-11-06][11:25:53] game src/main.rs:268:9 angle=108 camera_z=-5
INFO [2022-11-06][11:25:53] game src/main.rs:268:9 angle=108 camera_z=-5
INFO [2022-11-06][11:25:53] game src/main.rs:268:9 angle=109 camera_z=-5
INFO [2022-11-06][11:25:53] game src/main.rs:268:9 angle=110 camera_z=-5
INFO [2022-11-06][11:25:53] game src/main.rs:268:9 angle=110 camera_z=-5
INFO [2022-11-06][11:25:53] game src/main.rs:268:9 angle=111 camera_z=-5
INFO [2022-11-06][11:25:53] game src/main.rs:268:9 angle=111 camera_z=-5
INFO [2022-11-06][11:25:54] game src/main.rs:268:9 angle=112 camera_z=-5
INFO [2022-11-06][11:25:54] game src/main.rs:268:9 angle=112 camera_z=-5
INFO [2022-11-06][11:25:54] game src/main.rs:268:9 angle=113 camera_z=-5
INFO [2022-11-06][11:25:54] game src/main.rs:268:9 angle=113 camera_z=-5
INFO [2022-11-06][11:25:54] game src/main.rs:268:9 angle=114 camera_z=-5
INFO [2022-11-06][11:25:54] game src/main.rs:268:9 angle=115 camera_z=-5
INFO [2022-11-06][11:25:54] game src/main.rs:268:9 angle=115 camera_z=-5
INFO [2022-11-06][11:25:54] game src/main.rs:268:9 angle=116 camera_z=-5
INFO [2022-11-06][11:25:54] game src/main.rs:268:9 angle=116 camera_z=-5
INFO [2022-11-06][11:25:54] game src/main.rs:268:9 angle=117 camera_z=-5
INFO [2022-11-06][11:25:54] game src/main.rs:268:9 angle=117 camera_z=-5
INFO [2022-11-06][11:25:54] game src/main.rs:268:9 angle=118 camera_z=-5
INFO [2022-11-06][11:25:54] game src/main.rs:268:9 angle=118 camera_z=-5
INFO [2022-11-06][11:25:54] game src/main.rs:268:9 angle=119 camera_z=-5
INFO [2022-11-06][11:25:54] game src/main.rs:268:9 angle=119 camera_z=-5
INFO [2022-11-06][11:25:54] game src/main.rs:268:9 angle=120 camera_z=-5
INFO [2022-11-06][11:25:54] game src/main.rs:268:9 angle=121 camera_z=-5
INFO [2022-11-06][11:25:54] game src/main.rs:268:9 angle=121 camera_z=-5
INFO [2022-11-06][11:25:54] game src/main.rs:268:9 angle=122 camera_z=-5
INFO [2022-11-06][11:25:54] game src/main.rs:268:9 angle=122 camera_z=-5
INFO [2022-11-06][11:25:54] game src/main.rs:268:9 angle=123 camera_z=-5
INFO [2022-11-06][11:25:54] game src/main.rs:268:9 angle=123 camera_z=-5
INFO [2022-11-06][11:25:54] game src/main.rs:268:9 angle=124 camera_z=-5
INFO [2022-11-06][11:25:54] game src/main.rs:268:9 angle=124 camera_z=-5
INFO [2022-11-06][11:25:54] game src/main.rs:268:9 angle=125 camera_z=-5
INFO [2022-11-06][11:25:54] game src/main.rs:268:9 angle=125 camera_z=-4
INFO [2022-11-06][11:25:54] game src/main.rs:268:9 angle=125 camera_z=-4
INFO [2022-11-06][11:25:54] game src/main.rs:268:9 angle=125 camera_z=-4
INFO [2022-11-06][11:25:54] game src/main.rs:268:9 angle=125 camera_z=-4
INFO [2022-11-06][11:25:54] game src/main.rs:268:9 angle=125 camera_z=-4
INFO [2022-11-06][11:25:54] game src/main.rs:268:9 angle=125 camera_z=-4
INFO [2022-11-06][11:25:54] game src/main.rs:268:9 angle=125 camera_z=-4
INFO [2022-11-06][11:25:54] game src/main.rs:268:9 angle=125 camera_z=-4
INFO [2022-11-06][11:25:54] game src/main.rs:268:9 angle=125 camera_z=-4
INFO [2022-11-06][11:25:54] game src/main.rs:268:9 angle=125 camera_z=-4
INFO [2022-11-06][11:25:54] game src/main.rs:268:9 angle=125 camera_z=-4
INFO [2022-11-06][11:25:54] game src/main.rs:268:9 angle=125 camera_z=-4
INFO [2022-11-06][11:25:54] game src/main.rs:268:9 angle=125 camera_z=-4
INFO [2022-11-06][11:25:54] game src/main.rs:268:9 angle=125 camera_z=-4
INFO [2022-11-06][11:25:54] game src/main.rs:268:9 angle=125 camera_z=-4
INFO [2022-11-06][11:25:54] game src/main.rs:268:9 angle=125 camera_z=-4
INFO [2022-11-06][11:25:54] game src/main.rs:268:9 angle=125 camera_z=-4
INFO [2022-11-06][11:25:54] game src/main.rs:268:9 angle=125 camera_z=-4
INFO [2022-11-06][11:25:54] game src/main.rs:268:9 angle=125 camera_z=-4
INFO [2022-11-06][11:25:54] game src/main.rs:268:9 angle=125 camera_z=-4
INFO [2022-11-06][11:25:54] game src/main.rs:268:9 angle=125 camera_z=-4
INFO [2022-11-06][11:25:54] game src/main.rs:268:9 angle=125 camera_z=-4
INFO [2022-11-06][11:25:54] game src/main.rs:268:9 angle=125 camera_z=-4
INFO [2022-11-06][11:25:54] game src/main.rs:268:9 angle=125 camera_z=-4
INFO [2022-11-06][11:25:54] game src/main.rs:268:9 angle=125 camera_z=-4
INFO [2022-11-06][11:25:54] game src/main.rs:268:9 angle=125 camera_z=-4
INFO [2022-11-06][11:25:54] game src/main.rs:268:9 angle=125 camera_z=-4
INFO [2022-11-06][11:25:54] game src/main.rs:268:9 angle=125 camera_z=-4
INFO [2022-11-06][11:25:54] game src/main.rs:268:9 angle=125 camera_z=-4
INFO [2022-11-06][11:25:54] game src/main.rs:268:9 angle=125 camera_z=-4
INFO [2022-11-06][11:25:54] game src/main.rs:268:9 angle=125 camera_z=-3
INFO [2022-11-06][11:25:54] game src/main.rs:268:9 angle=125 camera_z=-2
INFO [2022-11-06][11:25:54] game src/main.rs:268:9 angle=125 camera_z=-2
INFO [2022-11-06][11:25:54] game src/main.rs:268:9 angle=125 camera_z=-1
INFO [2022-11-06][11:25:55] game src/main.rs:268:9 angle=125 camera_z=-1
INFO [2022-11-06][11:25:55] game src/main.rs:268:9 angle=125 camera_z=0
INFO [2022-11-06][11:25:55] game src/main.rs:268:9 angle=125 camera_z=0
INFO [2022-11-06][11:25:55] game src/main.rs:268:9 angle=125 camera_z=1
INFO [2022-11-06][11:25:55] game src/main.rs:268:9 angle=125 camera_z=1
INFO [2022-11-06][11:25:55] game src/main.rs:268:9 angle=125 camera_z=2
INFO [2022-11-06][11:25:55] game src/main.rs:268:9 angle=125 camera_z=2
INFO [2022-11-06][11:25:55] game src/main.rs:268:9 angle=125 camera_z=3
INFO [2022-11-06][11:25:55] game src/main.rs:268:9 angle=125 camera_z=4
INFO [2022-11-06][11:25:55] game src/main.rs:268:9 angle=125 camera_z=4
INFO [2022-11-06][11:25:55] game src/main.rs:268:9 angle=125 camera_z=5
INFO [2022-11-06][11:25:55] game src/main.rs:268:9 angle=125 camera_z=5
INFO [2022-11-06][11:25:55] game src/main.rs:268:9 angle=125 camera_z=6
INFO [2022-11-06][11:25:55] game src/main.rs:268:9 angle=125 camera_z=6
INFO [2022-11-06][11:25:55] game src/main.rs:268:9 angle=125 camera_z=7
INFO [2022-11-06][11:25:55] game src/main.rs:268:9 angle=125 camera_z=7
INFO [2022-11-06][11:25:55] game src/main.rs:268:9 angle=125 camera_z=8
INFO [2022-11-06][11:25:55] game src/main.rs:268:9 angle=125 camera_z=8
INFO [2022-11-06][11:25:55] game src/main.rs:268:9 angle=125 camera_z=8
INFO [2022-11-06][11:25:55] game src/main.rs:268:9 angle=125 camera_z=8
INFO [2022-11-06][11:25:55] game src/main.rs:268:9 angle=125 camera_z=8
INFO [2022-11-06][11:25:55] game src/main.rs:268:9 angle=125 camera_z=8
INFO [2022-11-06][11:25:55] game src/main.rs:268:9 angle=125 camera_z=8
INFO [2022-11-06][11:25:55] game src/main.rs:268:9 angle=125 camera_z=7
INFO [2022-11-06][11:25:55] game src/main.rs:268:9 angle=125 camera_z=7
INFO [2022-11-06][11:25:55] game src/main.rs:268:9 angle=125 camera_z=7
INFO [2022-11-06][11:25:55] game src/main.rs:268:9 angle=125 camera_z=7
INFO [2022-11-06][11:25:55] game src/main.rs:268:9 angle=125 camera_z=7
INFO [2022-11-06][11:25:55] game src/main.rs:268:9 angle=125 camera_z=7
INFO [2022-11-06][11:25:55] game src/main.rs:268:9 angle=125 camera_z=7
INFO [2022-11-06][11:25:55] game src/main.rs:268:9 angle=125 camera_z=7
INFO [2022-11-06][11:25:55] game src/main.rs:268:9 angle=125 camera_z=7
INFO [2022-11-06][11:25:55] game src/main.rs:268:9 angle=125 camera_z=7
INFO [2022-11-06][11:25:55] game src/main.rs:268:9 angle=125 camera_z=7
INFO [2022-11-06][11:25:55] game src/main.rs:268:9 angle=125 camera_z=7
INFO [2022-11-06][11:25:55] game src/main.rs:268:9 angle=125 camera_z=7
INFO [2022-11-06][11:25:55] game src/main.rs:268:9 angle=125 camera_z=7
INFO [2022-11-06][11:25:55] game src/main.rs:268:9 angle=125 camera_z=7
INFO [2022-11-06][11:25:55] game src/main.rs:268:9 angle=125 camera_z=7
INFO [2022-11-06][11:25:55] game src/main.rs:268:9 angle=125 camera_z=7
INFO [2022-11-06][11:25:55] game src/main.rs:268:9 angle=125 camera_z=7
INFO [2022-11-06][11:25:55] game src/main.rs:268:9 angle=125 camera_z=7
INFO [2022-11-06][11:25:55] game src/main.rs:268:9 angle=125 camera_z=7
INFO [2022-11-06][11:25:55] game src/main.rs:268:9 angle=125 camera_z=7
INFO [2022-11-06][11:25:55] game src/main.rs:268:9 angle=125 camera_z=7
INFO [2022-11-06][11:25:55] game src/main.rs:268:9 angle=125 camera_z=7
INFO [2022-11-06][11:25:55] game src/main.rs:268:9 angle=125 camera_z=7
INFO [2022-11-06][11:25:55] game src/main.rs:268:9 angle=125 camera_z=7
INFO [2022-11-06][11:25:55] game src/main.rs:268:9 angle=125 camera_z=7
INFO [2022-11-06][11:25:55] game src/main.rs:268:9 angle=125 camera_z=7
INFO [2022-11-06][11:25:55] game src/main.rs:268:9 angle=125 camera_z=7
INFO [2022-11-06][11:25:55] game src/main.rs:268:9 angle=125 camera_z=7
INFO [2022-11-06][11:25:55] game src/main.rs:268:9 angle=125 camera_z=7
INFO [2022-11-06][11:25:55] game src/main.rs:268:9 angle=125 camera_z=6
INFO [2022-11-06][11:25:55] game src/main.rs:268:9 angle=125 camera_z=6
INFO [2022-11-06][11:25:55] game src/main.rs:268:9 angle=125 camera_z=5
INFO [2022-11-06][11:25:55] game src/main.rs:268:9 angle=125 camera_z=5
INFO [2022-11-06][11:25:55] game src/main.rs:268:9 angle=125 camera_z=4
INFO [2022-11-06][11:25:55] game src/main.rs:268:9 angle=125 camera_z=3
