INFO [2022-11-06][06:48:09] game src/main.rs:164:32 Window: Shown
INFO [2022-11-06][06:48:09] game src/main.rs:164:32 Window: Moved(256, 172)
INFO [2022-11-06][06:48:09] game src/main.rs:164:32 Window: Exposed
INFO [2022-11-06][06:48:09] game src/main.rs:164:32 Window: Enter
INFO [2022-11-06][06:48:09] game src/main.rs:164:32 Window: FocusGained
INFO [2022-11-06][06:48:09] game src/main.rs:164:32 Window: TakeFocus
INFO [2022-11-06][06:48:10] game src/main.rs:164:32 Window: Leave
INFO [2022-11-06][06:48:11] game src/main.rs:164:32 Window: TakeFocus
INFO [2022-11-06][06:48:11] game src/main.rs:164:32 Window: TakeFocus
INFO [2022-11-06][06:48:11] game src/main.rs:164:32 Window: Moved(264, 172)
INFO [2022-11-06][06:48:11] game src/main.rs:164:32 Window: Moved(270, 172)
INFO [2022-11-06][06:48:11] game src/main.rs:164:32 Window: Moved(282, 172)
INFO [2022-11-06][06:48:11] game src/main.rs:164:32 Window: Moved(291, 172)
INFO [2022-11-06][06:48:11] game src/main.rs:164:32 Window: Moved(296, 172)
INFO [2022-11-06][06:48:11] game src/main.rs:164:32 Window: Moved(303, 172)
INFO [2022-11-06][06:48:11] game src/main.rs:164:32 Window: Moved(312, 172)
INFO [2022-11-06][06:48:11] game src/main.rs:164:32 Window: Moved(328, 172)
INFO [2022-11-06][06:48:11] game src/main.rs:164:32 Window: Moved(336, 172)
INFO [2022-11-06][06:48:11] game src/main.rs:164:32 Window: Moved(341, 172)
INFO [2022-11-06][06:48:11] game src/main.rs:164:32 Window: Moved(345, 172)
INFO [2022-11-06][06:48:11] game src/main.rs:164:32 Window: Moved(350, 172)
INFO [2022-11-06][06:48:11] game src/main.rs:164:32 Window: Moved(354, 173)
INFO [2022-11-06][06:48:11] game src/main.rs:164:32 Window: Moved(366, 176)
INFO [2022-11-06][06:48:11] game src/main.rs:164:32 Window: Moved(376, 179)
INFO [2022-11-06][06:48:11] game src/main.rs:164:32 Window: Moved(391, 181)
INFO [2022-11-06][06:48:11] game src/main.rs:164:32 Window: Moved(406, 184)
INFO [2022-11-06][06:48:11] game src/main.rs:164:32 Window: Moved(427, 185)
INFO [2022-11-06][06:48:11] game src/main.rs:164:32 Window: Moved(451, 189)
INFO [2022-11-06][06:48:11] game src/main.rs:164:32 Window: Moved(474, 190)
INFO [2022-11-06][06:48:11] game src/main.rs:164:32 Window: Moved(494, 190)
INFO [2022-11-06][06:48:11] game src/main.rs:164:32 Window: Moved(512, 195)
INFO [2022-11-06][06:48:11] game src/main.rs:164:32 Window: Moved(512, 196)
INFO [2022-11-06][06:48:11] game src/main.rs:164:32 Window: Moved(512, 197)
INFO [2022-11-06][06:48:11] game src/main.rs:164:32 Window: Moved(512, 200)
INFO [2022-11-06][06:48:11] game src/main.rs:164:32 Window: Moved(512, 205)
INFO [2022-11-06][06:48:11] game src/main.rs:164:32 Window: Moved(512, 211)
INFO [2022-11-06][06:48:11] game src/main.rs:164:32 Window: Moved(512, 216)
INFO [2022-11-06][06:48:11] game src/main.rs:164:32 Window: Moved(512, 222)
INFO [2022-11-06][06:48:11] game src/main.rs:164:32 Window: Moved(512, 228)
INFO [2022-11-06][06:48:11] game src/main.rs:164:32 Window: Moved(512, 234)
INFO [2022-11-06][06:48:11] game src/main.rs:164:32 Window: Moved(512, 242)
INFO [2022-11-06][06:48:11] game src/main.rs:164:32 Window: Moved(512, 249)
INFO [2022-11-06][06:48:11] game src/main.rs:164:32 Window: Moved(512, 258)
INFO [2022-11-06][06:48:11] game src/main.rs:164:32 Window: Moved(512, 274)
INFO [2022-11-06][06:48:11] game src/main.rs:164:32 Window: Moved(496, 280)
INFO [2022-11-06][06:48:11] game src/main.rs:164:32 Window: Moved(490, 285)
INFO [2022-11-06][06:48:11] game src/main.rs:164:32 Window: Moved(484, 288)
INFO [2022-11-06][06:48:11] game src/main.rs:164:32 Window: Moved(478, 288)
INFO [2022-11-06][06:48:11] game src/main.rs:164:32 Window: Moved(474, 288)
INFO [2022-11-06][06:48:11] game src/main.rs:164:32 Window: Moved(471, 288)
INFO [2022-11-06][06:48:11] game src/main.rs:164:32 Window: Moved(465, 321)
INFO [2022-11-06][06:48:11] game src/main.rs:164:32 Window: Moved(461, 326)
INFO [2022-11-06][06:48:11] game src/main.rs:164:32 Window: Moved(457, 330)
INFO [2022-11-06][06:48:12] game src/main.rs:164:32 Window: Moved(454, 333)
INFO [2022-11-06][06:48:12] game src/main.rs:164:32 Window: Moved(452, 335)
INFO [2022-11-06][06:48:12] game src/main.rs:164:32 Window: Moved(451, 336)
INFO [2022-11-06][06:48:12] game src/main.rs:164:32 Window: Moved(450, 337)
INFO [2022-11-06][06:48:13] game src/main.rs:164:32 Window: FocusLost
INFO [2022-11-06][06:48:17] game src/main.rs:164:32 Window: Enter
INFO [2022-11-06][06:48:17] game src/main.rs:164:32 Window: Leave
INFO [2022-11-06][06:48:17] game src/main.rs:164:32 Window: FocusGained
INFO [2022-11-06][06:48:17] game src/main.rs:164:32 Window: TakeFocus
INFO [2022-11-06][06:48:17] game src/main.rs:164:32 Window: TakeFocus
INFO [2022-11-06][06:48:17] game src/main.rs:164:32 Window: Moved(450, 336)
INFO [2022-11-06][06:48:17] game src/main.rs:164:32 Window: Moved(450, 332)
INFO [2022-11-06][06:48:17] game src/main.rs:164:32 Window: Moved(447, 314)
INFO [2022-11-06][06:48:17] game src/main.rs:164:32 Window: Moved(440, 288)
INFO [2022-11-06][06:48:17] game src/main.rs:164:32 Window: Moved(426, 239)
INFO [2022-11-06][06:48:17] game src/main.rs:164:32 Window: Moved(421, 220)
INFO [2022-11-06][06:48:17] game src/main.rs:164:32 Window: Moved(418, 204)
INFO [2022-11-06][06:48:17] game src/main.rs:164:32 Window: Moved(416, 193)
INFO [2022-11-06][06:48:17] game src/main.rs:164:32 Window: Moved(415, 185)
INFO [2022-11-06][06:48:17] game src/main.rs:164:32 Window: Moved(413, 174)
INFO [2022-11-06][06:48:17] game src/main.rs:164:32 Window: Moved(412, 170)
INFO [2022-11-06][06:48:17] game src/main.rs:164:32 Window: Moved(412, 168)
INFO [2022-11-06][06:48:17] game src/main.rs:164:32 Window: Moved(411, 160)
INFO [2022-11-06][06:48:17] game src/main.rs:164:32 Window: Moved(410, 155)
INFO [2022-11-06][06:48:17] game src/main.rs:164:32 Window: Moved(410, 149)
INFO [2022-11-06][06:48:17] game src/main.rs:164:32 Window: Moved(406, 141)
INFO [2022-11-06][06:48:18] game src/main.rs:164:32 Window: Moved(404, 135)
INFO [2022-11-06][06:48:18] game src/main.rs:164:32 Window: Moved(401, 130)
INFO [2022-11-06][06:48:18] game src/main.rs:164:32 Window: Moved(397, 126)
INFO [2022-11-06][06:48:18] game src/main.rs:164:32 Window: Moved(395, 125)
INFO [2022-11-06][06:48:18] game src/main.rs:164:32 Window: Moved(391, 123)
INFO [2022-11-06][06:48:18] game src/main.rs:164:32 Window: Moved(388, 123)
INFO [2022-11-06][06:48:18] game src/main.rs:164:32 Window: Moved(382, 123)
INFO [2022-11-06][06:48:18] game src/main.rs:164:32 Window: Moved(377, 123)
INFO [2022-11-06][06:48:18] game src/main.rs:164:32 Window: Moved(372, 124)
INFO [2022-11-06][06:48:18] game src/main.rs:164:32 Window: Moved(364, 128)
INFO [2022-11-06][06:48:18] game src/main.rs:164:32 Window: Moved(356, 131)
INFO [2022-11-06][06:48:18] game src/main.rs:164:32 Window: Moved(350, 135)
INFO [2022-11-06][06:48:18] game src/main.rs:164:32 Window: Moved(344, 138)
INFO [2022-11-06][06:48:18] game src/main.rs:164:32 Window: Moved(340, 140)
INFO [2022-11-06][06:48:18] game src/main.rs:164:32 Window: Moved(333, 144)
INFO [2022-11-06][06:48:18] game src/main.rs:164:32 Window: Moved(332, 145)
INFO [2022-11-06][06:48:18] game src/main.rs:164:32 Window: Moved(332, 148)
INFO [2022-11-06][06:48:18] game src/main.rs:164:32 Window: Moved(338, 154)
INFO [2022-11-06][06:48:18] game src/main.rs:164:32 Window: Moved(352, 156)
INFO [2022-11-06][06:48:18] game src/main.rs:164:32 Window: Moved(361, 156)
INFO [2022-11-06][06:48:18] game src/main.rs:164:32 Window: Moved(370, 153)
INFO [2022-11-06][06:48:18] game src/main.rs:164:32 Window: Moved(373, 143)
INFO [2022-11-06][06:48:18] game src/main.rs:164:32 Window: Moved(373, 139)
INFO [2022-11-06][06:48:18] game src/main.rs:164:32 Window: Moved(373, 137)
INFO [2022-11-06][06:48:18] game src/main.rs:164:32 Window: Moved(373, 135)
INFO [2022-11-06][06:48:18] game src/main.rs:164:32 Window: Enter
INFO [2022-11-06][06:48:19] game src/main.rs:164:32 Window: Leave
INFO [2022-11-06][06:48:20] game src/main.rs:164:32 Window: Enter
INFO [2022-11-06][06:48:20] game src/main.rs:164:32 Window: Leave
INFO [2022-11-06][06:48:21] game src/main.rs:164:32 Window: Enter
INFO [2022-11-06][06:48:21] game src/main.rs:164:32 Window: Leave
INFO [2022-11-06][06:48:23] game src/main.rs:164:32 Window: Enter
INFO [2022-11-06][06:48:24] game src/main.rs:164:32 Window: Leave
INFO [2022-11-06][06:48:24] game src/main.rs:164:32 Window: Enter
INFO [2022-11-06][06:48:25] game src/main.rs:164:32 Window: Leave
INFO [2022-11-06][06:48:25] game src/main.rs:164:32 Window: TakeFocus
INFO [2022-11-06][06:48:25] game src/main.rs:164:32 Window: TakeFocus
INFO [2022-11-06][06:48:26] game src/main.rs:162:29 Size changed to 854x479
INFO [2022-11-06][06:48:26] game src/main.rs:147:29 Resizing to 854x479
INFO [2022-11-06][06:48:26] game src/main.rs:164:32 Window: Exposed
INFO [2022-11-06][06:48:26] game src/main.rs:162:29 Size changed to 854x473
INFO [2022-11-06][06:48:26] game src/main.rs:147:29 Resizing to 854x473
INFO [2022-11-06][06:48:26] game src/main.rs:164:32 Window: Exposed
INFO [2022-11-06][06:48:26] game src/main.rs:162:29 Size changed to 854x469
INFO [2022-11-06][06:48:26] game src/main.rs:147:29 Resizing to 854x469
INFO [2022-11-06][06:48:26] game src/main.rs:164:32 Window: Exposed
INFO [2022-11-06][06:48:26] game src/main.rs:162:29 Size changed to 854x449
INFO [2022-11-06][06:48:26] game src/main.rs:147:29 Resizing to 854x449
INFO [2022-11-06][06:48:26] game src/main.rs:164:32 Window: Exposed
INFO [2022-11-06][06:48:26] game src/main.rs:162:29 Size changed to 854x445
INFO [2022-11-06][06:48:26] game src/main.rs:147:29 Resizing to 854x445
INFO [2022-11-06][06:48:26] game src/main.rs:164:32 Window: Exposed
INFO [2022-11-06][06:48:26] game src/main.rs:162:29 Size changed to 854x440
INFO [2022-11-06][06:48:26] game src/main.rs:147:29 Resizing to 854x440
INFO [2022-11-06][06:48:26] game src/main.rs:164:32 Window: Exposed
INFO [2022-11-06][06:48:26] game src/main.rs:162:29 Size changed to 854x438
INFO [2022-11-06][06:48:26] game src/main.rs:147:29 Resizing to 854x438
INFO [2022-11-06][06:48:26] game src/main.rs:164:32 Window: Exposed
INFO [2022-11-06][06:48:26] game src/main.rs:162:29 Size changed to 854x434
INFO [2022-11-06][06:48:26] game src/main.rs:147:29 Resizing to 854x434
INFO [2022-11-06][06:48:26] game src/main.rs:164:32 Window: Exposed
INFO [2022-11-06][06:48:26] game src/main.rs:162:29 Size changed to 854x432
INFO [2022-11-06][06:48:26] game src/main.rs:147:29 Resizing to 854x432
INFO [2022-11-06][06:48:26] game src/main.rs:164:32 Window: Exposed
INFO [2022-11-06][06:48:26] game src/main.rs:162:29 Size changed to 854x435
INFO [2022-11-06][06:48:26] game src/main.rs:147:29 Resizing to 854x435
INFO [2022-11-06][06:48:26] game src/main.rs:164:32 Window: Exposed
INFO [2022-11-06][06:48:26] game src/main.rs:162:29 Size changed to 854x437
INFO [2022-11-06][06:48:26] game src/main.rs:147:29 Resizing to 854x437
INFO [2022-11-06][06:48:26] game src/main.rs:164:32 Window: Exposed
INFO [2022-11-06][06:48:26] game src/main.rs:162:29 Size changed to 854x439
INFO [2022-11-06][06:48:26] game src/main.rs:147:29 Resizing to 854x439
INFO [2022-11-06][06:48:26] game src/main.rs:164:32 Window: Exposed
INFO [2022-11-06][06:48:26] game src/main.rs:162:29 Size changed to 854x440
INFO [2022-11-06][06:48:26] game src/main.rs:147:29 Resizing to 854x440
INFO [2022-11-06][06:48:26] game src/main.rs:164:32 Window: Exposed
INFO [2022-11-06][06:48:26] game src/main.rs:162:29 Size changed to 854x443
INFO [2022-11-06][06:48:26] game src/main.rs:147:29 Resizing to 854x443
INFO [2022-11-06][06:48:26] game src/main.rs:164:32 Window: Exposed
INFO [2022-11-06][06:48:26] game src/main.rs:162:29 Size changed to 854x445
INFO [2022-11-06][06:48:26] game src/main.rs:147:29 Resizing to 854x445
INFO [2022-11-06][06:48:26] game src/main.rs:164:32 Window: Exposed
INFO [2022-11-06][06:48:27] game src/main.rs:162:29 Size changed to 854x451
INFO [2022-11-06][06:48:27] game src/main.rs:147:29 Resizing to 854x451
INFO [2022-11-06][06:48:27] game src/main.rs:164:32 Window: Exposed
INFO [2022-11-06][06:48:27] game src/main.rs:162:29 Size changed to 854x453
INFO [2022-11-06][06:48:27] game src/main.rs:147:29 Resizing to 854x453
INFO [2022-11-06][06:48:27] game src/main.rs:164:32 Window: Exposed
INFO [2022-11-06][06:48:27] game src/main.rs:162:29 Size changed to 854x455
INFO [2022-11-06][06:48:27] game src/main.rs:147:29 Resizing to 854x455
INFO [2022-11-06][06:48:27] game src/main.rs:164:32 Window: Exposed
INFO [2022-11-06][06:48:27] game src/main.rs:162:29 Size changed to 854x458
INFO [2022-11-06][06:48:27] game src/main.rs:147:29 Resizing to 854x458
INFO [2022-11-06][06:48:27] game src/main.rs:164:32 Window: Exposed
INFO [2022-11-06][06:48:27] game src/main.rs:162:29 Size changed to 854x461
INFO [2022-11-06][06:48:27] game src/main.rs:147:29 Resizing to 854x461
INFO [2022-11-06][06:48:27] game src/main.rs:164:32 Window: Exposed
INFO [2022-11-06][06:48:27] game src/main.rs:162:29 Size changed to 854x462
INFO [2022-11-06][06:48:27] game src/main.rs:147:29 Resizing to 854x462
INFO [2022-11-06][06:48:27] game src/main.rs:164:32 Window: Exposed
INFO [2022-11-06][06:48:27] game src/main.rs:162:29 Size changed to 854x465
INFO [2022-11-06][06:48:27] game src/main.rs:147:29 Resizing to 854x465
INFO [2022-11-06][06:48:27] game src/main.rs:164:32 Window: Exposed
INFO [2022-11-06][06:48:27] game src/main.rs:162:29 Size changed to 854x467
INFO [2022-11-06][06:48:27] game src/main.rs:147:29 Resizing to 854x467
INFO [2022-11-06][06:48:27] game src/main.rs:164:32 Window: Exposed
INFO [2022-11-06][06:48:27] game src/main.rs:162:29 Size changed to 854x468
INFO [2022-11-06][06:48:27] game src/main.rs:147:29 Resizing to 854x468
INFO [2022-11-06][06:48:27] game src/main.rs:164:32 Window: Exposed
INFO [2022-11-06][06:48:27] game src/main.rs:162:29 Size changed to 854x469
INFO [2022-11-06][06:48:27] game src/main.rs:147:29 Resizing to 854x469
INFO [2022-11-06][06:48:27] game src/main.rs:164:32 Window: Exposed
INFO [2022-11-06][06:48:27] game src/main.rs:162:29 Size changed to 854x472
INFO [2022-11-06][06:48:27] game src/main.rs:147:29 Resizing to 854x472
INFO [2022-11-06][06:48:27] game src/main.rs:164:32 Window: Exposed
INFO [2022-11-06][06:48:27] game src/main.rs:162:29 Size changed to 854x477
INFO [2022-11-06][06:48:27] game src/main.rs:147:29 Resizing to 854x477
INFO [2022-11-06][06:48:27] game src/main.rs:164:32 Window: Exposed
INFO [2022-11-06][06:48:27] game src/main.rs:162:29 Size changed to 854x484
INFO [2022-11-06][06:48:27] game src/main.rs:147:29 Resizing to 854x484
INFO [2022-11-06][06:48:27] game src/main.rs:164:32 Window: Exposed
INFO [2022-11-06][06:48:27] game src/main.rs:162:29 Size changed to 854x488
INFO [2022-11-06][06:48:27] game src/main.rs:147:29 Resizing to 854x488
INFO [2022-11-06][06:48:27] game src/main.rs:164:32 Window: Exposed
INFO [2022-11-06][06:48:27] game src/main.rs:162:29 Size changed to 854x492
INFO [2022-11-06][06:48:27] game src/main.rs:147:29 Resizing to 854x492
INFO [2022-11-06][06:48:27] game src/main.rs:164:32 Window: Exposed
INFO [2022-11-06][06:48:27] game src/main.rs:162:29 Size changed to 854x493
INFO [2022-11-06][06:48:27] game src/main.rs:147:29 Resizing to 854x493
INFO [2022-11-06][06:48:27] game src/main.rs:164:32 Window: Exposed
INFO [2022-11-06][06:48:27] game src/main.rs:162:29 Size changed to 854x501
INFO [2022-11-06][06:48:27] game src/main.rs:147:29 Resizing to 854x501
INFO [2022-11-06][06:48:27] game src/main.rs:164:32 Window: Exposed
INFO [2022-11-06][06:48:27] game src/main.rs:162:29 Size changed to 854x513
INFO [2022-11-06][06:48:27] game src/main.rs:147:29 Resizing to 854x513
INFO [2022-11-06][06:48:27] game src/main.rs:164:32 Window: Exposed
INFO [2022-11-06][06:48:27] game src/main.rs:162:29 Size changed to 854x521
INFO [2022-11-06][06:48:27] game src/main.rs:147:29 Resizing to 854x521
INFO [2022-11-06][06:48:27] game src/main.rs:164:32 Window: Exposed
INFO [2022-11-06][06:48:27] game src/main.rs:162:29 Size changed to 854x523
INFO [2022-11-06][06:48:27] game src/main.rs:147:29 Resizing to 854x523
INFO [2022-11-06][06:48:27] game src/main.rs:164:32 Window: Exposed
INFO [2022-11-06][06:48:27] game src/main.rs:162:29 Size changed to 854x526
INFO [2022-11-06][06:48:27] game src/main.rs:147:29 Resizing to 854x526
INFO [2022-11-06][06:48:27] game src/main.rs:164:32 Window: Exposed
INFO [2022-11-06][06:48:28] game src/main.rs:162:29 Size changed to 854x528
INFO [2022-11-06][06:48:28] game src/main.rs:147:29 Resizing to 854x528
INFO [2022-11-06][06:48:28] game src/main.rs:164:32 Window: Exposed
INFO [2022-11-06][06:48:28] game src/main.rs:162:29 Size changed to 854x533
INFO [2022-11-06][06:48:28] game src/main.rs:147:29 Resizing to 854x533
INFO [2022-11-06][06:48:28] game src/main.rs:164:32 Window: Exposed
INFO [2022-11-06][06:48:28] game src/main.rs:162:29 Size changed to 854x546
INFO [2022-11-06][06:48:28] game src/main.rs:147:29 Resizing to 854x546
INFO [2022-11-06][06:48:28] game src/main.rs:164:32 Window: Exposed
INFO [2022-11-06][06:48:28] game src/main.rs:162:29 Size changed to 854x552
INFO [2022-11-06][06:48:28] game src/main.rs:147:29 Resizing to 854x552
INFO [2022-11-06][06:48:28] game src/main.rs:164:32 Window: Exposed
INFO [2022-11-06][06:48:28] game src/main.rs:162:29 Size changed to 854x561
INFO [2022-11-06][06:48:28] game src/main.rs:147:29 Resizing to 854x561
INFO [2022-11-06][06:48:28] game src/main.rs:164:32 Window: Exposed
INFO [2022-11-06][06:48:28] game src/main.rs:162:29 Size changed to 854x574
INFO [2022-11-06][06:48:28] game src/main.rs:147:29 Resizing to 854x574
INFO [2022-11-06][06:48:28] game src/main.rs:164:32 Window: Exposed
INFO [2022-11-06][06:48:28] game src/main.rs:162:29 Size changed to 854x576
INFO [2022-11-06][06:48:28] game src/main.rs:147:29 Resizing to 854x576
INFO [2022-11-06][06:48:28] game src/main.rs:164:32 Window: Exposed
INFO [2022-11-06][06:48:28] game src/main.rs:162:29 Size changed to 854x588
INFO [2022-11-06][06:48:28] game src/main.rs:147:29 Resizing to 854x588
INFO [2022-11-06][06:48:28] game src/main.rs:164:32 Window: Exposed
INFO [2022-11-06][06:48:28] game src/main.rs:162:29 Size changed to 854x596
INFO [2022-11-06][06:48:28] game src/main.rs:147:29 Resizing to 854x596
INFO [2022-11-06][06:48:28] game src/main.rs:164:32 Window: Exposed
INFO [2022-11-06][06:48:28] game src/main.rs:162:29 Size changed to 854x607
INFO [2022-11-06][06:48:28] game src/main.rs:147:29 Resizing to 854x607
INFO [2022-11-06][06:48:28] game src/main.rs:164:32 Window: Exposed
INFO [2022-11-06][06:48:28] game src/main.rs:162:29 Size changed to 854x613
INFO [2022-11-06][06:48:28] game src/main.rs:147:29 Resizing to 854x613
INFO [2022-11-06][06:48:28] game src/main.rs:164:32 Window: Exposed
INFO [2022-11-06][06:48:28] game src/main.rs:162:29 Size changed to 854x626
INFO [2022-11-06][06:48:28] game src/main.rs:147:29 Resizing to 854x626
INFO [2022-11-06][06:48:28] game src/main.rs:164:32 Window: Exposed
INFO [2022-11-06][06:48:28] game src/main.rs:162:29 Size changed to 854x631
INFO [2022-11-06][06:48:28] game src/main.rs:147:29 Resizing to 854x631
INFO [2022-11-06][06:48:28] game src/main.rs:164:32 Window: Exposed
INFO [2022-11-06][06:48:29] game src/main.rs:162:29 Size changed to 854x628
INFO [2022-11-06][06:48:29] game src/main.rs:147:29 Resizing to 854x628
INFO [2022-11-06][06:48:29] game src/main.rs:164:32 Window: Exposed
INFO [2022-11-06][06:48:29] game src/main.rs:162:29 Size changed to 854x600
INFO [2022-11-06][06:48:29] game src/main.rs:147:29 Resizing to 854x600
INFO [2022-11-06][06:48:29] game src/main.rs:164:32 Window: Exposed
INFO [2022-11-06][06:48:29] game src/main.rs:162:29 Size changed to 854x587
INFO [2022-11-06][06:48:29] game src/main.rs:147:29 Resizing to 854x587
INFO [2022-11-06][06:48:29] game src/main.rs:164:32 Window: Exposed
INFO [2022-11-06][06:48:29] game src/main.rs:162:29 Size changed to 854x560
INFO [2022-11-06][06:48:29] game src/main.rs:147:29 Resizing to 854x560
INFO [2022-11-06][06:48:29] game src/main.rs:164:32 Window: Exposed
INFO [2022-11-06][06:48:29] game src/main.rs:162:29 Size changed to 854x551
INFO [2022-11-06][06:48:29] game src/main.rs:147:29 Resizing to 854x551
INFO [2022-11-06][06:48:29] game src/main.rs:164:32 Window: Exposed
INFO [2022-11-06][06:48:29] game src/main.rs:162:29 Size changed to 854x533
INFO [2022-11-06][06:48:29] game src/main.rs:147:29 Resizing to 854x533
INFO [2022-11-06][06:48:29] game src/main.rs:164:32 Window: Exposed
INFO [2022-11-06][06:48:29] game src/main.rs:162:29 Size changed to 854x525
INFO [2022-11-06][06:48:29] game src/main.rs:147:29 Resizing to 854x525
INFO [2022-11-06][06:48:29] game src/main.rs:164:32 Window: Exposed
INFO [2022-11-06][06:48:29] game src/main.rs:162:29 Size changed to 854x508
INFO [2022-11-06][06:48:29] game src/main.rs:147:29 Resizing to 854x508
INFO [2022-11-06][06:48:29] game src/main.rs:164:32 Window: Exposed
INFO [2022-11-06][06:48:29] game src/main.rs:162:29 Size changed to 854x502
INFO [2022-11-06][06:48:29] game src/main.rs:147:29 Resizing to 854x502
INFO [2022-11-06][06:48:29] game src/main.rs:164:32 Window: Exposed
INFO [2022-11-06][06:48:29] game src/main.rs:162:29 Size changed to 854x488
INFO [2022-11-06][06:48:29] game src/main.rs:147:29 Resizing to 854x488
INFO [2022-11-06][06:48:29] game src/main.rs:164:32 Window: Exposed
INFO [2022-11-06][06:48:29] game src/main.rs:162:29 Size changed to 854x463
INFO [2022-11-06][06:48:29] game src/main.rs:147:29 Resizing to 854x463
INFO [2022-11-06][06:48:29] game src/main.rs:164:32 Window: Exposed
INFO [2022-11-06][06:48:29] game src/main.rs:162:29 Size changed to 854x412
INFO [2022-11-06][06:48:29] game src/main.rs:147:29 Resizing to 854x412
INFO [2022-11-06][06:48:29] game src/main.rs:164:32 Window: Exposed
INFO [2022-11-06][06:48:29] game src/main.rs:162:29 Size changed to 854x396
INFO [2022-11-06][06:48:29] game src/main.rs:147:29 Resizing to 854x396
INFO [2022-11-06][06:48:29] game src/main.rs:164:32 Window: Exposed
INFO [2022-11-06][06:48:29] game src/main.rs:162:29 Size changed to 854x358
INFO [2022-11-06][06:48:29] game src/main.rs:147:29 Resizing to 854x358
INFO [2022-11-06][06:48:29] game src/main.rs:164:32 Window: Exposed
INFO [2022-11-06][06:48:29] game src/main.rs:162:29 Size changed to 854x352
INFO [2022-11-06][06:48:29] game src/main.rs:147:29 Resizing to 854x352
INFO [2022-11-06][06:48:29] game src/main.rs:164:32 Window: Exposed
INFO [2022-11-06][06:48:29] game src/main.rs:162:29 Size changed to 854x317
INFO [2022-11-06][06:48:29] game src/main.rs:147:29 Resizing to 854x317
INFO [2022-11-06][06:48:29] game src/main.rs:164:32 Window: Exposed
INFO [2022-11-06][06:48:29] game src/main.rs:162:29 Size changed to 854x305
INFO [2022-11-06][06:48:29] game src/main.rs:147:29 Resizing to 854x305
INFO [2022-11-06][06:48:29] game src/main.rs:164:32 Window: Exposed
INFO [2022-11-06][06:48:29] game src/main.rs:162:29 Size changed to 854x300
INFO [2022-11-06][06:48:29] game src/main.rs:147:29 Resizing to 854x300
INFO [2022-11-06][06:48:29] game src/main.rs:164:32 Window: Exposed
INFO [2022-11-06][06:48:29] game src/main.rs:162:29 Size changed to 854x267
INFO [2022-11-06][06:48:29] game src/main.rs:147:29 Resizing to 854x267
INFO [2022-11-06][06:48:29] game src/main.rs:164:32 Window: Exposed
INFO [2022-11-06][06:48:29] game src/main.rs:162:29 Size changed to 854x256
INFO [2022-11-06][06:48:29] game src/main.rs:147:29 Resizing to 854x256
INFO [2022-11-06][06:48:29] game src/main.rs:164:32 Window: Exposed
INFO [2022-11-06][06:48:29] game src/main.rs:162:29 Size changed to 854x237
INFO [2022-11-06][06:48:29] game src/main.rs:147:29 Resizing to 854x237
INFO [2022-11-06][06:48:29] game src/main.rs:164:32 Window: Exposed
INFO [2022-11-06][06:48:29] game src/main.rs:162:29 Size changed to 854x223
INFO [2022-11-06][06:48:29] game src/main.rs:147:29 Resizing to 854x223
INFO [2022-11-06][06:48:29] game src/main.rs:164:32 Window: Exposed
INFO [2022-11-06][06:48:29] game src/main.rs:162:29 Size changed to 854x210
INFO [2022-11-06][06:48:29] game src/main.rs:147:29 Resizing to 854x210
INFO [2022-11-06][06:48:29] game src/main.rs:164:32 Window: Exposed
INFO [2022-11-06][06:48:29] game src/main.rs:162:29 Size changed to 854x207
INFO [2022-11-06][06:48:29] game src/main.rs:147:29 Resizing to 854x207
INFO [2022-11-06][06:48:29] game src/main.rs:164:32 Window: Exposed
INFO [2022-11-06][06:48:30] game src/main.rs:162:29 Size changed to 854x194
INFO [2022-11-06][06:48:30] game src/main.rs:147:29 Resizing to 854x194
INFO [2022-11-06][06:48:30] game src/main.rs:164:32 Window: Exposed
INFO [2022-11-06][06:48:30] game src/main.rs:162:29 Size changed to 854x190
INFO [2022-11-06][06:48:30] game src/main.rs:147:29 Resizing to 854x190
INFO [2022-11-06][06:48:30] game src/main.rs:164:32 Window: Exposed
INFO [2022-11-06][06:48:30] game src/main.rs:162:29 Size changed to 854x181
INFO [2022-11-06][06:48:30] game src/main.rs:147:29 Resizing to 854x181
INFO [2022-11-06][06:48:30] game src/main.rs:164:32 Window: Exposed
INFO [2022-11-06][06:48:30] game src/main.rs:162:29 Size changed to 854x173
INFO [2022-11-06][06:48:30] game src/main.rs:147:29 Resizing to 854x173
INFO [2022-11-06][06:48:30] game src/main.rs:164:32 Window: Exposed
INFO [2022-11-06][06:48:30] game src/main.rs:162:29 Size changed to 854x156
INFO [2022-11-06][06:48:30] game src/main.rs:147:29 Resizing to 854x156
INFO [2022-11-06][06:48:30] game src/main.rs:164:32 Window: Exposed
INFO [2022-11-06][06:48:30] game src/main.rs:162:29 Size changed to 854x146
INFO [2022-11-06][06:48:30] game src/main.rs:147:29 Resizing to 854x146
INFO [2022-11-06][06:48:30] game src/main.rs:164:32 Window: Exposed
INFO [2022-11-06][06:48:30] game src/main.rs:162:29 Size changed to 854x139
INFO [2022-11-06][06:48:30] game src/main.rs:147:29 Resizing to 854x139
INFO [2022-11-06][06:48:30] game src/main.rs:164:32 Window: Exposed
INFO [2022-11-06][06:48:30] game src/main.rs:162:29 Size changed to 854x131
INFO [2022-11-06][06:48:30] game src/main.rs:147:29 Resizing to 854x131
INFO [2022-11-06][06:48:30] game src/main.rs:164:32 Window: Exposed
INFO [2022-11-06][06:48:30] game src/main.rs:162:29 Size changed to 854x128
INFO [2022-11-06][06:48:30] game src/main.rs:147:29 Resizing to 854x128
INFO [2022-11-06][06:48:30] game src/main.rs:164:32 Window: Exposed
INFO [2022-11-06][06:48:30] game src/main.rs:162:29 Size changed to 854x117
INFO [2022-11-06][06:48:30] game src/main.rs:147:29 Resizing to 854x117
INFO [2022-11-06][06:48:30] game src/main.rs:164:32 Window: Exposed
INFO [2022-11-06][06:48:30] game src/main.rs:162:29 Size changed to 854x115
INFO [2022-11-06][06:48:30] game src/main.rs:147:29 Resizing to 854x115
INFO [2022-11-06][06:48:30] game src/main.rs:164:32 Window: Exposed
INFO [2022-11-06][06:48:30] game src/main.rs:162:29 Size changed to 854x99
INFO [2022-11-06][06:48:30] game src/main.rs:147:29 Resizing to 854x99
INFO [2022-11-06][06:48:30] game src/main.rs:164:32 Window: Exposed
INFO [2022-11-06][06:48:30] game src/main.rs:162:29 Size changed to 854x90
INFO [2022-11-06][06:48:30] game src/main.rs:147:29 Resizing to 854x90
INFO [2022-11-06][06:48:30] game src/main.rs:164:32 Window: Exposed
INFO [2022-11-06][06:48:30] game src/main.rs:162:29 Size changed to 854x78
INFO [2022-11-06][06:48:30] game src/main.rs:147:29 Resizing to 854x78
INFO [2022-11-06][06:48:30] game src/main.rs:164:32 Window: Exposed
INFO [2022-11-06][06:48:30] game src/main.rs:162:29 Size changed to 854x74
INFO [2022-11-06][06:48:30] game src/main.rs:147:29 Resizing to 854x74
INFO [2022-11-06][06:48:30] game src/main.rs:164:32 Window: Exposed
INFO [2022-11-06][06:48:30] game src/main.rs:162:29 Size changed to 854x66
INFO [2022-11-06][06:48:30] game src/main.rs:147:29 Resizing to 854x66
INFO [2022-11-06][06:48:30] game src/main.rs:164:32 Window: Exposed
INFO [2022-11-06][06:48:30] game src/main.rs:162:29 Size changed to 854x61
INFO [2022-11-06][06:48:30] game src/main.rs:147:29 Resizing to 854x61
INFO [2022-11-06][06:48:30] game src/main.rs:164:32 Window: Exposed
INFO [2022-11-06][06:48:30] game src/main.rs:162:29 Size changed to 854x48
INFO [2022-11-06][06:48:30] game src/main.rs:147:29 Resizing to 854x48
INFO [2022-11-06][06:48:30] game src/main.rs:164:32 Window: Exposed
INFO [2022-11-06][06:48:30] game src/main.rs:162:29 Size changed to 854x44
INFO [2022-11-06][06:48:30] game src/main.rs:147:29 Resizing to 854x44
INFO [2022-11-06][06:48:30] game src/main.rs:164:32 Window: Exposed
INFO [2022-11-06][06:48:30] game src/main.rs:162:29 Size changed to 854x26
INFO [2022-11-06][06:48:30] game src/main.rs:147:29 Resizing to 854x26
INFO [2022-11-06][06:48:30] game src/main.rs:164:32 Window: Exposed
INFO [2022-11-06][06:48:30] game src/main.rs:162:29 Size changed to 854x20
INFO [2022-11-06][06:48:30] game src/main.rs:147:29 Resizing to 854x20
INFO [2022-11-06][06:48:30] game src/main.rs:164:32 Window: Exposed
INFO [2022-11-06][06:48:30] game src/main.rs:162:29 Size changed to 854x18
INFO [2022-11-06][06:48:30] game src/main.rs:147:29 Resizing to 854x18
INFO [2022-11-06][06:48:30] game src/main.rs:164:32 Window: Exposed
INFO [2022-11-06][06:48:30] game src/main.rs:162:29 Size changed to 854x15
INFO [2022-11-06][06:48:30] game src/main.rs:147:29 Resizing to 854x15
INFO [2022-11-06][06:48:30] game src/main.rs:164:32 Window: Exposed
INFO [2022-11-06][06:48:30] game src/main.rs:162:29 Size changed to 854x11
INFO [2022-11-06][06:48:30] game src/main.rs:147:29 Resizing to 854x11
INFO [2022-11-06][06:48:30] game src/main.rs:164:32 Window: Exposed
INFO [2022-11-06][06:48:31] game src/main.rs:162:29 Size changed to 854x7
INFO [2022-11-06][06:48:31] game src/main.rs:147:29 Resizing to 854x7
INFO [2022-11-06][06:48:31] game src/main.rs:164:32 Window: Exposed
INFO [2022-11-06][06:48:31] game src/main.rs:162:29 Size changed to 854x4
INFO [2022-11-06][06:48:31] game src/main.rs:147:29 Resizing to 854x4
INFO [2022-11-06][06:48:31] game src/main.rs:164:32 Window: Exposed
INFO [2022-11-06][06:48:31] game src/main.rs:162:29 Size changed to 854x2
INFO [2022-11-06][06:48:31] game src/main.rs:147:29 Resizing to 854x2
INFO [2022-11-06][06:48:31] game src/main.rs:164:32 Window: Exposed
INFO [2022-11-06][06:48:31] game src/main.rs:162:29 Size changed to 854x1
INFO [2022-11-06][06:48:31] game src/main.rs:147:29 Resizing to 854x1
INFO [2022-11-06][06:48:31] game src/main.rs:164:32 Window: Exposed
INFO [2022-11-06][06:48:32] game src/main.rs:162:29 Size changed to 854x7
INFO [2022-11-06][06:48:32] game src/main.rs:147:29 Resizing to 854x7
INFO [2022-11-06][06:48:32] game src/main.rs:164:32 Window: Exposed
INFO [2022-11-06][06:48:32] game src/main.rs:162:29 Size changed to 854x21
INFO [2022-11-06][06:48:32] game src/main.rs:147:29 Resizing to 854x21
INFO [2022-11-06][06:48:32] game src/main.rs:164:32 Window: Exposed
INFO [2022-11-06][06:48:32] game src/main.rs:162:29 Size changed to 854x30
INFO [2022-11-06][06:48:32] game src/main.rs:147:29 Resizing to 854x30
INFO [2022-11-06][06:48:32] game src/main.rs:164:32 Window: Exposed
INFO [2022-11-06][06:48:32] game src/main.rs:162:29 Size changed to 854x32
INFO [2022-11-06][06:48:32] game src/main.rs:147:29 Resizing to 854x32
INFO [2022-11-06][06:48:32] game src/main.rs:164:32 Window: Exposed
INFO [2022-11-06][06:48:32] game src/main.rs:162:29 Size changed to 854x40
INFO [2022-11-06][06:48:32] game src/main.rs:147:29 Resizing to 854x40
INFO [2022-11-06][06:48:32] game src/main.rs:164:32 Window: Exposed
INFO [2022-11-06][06:48:32] game src/main.rs:162:29 Size changed to 854x47
INFO [2022-11-06][06:48:32] game src/main.rs:147:29 Resizing to 854x47
INFO [2022-11-06][06:48:32] game src/main.rs:164:32 Window: Exposed
INFO [2022-11-06][06:48:32] game src/main.rs:162:29 Size changed to 854x126
INFO [2022-11-06][06:48:32] game src/main.rs:147:29 Resizing to 854x126
INFO [2022-11-06][06:48:32] game src/main.rs:164:32 Window: Exposed
INFO [2022-11-06][06:48:32] game src/main.rs:162:29 Size changed to 854x191
INFO [2022-11-06][06:48:32] game src/main.rs:147:29 Resizing to 854x191
INFO [2022-11-06][06:48:32] game src/main.rs:164:32 Window: Exposed
INFO [2022-11-06][06:48:32] game src/main.rs:162:29 Size changed to 854x246
INFO [2022-11-06][06:48:32] game src/main.rs:147:29 Resizing to 854x246
INFO [2022-11-06][06:48:32] game src/main.rs:164:32 Window: Exposed
INFO [2022-11-06][06:48:32] game src/main.rs:162:29 Size changed to 854x264
INFO [2022-11-06][06:48:32] game src/main.rs:147:29 Resizing to 854x264
INFO [2022-11-06][06:48:32] game src/main.rs:164:32 Window: Exposed
INFO [2022-11-06][06:48:32] game src/main.rs:162:29 Size changed to 854x279
INFO [2022-11-06][06:48:32] game src/main.rs:147:29 Resizing to 854x279
INFO [2022-11-06][06:48:32] game src/main.rs:164:32 Window: Exposed
INFO [2022-11-06][06:48:32] game src/main.rs:162:29 Size changed to 854x291
INFO [2022-11-06][06:48:32] game src/main.rs:147:29 Resizing to 854x291
INFO [2022-11-06][06:48:32] game src/main.rs:164:32 Window: Exposed
INFO [2022-11-06][06:48:32] game src/main.rs:162:29 Size changed to 854x331
INFO [2022-11-06][06:48:32] game src/main.rs:147:29 Resizing to 854x331
INFO [2022-11-06][06:48:32] game src/main.rs:164:32 Window: Exposed
INFO [2022-11-06][06:48:32] game src/main.rs:162:29 Size changed to 854x357
INFO [2022-11-06][06:48:32] game src/main.rs:147:29 Resizing to 854x357
INFO [2022-11-06][06:48:32] game src/main.rs:164:32 Window: Exposed
INFO [2022-11-06][06:48:32] game src/main.rs:162:29 Size changed to 854x383
INFO [2022-11-06][06:48:32] game src/main.rs:147:29 Resizing to 854x383
INFO [2022-11-06][06:48:32] game src/main.rs:164:32 Window: Exposed
INFO [2022-11-06][06:48:33] game src/main.rs:162:29 Size changed to 854x392
INFO [2022-11-06][06:48:33] game src/main.rs:147:29 Resizing to 854x392
INFO [2022-11-06][06:48:33] game src/main.rs:164:32 Window: Exposed
INFO [2022-11-06][06:48:33] game src/main.rs:162:29 Size changed to 854x417
INFO [2022-11-06][06:48:33] game src/main.rs:147:29 Resizing to 854x417
INFO [2022-11-06][06:48:33] game src/main.rs:164:32 Window: Exposed
INFO [2022-11-06][06:48:33] game src/main.rs:162:29 Size changed to 854x436
INFO [2022-11-06][06:48:33] game src/main.rs:147:29 Resizing to 854x436
INFO [2022-11-06][06:48:33] game src/main.rs:164:32 Window: Exposed
INFO [2022-11-06][06:48:33] game src/main.rs:162:29 Size changed to 854x460
INFO [2022-11-06][06:48:33] game src/main.rs:147:29 Resizing to 854x460
INFO [2022-11-06][06:48:33] game src/main.rs:164:32 Window: Exposed
INFO [2022-11-06][06:48:33] game src/main.rs:162:29 Size changed to 854x470
INFO [2022-11-06][06:48:33] game src/main.rs:147:29 Resizing to 854x470
INFO [2022-11-06][06:48:33] game src/main.rs:164:32 Window: Exposed
INFO [2022-11-06][06:48:33] game src/main.rs:162:29 Size changed to 854x473
INFO [2022-11-06][06:48:33] game src/main.rs:147:29 Resizing to 854x473
INFO [2022-11-06][06:48:33] game src/main.rs:164:32 Window: Exposed
INFO [2022-11-06][06:48:33] game src/main.rs:162:29 Size changed to 854x474
INFO [2022-11-06][06:48:33] game src/main.rs:147:29 Resizing to 854x474
INFO [2022-11-06][06:48:33] game src/main.rs:164:32 Window: Exposed
INFO [2022-11-06][06:48:33] game src/main.rs:162:29 Size changed to 854x477
INFO [2022-11-06][06:48:33] game src/main.rs:147:29 Resizing to 854x477
INFO [2022-11-06][06:48:33] game src/main.rs:164:32 Window: Exposed
INFO [2022-11-06][06:48:33] game src/main.rs:162:29 Size changed to 854x483
INFO [2022-11-06][06:48:33] game src/main.rs:147:29 Resizing to 854x483
INFO [2022-11-06][06:48:33] game src/main.rs:164:32 Window: Exposed
INFO [2022-11-06][06:48:33] game src/main.rs:162:29 Size changed to 854x488
INFO [2022-11-06][06:48:33] game src/main.rs:147:29 Resizing to 854x488
INFO [2022-11-06][06:48:33] game src/main.rs:164:32 Window: Exposed
INFO [2022-11-06][06:48:33] game src/main.rs:162:29 Size changed to 854x492
INFO [2022-11-06][06:48:33] game src/main.rs:147:29 Resizing to 854x492
INFO [2022-11-06][06:48:33] game src/main.rs:164:32 Window: Exposed
INFO [2022-11-06][06:48:33] game src/main.rs:162:29 Size changed to 854x494
INFO [2022-11-06][06:48:33] game src/main.rs:147:29 Resizing to 854x494
INFO [2022-11-06][06:48:33] game src/main.rs:164:32 Window: Exposed
INFO [2022-11-06][06:48:33] game src/main.rs:162:29 Size changed to 854x508
INFO [2022-11-06][06:48:33] game src/main.rs:147:29 Resizing to 854x508
INFO [2022-11-06][06:48:33] game src/main.rs:164:32 Window: Exposed
INFO [2022-11-06][06:48:33] game src/main.rs:162:29 Size changed to 854x510
INFO [2022-11-06][06:48:33] game src/main.rs:147:29 Resizing to 854x510
INFO [2022-11-06][06:48:33] game src/main.rs:164:32 Window: Exposed
INFO [2022-11-06][06:48:34] game src/main.rs:162:29 Size changed to 854x511
INFO [2022-11-06][06:48:34] game src/main.rs:147:29 Resizing to 854x511
INFO [2022-11-06][06:48:34] game src/main.rs:164:32 Window: Exposed
INFO [2022-11-06][06:48:34] game src/main.rs:164:32 Window: Enter
INFO [2022-11-06][06:48:35] game src/main.rs:164:32 Window: Leave
INFO [2022-11-06][06:48:35] game src/main.rs:164:32 Window: TakeFocus
INFO [2022-11-06][06:48:35] game src/main.rs:164:32 Window: TakeFocus
INFO [2022-11-06][06:48:35] game src/main.rs:162:29 Size changed to 851x511
INFO [2022-11-06][06:48:35] game src/main.rs:147:29 Resizing to 851x511
INFO [2022-11-06][06:48:35] game src/main.rs:164:32 Window: Exposed
INFO [2022-11-06][06:48:35] game src/main.rs:162:29 Size changed to 832x511
INFO [2022-11-06][06:48:35] game src/main.rs:147:29 Resizing to 832x511
INFO [2022-11-06][06:48:35] game src/main.rs:164:32 Window: Exposed
INFO [2022-11-06][06:48:36] game src/main.rs:162:29 Size changed to 819x511
INFO [2022-11-06][06:48:36] game src/main.rs:147:29 Resizing to 819x511
INFO [2022-11-06][06:48:36] game src/main.rs:164:32 Window: Exposed
INFO [2022-11-06][06:48:36] game src/main.rs:162:29 Size changed to 730x511
INFO [2022-11-06][06:48:36] game src/main.rs:147:29 Resizing to 730x511
INFO [2022-11-06][06:48:36] game src/main.rs:164:32 Window: Exposed
INFO [2022-11-06][06:48:36] game src/main.rs:162:29 Size changed to 676x511
INFO [2022-11-06][06:48:36] game src/main.rs:147:29 Resizing to 676x511
INFO [2022-11-06][06:48:36] game src/main.rs:164:32 Window: Exposed
INFO [2022-11-06][06:48:36] game src/main.rs:162:29 Size changed to 649x511
INFO [2022-11-06][06:48:36] game src/main.rs:147:29 Resizing to 649x511
INFO [2022-11-06][06:48:36] game src/main.rs:164:32 Window: Exposed
INFO [2022-11-06][06:48:36] game src/main.rs:162:29 Size changed to 644x511
INFO [2022-11-06][06:48:36] game src/main.rs:147:29 Resizing to 644x511
INFO [2022-11-06][06:48:36] game src/main.rs:164:32 Window: Exposed
INFO [2022-11-06][06:48:36] game src/main.rs:162:29 Size changed to 647x511
INFO [2022-11-06][06:48:36] game src/main.rs:147:29 Resizing to 647x511
INFO [2022-11-06][06:48:36] game src/main.rs:164:32 Window: Exposed
INFO [2022-11-06][06:48:36] game src/main.rs:162:29 Size changed to 669x511
INFO [2022-11-06][06:48:36] game src/main.rs:147:29 Resizing to 669x511
INFO [2022-11-06][06:48:36] game src/main.rs:164:32 Window: Exposed
INFO [2022-11-06][06:48:36] game src/main.rs:162:29 Size changed to 696x511
INFO [2022-11-06][06:48:36] game src/main.rs:147:29 Resizing to 696x511
INFO [2022-11-06][06:48:36] game src/main.rs:164:32 Window: Exposed
INFO [2022-11-06][06:48:36] game src/main.rs:162:29 Size changed to 702x511
INFO [2022-11-06][06:48:36] game src/main.rs:147:29 Resizing to 702x511
INFO [2022-11-06][06:48:36] game src/main.rs:164:32 Window: Exposed
INFO [2022-11-06][06:48:36] game src/main.rs:162:29 Size changed to 707x511
INFO [2022-11-06][06:48:36] game src/main.rs:147:29 Resizing to 707x511
INFO [2022-11-06][06:48:36] game src/main.rs:164:32 Window: Exposed
INFO [2022-11-06][06:48:36] game src/main.rs:164:32 Window: TakeFocus
INFO [2022-11-06][06:48:36] game src/main.rs:164:32 Window: TakeFocus
INFO [2022-11-06][06:48:37] game src/main.rs:164:32 Window: TakeFocus
INFO [2022-11-06][06:48:37] game src/main.rs:164:32 Window: TakeFocus
INFO [2022-11-06][06:48:37] game src/main.rs:164:32 Window: TakeFocus
INFO [2022-11-06][06:48:37] game src/main.rs:164:32 Window: TakeFocus
INFO [2022-11-06][06:48:38] game src/main.rs:162:29 Size changed to 712x511
INFO [2022-11-06][06:48:38] game src/main.rs:147:29 Resizing to 712x511
INFO [2022-11-06][06:48:38] game src/main.rs:164:32 Window: Exposed
INFO [2022-11-06][06:48:38] game src/main.rs:162:29 Size changed to 738x511
INFO [2022-11-06][06:48:38] game src/main.rs:147:29 Resizing to 738x511
INFO [2022-11-06][06:48:38] game src/main.rs:164:32 Window: Exposed
INFO [2022-11-06][06:48:38] game src/main.rs:162:29 Size changed to 767x511
INFO [2022-11-06][06:48:38] game src/main.rs:147:29 Resizing to 767x511
INFO [2022-11-06][06:48:38] game src/main.rs:164:32 Window: Exposed
INFO [2022-11-06][06:48:38] game src/main.rs:162:29 Size changed to 798x511
INFO [2022-11-06][06:48:38] game src/main.rs:147:29 Resizing to 798x511
INFO [2022-11-06][06:48:38] game src/main.rs:164:32 Window: Exposed
INFO [2022-11-06][06:48:38] game src/main.rs:164:32 Window: Enter
INFO [2022-11-06][06:48:38] game src/main.rs:164:32 Window: Leave
INFO [2022-11-06][06:48:39] game src/main.rs:164:32 Window: FocusLost
INFO [2022-11-06][06:48:39] game src/main.rs:164:32 Window: Enter
INFO [2022-11-06][06:48:39] game src/main.rs:164:32 Window: FocusGained
INFO [2022-11-06][06:48:39] game src/main.rs:164:32 Window: TakeFocus
INFO [2022-11-06][06:48:39] game src/main.rs:164:32 Window: Leave
INFO [2022-11-06][06:48:40] game src/main.rs:164:32 Window: FocusLost
INFO [2022-11-06][06:48:41] game src/main.rs:164:32 Window: Enter
INFO [2022-11-06][06:48:41] game src/main.rs:164:32 Window: FocusGained
INFO [2022-11-06][06:48:41] game src/main.rs:164:32 Window: TakeFocus
INFO [2022-11-06][06:48:42] game src/main.rs:164:32 Window: Leave
INFO [2022-11-06][06:48:43] game src/main.rs:164:32 Window: TakeFocus
INFO [2022-11-06][06:48:43] game src/main.rs:164:32 Window: TakeFocus
INFO [2022-11-06][06:48:43] game src/main.rs:164:32 Window: Moved(374, 135)
INFO [2022-11-06][06:48:43] game src/main.rs:164:32 Window: TakeFocus
INFO [2022-11-06][06:48:43] game src/main.rs:164:32 Window: TakeFocus
INFO [2022-11-06][06:48:44] game src/main.rs:164:32 Window: Close
