DEBUG [2022-11-06][06:59:12] game src/main.rs:148:32 Window: Shown
DEBUG [2022-11-06][06:59:12] game src/main.rs:148:32 Window: Moved(256, 172)
DEBUG [2022-11-06][06:59:12] game src/main.rs:148:32 Window: Exposed
DEBUG [2022-11-06][06:59:12] game src/main.rs:148:32 Window: Enter
DEBUG [2022-11-06][06:59:14] game src/main.rs:148:32 Window: Leave
DEBUG [2022-11-06][06:59:14] game src/main.rs:148:32 Window: FocusGained
DEBUG [2022-11-06][06:59:14] game src/main.rs:148:32 Window: TakeFocus
DEBUG [2022-11-06][06:59:14] game src/main.rs:148:32 Window: TakeFocus
DEBUG [2022-11-06][06:59:14] game src/main.rs:148:32 Window: Moved(257, 172)
DEBUG [2022-11-06][06:59:14] game src/main.rs:148:32 Window: SizeChanged(853, 480)
DEBUG [2022-11-06][06:59:14] game src/main.rs:145:29 Window: Resizing to 853x480
DEBUG [2022-11-06][06:59:14] game src/main.rs:148:32 Window: Exposed
DEBUG [2022-11-06][06:59:14] game src/main.rs:148:32 Window: Moved(262, 172)
DEBUG [2022-11-06][06:59:14] game src/main.rs:148:32 Window: SizeChanged(848, 480)
DEBUG [2022-11-06][06:59:14] game src/main.rs:145:29 Window: Resizing to 848x480
DEBUG [2022-11-06][06:59:14] game src/main.rs:148:32 Window: Exposed
DEBUG [2022-11-06][06:59:14] game src/main.rs:148:32 Window: Moved(269, 172)
DEBUG [2022-11-06][06:59:14] game src/main.rs:148:32 Window: SizeChanged(841, 480)
DEBUG [2022-11-06][06:59:14] game src/main.rs:145:29 Window: Resizing to 841x480
DEBUG [2022-11-06][06:59:14] game src/main.rs:148:32 Window: Exposed
DEBUG [2022-11-06][06:59:14] game src/main.rs:148:32 Window: Moved(295, 172)
DEBUG [2022-11-06][06:59:14] game src/main.rs:148:32 Window: SizeChanged(815, 477)
DEBUG [2022-11-06][06:59:14] game src/main.rs:145:29 Window: Resizing to 815x477
DEBUG [2022-11-06][06:59:14] game src/main.rs:148:32 Window: Exposed
DEBUG [2022-11-06][06:59:14] game src/main.rs:148:32 Window: Moved(317, 172)
DEBUG [2022-11-06][06:59:14] game src/main.rs:148:32 Window: SizeChanged(793, 475)
DEBUG [2022-11-06][06:59:14] game src/main.rs:145:29 Window: Resizing to 793x475
DEBUG [2022-11-06][06:59:14] game src/main.rs:148:32 Window: Exposed
DEBUG [2022-11-06][06:59:14] game src/main.rs:148:32 Window: Moved(323, 172)
DEBUG [2022-11-06][06:59:14] game src/main.rs:148:32 Window: SizeChanged(787, 474)
DEBUG [2022-11-06][06:59:14] game src/main.rs:145:29 Window: Resizing to 787x474
DEBUG [2022-11-06][06:59:14] game src/main.rs:148:32 Window: Exposed
DEBUG [2022-11-06][06:59:15] game src/main.rs:148:32 Window: Moved(324, 172)
DEBUG [2022-11-06][06:59:15] game src/main.rs:148:32 Window: SizeChanged(786, 474)
DEBUG [2022-11-06][06:59:15] game src/main.rs:145:29 Window: Resizing to 786x474
DEBUG [2022-11-06][06:59:15] game src/main.rs:148:32 Window: Exposed
DEBUG [2022-11-06][06:59:15] game src/main.rs:148:32 Window: Moved(329, 172)
DEBUG [2022-11-06][06:59:15] game src/main.rs:148:32 Window: SizeChanged(781, 474)
DEBUG [2022-11-06][06:59:15] game src/main.rs:145:29 Window: Resizing to 781x474
DEBUG [2022-11-06][06:59:15] game src/main.rs:148:32 Window: Exposed
DEBUG [2022-11-06][06:59:15] game src/main.rs:148:32 Window: Moved(333, 172)
DEBUG [2022-11-06][06:59:15] game src/main.rs:148:32 Window: SizeChanged(777, 474)
DEBUG [2022-11-06][06:59:15] game src/main.rs:145:29 Window: Resizing to 777x474
DEBUG [2022-11-06][06:59:15] game src/main.rs:148:32 Window: Exposed
DEBUG [2022-11-06][06:59:15] game src/main.rs:148:32 Window: Moved(343, 172)
DEBUG [2022-11-06][06:59:15] game src/main.rs:148:32 Window: SizeChanged(767, 474)
DEBUG [2022-11-06][06:59:15] game src/main.rs:145:29 Window: Resizing to 767x474
DEBUG [2022-11-06][06:59:15] game src/main.rs:148:32 Window: Exposed
DEBUG [2022-11-06][06:59:15] game src/main.rs:148:32 Window: Moved(344, 172)
DEBUG [2022-11-06][06:59:15] game src/main.rs:148:32 Window: SizeChanged(766, 474)
DEBUG [2022-11-06][06:59:15] game src/main.rs:145:29 Window: Resizing to 766x474
DEBUG [2022-11-06][06:59:15] game src/main.rs:148:32 Window: Exposed
DEBUG [2022-11-06][06:59:15] game src/main.rs:148:32 Window: Moved(365, 172)
DEBUG [2022-11-06][06:59:15] game src/main.rs:148:32 Window: SizeChanged(745, 477)
DEBUG [2022-11-06][06:59:15] game src/main.rs:145:29 Window: Resizing to 745x477
DEBUG [2022-11-06][06:59:15] game src/main.rs:148:32 Window: Exposed
DEBUG [2022-11-06][06:59:15] game src/main.rs:148:32 Window: Moved(380, 172)
DEBUG [2022-11-06][06:59:15] game src/main.rs:148:32 Window: SizeChanged(730, 477)
DEBUG [2022-11-06][06:59:15] game src/main.rs:145:29 Window: Resizing to 730x477
DEBUG [2022-11-06][06:59:15] game src/main.rs:148:32 Window: Exposed
DEBUG [2022-11-06][06:59:15] game src/main.rs:148:32 Window: Moved(389, 172)
DEBUG [2022-11-06][06:59:15] game src/main.rs:148:32 Window: SizeChanged(721, 478)
DEBUG [2022-11-06][06:59:15] game src/main.rs:145:29 Window: Resizing to 721x478
DEBUG [2022-11-06][06:59:15] game src/main.rs:148:32 Window: Exposed
DEBUG [2022-11-06][06:59:15] game src/main.rs:148:32 Window: Moved(383, 172)
DEBUG [2022-11-06][06:59:15] game src/main.rs:148:32 Window: SizeChanged(727, 478)
DEBUG [2022-11-06][06:59:15] game src/main.rs:145:29 Window: Resizing to 727x478
DEBUG [2022-11-06][06:59:15] game src/main.rs:148:32 Window: Exposed
DEBUG [2022-11-06][06:59:15] game src/main.rs:148:32 Window: Moved(368, 172)
DEBUG [2022-11-06][06:59:15] game src/main.rs:148:32 Window: SizeChanged(742, 477)
DEBUG [2022-11-06][06:59:15] game src/main.rs:145:29 Window: Resizing to 742x477
DEBUG [2022-11-06][06:59:15] game src/main.rs:148:32 Window: Exposed
DEBUG [2022-11-06][06:59:15] game src/main.rs:148:32 Window: Moved(362, 172)
DEBUG [2022-11-06][06:59:15] game src/main.rs:148:32 Window: SizeChanged(748, 476)
DEBUG [2022-11-06][06:59:15] game src/main.rs:145:29 Window: Resizing to 748x476
DEBUG [2022-11-06][06:59:15] game src/main.rs:148:32 Window: Exposed
DEBUG [2022-11-06][06:59:15] game src/main.rs:148:32 Window: Moved(365, 172)
DEBUG [2022-11-06][06:59:15] game src/main.rs:148:32 Window: SizeChanged(745, 476)
DEBUG [2022-11-06][06:59:15] game src/main.rs:145:29 Window: Resizing to 745x476
DEBUG [2022-11-06][06:59:15] game src/main.rs:148:32 Window: Exposed
DEBUG [2022-11-06][06:59:15] game src/main.rs:148:32 Window: Moved(389, 172)
DEBUG [2022-11-06][06:59:15] game src/main.rs:148:32 Window: SizeChanged(721, 478)
DEBUG [2022-11-06][06:59:15] game src/main.rs:145:29 Window: Resizing to 721x478
DEBUG [2022-11-06][06:59:15] game src/main.rs:148:32 Window: Exposed
DEBUG [2022-11-06][06:59:15] game src/main.rs:148:32 Window: Moved(410, 172)
DEBUG [2022-11-06][06:59:15] game src/main.rs:148:32 Window: SizeChanged(700, 479)
DEBUG [2022-11-06][06:59:15] game src/main.rs:145:29 Window: Resizing to 700x479
DEBUG [2022-11-06][06:59:15] game src/main.rs:148:32 Window: Exposed
DEBUG [2022-11-06][06:59:15] game src/main.rs:148:32 Window: Moved(415, 172)
DEBUG [2022-11-06][06:59:15] game src/main.rs:148:32 Window: SizeChanged(695, 479)
DEBUG [2022-11-06][06:59:15] game src/main.rs:145:29 Window: Resizing to 695x479
DEBUG [2022-11-06][06:59:15] game src/main.rs:148:32 Window: Exposed
DEBUG [2022-11-06][06:59:15] game src/main.rs:148:32 Window: Moved(421, 172)
DEBUG [2022-11-06][06:59:15] game src/main.rs:148:32 Window: SizeChanged(689, 479)
DEBUG [2022-11-06][06:59:15] game src/main.rs:145:29 Window: Resizing to 689x479
DEBUG [2022-11-06][06:59:15] game src/main.rs:148:32 Window: Exposed
DEBUG [2022-11-06][06:59:15] game src/main.rs:148:32 Window: Moved(444, 172)
DEBUG [2022-11-06][06:59:15] game src/main.rs:148:32 Window: SizeChanged(666, 479)
DEBUG [2022-11-06][06:59:15] game src/main.rs:145:29 Window: Resizing to 666x479
DEBUG [2022-11-06][06:59:15] game src/main.rs:148:32 Window: Exposed
DEBUG [2022-11-06][06:59:15] game src/main.rs:148:32 Window: Moved(455, 172)
DEBUG [2022-11-06][06:59:15] game src/main.rs:148:32 Window: SizeChanged(655, 479)
DEBUG [2022-11-06][06:59:15] game src/main.rs:145:29 Window: Resizing to 655x479
DEBUG [2022-11-06][06:59:15] game src/main.rs:148:32 Window: Exposed
DEBUG [2022-11-06][06:59:15] game src/main.rs:148:32 Window: Moved(467, 172)
DEBUG [2022-11-06][06:59:15] game src/main.rs:148:32 Window: SizeChanged(643, 480)
DEBUG [2022-11-06][06:59:15] game src/main.rs:145:29 Window: Resizing to 643x480
DEBUG [2022-11-06][06:59:15] game src/main.rs:148:32 Window: Exposed
DEBUG [2022-11-06][06:59:16] game src/main.rs:148:32 Window: Moved(470, 172)
DEBUG [2022-11-06][06:59:16] game src/main.rs:148:32 Window: SizeChanged(640, 482)
DEBUG [2022-11-06][06:59:16] game src/main.rs:145:29 Window: Resizing to 640x482
DEBUG [2022-11-06][06:59:16] game src/main.rs:148:32 Window: Exposed
DEBUG [2022-11-06][06:59:16] game src/main.rs:148:32 Window: Moved(476, 172)
DEBUG [2022-11-06][06:59:16] game src/main.rs:148:32 Window: SizeChanged(634, 482)
DEBUG [2022-11-06][06:59:16] game src/main.rs:145:29 Window: Resizing to 634x482
DEBUG [2022-11-06][06:59:16] game src/main.rs:148:32 Window: Exposed
DEBUG [2022-11-06][06:59:16] game src/main.rs:148:32 Window: Moved(481, 172)
DEBUG [2022-11-06][06:59:16] game src/main.rs:148:32 Window: SizeChanged(629, 483)
DEBUG [2022-11-06][06:59:16] game src/main.rs:145:29 Window: Resizing to 629x483
DEBUG [2022-11-06][06:59:16] game src/main.rs:148:32 Window: Exposed
DEBUG [2022-11-06][06:59:16] game src/main.rs:148:32 Window: Moved(489, 172)
DEBUG [2022-11-06][06:59:16] game src/main.rs:148:32 Window: SizeChanged(621, 483)
DEBUG [2022-11-06][06:59:16] game src/main.rs:145:29 Window: Resizing to 621x483
DEBUG [2022-11-06][06:59:16] game src/main.rs:148:32 Window: Exposed
DEBUG [2022-11-06][06:59:16] game src/main.rs:148:32 Window: Moved(492, 172)
DEBUG [2022-11-06][06:59:16] game src/main.rs:148:32 Window: SizeChanged(618, 483)
DEBUG [2022-11-06][06:59:16] game src/main.rs:145:29 Window: Resizing to 618x483
DEBUG [2022-11-06][06:59:16] game src/main.rs:148:32 Window: Exposed
DEBUG [2022-11-06][06:59:16] game src/main.rs:148:32 Window: Moved(520, 172)
DEBUG [2022-11-06][06:59:16] game src/main.rs:148:32 Window: SizeChanged(590, 484)
DEBUG [2022-11-06][06:59:16] game src/main.rs:145:29 Window: Resizing to 590x484
DEBUG [2022-11-06][06:59:16] game src/main.rs:148:32 Window: Exposed
DEBUG [2022-11-06][06:59:16] game src/main.rs:148:32 Window: Moved(539, 172)
DEBUG [2022-11-06][06:59:16] game src/main.rs:148:32 Window: SizeChanged(571, 484)
DEBUG [2022-11-06][06:59:16] game src/main.rs:145:29 Window: Resizing to 571x484
DEBUG [2022-11-06][06:59:16] game src/main.rs:148:32 Window: Exposed
DEBUG [2022-11-06][06:59:16] game src/main.rs:148:32 Window: Moved(558, 172)
DEBUG [2022-11-06][06:59:16] game src/main.rs:148:32 Window: SizeChanged(552, 484)
DEBUG [2022-11-06][06:59:16] game src/main.rs:145:29 Window: Resizing to 552x484
DEBUG [2022-11-06][06:59:16] game src/main.rs:148:32 Window: Exposed
DEBUG [2022-11-06][06:59:16] game src/main.rs:148:32 Window: Moved(565, 172)
DEBUG [2022-11-06][06:59:16] game src/main.rs:148:32 Window: SizeChanged(545, 484)
DEBUG [2022-11-06][06:59:16] game src/main.rs:145:29 Window: Resizing to 545x484
DEBUG [2022-11-06][06:59:16] game src/main.rs:148:32 Window: Exposed
DEBUG [2022-11-06][06:59:16] game src/main.rs:148:32 Window: Moved(573, 172)
DEBUG [2022-11-06][06:59:16] game src/main.rs:148:32 Window: SizeChanged(537, 485)
DEBUG [2022-11-06][06:59:16] game src/main.rs:145:29 Window: Resizing to 537x485
DEBUG [2022-11-06][06:59:16] game src/main.rs:148:32 Window: Exposed
DEBUG [2022-11-06][06:59:16] game src/main.rs:148:32 Window: Moved(575, 172)
DEBUG [2022-11-06][06:59:16] game src/main.rs:148:32 Window: SizeChanged(535, 485)
DEBUG [2022-11-06][06:59:16] game src/main.rs:145:29 Window: Resizing to 535x485
DEBUG [2022-11-06][06:59:16] game src/main.rs:148:32 Window: Exposed
DEBUG [2022-11-06][06:59:16] game src/main.rs:148:32 Window: Moved(576, 172)
DEBUG [2022-11-06][06:59:16] game src/main.rs:148:32 Window: SizeChanged(534, 485)
DEBUG [2022-11-06][06:59:16] game src/main.rs:145:29 Window: Resizing to 534x485
DEBUG [2022-11-06][06:59:16] game src/main.rs:148:32 Window: Exposed
DEBUG [2022-11-06][06:59:16] game src/main.rs:148:32 Window: Moved(583, 172)
DEBUG [2022-11-06][06:59:16] game src/main.rs:148:32 Window: SizeChanged(527, 485)
DEBUG [2022-11-06][06:59:16] game src/main.rs:145:29 Window: Resizing to 527x485
DEBUG [2022-11-06][06:59:16] game src/main.rs:148:32 Window: Exposed
DEBUG [2022-11-06][06:59:16] game src/main.rs:148:32 Window: Moved(589, 172)
DEBUG [2022-11-06][06:59:16] game src/main.rs:148:32 Window: SizeChanged(521, 487)
DEBUG [2022-11-06][06:59:16] game src/main.rs:145:29 Window: Resizing to 521x487
DEBUG [2022-11-06][06:59:16] game src/main.rs:148:32 Window: Exposed
DEBUG [2022-11-06][06:59:16] game src/main.rs:148:32 Window: Moved(605, 172)
DEBUG [2022-11-06][06:59:16] game src/main.rs:148:32 Window: SizeChanged(505, 490)
DEBUG [2022-11-06][06:59:16] game src/main.rs:145:29 Window: Resizing to 505x490
DEBUG [2022-11-06][06:59:16] game src/main.rs:148:32 Window: Exposed
DEBUG [2022-11-06][06:59:16] game src/main.rs:148:32 Window: Moved(611, 172)
DEBUG [2022-11-06][06:59:16] game src/main.rs:148:32 Window: SizeChanged(499, 492)
DEBUG [2022-11-06][06:59:16] game src/main.rs:145:29 Window: Resizing to 499x492
DEBUG [2022-11-06][06:59:16] game src/main.rs:148:32 Window: Exposed
DEBUG [2022-11-06][06:59:16] game src/main.rs:148:32 Window: Moved(624, 172)
DEBUG [2022-11-06][06:59:16] game src/main.rs:148:32 Window: SizeChanged(486, 499)
DEBUG [2022-11-06][06:59:16] game src/main.rs:145:29 Window: Resizing to 486x499
DEBUG [2022-11-06][06:59:16] game src/main.rs:148:32 Window: Exposed
DEBUG [2022-11-06][06:59:16] game src/main.rs:148:32 Window: Moved(625, 172)
DEBUG [2022-11-06][06:59:16] game src/main.rs:148:32 Window: SizeChanged(485, 503)
DEBUG [2022-11-06][06:59:16] game src/main.rs:145:29 Window: Resizing to 485x503
DEBUG [2022-11-06][06:59:16] game src/main.rs:148:32 Window: Exposed
DEBUG [2022-11-06][06:59:16] game src/main.rs:148:32 Window: Moved(631, 172)
DEBUG [2022-11-06][06:59:16] game src/main.rs:148:32 Window: SizeChanged(479, 510)
DEBUG [2022-11-06][06:59:16] game src/main.rs:145:29 Window: Resizing to 479x510
DEBUG [2022-11-06][06:59:16] game src/main.rs:148:32 Window: Exposed
DEBUG [2022-11-06][06:59:16] game src/main.rs:148:32 Window: Moved(635, 172)
DEBUG [2022-11-06][06:59:16] game src/main.rs:148:32 Window: SizeChanged(475, 511)
DEBUG [2022-11-06][06:59:16] game src/main.rs:145:29 Window: Resizing to 475x511
DEBUG [2022-11-06][06:59:16] game src/main.rs:148:32 Window: Exposed
DEBUG [2022-11-06][06:59:16] game src/main.rs:148:32 Window: Moved(646, 172)
DEBUG [2022-11-06][06:59:16] game src/main.rs:148:32 Window: SizeChanged(464, 513)
DEBUG [2022-11-06][06:59:16] game src/main.rs:145:29 Window: Resizing to 464x513
DEBUG [2022-11-06][06:59:16] game src/main.rs:148:32 Window: Exposed
DEBUG [2022-11-06][06:59:16] game src/main.rs:148:32 Window: Moved(650, 172)
DEBUG [2022-11-06][06:59:16] game src/main.rs:148:32 Window: SizeChanged(460, 513)
DEBUG [2022-11-06][06:59:16] game src/main.rs:145:29 Window: Resizing to 460x513
DEBUG [2022-11-06][06:59:16] game src/main.rs:148:32 Window: Exposed
DEBUG [2022-11-06][06:59:16] game src/main.rs:148:32 Window: Moved(670, 172)
DEBUG [2022-11-06][06:59:16] game src/main.rs:148:32 Window: SizeChanged(440, 510)
DEBUG [2022-11-06][06:59:16] game src/main.rs:145:29 Window: Resizing to 440x510
DEBUG [2022-11-06][06:59:16] game src/main.rs:148:32 Window: Exposed
DEBUG [2022-11-06][06:59:16] game src/main.rs:148:32 Window: Moved(682, 172)
DEBUG [2022-11-06][06:59:16] game src/main.rs:148:32 Window: SizeChanged(428, 505)
DEBUG [2022-11-06][06:59:16] game src/main.rs:145:29 Window: Resizing to 428x505
DEBUG [2022-11-06][06:59:16] game src/main.rs:148:32 Window: Exposed
DEBUG [2022-11-06][06:59:16] game src/main.rs:148:32 Window: Moved(697, 172)
DEBUG [2022-11-06][06:59:16] game src/main.rs:148:32 Window: SizeChanged(413, 504)
DEBUG [2022-11-06][06:59:16] game src/main.rs:145:29 Window: Resizing to 413x504
DEBUG [2022-11-06][06:59:16] game src/main.rs:148:32 Window: Exposed
DEBUG [2022-11-06][06:59:17] game src/main.rs:148:32 Window: Moved(704, 172)
DEBUG [2022-11-06][06:59:17] game src/main.rs:148:32 Window: SizeChanged(406, 504)
DEBUG [2022-11-06][06:59:17] game src/main.rs:145:29 Window: Resizing to 406x504
DEBUG [2022-11-06][06:59:17] game src/main.rs:148:32 Window: Exposed
DEBUG [2022-11-06][06:59:17] game src/main.rs:148:32 Window: Moved(705, 172)
DEBUG [2022-11-06][06:59:17] game src/main.rs:148:32 Window: SizeChanged(405, 504)
DEBUG [2022-11-06][06:59:17] game src/main.rs:145:29 Window: Resizing to 405x504
DEBUG [2022-11-06][06:59:17] game src/main.rs:148:32 Window: Exposed
DEBUG [2022-11-06][06:59:17] game src/main.rs:148:32 Window: Moved(706, 172)
DEBUG [2022-11-06][06:59:17] game src/main.rs:148:32 Window: SizeChanged(404, 504)
DEBUG [2022-11-06][06:59:17] game src/main.rs:145:29 Window: Resizing to 404x504
DEBUG [2022-11-06][06:59:17] game src/main.rs:148:32 Window: Exposed
DEBUG [2022-11-06][06:59:17] game src/main.rs:148:32 Window: Moved(709, 172)
DEBUG [2022-11-06][06:59:17] game src/main.rs:148:32 Window: SizeChanged(401, 503)
DEBUG [2022-11-06][06:59:17] game src/main.rs:145:29 Window: Resizing to 401x503
DEBUG [2022-11-06][06:59:17] game src/main.rs:148:32 Window: Exposed
DEBUG [2022-11-06][06:59:17] game src/main.rs:148:32 Window: Moved(713, 172)
DEBUG [2022-11-06][06:59:17] game src/main.rs:148:32 Window: SizeChanged(397, 503)
DEBUG [2022-11-06][06:59:17] game src/main.rs:145:29 Window: Resizing to 397x503
DEBUG [2022-11-06][06:59:17] game src/main.rs:148:32 Window: Exposed
DEBUG [2022-11-06][06:59:17] game src/main.rs:148:32 Window: Moved(724, 172)
DEBUG [2022-11-06][06:59:17] game src/main.rs:148:32 Window: SizeChanged(386, 504)
DEBUG [2022-11-06][06:59:17] game src/main.rs:145:29 Window: Resizing to 386x504
DEBUG [2022-11-06][06:59:17] game src/main.rs:148:32 Window: Exposed
DEBUG [2022-11-06][06:59:17] game src/main.rs:148:32 Window: Moved(729, 172)
DEBUG [2022-11-06][06:59:17] game src/main.rs:148:32 Window: SizeChanged(381, 506)
DEBUG [2022-11-06][06:59:17] game src/main.rs:145:29 Window: Resizing to 381x506
DEBUG [2022-11-06][06:59:17] game src/main.rs:148:32 Window: Exposed
DEBUG [2022-11-06][06:59:17] game src/main.rs:148:32 Window: Moved(739, 172)
DEBUG [2022-11-06][06:59:17] game src/main.rs:148:32 Window: SizeChanged(371, 515)
DEBUG [2022-11-06][06:59:17] game src/main.rs:145:29 Window: Resizing to 371x515
DEBUG [2022-11-06][06:59:17] game src/main.rs:148:32 Window: Exposed
DEBUG [2022-11-06][06:59:17] game src/main.rs:148:32 Window: Moved(742, 172)
DEBUG [2022-11-06][06:59:17] game src/main.rs:148:32 Window: SizeChanged(368, 518)
DEBUG [2022-11-06][06:59:17] game src/main.rs:145:29 Window: Resizing to 368x518
DEBUG [2022-11-06][06:59:17] game src/main.rs:148:32 Window: Exposed
DEBUG [2022-11-06][06:59:17] game src/main.rs:148:32 Window: Moved(744, 172)
DEBUG [2022-11-06][06:59:17] game src/main.rs:148:32 Window: SizeChanged(366, 520)
DEBUG [2022-11-06][06:59:17] game src/main.rs:145:29 Window: Resizing to 366x520
DEBUG [2022-11-06][06:59:17] game src/main.rs:148:32 Window: Exposed
DEBUG [2022-11-06][06:59:17] game src/main.rs:148:32 Window: SizeChanged(366, 522)
DEBUG [2022-11-06][06:59:17] game src/main.rs:145:29 Window: Resizing to 366x522
DEBUG [2022-11-06][06:59:17] game src/main.rs:148:32 Window: Exposed
DEBUG [2022-11-06][06:59:17] game src/main.rs:148:32 Window: Moved(751, 172)
DEBUG [2022-11-06][06:59:17] game src/main.rs:148:32 Window: SizeChanged(359, 539)
DEBUG [2022-11-06][06:59:17] game src/main.rs:145:29 Window: Resizing to 359x539
DEBUG [2022-11-06][06:59:17] game src/main.rs:148:32 Window: Exposed
DEBUG [2022-11-06][06:59:17] game src/main.rs:148:32 Window: Moved(753, 172)
DEBUG [2022-11-06][06:59:17] game src/main.rs:148:32 Window: SizeChanged(357, 546)
DEBUG [2022-11-06][06:59:17] game src/main.rs:145:29 Window: Resizing to 357x546
DEBUG [2022-11-06][06:59:17] game src/main.rs:148:32 Window: Exposed
DEBUG [2022-11-06][06:59:17] game src/main.rs:148:32 Window: Moved(754, 172)
DEBUG [2022-11-06][06:59:17] game src/main.rs:148:32 Window: SizeChanged(356, 547)
DEBUG [2022-11-06][06:59:17] game src/main.rs:145:29 Window: Resizing to 356x547
DEBUG [2022-11-06][06:59:17] game src/main.rs:148:32 Window: Exposed
DEBUG [2022-11-06][06:59:17] game src/main.rs:148:32 Window: Moved(755, 172)
DEBUG [2022-11-06][06:59:17] game src/main.rs:148:32 Window: SizeChanged(355, 541)
DEBUG [2022-11-06][06:59:17] game src/main.rs:145:29 Window: Resizing to 355x541
DEBUG [2022-11-06][06:59:17] game src/main.rs:148:32 Window: Exposed
DEBUG [2022-11-06][06:59:17] game src/main.rs:148:32 Window: SizeChanged(355, 525)
DEBUG [2022-11-06][06:59:17] game src/main.rs:145:29 Window: Resizing to 355x525
DEBUG [2022-11-06][06:59:17] game src/main.rs:148:32 Window: Exposed
DEBUG [2022-11-06][06:59:17] game src/main.rs:148:32 Window: Moved(750, 172)
DEBUG [2022-11-06][06:59:17] game src/main.rs:148:32 Window: SizeChanged(360, 489)
DEBUG [2022-11-06][06:59:17] game src/main.rs:145:29 Window: Resizing to 360x489
DEBUG [2022-11-06][06:59:17] game src/main.rs:148:32 Window: Exposed
DEBUG [2022-11-06][06:59:17] game src/main.rs:148:32 Window: Moved(731, 172)
DEBUG [2022-11-06][06:59:17] game src/main.rs:148:32 Window: SizeChanged(379, 400)
DEBUG [2022-11-06][06:59:17] game src/main.rs:145:29 Window: Resizing to 379x400
DEBUG [2022-11-06][06:59:17] game src/main.rs:148:32 Window: Exposed
DEBUG [2022-11-06][06:59:17] game src/main.rs:148:32 Window: Moved(722, 172)
DEBUG [2022-11-06][06:59:17] game src/main.rs:148:32 Window: SizeChanged(388, 344)
DEBUG [2022-11-06][06:59:17] game src/main.rs:145:29 Window: Resizing to 388x344
DEBUG [2022-11-06][06:59:17] game src/main.rs:148:32 Window: Exposed
DEBUG [2022-11-06][06:59:17] game src/main.rs:148:32 Window: Moved(709, 172)
DEBUG [2022-11-06][06:59:17] game src/main.rs:148:32 Window: SizeChanged(401, 286)
DEBUG [2022-11-06][06:59:17] game src/main.rs:145:29 Window: Resizing to 401x286
DEBUG [2022-11-06][06:59:17] game src/main.rs:148:32 Window: Exposed
DEBUG [2022-11-06][06:59:17] game src/main.rs:148:32 Window: Moved(708, 172)
DEBUG [2022-11-06][06:59:17] game src/main.rs:148:32 Window: SizeChanged(402, 269)
DEBUG [2022-11-06][06:59:17] game src/main.rs:145:29 Window: Resizing to 402x269
DEBUG [2022-11-06][06:59:17] game src/main.rs:148:32 Window: Exposed
DEBUG [2022-11-06][06:59:17] game src/main.rs:148:32 Window: Moved(705, 172)
DEBUG [2022-11-06][06:59:17] game src/main.rs:148:32 Window: SizeChanged(405, 249)
DEBUG [2022-11-06][06:59:17] game src/main.rs:145:29 Window: Resizing to 405x249
DEBUG [2022-11-06][06:59:17] game src/main.rs:148:32 Window: Exposed
DEBUG [2022-11-06][06:59:18] game src/main.rs:148:32 Window: Moved(704, 172)
DEBUG [2022-11-06][06:59:18] game src/main.rs:148:32 Window: SizeChanged(406, 235)
DEBUG [2022-11-06][06:59:18] game src/main.rs:145:29 Window: Resizing to 406x235
DEBUG [2022-11-06][06:59:18] game src/main.rs:148:32 Window: Exposed
DEBUG [2022-11-06][06:59:18] game src/main.rs:148:32 Window: Moved(700, 172)
DEBUG [2022-11-06][06:59:18] game src/main.rs:148:32 Window: SizeChanged(410, 222)
DEBUG [2022-11-06][06:59:18] game src/main.rs:145:29 Window: Resizing to 410x222
DEBUG [2022-11-06][06:59:18] game src/main.rs:148:32 Window: Exposed
DEBUG [2022-11-06][06:59:18] game src/main.rs:148:32 Window: Moved(698, 172)
DEBUG [2022-11-06][06:59:18] game src/main.rs:148:32 Window: SizeChanged(412, 215)
DEBUG [2022-11-06][06:59:18] game src/main.rs:145:29 Window: Resizing to 412x215
DEBUG [2022-11-06][06:59:18] game src/main.rs:148:32 Window: Exposed
DEBUG [2022-11-06][06:59:18] game src/main.rs:148:32 Window: Moved(692, 172)
DEBUG [2022-11-06][06:59:18] game src/main.rs:148:32 Window: SizeChanged(418, 209)
DEBUG [2022-11-06][06:59:18] game src/main.rs:145:29 Window: Resizing to 418x209
DEBUG [2022-11-06][06:59:18] game src/main.rs:148:32 Window: Exposed
DEBUG [2022-11-06][06:59:18] game src/main.rs:148:32 Window: Moved(689, 172)
DEBUG [2022-11-06][06:59:18] game src/main.rs:148:32 Window: SizeChanged(421, 207)
DEBUG [2022-11-06][06:59:18] game src/main.rs:145:29 Window: Resizing to 421x207
DEBUG [2022-11-06][06:59:18] game src/main.rs:148:32 Window: Exposed
DEBUG [2022-11-06][06:59:18] game src/main.rs:148:32 Window: Moved(675, 172)
DEBUG [2022-11-06][06:59:18] game src/main.rs:148:32 Window: SizeChanged(435, 196)
DEBUG [2022-11-06][06:59:18] game src/main.rs:145:29 Window: Resizing to 435x196
DEBUG [2022-11-06][06:59:18] game src/main.rs:148:32 Window: Exposed
DEBUG [2022-11-06][06:59:18] game src/main.rs:148:32 Window: Moved(666, 172)
DEBUG [2022-11-06][06:59:18] game src/main.rs:148:32 Window: SizeChanged(444, 184)
DEBUG [2022-11-06][06:59:18] game src/main.rs:145:29 Window: Resizing to 444x184
DEBUG [2022-11-06][06:59:18] game src/main.rs:148:32 Window: Exposed
DEBUG [2022-11-06][06:59:18] game src/main.rs:148:32 Window: Moved(651, 172)
DEBUG [2022-11-06][06:59:18] game src/main.rs:148:32 Window: SizeChanged(459, 159)
DEBUG [2022-11-06][06:59:18] game src/main.rs:145:29 Window: Resizing to 459x159
DEBUG [2022-11-06][06:59:18] game src/main.rs:148:32 Window: Exposed
DEBUG [2022-11-06][06:59:18] game src/main.rs:148:32 Window: Moved(648, 172)
DEBUG [2022-11-06][06:59:18] game src/main.rs:148:32 Window: SizeChanged(462, 151)
DEBUG [2022-11-06][06:59:18] game src/main.rs:145:29 Window: Resizing to 462x151
DEBUG [2022-11-06][06:59:18] game src/main.rs:148:32 Window: Exposed
DEBUG [2022-11-06][06:59:18] game src/main.rs:148:32 Window: Moved(646, 172)
DEBUG [2022-11-06][06:59:18] game src/main.rs:148:32 Window: SizeChanged(464, 146)
DEBUG [2022-11-06][06:59:18] game src/main.rs:145:29 Window: Resizing to 464x146
DEBUG [2022-11-06][06:59:18] game src/main.rs:148:32 Window: Exposed
DEBUG [2022-11-06][06:59:18] game src/main.rs:148:32 Window: SizeChanged(464, 145)
DEBUG [2022-11-06][06:59:18] game src/main.rs:145:29 Window: Resizing to 464x145
DEBUG [2022-11-06][06:59:18] game src/main.rs:148:32 Window: Exposed
DEBUG [2022-11-06][06:59:18] game src/main.rs:148:32 Window: Moved(645, 172)
DEBUG [2022-11-06][06:59:18] game src/main.rs:148:32 Window: SizeChanged(465, 145)
DEBUG [2022-11-06][06:59:18] game src/main.rs:145:29 Window: Resizing to 465x145
DEBUG [2022-11-06][06:59:18] game src/main.rs:148:32 Window: Exposed
DEBUG [2022-11-06][06:59:18] game src/main.rs:148:32 Window: Moved(641, 172)
DEBUG [2022-11-06][06:59:18] game src/main.rs:148:32 Window: SizeChanged(469, 160)
DEBUG [2022-11-06][06:59:18] game src/main.rs:145:29 Window: Resizing to 469x160
DEBUG [2022-11-06][06:59:18] game src/main.rs:148:32 Window: Exposed
DEBUG [2022-11-06][06:59:18] game src/main.rs:148:32 Window: Moved(633, 172)
DEBUG [2022-11-06][06:59:18] game src/main.rs:148:32 Window: SizeChanged(477, 189)
DEBUG [2022-11-06][06:59:18] game src/main.rs:145:29 Window: Resizing to 477x189
DEBUG [2022-11-06][06:59:18] game src/main.rs:148:32 Window: Exposed
DEBUG [2022-11-06][06:59:18] game src/main.rs:148:32 Window: Moved(612, 172)
DEBUG [2022-11-06][06:59:18] game src/main.rs:148:32 Window: SizeChanged(498, 264)
DEBUG [2022-11-06][06:59:18] game src/main.rs:145:29 Window: Resizing to 498x264
DEBUG [2022-11-06][06:59:18] game src/main.rs:148:32 Window: Exposed
DEBUG [2022-11-06][06:59:18] game src/main.rs:148:32 Window: Moved(583, 172)
DEBUG [2022-11-06][06:59:18] game src/main.rs:148:32 Window: SizeChanged(527, 335)
DEBUG [2022-11-06][06:59:18] game src/main.rs:145:29 Window: Resizing to 527x335
DEBUG [2022-11-06][06:59:18] game src/main.rs:148:32 Window: Exposed
DEBUG [2022-11-06][06:59:18] game src/main.rs:148:32 Window: Moved(517, 172)
DEBUG [2022-11-06][06:59:18] game src/main.rs:148:32 Window: SizeChanged(593, 463)
DEBUG [2022-11-06][06:59:18] game src/main.rs:145:29 Window: Resizing to 593x463
DEBUG [2022-11-06][06:59:18] game src/main.rs:148:32 Window: Exposed
DEBUG [2022-11-06][06:59:18] game src/main.rs:148:32 Window: Moved(501, 172)
DEBUG [2022-11-06][06:59:18] game src/main.rs:148:32 Window: SizeChanged(609, 499)
DEBUG [2022-11-06][06:59:18] game src/main.rs:145:29 Window: Resizing to 609x499
DEBUG [2022-11-06][06:59:18] game src/main.rs:148:32 Window: Exposed
DEBUG [2022-11-06][06:59:18] game src/main.rs:148:32 Window: Moved(489, 172)
DEBUG [2022-11-06][06:59:18] game src/main.rs:148:32 Window: SizeChanged(621, 530)
DEBUG [2022-11-06][06:59:18] game src/main.rs:145:29 Window: Resizing to 621x530
DEBUG [2022-11-06][06:59:18] game src/main.rs:148:32 Window: Exposed
DEBUG [2022-11-06][06:59:19] game src/main.rs:148:32 Window: SizeChanged(621, 529)
DEBUG [2022-11-06][06:59:19] game src/main.rs:145:29 Window: Resizing to 621x529
DEBUG [2022-11-06][06:59:19] game src/main.rs:148:32 Window: Exposed
DEBUG [2022-11-06][06:59:19] game src/main.rs:148:32 Window: Moved(482, 172)
DEBUG [2022-11-06][06:59:19] game src/main.rs:148:32 Window: SizeChanged(628, 517)
DEBUG [2022-11-06][06:59:19] game src/main.rs:145:29 Window: Resizing to 628x517
DEBUG [2022-11-06][06:59:19] game src/main.rs:148:32 Window: Exposed
DEBUG [2022-11-06][06:59:19] game src/main.rs:148:32 Window: Moved(477, 172)
DEBUG [2022-11-06][06:59:19] game src/main.rs:148:32 Window: SizeChanged(633, 511)
DEBUG [2022-11-06][06:59:19] game src/main.rs:145:29 Window: Resizing to 633x511
DEBUG [2022-11-06][06:59:19] game src/main.rs:148:32 Window: Exposed
DEBUG [2022-11-06][06:59:19] game src/main.rs:148:32 Window: Moved(471, 172)
DEBUG [2022-11-06][06:59:19] game src/main.rs:148:32 Window: SizeChanged(639, 508)
DEBUG [2022-11-06][06:59:19] game src/main.rs:145:29 Window: Resizing to 639x508
DEBUG [2022-11-06][06:59:19] game src/main.rs:148:32 Window: Exposed
DEBUG [2022-11-06][06:59:19] game src/main.rs:148:32 Window: Moved(469, 172)
DEBUG [2022-11-06][06:59:19] game src/main.rs:148:32 Window: SizeChanged(641, 508)
DEBUG [2022-11-06][06:59:19] game src/main.rs:145:29 Window: Resizing to 641x508
DEBUG [2022-11-06][06:59:19] game src/main.rs:148:32 Window: Exposed
DEBUG [2022-11-06][06:59:19] game src/main.rs:148:32 Window: Moved(468, 172)
DEBUG [2022-11-06][06:59:19] game src/main.rs:148:32 Window: SizeChanged(642, 508)
DEBUG [2022-11-06][06:59:19] game src/main.rs:145:29 Window: Resizing to 642x508
DEBUG [2022-11-06][06:59:19] game src/main.rs:148:32 Window: Exposed
DEBUG [2022-11-06][06:59:19] game src/main.rs:148:32 Window: Enter
DEBUG [2022-11-06][06:59:19] game src/main.rs:148:32 Window: Leave
DEBUG [2022-11-06][06:59:20] game src/main.rs:148:32 Window: Close
