DEBUG [2022-11-06][10:10:07] game src/main.rs:158:32 Window: Shown
DEBUG [2022-11-06][10:10:07] game src/main.rs:158:32 Window: Moved(256, 172)
DEBUG [2022-11-06][10:10:07] game src/main.rs:158:32 Window: Exposed
DEBUG [2022-11-06][10:10:07] game src/main.rs:158:32 Window: FocusGained
DEBUG [2022-11-06][10:10:07] game src/main.rs:158:32 Window: TakeFocus
DEBUG [2022-11-06][10:10:08] game src/main.rs:158:32 Window: Enter
DEBUG [2022-11-06][10:10:09] game src/main.rs:158:32 Window: Leave
DEBUG [2022-11-06][10:10:09] game src/main.rs:158:32 Window: TakeFocus
DEBUG [2022-11-06][10:10:09] game src/main.rs:158:32 Window: TakeFocus
DEBUG [2022-11-06][10:10:09] game src/main.rs:158:32 Window: Moved(256, 171)
DEBUG [2022-11-06][10:10:09] game src/main.rs:158:32 Window: SizeChanged(854, 481)
DEBUG [2022-11-06][10:10:09] game src/main.rs:154:29 Window: Resizing to 854x481
DEBUG [2022-11-06][10:10:09] game src/main.rs:158:32 Window: Exposed
DEBUG [2022-11-06][10:10:09] game src/main.rs:158:32 Window: Moved(256, 119)
DEBUG [2022-11-06][10:10:09] game src/main.rs:158:32 Window: SizeChanged(854, 533)
DEBUG [2022-11-06][10:10:09] game src/main.rs:154:29 Window: Resizing to 854x533
DEBUG [2022-11-06][10:10:09] game src/main.rs:158:32 Window: Exposed
DEBUG [2022-11-06][10:10:09] game src/main.rs:158:32 Window: Moved(256, 108)
DEBUG [2022-11-06][10:10:09] game src/main.rs:158:32 Window: SizeChanged(854, 544)
DEBUG [2022-11-06][10:10:09] game src/main.rs:154:29 Window: Resizing to 854x544
DEBUG [2022-11-06][10:10:09] game src/main.rs:158:32 Window: Exposed
DEBUG [2022-11-06][10:10:09] game src/main.rs:158:32 Window: Moved(256, 96)
DEBUG [2022-11-06][10:10:09] game src/main.rs:158:32 Window: SizeChanged(854, 556)
DEBUG [2022-11-06][10:10:09] game src/main.rs:154:29 Window: Resizing to 854x556
DEBUG [2022-11-06][10:10:09] game src/main.rs:158:32 Window: Exposed
DEBUG [2022-11-06][10:10:09] game src/main.rs:158:32 Window: Moved(256, 74)
DEBUG [2022-11-06][10:10:09] game src/main.rs:158:32 Window: SizeChanged(854, 578)
DEBUG [2022-11-06][10:10:09] game src/main.rs:154:29 Window: Resizing to 854x578
DEBUG [2022-11-06][10:10:09] game src/main.rs:158:32 Window: Exposed
DEBUG [2022-11-06][10:10:10] game src/main.rs:158:32 Window: Moved(256, 72)
DEBUG [2022-11-06][10:10:10] game src/main.rs:158:32 Window: SizeChanged(854, 580)
DEBUG [2022-11-06][10:10:10] game src/main.rs:154:29 Window: Resizing to 854x580
DEBUG [2022-11-06][10:10:10] game src/main.rs:158:32 Window: Exposed
DEBUG [2022-11-06][10:10:10] game src/main.rs:158:32 Window: Moved(256, 74)
DEBUG [2022-11-06][10:10:10] game src/main.rs:158:32 Window: SizeChanged(854, 578)
DEBUG [2022-11-06][10:10:10] game src/main.rs:154:29 Window: Resizing to 854x578
DEBUG [2022-11-06][10:10:10] game src/main.rs:158:32 Window: Exposed
DEBUG [2022-11-06][10:10:10] game src/main.rs:158:32 Window: Moved(256, 103)
DEBUG [2022-11-06][10:10:10] game src/main.rs:158:32 Window: SizeChanged(854, 549)
DEBUG [2022-11-06][10:10:10] game src/main.rs:154:29 Window: Resizing to 854x549
DEBUG [2022-11-06][10:10:10] game src/main.rs:158:32 Window: Exposed
DEBUG [2022-11-06][10:10:10] game src/main.rs:158:32 Window: Moved(256, 117)
DEBUG [2022-11-06][10:10:10] game src/main.rs:158:32 Window: SizeChanged(854, 535)
DEBUG [2022-11-06][10:10:10] game src/main.rs:154:29 Window: Resizing to 854x535
DEBUG [2022-11-06][10:10:10] game src/main.rs:158:32 Window: Exposed
DEBUG [2022-11-06][10:10:10] game src/main.rs:158:32 Window: Moved(256, 150)
DEBUG [2022-11-06][10:10:10] game src/main.rs:158:32 Window: SizeChanged(854, 502)
DEBUG [2022-11-06][10:10:10] game src/main.rs:154:29 Window: Resizing to 854x502
DEBUG [2022-11-06][10:10:10] game src/main.rs:158:32 Window: Exposed
DEBUG [2022-11-06][10:10:10] game src/main.rs:158:32 Window: Moved(256, 159)
DEBUG [2022-11-06][10:10:10] game src/main.rs:158:32 Window: SizeChanged(854, 493)
DEBUG [2022-11-06][10:10:10] game src/main.rs:154:29 Window: Resizing to 854x493
DEBUG [2022-11-06][10:10:10] game src/main.rs:158:32 Window: Exposed
DEBUG [2022-11-06][10:10:10] game src/main.rs:158:32 Window: Moved(256, 195)
DEBUG [2022-11-06][10:10:10] game src/main.rs:158:32 Window: SizeChanged(854, 457)
DEBUG [2022-11-06][10:10:10] game src/main.rs:154:29 Window: Resizing to 854x457
DEBUG [2022-11-06][10:10:10] game src/main.rs:158:32 Window: Exposed
DEBUG [2022-11-06][10:10:10] game src/main.rs:158:32 Window: Moved(256, 201)
DEBUG [2022-11-06][10:10:10] game src/main.rs:158:32 Window: SizeChanged(854, 451)
DEBUG [2022-11-06][10:10:10] game src/main.rs:154:29 Window: Resizing to 854x451
DEBUG [2022-11-06][10:10:10] game src/main.rs:158:32 Window: Exposed
DEBUG [2022-11-06][10:10:10] game src/main.rs:158:32 Window: Moved(256, 204)
DEBUG [2022-11-06][10:10:10] game src/main.rs:158:32 Window: SizeChanged(854, 448)
DEBUG [2022-11-06][10:10:10] game src/main.rs:154:29 Window: Resizing to 854x448
DEBUG [2022-11-06][10:10:10] game src/main.rs:158:32 Window: Exposed
DEBUG [2022-11-06][10:10:10] game src/main.rs:158:32 Window: Moved(256, 202)
DEBUG [2022-11-06][10:10:10] game src/main.rs:158:32 Window: SizeChanged(854, 450)
DEBUG [2022-11-06][10:10:10] game src/main.rs:154:29 Window: Resizing to 854x450
DEBUG [2022-11-06][10:10:10] game src/main.rs:158:32 Window: Exposed
DEBUG [2022-11-06][10:10:10] game src/main.rs:158:32 Window: Moved(256, 113)
DEBUG [2022-11-06][10:10:10] game src/main.rs:158:32 Window: SizeChanged(854, 539)
DEBUG [2022-11-06][10:10:10] game src/main.rs:154:29 Window: Resizing to 854x539
DEBUG [2022-11-06][10:10:10] game src/main.rs:158:32 Window: Exposed
DEBUG [2022-11-06][10:10:10] game src/main.rs:158:32 Window: Moved(256, 86)
DEBUG [2022-11-06][10:10:10] game src/main.rs:158:32 Window: SizeChanged(854, 566)
DEBUG [2022-11-06][10:10:10] game src/main.rs:154:29 Window: Resizing to 854x566
DEBUG [2022-11-06][10:10:10] game src/main.rs:158:32 Window: Exposed
DEBUG [2022-11-06][10:10:10] game src/main.rs:158:32 Window: Moved(256, 30)
DEBUG [2022-11-06][10:10:10] game src/main.rs:158:32 Window: SizeChanged(854, 622)
DEBUG [2022-11-06][10:10:10] game src/main.rs:154:29 Window: Resizing to 854x622
DEBUG [2022-11-06][10:10:10] game src/main.rs:158:32 Window: Exposed
DEBUG [2022-11-06][10:10:11] game src/main.rs:158:32 Window: Moved(256, 31)
DEBUG [2022-11-06][10:10:11] game src/main.rs:158:32 Window: SizeChanged(854, 621)
DEBUG [2022-11-06][10:10:11] game src/main.rs:154:29 Window: Resizing to 854x621
DEBUG [2022-11-06][10:10:11] game src/main.rs:158:32 Window: Exposed
DEBUG [2022-11-06][10:10:11] game src/main.rs:158:32 Window: Moved(256, 48)
DEBUG [2022-11-06][10:10:11] game src/main.rs:158:32 Window: SizeChanged(854, 604)
DEBUG [2022-11-06][10:10:11] game src/main.rs:154:29 Window: Resizing to 854x604
DEBUG [2022-11-06][10:10:11] game src/main.rs:158:32 Window: Exposed
DEBUG [2022-11-06][10:10:11] game src/main.rs:158:32 Window: Moved(256, 65)
DEBUG [2022-11-06][10:10:11] game src/main.rs:158:32 Window: SizeChanged(854, 587)
DEBUG [2022-11-06][10:10:11] game src/main.rs:154:29 Window: Resizing to 854x587
DEBUG [2022-11-06][10:10:11] game src/main.rs:158:32 Window: Exposed
DEBUG [2022-11-06][10:10:11] game src/main.rs:158:32 Window: Moved(256, 99)
DEBUG [2022-11-06][10:10:11] game src/main.rs:158:32 Window: SizeChanged(854, 553)
DEBUG [2022-11-06][10:10:11] game src/main.rs:154:29 Window: Resizing to 854x553
DEBUG [2022-11-06][10:10:11] game src/main.rs:158:32 Window: Exposed
DEBUG [2022-11-06][10:10:11] game src/main.rs:158:32 Window: Moved(256, 101)
DEBUG [2022-11-06][10:10:11] game src/main.rs:158:32 Window: SizeChanged(854, 551)
DEBUG [2022-11-06][10:10:11] game src/main.rs:154:29 Window: Resizing to 854x551
DEBUG [2022-11-06][10:10:11] game src/main.rs:158:32 Window: Exposed
DEBUG [2022-11-06][10:10:11] game src/main.rs:158:32 Window: Enter
DEBUG [2022-11-06][10:10:11] game src/main.rs:158:32 Window: Leave
DEBUG [2022-11-06][10:10:11] game src/main.rs:158:32 Window: Enter
DEBUG [2022-11-06][10:10:12] game src/main.rs:158:32 Window: Leave
DEBUG [2022-11-06][10:10:12] game src/main.rs:158:32 Window: TakeFocus
DEBUG [2022-11-06][10:10:12] game src/main.rs:158:32 Window: TakeFocus
DEBUG [2022-11-06][10:10:12] game src/main.rs:158:32 Window: SizeChanged(849, 551)
DEBUG [2022-11-06][10:10:12] game src/main.rs:154:29 Window: Resizing to 849x551
DEBUG [2022-11-06][10:10:12] game src/main.rs:158:32 Window: Exposed
DEBUG [2022-11-06][10:10:12] game src/main.rs:158:32 Window: SizeChanged(813, 551)
DEBUG [2022-11-06][10:10:12] game src/main.rs:154:29 Window: Resizing to 813x551
DEBUG [2022-11-06][10:10:12] game src/main.rs:158:32 Window: Exposed
DEBUG [2022-11-06][10:10:12] game src/main.rs:158:32 Window: SizeChanged(787, 551)
DEBUG [2022-11-06][10:10:12] game src/main.rs:154:29 Window: Resizing to 787x551
DEBUG [2022-11-06][10:10:12] game src/main.rs:158:32 Window: Exposed
DEBUG [2022-11-06][10:10:12] game src/main.rs:158:32 Window: SizeChanged(737, 551)
DEBUG [2022-11-06][10:10:12] game src/main.rs:154:29 Window: Resizing to 737x551
DEBUG [2022-11-06][10:10:12] game src/main.rs:158:32 Window: Exposed
DEBUG [2022-11-06][10:10:13] game src/main.rs:158:32 Window: SizeChanged(670, 551)
DEBUG [2022-11-06][10:10:13] game src/main.rs:154:29 Window: Resizing to 670x551
DEBUG [2022-11-06][10:10:13] game src/main.rs:158:32 Window: Exposed
DEBUG [2022-11-06][10:10:13] game src/main.rs:158:32 Window: SizeChanged(644, 551)
DEBUG [2022-11-06][10:10:13] game src/main.rs:154:29 Window: Resizing to 644x551
DEBUG [2022-11-06][10:10:13] game src/main.rs:158:32 Window: Exposed
DEBUG [2022-11-06][10:10:13] game src/main.rs:158:32 Window: SizeChanged(639, 551)
DEBUG [2022-11-06][10:10:13] game src/main.rs:154:29 Window: Resizing to 639x551
DEBUG [2022-11-06][10:10:13] game src/main.rs:158:32 Window: Exposed
DEBUG [2022-11-06][10:10:13] game src/main.rs:158:32 Window: SizeChanged(599, 551)
DEBUG [2022-11-06][10:10:13] game src/main.rs:154:29 Window: Resizing to 599x551
DEBUG [2022-11-06][10:10:13] game src/main.rs:158:32 Window: Exposed
DEBUG [2022-11-06][10:10:13] game src/main.rs:158:32 Window: SizeChanged(587, 551)
DEBUG [2022-11-06][10:10:13] game src/main.rs:154:29 Window: Resizing to 587x551
DEBUG [2022-11-06][10:10:13] game src/main.rs:158:32 Window: Exposed
DEBUG [2022-11-06][10:10:13] game src/main.rs:158:32 Window: SizeChanged(564, 551)
DEBUG [2022-11-06][10:10:13] game src/main.rs:154:29 Window: Resizing to 564x551
DEBUG [2022-11-06][10:10:13] game src/main.rs:158:32 Window: Exposed
DEBUG [2022-11-06][10:10:13] game src/main.rs:158:32 Window: SizeChanged(561, 551)
DEBUG [2022-11-06][10:10:13] game src/main.rs:154:29 Window: Resizing to 561x551
DEBUG [2022-11-06][10:10:13] game src/main.rs:158:32 Window: Exposed
DEBUG [2022-11-06][10:10:13] game src/main.rs:158:32 Window: SizeChanged(552, 551)
DEBUG [2022-11-06][10:10:13] game src/main.rs:154:29 Window: Resizing to 552x551
DEBUG [2022-11-06][10:10:13] game src/main.rs:158:32 Window: Exposed
DEBUG [2022-11-06][10:10:13] game src/main.rs:158:32 Window: SizeChanged(541, 551)
DEBUG [2022-11-06][10:10:13] game src/main.rs:154:29 Window: Resizing to 541x551
DEBUG [2022-11-06][10:10:13] game src/main.rs:158:32 Window: Exposed
DEBUG [2022-11-06][10:10:13] game src/main.rs:158:32 Window: SizeChanged(492, 551)
DEBUG [2022-11-06][10:10:13] game src/main.rs:154:29 Window: Resizing to 492x551
DEBUG [2022-11-06][10:10:13] game src/main.rs:158:32 Window: Exposed
DEBUG [2022-11-06][10:10:13] game src/main.rs:158:32 Window: SizeChanged(471, 551)
DEBUG [2022-11-06][10:10:13] game src/main.rs:154:29 Window: Resizing to 471x551
DEBUG [2022-11-06][10:10:13] game src/main.rs:158:32 Window: Exposed
DEBUG [2022-11-06][10:10:13] game src/main.rs:158:32 Window: SizeChanged(438, 551)
DEBUG [2022-11-06][10:10:13] game src/main.rs:154:29 Window: Resizing to 438x551
DEBUG [2022-11-06][10:10:13] game src/main.rs:158:32 Window: Exposed
DEBUG [2022-11-06][10:10:13] game src/main.rs:158:32 Window: SizeChanged(432, 551)
DEBUG [2022-11-06][10:10:13] game src/main.rs:154:29 Window: Resizing to 432x551
DEBUG [2022-11-06][10:10:13] game src/main.rs:158:32 Window: Exposed
DEBUG [2022-11-06][10:10:13] game src/main.rs:158:32 Window: SizeChanged(390, 551)
DEBUG [2022-11-06][10:10:13] game src/main.rs:154:29 Window: Resizing to 390x551
DEBUG [2022-11-06][10:10:13] game src/main.rs:158:32 Window: Exposed
DEBUG [2022-11-06][10:10:13] game src/main.rs:158:32 Window: SizeChanged(366, 551)
DEBUG [2022-11-06][10:10:13] game src/main.rs:154:29 Window: Resizing to 366x551
DEBUG [2022-11-06][10:10:13] game src/main.rs:158:32 Window: Exposed
DEBUG [2022-11-06][10:10:13] game src/main.rs:158:32 Window: SizeChanged(269, 551)
DEBUG [2022-11-06][10:10:13] game src/main.rs:154:29 Window: Resizing to 269x551
DEBUG [2022-11-06][10:10:13] game src/main.rs:158:32 Window: Exposed
DEBUG [2022-11-06][10:10:13] game src/main.rs:158:32 Window: SizeChanged(258, 551)
DEBUG [2022-11-06][10:10:13] game src/main.rs:154:29 Window: Resizing to 258x551
DEBUG [2022-11-06][10:10:13] game src/main.rs:158:32 Window: Exposed
DEBUG [2022-11-06][10:10:13] game src/main.rs:158:32 Window: SizeChanged(252, 551)
DEBUG [2022-11-06][10:10:13] game src/main.rs:154:29 Window: Resizing to 252x551
DEBUG [2022-11-06][10:10:13] game src/main.rs:158:32 Window: Exposed
DEBUG [2022-11-06][10:10:14] game src/main.rs:158:32 Window: SizeChanged(256, 551)
DEBUG [2022-11-06][10:10:14] game src/main.rs:154:29 Window: Resizing to 256x551
DEBUG [2022-11-06][10:10:14] game src/main.rs:158:32 Window: Exposed
DEBUG [2022-11-06][10:10:14] game src/main.rs:158:32 Window: SizeChanged(344, 551)
DEBUG [2022-11-06][10:10:14] game src/main.rs:154:29 Window: Resizing to 344x551
DEBUG [2022-11-06][10:10:14] game src/main.rs:158:32 Window: Exposed
DEBUG [2022-11-06][10:10:14] game src/main.rs:158:32 Window: SizeChanged(406, 551)
DEBUG [2022-11-06][10:10:14] game src/main.rs:154:29 Window: Resizing to 406x551
DEBUG [2022-11-06][10:10:14] game src/main.rs:158:32 Window: Exposed
DEBUG [2022-11-06][10:10:14] game src/main.rs:158:32 Window: SizeChanged(641, 551)
DEBUG [2022-11-06][10:10:14] game src/main.rs:154:29 Window: Resizing to 641x551
DEBUG [2022-11-06][10:10:14] game src/main.rs:158:32 Window: Exposed
DEBUG [2022-11-06][10:10:14] game src/main.rs:158:32 Window: SizeChanged(687, 551)
DEBUG [2022-11-06][10:10:14] game src/main.rs:154:29 Window: Resizing to 687x551
DEBUG [2022-11-06][10:10:14] game src/main.rs:158:32 Window: Exposed
DEBUG [2022-11-06][10:10:14] game src/main.rs:158:32 Window: SizeChanged(845, 551)
DEBUG [2022-11-06][10:10:14] game src/main.rs:154:29 Window: Resizing to 845x551
DEBUG [2022-11-06][10:10:14] game src/main.rs:158:32 Window: Exposed
DEBUG [2022-11-06][10:10:14] game src/main.rs:158:32 Window: SizeChanged(859, 551)
DEBUG [2022-11-06][10:10:14] game src/main.rs:154:29 Window: Resizing to 859x551
DEBUG [2022-11-06][10:10:14] game src/main.rs:158:32 Window: Exposed
DEBUG [2022-11-06][10:10:14] game src/main.rs:158:32 Window: SizeChanged(868, 551)
DEBUG [2022-11-06][10:10:14] game src/main.rs:154:29 Window: Resizing to 868x551
DEBUG [2022-11-06][10:10:14] game src/main.rs:158:32 Window: Exposed
DEBUG [2022-11-06][10:10:14] game src/main.rs:158:32 Window: Enter
DEBUG [2022-11-06][10:10:14] game src/main.rs:158:32 Window: Leave
DEBUG [2022-11-06][10:10:15] game src/main.rs:158:32 Window: TakeFocus
DEBUG [2022-11-06][10:10:15] game src/main.rs:158:32 Window: TakeFocus
DEBUG [2022-11-06][10:10:15] game src/main.rs:158:32 Window: Close
