ERROR [2022-11-06][11:25:13] game src/main.rs:66:17 Cannot create vertex shader: 0:20(41): error: `vertCamera' undeclared
0:20(41): error: type mismatch
0:20(20): error: operands to arithmetic operators must be numeric
0:23(27): error: size mismatch for matrix multiplication
0:23(27): error: operands to arithmetic operators must be numeric
0:24(23): warning: `projectedVert_tmp' used uninitialized
0:24(47): error: `projectedVert' undeclared
0:24(47): error: type mismatch
0:24(23): error: operands to arithmetic operators must be numeric
0:25(16): warning: `projectedVert' used uninitialized
0:25(2): error: value of type vec3 cannot be assigned to variable of type vec4

ERROR [2022-11-06][11:25:13] game src/main.rs:89:9 Cannot link program: error: linking with uncompiled/unspecialized shader
INFO [2022-11-06][11:25:13] game src/main.rs:268:9 angle=90 camera_z=-5
INFO [2022-11-06][11:25:13] game src/main.rs:268:9 angle=90 camera_z=-5
INFO [2022-11-06][11:25:13] game src/main.rs:268:9 angle=90 camera_z=-5
INFO [2022-11-06][11:25:13] game src/main.rs:268:9 angle=90 camera_z=-5
INFO [2022-11-06][11:25:13] game src/main.rs:268:9 angle=90 camera_z=-5
INFO [2022-11-06][11:25:13] game src/main.rs:268:9 angle=90 camera_z=-5
INFO [2022-11-06][11:25:13] game src/main.rs:268:9 angle=90 camera_z=-5
INFO [2022-11-06][11:25:13] game src/main.rs:268:9 angle=90 camera_z=-5
INFO [2022-11-06][11:25:13] game src/main.rs:268:9 angle=90 camera_z=-5
INFO [2022-11-06][11:25:13] game src/main.rs:268:9 angle=90 camera_z=-5
INFO [2022-11-06][11:25:13] game src/main.rs:268:9 angle=90 camera_z=-5
INFO [2022-11-06][11:25:13] game src/main.rs:268:9 angle=90 camera_z=-5
INFO [2022-11-06][11:25:13] game src/main.rs:268:9 angle=90 camera_z=-5
INFO [2022-11-06][11:25:13] game src/main.rs:268:9 angle=90 camera_z=-5
INFO [2022-11-06][11:25:13] game src/main.rs:268:9 angle=90 camera_z=-5
INFO [2022-11-06][11:25:13] game src/main.rs:268:9 angle=90 camera_z=-5
INFO [2022-11-06][11:25:13] game src/main.rs:268:9 angle=90 camera_z=-5
INFO [2022-11-06][11:25:13] game src/main.rs:268:9 angle=90 camera_z=-5
INFO [2022-11-06][11:25:13] game src/main.rs:268:9 angle=90 camera_z=-5
INFO [2022-11-06][11:25:13] game src/main.rs:268:9 angle=90 camera_z=-5
INFO [2022-11-06][11:25:13] game src/main.rs:268:9 angle=90 camera_z=-5
INFO [2022-11-06][11:25:13] game src/main.rs:268:9 angle=90 camera_z=-5
INFO [2022-11-06][11:25:13] game src/main.rs:268:9 angle=90 camera_z=-5
INFO [2022-11-06][11:25:13] game src/main.rs:268:9 angle=90 camera_z=-5
INFO [2022-11-06][11:25:13] game src/main.rs:268:9 angle=90 camera_z=-5
INFO [2022-11-06][11:25:13] game src/main.rs:268:9 angle=90 camera_z=-5
INFO [2022-11-06][11:25:13] game src/main.rs:268:9 angle=90 camera_z=-5
INFO [2022-11-06][11:25:13] game src/main.rs:268:9 angle=90 camera_z=-5
INFO [2022-11-06][11:25:13] game src/main.rs:268:9 angle=90 camera_z=-5
INFO [2022-11-06][11:25:13] game src/main.rs:268:9 angle=90 camera_z=-5
INFO [2022-11-06][11:25:13] game src/main.rs:268:9 angle=90 camera_z=-5
INFO [2022-11-06][11:25:13] game src/main.rs:268:9 angle=90 camera_z=-5
INFO [2022-11-06][11:25:13] game src/main.rs:268:9 angle=90 camera_z=-5
INFO [2022-11-06][11:25:13] game src/main.rs:268:9 angle=90 camera_z=-5
INFO [2022-11-06][11:25:13] game src/main.rs:268:9 angle=90 camera_z=-5
INFO [2022-11-06][11:25:13] game src/main.rs:268:9 angle=90 camera_z=-5
INFO [2022-11-06][11:25:13] game src/main.rs:268:9 angle=90 camera_z=-5
INFO [2022-11-06][11:25:13] game src/main.rs:268:9 angle=90 camera_z=-5
INFO [2022-11-06][11:25:13] game src/main.rs:268:9 angle=90 camera_z=-5
INFO [2022-11-06][11:25:13] game src/main.rs:268:9 angle=90 camera_z=-5
INFO [2022-11-06][11:25:13] game src/main.rs:268:9 angle=90 camera_z=-5
INFO [2022-11-06][11:25:13] game src/main.rs:268:9 angle=90 camera_z=-5
INFO [2022-11-06][11:25:13] game src/main.rs:268:9 angle=90 camera_z=-5
INFO [2022-11-06][11:25:13] game src/main.rs:268:9 angle=90 camera_z=-5
INFO [2022-11-06][11:25:13] game src/main.rs:268:9 angle=90 camera_z=-5
INFO [2022-11-06][11:25:13] game src/main.rs:268:9 angle=90 camera_z=-5
INFO [2022-11-06][11:25:13] game src/main.rs:268:9 angle=90 camera_z=-5
INFO [2022-11-06][11:25:13] game src/main.rs:268:9 angle=90 camera_z=-5
INFO [2022-11-06][11:25:13] game src/main.rs:268:9 angle=90 camera_z=-5
INFO [2022-11-06][11:25:13] game src/main.rs:268:9 angle=90 camera_z=-5
INFO [2022-11-06][11:25:13] game src/main.rs:268:9 angle=90 camera_z=-5
INFO [2022-11-06][11:25:13] game src/main.rs:268:9 angle=90 camera_z=-5
INFO [2022-11-06][11:25:13] game src/main.rs:268:9 angle=90 camera_z=-5
INFO [2022-11-06][11:25:13] game src/main.rs:268:9 angle=90 camera_z=-5
INFO [2022-11-06][11:25:13] game src/main.rs:268:9 angle=90 camera_z=-5
INFO [2022-11-06][11:25:13] game src/main.rs:268:9 angle=90 camera_z=-5
INFO [2022-11-06][11:25:13] game src/main.rs:268:9 angle=90 camera_z=-5
INFO [2022-11-06][11:25:13] game src/main.rs:268:9 angle=90 camera_z=-5
INFO [2022-11-06][11:25:13] game src/main.rs:268:9 angle=90 camera_z=-5
INFO [2022-11-06][11:25:13] game src/main.rs:268:9 angle=90 camera_z=-5
INFO [2022-11-06][11:25:13] game src/main.rs:268:9 angle=90 camera_z=-5
INFO [2022-11-06][11:25:13] game src/main.rs:268:9 angle=90 camera_z=-5
INFO [2022-11-06][11:25:13] game src/main.rs:268:9 angle=90 camera_z=-5
INFO [2022-11-06][11:25:13] game src/main.rs:268:9 angle=90 camera_z=-5
INFO [2022-11-06][11:25:13] game src/main.rs:268:9 angle=90 camera_z=-5
INFO [2022-11-06][11:25:13] game src/main.rs:268:9 angle=90 camera_z=-5
INFO [2022-11-06][11:25:13] game src/main.rs:268:9 angle=90 camera_z=-5
INFO [2022-11-06][11:25:13] game src/main.rs:268:9 angle=90 camera_z=-5
INFO [2022-11-06][11:25:13] game src/main.rs:268:9 angle=90 camera_z=-5
INFO [2022-11-06][11:25:13] game src/main.rs:268:9 angle=90 camera_z=-5
INFO [2022-11-06][11:25:13] game src/main.rs:268:9 angle=90 camera_z=-5
INFO [2022-11-06][11:25:13] game src/main.rs:268:9 angle=90 camera_z=-5
INFO [2022-11-06][11:25:13] game src/main.rs:268:9 angle=90 camera_z=-5
INFO [2022-11-06][11:25:13] game src/main.rs:268:9 angle=90 camera_z=-5
INFO [2022-11-06][11:25:13] game src/main.rs:268:9 angle=90 camera_z=-5
INFO [2022-11-06][11:25:13] game src/main.rs:268:9 angle=90 camera_z=-5
INFO [2022-11-06][11:25:14] game src/main.rs:268:9 angle=90 camera_z=-5
INFO [2022-11-06][11:25:14] game src/main.rs:268:9 angle=90 camera_z=-5
INFO [2022-11-06][11:25:14] game src/main.rs:268:9 angle=89 camera_z=-5
INFO [2022-11-06][11:25:14] game src/main.rs:268:9 angle=89 camera_z=-5
INFO [2022-11-06][11:25:14] game src/main.rs:268:9 angle=89 camera_z=-5
INFO [2022-11-06][11:25:14] game src/main.rs:268:9 angle=89 camera_z=-5
INFO [2022-11-06][11:25:14] game src/main.rs:268:9 angle=89 camera_z=-5
INFO [2022-11-06][11:25:14] game src/main.rs:268:9 angle=89 camera_z=-5
INFO [2022-11-06][11:25:14] game src/main.rs:268:9 angle=89 camera_z=-5
INFO [2022-11-06][11:25:14] game src/main.rs:268:9 angle=89 camera_z=-5
INFO [2022-11-06][11:25:14] game src/main.rs:268:9 angle=89 camera_z=-5
INFO [2022-11-06][11:25:14] game src/main.rs:268:9 angle=89 camera_z=-5
INFO [2022-11-06][11:25:14] game src/main.rs:268:9 angle=89 camera_z=-5
INFO [2022-11-06][11:25:14] game src/main.rs:268:9 angle=89 camera_z=-5
INFO [2022-11-06][11:25:14] game src/main.rs:268:9 angle=89 camera_z=-5
INFO [2022-11-06][11:25:14] game src/main.rs:268:9 angle=89 camera_z=-5
INFO [2022-11-06][11:25:14] game src/main.rs:268:9 angle=89 camera_z=-5
INFO [2022-11-06][11:25:14] game src/main.rs:268:9 angle=89 camera_z=-5
INFO [2022-11-06][11:25:14] game src/main.rs:268:9 angle=89 camera_z=-5
INFO [2022-11-06][11:25:14] game src/main.rs:268:9 angle=89 camera_z=-5
INFO [2022-11-06][11:25:14] game src/main.rs:268:9 angle=90 camera_z=-5
INFO [2022-11-06][11:25:14] game src/main.rs:268:9 angle=90 camera_z=-5
INFO [2022-11-06][11:25:14] game src/main.rs:268:9 angle=90 camera_z=-5
INFO [2022-11-06][11:25:14] game src/main.rs:268:9 angle=90 camera_z=-5
INFO [2022-11-06][11:25:14] game src/main.rs:268:9 angle=90 camera_z=-5
INFO [2022-11-06][11:25:14] game src/main.rs:268:9 angle=90 camera_z=-5
INFO [2022-11-06][11:25:14] game src/main.rs:268:9 angle=90 camera_z=-5
INFO [2022-11-06][11:25:14] game src/main.rs:268:9 angle=90 camera_z=-5
INFO [2022-11-06][11:25:14] game src/main.rs:268:9 angle=90 camera_z=-5
INFO [2022-11-06][11:25:14] game src/main.rs:268:9 angle=90 camera_z=-5
INFO [2022-11-06][11:25:14] game src/main.rs:268:9 angle=90 camera_z=-5
INFO [2022-11-06][11:25:14] game src/main.rs:268:9 angle=90 camera_z=-5
INFO [2022-11-06][11:25:14] game src/main.rs:268:9 angle=90 camera_z=-5
INFO [2022-11-06][11:25:14] game src/main.rs:268:9 angle=90 camera_z=-5
INFO [2022-11-06][11:25:14] game src/main.rs:268:9 angle=90 camera_z=-5
INFO [2022-11-06][11:25:14] game src/main.rs:268:9 angle=90 camera_z=-5
INFO [2022-11-06][11:25:14] game src/main.rs:268:9 angle=90 camera_z=-5
INFO [2022-11-06][11:25:14] game src/main.rs:268:9 angle=90 camera_z=-5
INFO [2022-11-06][11:25:14] game src/main.rs:268:9 angle=90 camera_z=-5
INFO [2022-11-06][11:25:14] game src/main.rs:268:9 angle=90 camera_z=-5
INFO [2022-11-06][11:25:14] game src/main.rs:268:9 angle=90 camera_z=-5
INFO [2022-11-06][11:25:14] game src/main.rs:268:9 angle=90 camera_z=-5
INFO [2022-11-06][11:25:14] game src/main.rs:268:9 angle=90 camera_z=-5
INFO [2022-11-06][11:25:14] game src/main.rs:268:9 angle=90 camera_z=-5
INFO [2022-11-06][11:25:14] game src/main.rs:268:9 angle=90 camera_z=-5
INFO [2022-11-06][11:25:14] game src/main.rs:268:9 angle=90 camera_z=-5
INFO [2022-11-06][11:25:14] game src/main.rs:268:9 angle=90 camera_z=-5
INFO [2022-11-06][11:25:14] game src/main.rs:268:9 angle=90 camera_z=-5
INFO [2022-11-06][11:25:14] game src/main.rs:268:9 angle=90 camera_z=-5
INFO [2022-11-06][11:25:14] game src/main.rs:268:9 angle=90 camera_z=-5
INFO [2022-11-06][11:25:14] game src/main.rs:268:9 angle=91 camera_z=-5
INFO [2022-11-06][11:25:14] game src/main.rs:268:9 angle=91 camera_z=-5
INFO [2022-11-06][11:25:14] game src/main.rs:268:9 angle=92 camera_z=-5
INFO [2022-11-06][11:25:14] game src/main.rs:268:9 angle=92 camera_z=-5
INFO [2022-11-06][11:25:14] game src/main.rs:268:9 angle=93 camera_z=-5
INFO [2022-11-06][11:25:14] game src/main.rs:268:9 angle=93 camera_z=-5
INFO [2022-11-06][11:25:14] game src/main.rs:268:9 angle=94 camera_z=-5
INFO [2022-11-06][11:25:14] game src/main.rs:268:9 angle=94 camera_z=-5
INFO [2022-11-06][11:25:14] game src/main.rs:268:9 angle=95 camera_z=-5
INFO [2022-11-06][11:25:14] game src/main.rs:268:9 angle=96 camera_z=-5
INFO [2022-11-06][11:25:15] game src/main.rs:268:9 angle=96 camera_z=-5
INFO [2022-11-06][11:25:15] game src/main.rs:268:9 angle=97 camera_z=-5
INFO [2022-11-06][11:25:15] game src/main.rs:268:9 angle=97 camera_z=-5
INFO [2022-11-06][11:25:15] game src/main.rs:268:9 angle=98 camera_z=-5
INFO [2022-11-06][11:25:15] game src/main.rs:268:9 angle=98 camera_z=-5
INFO [2022-11-06][11:25:15] game src/main.rs:268:9 angle=99 camera_z=-5
INFO [2022-11-06][11:25:15] game src/main.rs:268:9 angle=99 camera_z=-5
INFO [2022-11-06][11:25:15] game src/main.rs:268:9 angle=100 camera_z=-5
INFO [2022-11-06][11:25:15] game src/main.rs:268:9 angle=100 camera_z=-5
INFO [2022-11-06][11:25:15] game src/main.rs:268:9 angle=101 camera_z=-5
INFO [2022-11-06][11:25:15] game src/main.rs:268:9 angle=102 camera_z=-5
INFO [2022-11-06][11:25:15] game src/main.rs:268:9 angle=102 camera_z=-5
INFO [2022-11-06][11:25:15] game src/main.rs:268:9 angle=103 camera_z=-5
INFO [2022-11-06][11:25:15] game src/main.rs:268:9 angle=103 camera_z=-5
INFO [2022-11-06][11:25:15] game src/main.rs:268:9 angle=104 camera_z=-5
INFO [2022-11-06][11:25:15] game src/main.rs:268:9 angle=104 camera_z=-5
INFO [2022-11-06][11:25:15] game src/main.rs:268:9 angle=105 camera_z=-5
INFO [2022-11-06][11:25:15] game src/main.rs:268:9 angle=105 camera_z=-5
INFO [2022-11-06][11:25:15] game src/main.rs:268:9 angle=106 camera_z=-5
INFO [2022-11-06][11:25:15] game src/main.rs:268:9 angle=107 camera_z=-5
INFO [2022-11-06][11:25:15] game src/main.rs:268:9 angle=107 camera_z=-5
INFO [2022-11-06][11:25:15] game src/main.rs:268:9 angle=108 camera_z=-5
INFO [2022-11-06][11:25:15] game src/main.rs:268:9 angle=108 camera_z=-5
INFO [2022-11-06][11:25:15] game src/main.rs:268:9 angle=109 camera_z=-5
INFO [2022-11-06][11:25:15] game src/main.rs:268:9 angle=109 camera_z=-5
INFO [2022-11-06][11:25:15] game src/main.rs:268:9 angle=110 camera_z=-5
INFO [2022-11-06][11:25:15] game src/main.rs:268:9 angle=110 camera_z=-5
INFO [2022-11-06][11:25:15] game src/main.rs:268:9 angle=111 camera_z=-5
INFO [2022-11-06][11:25:15] game src/main.rs:268:9 angle=111 camera_z=-5
INFO [2022-11-06][11:25:15] game src/main.rs:268:9 angle=112 camera_z=-5
INFO [2022-11-06][11:25:15] game src/main.rs:268:9 angle=113 camera_z=-5
INFO [2022-11-06][11:25:15] game src/main.rs:268:9 angle=113 camera_z=-5
INFO [2022-11-06][11:25:15] game src/main.rs:268:9 angle=114 camera_z=-5
INFO [2022-11-06][11:25:15] game src/main.rs:268:9 angle=114 camera_z=-5
INFO [2022-11-06][11:25:15] game src/main.rs:268:9 angle=115 camera_z=-5
INFO [2022-11-06][11:25:15] game src/main.rs:268:9 angle=115 camera_z=-5
INFO [2022-11-06][11:25:15] game src/main.rs:268:9 angle=116 camera_z=-5
INFO [2022-11-06][11:25:15] game src/main.rs:268:9 angle=116 camera_z=-5
INFO [2022-11-06][11:25:15] game src/main.rs:268:9 angle=117 camera_z=-5
INFO [2022-11-06][11:25:15] game src/main.rs:268:9 angle=117 camera_z=-5
INFO [2022-11-06][11:25:15] game src/main.rs:268:9 angle=118 camera_z=-5
INFO [2022-11-06][11:25:15] game src/main.rs:268:9 angle=119 camera_z=-5
INFO [2022-11-06][11:25:15] game src/main.rs:268:9 angle=119 camera_z=-5
INFO [2022-11-06][11:25:15] game src/main.rs:268:9 angle=120 camera_z=-5
INFO [2022-11-06][11:25:15] game src/main.rs:268:9 angle=120 camera_z=-5
INFO [2022-11-06][11:25:15] game src/main.rs:268:9 angle=121 camera_z=-5
INFO [2022-11-06][11:25:15] game src/main.rs:268:9 angle=121 camera_z=-5
INFO [2022-11-06][11:25:15] game src/main.rs:268:9 angle=122 camera_z=-5
INFO [2022-11-06][11:25:15] game src/main.rs:268:9 angle=122 camera_z=-5
INFO [2022-11-06][11:25:15] game src/main.rs:268:9 angle=123 camera_z=-5
INFO [2022-11-06][11:25:15] game src/main.rs:268:9 angle=123 camera_z=-5
INFO [2022-11-06][11:25:15] game src/main.rs:268:9 angle=124 camera_z=-5
INFO [2022-11-06][11:25:15] game src/main.rs:268:9 angle=124 camera_z=-5
INFO [2022-11-06][11:25:15] game src/main.rs:268:9 angle=125 camera_z=-5
INFO [2022-11-06][11:25:15] game src/main.rs:268:9 angle=126 camera_z=-5
INFO [2022-11-06][11:25:15] game src/main.rs:268:9 angle=126 camera_z=-5
INFO [2022-11-06][11:25:15] game src/main.rs:268:9 angle=127 camera_z=-5
INFO [2022-11-06][11:25:15] game src/main.rs:268:9 angle=127 camera_z=-5
INFO [2022-11-06][11:25:15] game src/main.rs:268:9 angle=128 camera_z=-5
INFO [2022-11-06][11:25:15] game src/main.rs:268:9 angle=128 camera_z=-5
INFO [2022-11-06][11:25:16] game src/main.rs:268:9 angle=129 camera_z=-5
INFO [2022-11-06][11:25:16] game src/main.rs:268:9 angle=129 camera_z=-5
INFO [2022-11-06][11:25:16] game src/main.rs:268:9 angle=130 camera_z=-5
INFO [2022-11-06][11:25:16] game src/main.rs:268:9 angle=131 camera_z=-5
INFO [2022-11-06][11:25:16] game src/main.rs:268:9 angle=131 camera_z=-5
INFO [2022-11-06][11:25:16] game src/main.rs:268:9 angle=132 camera_z=-5
INFO [2022-11-06][11:25:16] game src/main.rs:268:9 angle=132 camera_z=-5
INFO [2022-11-06][11:25:16] game src/main.rs:268:9 angle=133 camera_z=-5
INFO [2022-11-06][11:25:16] game src/main.rs:268:9 angle=133 camera_z=-5
INFO [2022-11-06][11:25:16] game src/main.rs:268:9 angle=134 camera_z=-5
INFO [2022-11-06][11:25:16] game src/main.rs:268:9 angle=134 camera_z=-5
INFO [2022-11-06][11:25:16] game src/main.rs:268:9 angle=135 camera_z=-5
INFO [2022-11-06][11:25:16] game src/main.rs:268:9 angle=135 camera_z=-5
INFO [2022-11-06][11:25:16] game src/main.rs:268:9 angle=136 camera_z=-5
INFO [2022-11-06][11:25:16] game src/main.rs:268:9 angle=137 camera_z=-5
INFO [2022-11-06][11:25:16] game src/main.rs:268:9 angle=137 camera_z=-5
INFO [2022-11-06][11:25:16] game src/main.rs:268:9 angle=138 camera_z=-5
INFO [2022-11-06][11:25:16] game src/main.rs:268:9 angle=138 camera_z=-5
INFO [2022-11-06][11:25:16] game src/main.rs:268:9 angle=139 camera_z=-5
INFO [2022-11-06][11:25:16] game src/main.rs:268:9 angle=139 camera_z=-5
INFO [2022-11-06][11:25:16] game src/main.rs:268:9 angle=140 camera_z=-5
INFO [2022-11-06][11:25:16] game src/main.rs:268:9 angle=140 camera_z=-5
INFO [2022-11-06][11:25:16] game src/main.rs:268:9 angle=141 camera_z=-5
INFO [2022-11-06][11:25:16] game src/main.rs:268:9 angle=142 camera_z=-5
INFO [2022-11-06][11:25:16] game src/main.rs:268:9 angle=142 camera_z=-5
INFO [2022-11-06][11:25:16] game src/main.rs:268:9 angle=143 camera_z=-5
INFO [2022-11-06][11:25:16] game src/main.rs:268:9 angle=143 camera_z=-5
INFO [2022-11-06][11:25:16] game src/main.rs:268:9 angle=144 camera_z=-5
INFO [2022-11-06][11:25:16] game src/main.rs:268:9 angle=144 camera_z=-5
INFO [2022-11-06][11:25:16] game src/main.rs:268:9 angle=145 camera_z=-5
INFO [2022-11-06][11:25:16] game src/main.rs:268:9 angle=145 camera_z=-5
INFO [2022-11-06][11:25:16] game src/main.rs:268:9 angle=146 camera_z=-5
INFO [2022-11-06][11:25:16] game src/main.rs:268:9 angle=146 camera_z=-5
INFO [2022-11-06][11:25:16] game src/main.rs:268:9 angle=147 camera_z=-5
INFO [2022-11-06][11:25:16] game src/main.rs:268:9 angle=148 camera_z=-5
INFO [2022-11-06][11:25:16] game src/main.rs:268:9 angle=148 camera_z=-5
INFO [2022-11-06][11:25:16] game src/main.rs:268:9 angle=149 camera_z=-5
INFO [2022-11-06][11:25:16] game src/main.rs:268:9 angle=149 camera_z=-5
INFO [2022-11-06][11:25:16] game src/main.rs:268:9 angle=149 camera_z=-5
INFO [2022-11-06][11:25:16] game src/main.rs:268:9 angle=149 camera_z=-4
INFO [2022-11-06][11:25:16] game src/main.rs:268:9 angle=149 camera_z=-4
INFO [2022-11-06][11:25:16] game src/main.rs:268:9 angle=149 camera_z=-4
INFO [2022-11-06][11:25:16] game src/main.rs:268:9 angle=149 camera_z=-4
INFO [2022-11-06][11:25:16] game src/main.rs:268:9 angle=149 camera_z=-4
INFO [2022-11-06][11:25:16] game src/main.rs:268:9 angle=149 camera_z=-4
INFO [2022-11-06][11:25:16] game src/main.rs:268:9 angle=149 camera_z=-4
INFO [2022-11-06][11:25:16] game src/main.rs:268:9 angle=149 camera_z=-4
INFO [2022-11-06][11:25:16] game src/main.rs:268:9 angle=149 camera_z=-4
INFO [2022-11-06][11:25:16] game src/main.rs:268:9 angle=149 camera_z=-4
INFO [2022-11-06][11:25:16] game src/main.rs:268:9 angle=149 camera_z=-4
INFO [2022-11-06][11:25:16] game src/main.rs:268:9 angle=149 camera_z=-4
INFO [2022-11-06][11:25:16] game src/main.rs:268:9 angle=149 camera_z=-4
INFO [2022-11-06][11:25:16] game src/main.rs:268:9 angle=149 camera_z=-4
INFO [2022-11-06][11:25:16] game src/main.rs:268:9 angle=149 camera_z=-4
INFO [2022-11-06][11:25:16] game src/main.rs:268:9 angle=149 camera_z=-4
INFO [2022-11-06][11:25:16] game src/main.rs:268:9 angle=149 camera_z=-4
INFO [2022-11-06][11:25:16] game src/main.rs:268:9 angle=149 camera_z=-4
INFO [2022-11-06][11:25:16] game src/main.rs:268:9 angle=149 camera_z=-4
INFO [2022-11-06][11:25:16] game src/main.rs:268:9 angle=149 camera_z=-4
INFO [2022-11-06][11:25:16] game src/main.rs:268:9 angle=149 camera_z=-4
INFO [2022-11-06][11:25:17] game src/main.rs:268:9 angle=149 camera_z=-4
INFO [2022-11-06][11:25:17] game src/main.rs:268:9 angle=149 camera_z=-4
INFO [2022-11-06][11:25:17] game src/main.rs:268:9 angle=149 camera_z=-4
INFO [2022-11-06][11:25:17] game src/main.rs:268:9 angle=149 camera_z=-4
INFO [2022-11-06][11:25:17] game src/main.rs:268:9 angle=149 camera_z=-4
INFO [2022-11-06][11:25:17] game src/main.rs:268:9 angle=149 camera_z=-4
INFO [2022-11-06][11:25:17] game src/main.rs:268:9 angle=149 camera_z=-4
INFO [2022-11-06][11:25:17] game src/main.rs:268:9 angle=149 camera_z=-4
INFO [2022-11-06][11:25:17] game src/main.rs:268:9 angle=149 camera_z=-4
INFO [2022-11-06][11:25:17] game src/main.rs:268:9 angle=149 camera_z=-3
INFO [2022-11-06][11:25:17] game src/main.rs:268:9 angle=149 camera_z=-3
INFO [2022-11-06][11:25:17] game src/main.rs:268:9 angle=149 camera_z=-2
INFO [2022-11-06][11:25:17] game src/main.rs:268:9 angle=149 camera_z=-2
INFO [2022-11-06][11:25:17] game src/main.rs:268:9 angle=149 camera_z=-1
INFO [2022-11-06][11:25:17] game src/main.rs:268:9 angle=149 camera_z=0
INFO [2022-11-06][11:25:17] game src/main.rs:268:9 angle=149 camera_z=0
INFO [2022-11-06][11:25:17] game src/main.rs:268:9 angle=149 camera_z=1
INFO [2022-11-06][11:25:17] game src/main.rs:268:9 angle=149 camera_z=1
INFO [2022-11-06][11:25:17] game src/main.rs:268:9 angle=149 camera_z=2
INFO [2022-11-06][11:25:17] game src/main.rs:268:9 angle=149 camera_z=2
INFO [2022-11-06][11:25:17] game src/main.rs:268:9 angle=149 camera_z=3
INFO [2022-11-06][11:25:17] game src/main.rs:268:9 angle=149 camera_z=3
INFO [2022-11-06][11:25:17] game src/main.rs:268:9 angle=149 camera_z=4
INFO [2022-11-06][11:25:17] game src/main.rs:268:9 angle=149 camera_z=4
INFO [2022-11-06][11:25:17] game src/main.rs:268:9 angle=149 camera_z=5
INFO [2022-11-06][11:25:17] game src/main.rs:268:9 angle=149 camera_z=6
INFO [2022-11-06][11:25:17] game src/main.rs:268:9 angle=149 camera_z=6
INFO [2022-11-06][11:25:17] game src/main.rs:268:9 angle=149 camera_z=7
INFO [2022-11-06][11:25:17] game src/main.rs:268:9 angle=149 camera_z=7
INFO [2022-11-06][11:25:17] game src/main.rs:268:9 angle=149 camera_z=8
INFO [2022-11-06][11:25:17] game src/main.rs:268:9 angle=149 camera_z=8
INFO [2022-11-06][11:25:17] game src/main.rs:268:9 angle=149 camera_z=9
INFO [2022-11-06][11:25:17] game src/main.rs:268:9 angle=149 camera_z=9
INFO [2022-11-06][11:25:17] game src/main.rs:268:9 angle=149 camera_z=9
INFO [2022-11-06][11:25:17] game src/main.rs:268:9 angle=149 camera_z=9
INFO [2022-11-06][11:25:17] game src/main.rs:268:9 angle=149 camera_z=9
INFO [2022-11-06][11:25:17] game src/main.rs:268:9 angle=149 camera_z=9
INFO [2022-11-06][11:25:17] game src/main.rs:268:9 angle=149 camera_z=9
INFO [2022-11-06][11:25:17] game src/main.rs:268:9 angle=149 camera_z=9
INFO [2022-11-06][11:25:17] game src/main.rs:268:9 angle=149 camera_z=8
INFO [2022-11-06][11:25:17] game src/main.rs:268:9 angle=149 camera_z=8
INFO [2022-11-06][11:25:17] game src/main.rs:268:9 angle=149 camera_z=8
INFO [2022-11-06][11:25:17] game src/main.rs:268:9 angle=149 camera_z=8
INFO [2022-11-06][11:25:17] game src/main.rs:268:9 angle=149 camera_z=8
INFO [2022-11-06][11:25:17] game src/main.rs:268:9 angle=149 camera_z=8
INFO [2022-11-06][11:25:17] game src/main.rs:268:9 angle=149 camera_z=8
INFO [2022-11-06][11:25:17] game src/main.rs:268:9 angle=149 camera_z=8
INFO [2022-11-06][11:25:17] game src/main.rs:268:9 angle=149 camera_z=8
INFO [2022-11-06][11:25:17] game src/main.rs:268:9 angle=149 camera_z=8
INFO [2022-11-06][11:25:17] game src/main.rs:268:9 angle=149 camera_z=8
INFO [2022-11-06][11:25:17] game src/main.rs:268:9 angle=149 camera_z=8
INFO [2022-11-06][11:25:17] game src/main.rs:268:9 angle=149 camera_z=8
INFO [2022-11-06][11:25:17] game src/main.rs:268:9 angle=149 camera_z=8
INFO [2022-11-06][11:25:17] game src/main.rs:268:9 angle=149 camera_z=8
INFO [2022-11-06][11:25:17] game src/main.rs:268:9 angle=149 camera_z=8
INFO [2022-11-06][11:25:17] game src/main.rs:268:9 angle=149 camera_z=8
INFO [2022-11-06][11:25:17] game src/main.rs:268:9 angle=149 camera_z=8
INFO [2022-11-06][11:25:17] game src/main.rs:268:9 angle=149 camera_z=8
INFO [2022-11-06][11:25:17] game src/main.rs:268:9 angle=149 camera_z=8
INFO [2022-11-06][11:25:17] game src/main.rs:268:9 angle=149 camera_z=8
INFO [2022-11-06][11:25:18] game src/main.rs:268:9 angle=149 camera_z=8
INFO [2022-11-06][11:25:18] game src/main.rs:268:9 angle=149 camera_z=8
INFO [2022-11-06][11:25:18] game src/main.rs:268:9 angle=149 camera_z=8
INFO [2022-11-06][11:25:18] game src/main.rs:268:9 angle=149 camera_z=8
INFO [2022-11-06][11:25:18] game src/main.rs:268:9 angle=149 camera_z=8
INFO [2022-11-06][11:25:18] game src/main.rs:268:9 angle=149 camera_z=8
INFO [2022-11-06][11:25:18] game src/main.rs:268:9 angle=149 camera_z=8
