ERROR [2022-11-06][11:17:19] game src/main.rs:66:17 Cannot create vertex shader: 0:20(41): error: `vertCamera' undeclared
0:20(41): error: type mismatch
0:20(20): error: operands to arithmetic operators must be numeric
0:22(27): warning: `vertCamera' used uninitialized
0:22(27): error: size mismatch for matrix multiplication
0:23(23): warning: `projectedVert_tmp' used uninitialized
0:23(47): error: `projectedVert' undeclared
0:23(47): error: type mismatch
0:23(23): error: operands to arithmetic operators must be numeric
0:24(16): warning: `projectedVert' used uninitialized
0:24(2): error: value of type vec3 cannot be assigned to variable of type vec4

ERROR [2022-11-06][11:17:19] game src/main.rs:89:9 Cannot link program: error: linking with uncompiled/unspecialized shader
INFO [2022-11-06][11:17:19] game src/main.rs:257:9 angle=90
INFO [2022-11-06][11:17:19] game src/main.rs:257:9 angle=90
INFO [2022-11-06][11:17:19] game src/main.rs:257:9 angle=90
INFO [2022-11-06][11:17:19] game src/main.rs:257:9 angle=90
INFO [2022-11-06][11:17:19] game src/main.rs:257:9 angle=90
INFO [2022-11-06][11:17:19] game src/main.rs:257:9 angle=90
INFO [2022-11-06][11:17:19] game src/main.rs:257:9 angle=90
INFO [2022-11-06][11:17:19] game src/main.rs:257:9 angle=90
INFO [2022-11-06][11:17:19] game src/main.rs:257:9 angle=90
INFO [2022-11-06][11:17:19] game src/main.rs:257:9 angle=90
INFO [2022-11-06][11:17:19] game src/main.rs:257:9 angle=90
INFO [2022-11-06][11:17:19] game src/main.rs:257:9 angle=90
INFO [2022-11-06][11:17:19] game src/main.rs:257:9 angle=90
INFO [2022-11-06][11:17:19] game src/main.rs:257:9 angle=90
INFO [2022-11-06][11:17:19] game src/main.rs:257:9 angle=90
INFO [2022-11-06][11:17:19] game src/main.rs:257:9 angle=90
INFO [2022-11-06][11:17:19] game src/main.rs:257:9 angle=90
INFO [2022-11-06][11:17:19] game src/main.rs:257:9 angle=90
INFO [2022-11-06][11:17:19] game src/main.rs:257:9 angle=90
INFO [2022-11-06][11:17:19] game src/main.rs:257:9 angle=90
INFO [2022-11-06][11:17:19] game src/main.rs:257:9 angle=90
INFO [2022-11-06][11:17:19] game src/main.rs:257:9 angle=90
INFO [2022-11-06][11:17:19] game src/main.rs:257:9 angle=90
INFO [2022-11-06][11:17:19] game src/main.rs:257:9 angle=90
INFO [2022-11-06][11:17:19] game src/main.rs:257:9 angle=90
INFO [2022-11-06][11:17:19] game src/main.rs:257:9 angle=90
INFO [2022-11-06][11:17:19] game src/main.rs:257:9 angle=90
INFO [2022-11-06][11:17:19] game src/main.rs:257:9 angle=90
INFO [2022-11-06][11:17:19] game src/main.rs:257:9 angle=90
INFO [2022-11-06][11:17:19] game src/main.rs:257:9 angle=90
INFO [2022-11-06][11:17:19] game src/main.rs:257:9 angle=90
INFO [2022-11-06][11:17:19] game src/main.rs:257:9 angle=90
INFO [2022-11-06][11:17:19] game src/main.rs:257:9 angle=90
INFO [2022-11-06][11:17:19] game src/main.rs:257:9 angle=90
INFO [2022-11-06][11:17:19] game src/main.rs:257:9 angle=90
INFO [2022-11-06][11:17:19] game src/main.rs:257:9 angle=90
INFO [2022-11-06][11:17:19] game src/main.rs:257:9 angle=90
INFO [2022-11-06][11:17:19] game src/main.rs:257:9 angle=90
INFO [2022-11-06][11:17:19] game src/main.rs:257:9 angle=90
INFO [2022-11-06][11:17:19] game src/main.rs:257:9 angle=90
INFO [2022-11-06][11:17:19] game src/main.rs:257:9 angle=90
INFO [2022-11-06][11:17:19] game src/main.rs:257:9 angle=90
INFO [2022-11-06][11:17:19] game src/main.rs:257:9 angle=90
INFO [2022-11-06][11:17:19] game src/main.rs:257:9 angle=90
INFO [2022-11-06][11:17:19] game src/main.rs:257:9 angle=90
INFO [2022-11-06][11:17:19] game src/main.rs:257:9 angle=90
INFO [2022-11-06][11:17:19] game src/main.rs:257:9 angle=90
INFO [2022-11-06][11:17:19] game src/main.rs:257:9 angle=90
INFO [2022-11-06][11:17:19] game src/main.rs:257:9 angle=89
INFO [2022-11-06][11:17:19] game src/main.rs:257:9 angle=89
INFO [2022-11-06][11:17:19] game src/main.rs:257:9 angle=89
INFO [2022-11-06][11:17:19] game src/main.rs:257:9 angle=89
INFO [2022-11-06][11:17:20] game src/main.rs:257:9 angle=89
INFO [2022-11-06][11:17:20] game src/main.rs:257:9 angle=89
INFO [2022-11-06][11:17:20] game src/main.rs:257:9 angle=89
INFO [2022-11-06][11:17:20] game src/main.rs:257:9 angle=89
INFO [2022-11-06][11:17:20] game src/main.rs:257:9 angle=89
INFO [2022-11-06][11:17:20] game src/main.rs:257:9 angle=89
INFO [2022-11-06][11:17:20] game src/main.rs:257:9 angle=88
INFO [2022-11-06][11:17:20] game src/main.rs:257:9 angle=88
INFO [2022-11-06][11:17:20] game src/main.rs:257:9 angle=88
INFO [2022-11-06][11:17:20] game src/main.rs:257:9 angle=88
INFO [2022-11-06][11:17:20] game src/main.rs:257:9 angle=88
INFO [2022-11-06][11:17:20] game src/main.rs:257:9 angle=88
INFO [2022-11-06][11:17:20] game src/main.rs:257:9 angle=88
INFO [2022-11-06][11:17:20] game src/main.rs:257:9 angle=88
INFO [2022-11-06][11:17:20] game src/main.rs:257:9 angle=88
INFO [2022-11-06][11:17:20] game src/main.rs:257:9 angle=88
INFO [2022-11-06][11:17:20] game src/main.rs:257:9 angle=88
INFO [2022-11-06][11:17:20] game src/main.rs:257:9 angle=87
INFO [2022-11-06][11:17:20] game src/main.rs:257:9 angle=87
INFO [2022-11-06][11:17:20] game src/main.rs:257:9 angle=87
INFO [2022-11-06][11:17:20] game src/main.rs:257:9 angle=87
INFO [2022-11-06][11:17:20] game src/main.rs:257:9 angle=87
INFO [2022-11-06][11:17:20] game src/main.rs:257:9 angle=87
INFO [2022-11-06][11:17:20] game src/main.rs:257:9 angle=87
INFO [2022-11-06][11:17:20] game src/main.rs:257:9 angle=87
INFO [2022-11-06][11:17:20] game src/main.rs:257:9 angle=87
INFO [2022-11-06][11:17:20] game src/main.rs:257:9 angle=87
INFO [2022-11-06][11:17:20] game src/main.rs:257:9 angle=87
INFO [2022-11-06][11:17:20] game src/main.rs:257:9 angle=86
INFO [2022-11-06][11:17:20] game src/main.rs:257:9 angle=86
INFO [2022-11-06][11:17:20] game src/main.rs:257:9 angle=86
INFO [2022-11-06][11:17:20] game src/main.rs:257:9 angle=86
INFO [2022-11-06][11:17:20] game src/main.rs:257:9 angle=86
INFO [2022-11-06][11:17:20] game src/main.rs:257:9 angle=86
INFO [2022-11-06][11:17:20] game src/main.rs:257:9 angle=86
INFO [2022-11-06][11:17:20] game src/main.rs:257:9 angle=86
INFO [2022-11-06][11:17:20] game src/main.rs:257:9 angle=86
INFO [2022-11-06][11:17:20] game src/main.rs:257:9 angle=86
INFO [2022-11-06][11:17:20] game src/main.rs:257:9 angle=86
INFO [2022-11-06][11:17:20] game src/main.rs:257:9 angle=85
INFO [2022-11-06][11:17:20] game src/main.rs:257:9 angle=85
INFO [2022-11-06][11:17:20] game src/main.rs:257:9 angle=85
INFO [2022-11-06][11:17:20] game src/main.rs:257:9 angle=85
INFO [2022-11-06][11:17:20] game src/main.rs:257:9 angle=85
INFO [2022-11-06][11:17:20] game src/main.rs:257:9 angle=85
INFO [2022-11-06][11:17:20] game src/main.rs:257:9 angle=85
INFO [2022-11-06][11:17:20] game src/main.rs:257:9 angle=85
INFO [2022-11-06][11:17:20] game src/main.rs:257:9 angle=85
INFO [2022-11-06][11:17:20] game src/main.rs:257:9 angle=85
INFO [2022-11-06][11:17:20] game src/main.rs:257:9 angle=84
INFO [2022-11-06][11:17:20] game src/main.rs:257:9 angle=84
INFO [2022-11-06][11:17:20] game src/main.rs:257:9 angle=84
INFO [2022-11-06][11:17:20] game src/main.rs:257:9 angle=84
INFO [2022-11-06][11:17:20] game src/main.rs:257:9 angle=84
INFO [2022-11-06][11:17:20] game src/main.rs:257:9 angle=84
INFO [2022-11-06][11:17:20] game src/main.rs:257:9 angle=84
INFO [2022-11-06][11:17:20] game src/main.rs:257:9 angle=84
INFO [2022-11-06][11:17:20] game src/main.rs:257:9 angle=84
INFO [2022-11-06][11:17:20] game src/main.rs:257:9 angle=84
INFO [2022-11-06][11:17:20] game src/main.rs:257:9 angle=84
INFO [2022-11-06][11:17:21] game src/main.rs:257:9 angle=85
INFO [2022-11-06][11:17:21] game src/main.rs:257:9 angle=85
INFO [2022-11-06][11:17:21] game src/main.rs:257:9 angle=85
INFO [2022-11-06][11:17:21] game src/main.rs:257:9 angle=85
INFO [2022-11-06][11:17:21] game src/main.rs:257:9 angle=85
INFO [2022-11-06][11:17:21] game src/main.rs:257:9 angle=85
INFO [2022-11-06][11:17:21] game src/main.rs:257:9 angle=85
INFO [2022-11-06][11:17:21] game src/main.rs:257:9 angle=85
INFO [2022-11-06][11:17:21] game src/main.rs:257:9 angle=85
INFO [2022-11-06][11:17:21] game src/main.rs:257:9 angle=85
INFO [2022-11-06][11:17:21] game src/main.rs:257:9 angle=85
INFO [2022-11-06][11:17:21] game src/main.rs:257:9 angle=85
INFO [2022-11-06][11:17:21] game src/main.rs:257:9 angle=86
INFO [2022-11-06][11:17:21] game src/main.rs:257:9 angle=86
INFO [2022-11-06][11:17:21] game src/main.rs:257:9 angle=86
INFO [2022-11-06][11:17:21] game src/main.rs:257:9 angle=86
INFO [2022-11-06][11:17:21] game src/main.rs:257:9 angle=86
INFO [2022-11-06][11:17:21] game src/main.rs:257:9 angle=86
INFO [2022-11-06][11:17:21] game src/main.rs:257:9 angle=86
INFO [2022-11-06][11:17:21] game src/main.rs:257:9 angle=86
INFO [2022-11-06][11:17:21] game src/main.rs:257:9 angle=86
INFO [2022-11-06][11:17:21] game src/main.rs:257:9 angle=86
INFO [2022-11-06][11:17:21] game src/main.rs:257:9 angle=86
INFO [2022-11-06][11:17:21] game src/main.rs:257:9 angle=87
INFO [2022-11-06][11:17:21] game src/main.rs:257:9 angle=87
INFO [2022-11-06][11:17:21] game src/main.rs:257:9 angle=87
INFO [2022-11-06][11:17:21] game src/main.rs:257:9 angle=87
INFO [2022-11-06][11:17:21] game src/main.rs:257:9 angle=87
INFO [2022-11-06][11:17:21] game src/main.rs:257:9 angle=87
INFO [2022-11-06][11:17:21] game src/main.rs:257:9 angle=87
INFO [2022-11-06][11:17:21] game src/main.rs:257:9 angle=87
INFO [2022-11-06][11:17:21] game src/main.rs:257:9 angle=87
INFO [2022-11-06][11:17:21] game src/main.rs:257:9 angle=87
INFO [2022-11-06][11:17:21] game src/main.rs:257:9 angle=87
INFO [2022-11-06][11:17:21] game src/main.rs:257:9 angle=87
INFO [2022-11-06][11:17:21] game src/main.rs:257:9 angle=88
INFO [2022-11-06][11:17:21] game src/main.rs:257:9 angle=88
INFO [2022-11-06][11:17:21] game src/main.rs:257:9 angle=88
INFO [2022-11-06][11:17:21] game src/main.rs:257:9 angle=88
INFO [2022-11-06][11:17:21] game src/main.rs:257:9 angle=88
INFO [2022-11-06][11:17:21] game src/main.rs:257:9 angle=88
INFO [2022-11-06][11:17:21] game src/main.rs:257:9 angle=88
INFO [2022-11-06][11:17:21] game src/main.rs:257:9 angle=88
INFO [2022-11-06][11:17:21] game src/main.rs:257:9 angle=88
INFO [2022-11-06][11:17:21] game src/main.rs:257:9 angle=88
INFO [2022-11-06][11:17:21] game src/main.rs:257:9 angle=88
INFO [2022-11-06][11:17:21] game src/main.rs:257:9 angle=88
INFO [2022-11-06][11:17:21] game src/main.rs:257:9 angle=89
INFO [2022-11-06][11:17:21] game src/main.rs:257:9 angle=89
INFO [2022-11-06][11:17:21] game src/main.rs:257:9 angle=89
INFO [2022-11-06][11:17:21] game src/main.rs:257:9 angle=89
INFO [2022-11-06][11:17:21] game src/main.rs:257:9 angle=89
INFO [2022-11-06][11:17:21] game src/main.rs:257:9 angle=89
INFO [2022-11-06][11:17:21] game src/main.rs:257:9 angle=89
INFO [2022-11-06][11:17:21] game src/main.rs:257:9 angle=89
INFO [2022-11-06][11:17:21] game src/main.rs:257:9 angle=89
INFO [2022-11-06][11:17:21] game src/main.rs:257:9 angle=89
INFO [2022-11-06][11:17:21] game src/main.rs:257:9 angle=89
INFO [2022-11-06][11:17:21] game src/main.rs:257:9 angle=90
INFO [2022-11-06][11:17:21] game src/main.rs:257:9 angle=90
INFO [2022-11-06][11:17:22] game src/main.rs:257:9 angle=90
INFO [2022-11-06][11:17:22] game src/main.rs:257:9 angle=90
INFO [2022-11-06][11:17:22] game src/main.rs:257:9 angle=90
INFO [2022-11-06][11:17:22] game src/main.rs:257:9 angle=90
INFO [2022-11-06][11:17:22] game src/main.rs:257:9 angle=90
INFO [2022-11-06][11:17:22] game src/main.rs:257:9 angle=90
INFO [2022-11-06][11:17:22] game src/main.rs:257:9 angle=90
INFO [2022-11-06][11:17:22] game src/main.rs:257:9 angle=90
INFO [2022-11-06][11:17:22] game src/main.rs:257:9 angle=90
INFO [2022-11-06][11:17:22] game src/main.rs:257:9 angle=91
INFO [2022-11-06][11:17:22] game src/main.rs:257:9 angle=91
INFO [2022-11-06][11:17:22] game src/main.rs:257:9 angle=91
INFO [2022-11-06][11:17:22] game src/main.rs:257:9 angle=91
INFO [2022-11-06][11:17:22] game src/main.rs:257:9 angle=91
INFO [2022-11-06][11:17:22] game src/main.rs:257:9 angle=91
INFO [2022-11-06][11:17:22] game src/main.rs:257:9 angle=91
INFO [2022-11-06][11:17:22] game src/main.rs:257:9 angle=91
INFO [2022-11-06][11:17:22] game src/main.rs:257:9 angle=91
INFO [2022-11-06][11:17:22] game src/main.rs:257:9 angle=92
INFO [2022-11-06][11:17:22] game src/main.rs:257:9 angle=92
INFO [2022-11-06][11:17:22] game src/main.rs:257:9 angle=92
INFO [2022-11-06][11:17:22] game src/main.rs:257:9 angle=92
INFO [2022-11-06][11:17:22] game src/main.rs:257:9 angle=92
INFO [2022-11-06][11:17:22] game src/main.rs:257:9 angle=92
INFO [2022-11-06][11:17:22] game src/main.rs:257:9 angle=92
INFO [2022-11-06][11:17:22] game src/main.rs:257:9 angle=92
INFO [2022-11-06][11:17:22] game src/main.rs:257:9 angle=92
