INFO [2022-11-06][06:21:45] game src/main.rs:145:21 Window Event triggered
INFO [2022-11-06][06:21:45] game src/main.rs:158:31 Window Event unmatched
INFO [2022-11-06][06:21:45] game src/main.rs:145:21 Window Event triggered
INFO [2022-11-06][06:21:45] game src/main.rs:158:31 Window Event unmatched
INFO [2022-11-06][06:21:45] game src/main.rs:145:21 Window Event triggered
INFO [2022-11-06][06:21:45] game src/main.rs:158:31 Window Event unmatched
INFO [2022-11-06][06:21:45] game src/main.rs:145:21 Window Event triggered
INFO [2022-11-06][06:21:45] game src/main.rs:158:31 Window Event unmatched
INFO [2022-11-06][06:21:45] game src/main.rs:145:21 Window Event triggered
INFO [2022-11-06][06:21:45] game src/main.rs:158:31 Window Event unmatched
INFO [2022-11-06][06:21:45] game src/main.rs:145:21 Window Event triggered
INFO [2022-11-06][06:21:45] game src/main.rs:158:31 Window Event unmatched
DEBUG [2022-11-06][06:21:46] game src/main.rs:228:21 MouseButtonDown
DEBUG [2022-11-06][06:21:46] game src/main.rs:240:21 MouseButtonUp
DEBUG [2022-11-06][06:21:47] game src/main.rs:228:21 MouseButtonDown
DEBUG [2022-11-06][06:21:47] game src/main.rs:240:21 MouseButtonUp
DEBUG [2022-11-06][06:21:47] game src/main.rs:228:21 MouseButtonDown
DEBUG [2022-11-06][06:21:47] game src/main.rs:240:21 MouseButtonUp
DEBUG [2022-11-06][06:21:47] game src/main.rs:228:21 MouseButtonDown
DEBUG [2022-11-06][06:21:48] game src/main.rs:240:21 MouseButtonUp
DEBUG [2022-11-06][06:21:48] game src/main.rs:228:21 MouseButtonDown
DEBUG [2022-11-06][06:21:48] game src/main.rs:240:21 MouseButtonUp
DEBUG [2022-11-06][06:21:48] game src/main.rs:228:21 MouseButtonDown
DEBUG [2022-11-06][06:21:48] game src/main.rs:240:21 MouseButtonUp
DEBUG [2022-11-06][06:21:49] game src/main.rs:187:21 KeyDown:
DEBUG [2022-11-06][06:21:49] game src/main.rs:189:37 Keycode W, 119
DEBUG [2022-11-06][06:21:49] game src/main.rs:193:37 Scancde W, 26
DEBUG [2022-11-06][06:21:49] game src/main.rs:196:21 Keymod: 0000
DEBUG [2022-11-06][06:21:49] game src/main.rs:177:21 TextInput
DEBUG [2022-11-06][06:21:49] game src/main.rs:207:21 KeyUp:
DEBUG [2022-11-06][06:21:49] game src/main.rs:209:37 Keycode W, 119
DEBUG [2022-11-06][06:21:49] game src/main.rs:213:37 Scancde W, 26
DEBUG [2022-11-06][06:21:49] game src/main.rs:216:21 Keymod: 0000
DEBUG [2022-11-06][06:21:49] game src/main.rs:187:21 KeyDown:
DEBUG [2022-11-06][06:21:49] game src/main.rs:189:37 Keycode W, 119
DEBUG [2022-11-06][06:21:49] game src/main.rs:193:37 Scancde W, 26
DEBUG [2022-11-06][06:21:49] game src/main.rs:196:21 Keymod: 0000
DEBUG [2022-11-06][06:21:49] game src/main.rs:177:21 TextInput
DEBUG [2022-11-06][06:21:49] game src/main.rs:207:21 KeyUp:
DEBUG [2022-11-06][06:21:49] game src/main.rs:209:37 Keycode W, 119
DEBUG [2022-11-06][06:21:49] game src/main.rs:213:37 Scancde W, 26
DEBUG [2022-11-06][06:21:49] game src/main.rs:216:21 Keymod: 0000
DEBUG [2022-11-06][06:21:49] game src/main.rs:187:21 KeyDown:
DEBUG [2022-11-06][06:21:49] game src/main.rs:189:37 Keycode W, 119
DEBUG [2022-11-06][06:21:49] game src/main.rs:193:37 Scancde W, 26
DEBUG [2022-11-06][06:21:49] game src/main.rs:196:21 Keymod: 0000
DEBUG [2022-11-06][06:21:49] game src/main.rs:177:21 TextInput
DEBUG [2022-11-06][06:21:49] game src/main.rs:207:21 KeyUp:
DEBUG [2022-11-06][06:21:49] game src/main.rs:209:37 Keycode W, 119
DEBUG [2022-11-06][06:21:49] game src/main.rs:213:37 Scancde W, 26
DEBUG [2022-11-06][06:21:49] game src/main.rs:216:21 Keymod: 0000
DEBUG [2022-11-06][06:21:50] game src/main.rs:187:21 KeyDown:
DEBUG [2022-11-06][06:21:50] game src/main.rs:189:37 Keycode W, 119
DEBUG [2022-11-06][06:21:50] game src/main.rs:193:37 Scancde W, 26
DEBUG [2022-11-06][06:21:50] game src/main.rs:196:21 Keymod: 0000
DEBUG [2022-11-06][06:21:50] game src/main.rs:177:21 TextInput
DEBUG [2022-11-06][06:21:50] game src/main.rs:207:21 KeyUp:
DEBUG [2022-11-06][06:21:50] game src/main.rs:209:37 Keycode W, 119
DEBUG [2022-11-06][06:21:50] game src/main.rs:213:37 Scancde W, 26
DEBUG [2022-11-06][06:21:50] game src/main.rs:216:21 Keymod: 0000
DEBUG [2022-11-06][06:21:50] game src/main.rs:187:21 KeyDown:
DEBUG [2022-11-06][06:21:50] game src/main.rs:189:37 Keycode W, 119
DEBUG [2022-11-06][06:21:50] game src/main.rs:193:37 Scancde W, 26
DEBUG [2022-11-06][06:21:50] game src/main.rs:196:21 Keymod: 0000
DEBUG [2022-11-06][06:21:50] game src/main.rs:177:21 TextInput
DEBUG [2022-11-06][06:21:50] game src/main.rs:207:21 KeyUp:
DEBUG [2022-11-06][06:21:50] game src/main.rs:209:37 Keycode W, 119
DEBUG [2022-11-06][06:21:50] game src/main.rs:213:37 Scancde W, 26
DEBUG [2022-11-06][06:21:50] game src/main.rs:216:21 Keymod: 0000
DEBUG [2022-11-06][06:21:50] game src/main.rs:187:21 KeyDown:
DEBUG [2022-11-06][06:21:50] game src/main.rs:189:37 Keycode A, 97
DEBUG [2022-11-06][06:21:50] game src/main.rs:193:37 Scancde A, 4
DEBUG [2022-11-06][06:21:50] game src/main.rs:196:21 Keymod: 0000
DEBUG [2022-11-06][06:21:50] game src/main.rs:177:21 TextInput
DEBUG [2022-11-06][06:21:50] game src/main.rs:187:21 KeyDown:
DEBUG [2022-11-06][06:21:50] game src/main.rs:189:37 Keycode S, 115
DEBUG [2022-11-06][06:21:50] game src/main.rs:193:37 Scancde S, 22
DEBUG [2022-11-06][06:21:50] game src/main.rs:196:21 Keymod: 0000
DEBUG [2022-11-06][06:21:50] game src/main.rs:177:21 TextInput
DEBUG [2022-11-06][06:21:50] game src/main.rs:207:21 KeyUp:
DEBUG [2022-11-06][06:21:50] game src/main.rs:209:37 Keycode A, 97
DEBUG [2022-11-06][06:21:50] game src/main.rs:213:37 Scancde A, 4
DEBUG [2022-11-06][06:21:50] game src/main.rs:216:21 Keymod: 0000
DEBUG [2022-11-06][06:21:50] game src/main.rs:187:21 KeyDown:
DEBUG [2022-11-06][06:21:50] game src/main.rs:189:37 Keycode D, 100
DEBUG [2022-11-06][06:21:50] game src/main.rs:193:37 Scancde D, 7
DEBUG [2022-11-06][06:21:50] game src/main.rs:196:21 Keymod: 0000
DEBUG [2022-11-06][06:21:50] game src/main.rs:177:21 TextInput
DEBUG [2022-11-06][06:21:50] game src/main.rs:207:21 KeyUp:
DEBUG [2022-11-06][06:21:50] game src/main.rs:209:37 Keycode S, 115
DEBUG [2022-11-06][06:21:50] game src/main.rs:213:37 Scancde S, 22
DEBUG [2022-11-06][06:21:50] game src/main.rs:216:21 Keymod: 0000
DEBUG [2022-11-06][06:21:51] game src/main.rs:187:21 KeyDown:
DEBUG [2022-11-06][06:21:51] game src/main.rs:189:37 Keycode A, 97
DEBUG [2022-11-06][06:21:51] game src/main.rs:193:37 Scancde A, 4
DEBUG [2022-11-06][06:21:51] game src/main.rs:196:21 Keymod: 0000
DEBUG [2022-11-06][06:21:51] game src/main.rs:177:21 TextInput
DEBUG [2022-11-06][06:21:51] game src/main.rs:187:21 KeyDown:
DEBUG [2022-11-06][06:21:51] game src/main.rs:189:37 Keycode W, 119
DEBUG [2022-11-06][06:21:51] game src/main.rs:193:37 Scancde W, 26
DEBUG [2022-11-06][06:21:51] game src/main.rs:196:21 Keymod: 0000
DEBUG [2022-11-06][06:21:51] game src/main.rs:177:21 TextInput
DEBUG [2022-11-06][06:21:51] game src/main.rs:207:21 KeyUp:
DEBUG [2022-11-06][06:21:51] game src/main.rs:209:37 Keycode D, 100
DEBUG [2022-11-06][06:21:51] game src/main.rs:213:37 Scancde D, 7
DEBUG [2022-11-06][06:21:51] game src/main.rs:216:21 Keymod: 0000
DEBUG [2022-11-06][06:21:51] game src/main.rs:187:21 KeyDown:
DEBUG [2022-11-06][06:21:51] game src/main.rs:189:37 Keycode S, 115
DEBUG [2022-11-06][06:21:51] game src/main.rs:193:37 Scancde S, 22
DEBUG [2022-11-06][06:21:51] game src/main.rs:196:21 Keymod: 0000
DEBUG [2022-11-06][06:21:51] game src/main.rs:177:21 TextInput
DEBUG [2022-11-06][06:21:51] game src/main.rs:207:21 KeyUp:
DEBUG [2022-11-06][06:21:51] game src/main.rs:209:37 Keycode W, 119
DEBUG [2022-11-06][06:21:51] game src/main.rs:213:37 Scancde W, 26
DEBUG [2022-11-06][06:21:51] game src/main.rs:216:21 Keymod: 0000
DEBUG [2022-11-06][06:21:51] game src/main.rs:187:21 KeyDown:
DEBUG [2022-11-06][06:21:51] game src/main.rs:189:37 Keycode D, 100
DEBUG [2022-11-06][06:21:51] game src/main.rs:193:37 Scancde D, 7
DEBUG [2022-11-06][06:21:51] game src/main.rs:196:21 Keymod: 0000
DEBUG [2022-11-06][06:21:51] game src/main.rs:177:21 TextInput
DEBUG [2022-11-06][06:21:51] game src/main.rs:207:21 KeyUp:
DEBUG [2022-11-06][06:21:51] game src/main.rs:209:37 Keycode A, 97
DEBUG [2022-11-06][06:21:51] game src/main.rs:213:37 Scancde A, 4
DEBUG [2022-11-06][06:21:51] game src/main.rs:216:21 Keymod: 0000
DEBUG [2022-11-06][06:21:51] game src/main.rs:207:21 KeyUp:
DEBUG [2022-11-06][06:21:51] game src/main.rs:209:37 Keycode S, 115
DEBUG [2022-11-06][06:21:51] game src/main.rs:213:37 Scancde S, 22
DEBUG [2022-11-06][06:21:51] game src/main.rs:216:21 Keymod: 0000
DEBUG [2022-11-06][06:21:51] game src/main.rs:187:21 KeyDown:
DEBUG [2022-11-06][06:21:51] game src/main.rs:189:37 Keycode W, 119
DEBUG [2022-11-06][06:21:51] game src/main.rs:193:37 Scancde W, 26
DEBUG [2022-11-06][06:21:51] game src/main.rs:196:21 Keymod: 0000
DEBUG [2022-11-06][06:21:51] game src/main.rs:177:21 TextInput
DEBUG [2022-11-06][06:21:51] game src/main.rs:187:21 KeyDown:
DEBUG [2022-11-06][06:21:51] game src/main.rs:189:37 Keycode A, 97
DEBUG [2022-11-06][06:21:51] game src/main.rs:193:37 Scancde A, 4
DEBUG [2022-11-06][06:21:51] game src/main.rs:196:21 Keymod: 0000
DEBUG [2022-11-06][06:21:51] game src/main.rs:177:21 TextInput
DEBUG [2022-11-06][06:21:51] game src/main.rs:207:21 KeyUp:
DEBUG [2022-11-06][06:21:51] game src/main.rs:209:37 Keycode A, 97
DEBUG [2022-11-06][06:21:51] game src/main.rs:213:37 Scancde A, 4
DEBUG [2022-11-06][06:21:51] game src/main.rs:216:21 Keymod: 0000
DEBUG [2022-11-06][06:21:51] game src/main.rs:207:21 KeyUp:
DEBUG [2022-11-06][06:21:51] game src/main.rs:209:37 Keycode W, 119
DEBUG [2022-11-06][06:21:51] game src/main.rs:213:37 Scancde W, 26
DEBUG [2022-11-06][06:21:51] game src/main.rs:216:21 Keymod: 0000
INFO [2022-11-06][06:21:51] game src/main.rs:145:21 Window Event triggered
INFO [2022-11-06][06:21:51] game src/main.rs:158:31 Window Event unmatched
DEBUG [2022-11-06][06:21:51] game src/main.rs:207:21 KeyUp:
DEBUG [2022-11-06][06:21:51] game src/main.rs:209:37 Keycode D, 100
DEBUG [2022-11-06][06:21:51] game src/main.rs:213:37 Scancde D, 7
DEBUG [2022-11-06][06:21:51] game src/main.rs:216:21 Keymod: 0000
INFO [2022-11-06][06:21:52] game src/main.rs:145:21 Window Event triggered
INFO [2022-11-06][06:21:52] game src/main.rs:158:31 Window Event unmatched
DEBUG [2022-11-06][06:21:52] game src/main.rs:228:21 MouseButtonDown
DEBUG [2022-11-06][06:21:52] game src/main.rs:240:21 MouseButtonUp
INFO [2022-11-06][06:21:52] game src/main.rs:145:21 Window Event triggered
INFO [2022-11-06][06:21:52] game src/main.rs:158:31 Window Event unmatched
INFO [2022-11-06][06:21:53] game src/main.rs:145:21 Window Event triggered
INFO [2022-11-06][06:21:53] game src/main.rs:158:31 Window Event unmatched
