ERROR [2022-11-06][11:13:51] game src/main.rs:66:17 Cannot create vertex shader: 0:20(41): error: `vertCamera' undeclared
0:20(41): error: type mismatch
0:20(20): error: operands to arithmetic operators must be numeric
0:22(27): warning: `vertCamera' used uninitialized
0:22(27): error: size mismatch for matrix multiplication
0:23(23): warning: `projectedVert_tmp' used uninitialized
0:23(47): error: `projectedVert' undeclared
0:23(47): error: type mismatch
0:23(23): error: operands to arithmetic operators must be numeric
0:24(16): warning: `projectedVert' used uninitialized
0:24(2): error: value of type vec3 cannot be assigned to variable of type vec4

ERROR [2022-11-06][11:13:51] game src/main.rs:89:9 Cannot link program: error: linking with uncompiled/unspecialized shader
INFO [2022-11-06][11:13:51] game src/main.rs:257:9 angle=90
INFO [2022-11-06][11:13:51] game src/main.rs:257:9 angle=90
INFO [2022-11-06][11:13:51] game src/main.rs:257:9 angle=90
INFO [2022-11-06][11:13:51] game src/main.rs:257:9 angle=90
INFO [2022-11-06][11:13:51] game src/main.rs:257:9 angle=90
INFO [2022-11-06][11:13:51] game src/main.rs:257:9 angle=90
INFO [2022-11-06][11:13:51] game src/main.rs:257:9 angle=90
INFO [2022-11-06][11:13:51] game src/main.rs:257:9 angle=90
INFO [2022-11-06][11:13:51] game src/main.rs:257:9 angle=90
INFO [2022-11-06][11:13:51] game src/main.rs:257:9 angle=90
INFO [2022-11-06][11:13:51] game src/main.rs:257:9 angle=90
INFO [2022-11-06][11:13:51] game src/main.rs:257:9 angle=90
INFO [2022-11-06][11:13:52] game src/main.rs:257:9 angle=90
INFO [2022-11-06][11:13:52] game src/main.rs:257:9 angle=90
INFO [2022-11-06][11:13:52] game src/main.rs:257:9 angle=90
INFO [2022-11-06][11:13:52] game src/main.rs:257:9 angle=90
INFO [2022-11-06][11:13:52] game src/main.rs:257:9 angle=90
INFO [2022-11-06][11:13:52] game src/main.rs:257:9 angle=90
INFO [2022-11-06][11:13:52] game src/main.rs:257:9 angle=90
INFO [2022-11-06][11:13:52] game src/main.rs:257:9 angle=90
INFO [2022-11-06][11:13:52] game src/main.rs:257:9 angle=90
INFO [2022-11-06][11:13:52] game src/main.rs:257:9 angle=90
INFO [2022-11-06][11:13:52] game src/main.rs:257:9 angle=90
INFO [2022-11-06][11:13:52] game src/main.rs:257:9 angle=90
INFO [2022-11-06][11:13:52] game src/main.rs:257:9 angle=90
INFO [2022-11-06][11:13:52] game src/main.rs:257:9 angle=90
INFO [2022-11-06][11:13:52] game src/main.rs:257:9 angle=90
INFO [2022-11-06][11:13:52] game src/main.rs:257:9 angle=90
INFO [2022-11-06][11:13:52] game src/main.rs:257:9 angle=90
INFO [2022-11-06][11:13:52] game src/main.rs:257:9 angle=90
INFO [2022-11-06][11:13:52] game src/main.rs:257:9 angle=90
INFO [2022-11-06][11:13:52] game src/main.rs:257:9 angle=90
INFO [2022-11-06][11:13:52] game src/main.rs:257:9 angle=90
INFO [2022-11-06][11:13:52] game src/main.rs:257:9 angle=90
INFO [2022-11-06][11:13:52] game src/main.rs:257:9 angle=90
INFO [2022-11-06][11:13:52] game src/main.rs:257:9 angle=90
INFO [2022-11-06][11:13:52] game src/main.rs:257:9 angle=90
INFO [2022-11-06][11:13:52] game src/main.rs:257:9 angle=90
INFO [2022-11-06][11:13:52] game src/main.rs:257:9 angle=90
INFO [2022-11-06][11:13:52] game src/main.rs:257:9 angle=90
INFO [2022-11-06][11:13:52] game src/main.rs:257:9 angle=90
INFO [2022-11-06][11:13:52] game src/main.rs:257:9 angle=90
INFO [2022-11-06][11:13:52] game src/main.rs:257:9 angle=90
INFO [2022-11-06][11:13:52] game src/main.rs:257:9 angle=90
INFO [2022-11-06][11:13:52] game src/main.rs:257:9 angle=90
INFO [2022-11-06][11:13:52] game src/main.rs:257:9 angle=90
INFO [2022-11-06][11:13:52] game src/main.rs:257:9 angle=90
INFO [2022-11-06][11:13:52] game src/main.rs:257:9 angle=90
INFO [2022-11-06][11:13:52] game src/main.rs:257:9 angle=90
INFO [2022-11-06][11:13:52] game src/main.rs:257:9 angle=90
INFO [2022-11-06][11:13:52] game src/main.rs:257:9 angle=90
INFO [2022-11-06][11:13:52] game src/main.rs:257:9 angle=90
INFO [2022-11-06][11:13:52] game src/main.rs:257:9 angle=90
INFO [2022-11-06][11:13:52] game src/main.rs:257:9 angle=90
INFO [2022-11-06][11:13:52] game src/main.rs:257:9 angle=90
INFO [2022-11-06][11:13:52] game src/main.rs:257:9 angle=90
INFO [2022-11-06][11:13:52] game src/main.rs:257:9 angle=90
INFO [2022-11-06][11:13:52] game src/main.rs:257:9 angle=90
INFO [2022-11-06][11:13:52] game src/main.rs:257:9 angle=90
INFO [2022-11-06][11:13:52] game src/main.rs:257:9 angle=90
INFO [2022-11-06][11:13:52] game src/main.rs:257:9 angle=90
INFO [2022-11-06][11:13:52] game src/main.rs:257:9 angle=90
INFO [2022-11-06][11:13:52] game src/main.rs:257:9 angle=90
INFO [2022-11-06][11:13:52] game src/main.rs:257:9 angle=90
INFO [2022-11-06][11:13:52] game src/main.rs:257:9 angle=90
INFO [2022-11-06][11:13:52] game src/main.rs:257:9 angle=90
INFO [2022-11-06][11:13:52] game src/main.rs:257:9 angle=90
INFO [2022-11-06][11:13:52] game src/main.rs:257:9 angle=90
INFO [2022-11-06][11:13:52] game src/main.rs:257:9 angle=90
INFO [2022-11-06][11:13:52] game src/main.rs:257:9 angle=90
INFO [2022-11-06][11:13:52] game src/main.rs:257:9 angle=90
INFO [2022-11-06][11:13:52] game src/main.rs:257:9 angle=90
INFO [2022-11-06][11:13:53] game src/main.rs:257:9 angle=90
INFO [2022-11-06][11:13:53] game src/main.rs:257:9 angle=90
INFO [2022-11-06][11:13:53] game src/main.rs:257:9 angle=90
INFO [2022-11-06][11:13:53] game src/main.rs:257:9 angle=90
INFO [2022-11-06][11:13:53] game src/main.rs:257:9 angle=90
INFO [2022-11-06][11:13:53] game src/main.rs:257:9 angle=90
INFO [2022-11-06][11:13:53] game src/main.rs:257:9 angle=90
INFO [2022-11-06][11:13:53] game src/main.rs:257:9 angle=90
INFO [2022-11-06][11:13:53] game src/main.rs:257:9 angle=90
INFO [2022-11-06][11:13:53] game src/main.rs:257:9 angle=90
INFO [2022-11-06][11:13:53] game src/main.rs:257:9 angle=90
INFO [2022-11-06][11:13:53] game src/main.rs:257:9 angle=90
INFO [2022-11-06][11:13:53] game src/main.rs:257:9 angle=90
INFO [2022-11-06][11:13:53] game src/main.rs:257:9 angle=90
INFO [2022-11-06][11:13:53] game src/main.rs:257:9 angle=89
INFO [2022-11-06][11:13:53] game src/main.rs:257:9 angle=89
INFO [2022-11-06][11:13:53] game src/main.rs:257:9 angle=89
INFO [2022-11-06][11:13:53] game src/main.rs:257:9 angle=89
INFO [2022-11-06][11:13:53] game src/main.rs:257:9 angle=89
INFO [2022-11-06][11:13:53] game src/main.rs:257:9 angle=89
INFO [2022-11-06][11:13:53] game src/main.rs:257:9 angle=89
INFO [2022-11-06][11:13:53] game src/main.rs:257:9 angle=89
INFO [2022-11-06][11:13:53] game src/main.rs:257:9 angle=89
INFO [2022-11-06][11:13:53] game src/main.rs:257:9 angle=89
INFO [2022-11-06][11:13:53] game src/main.rs:257:9 angle=89
INFO [2022-11-06][11:13:53] game src/main.rs:257:9 angle=89
INFO [2022-11-06][11:13:53] game src/main.rs:257:9 angle=89
INFO [2022-11-06][11:13:53] game src/main.rs:257:9 angle=89
INFO [2022-11-06][11:13:53] game src/main.rs:257:9 angle=89
INFO [2022-11-06][11:13:53] game src/main.rs:257:9 angle=89
INFO [2022-11-06][11:13:53] game src/main.rs:257:9 angle=89
INFO [2022-11-06][11:13:53] game src/main.rs:257:9 angle=89
INFO [2022-11-06][11:13:53] game src/main.rs:257:9 angle=89
INFO [2022-11-06][11:13:53] game src/main.rs:257:9 angle=89
INFO [2022-11-06][11:13:53] game src/main.rs:257:9 angle=89
INFO [2022-11-06][11:13:53] game src/main.rs:257:9 angle=89
INFO [2022-11-06][11:13:53] game src/main.rs:257:9 angle=89
INFO [2022-11-06][11:13:53] game src/main.rs:257:9 angle=89
INFO [2022-11-06][11:13:53] game src/main.rs:257:9 angle=89
INFO [2022-11-06][11:13:53] game src/main.rs:257:9 angle=89
INFO [2022-11-06][11:13:53] game src/main.rs:257:9 angle=89
INFO [2022-11-06][11:13:53] game src/main.rs:257:9 angle=89
INFO [2022-11-06][11:13:53] game src/main.rs:257:9 angle=89
INFO [2022-11-06][11:13:53] game src/main.rs:257:9 angle=89
INFO [2022-11-06][11:13:53] game src/main.rs:257:9 angle=88
INFO [2022-11-06][11:13:53] game src/main.rs:257:9 angle=87
INFO [2022-11-06][11:13:53] game src/main.rs:257:9 angle=87
INFO [2022-11-06][11:13:53] game src/main.rs:257:9 angle=86
INFO [2022-11-06][11:13:53] game src/main.rs:257:9 angle=86
INFO [2022-11-06][11:13:53] game src/main.rs:257:9 angle=85
INFO [2022-11-06][11:13:53] game src/main.rs:257:9 angle=85
INFO [2022-11-06][11:13:53] game src/main.rs:257:9 angle=84
INFO [2022-11-06][11:13:53] game src/main.rs:257:9 angle=84
INFO [2022-11-06][11:13:53] game src/main.rs:257:9 angle=83
INFO [2022-11-06][11:13:53] game src/main.rs:257:9 angle=83
INFO [2022-11-06][11:13:53] game src/main.rs:257:9 angle=82
INFO [2022-11-06][11:13:53] game src/main.rs:257:9 angle=81
INFO [2022-11-06][11:13:53] game src/main.rs:257:9 angle=81
INFO [2022-11-06][11:13:53] game src/main.rs:257:9 angle=80
INFO [2022-11-06][11:13:53] game src/main.rs:257:9 angle=80
INFO [2022-11-06][11:13:54] game src/main.rs:257:9 angle=79
INFO [2022-11-06][11:13:54] game src/main.rs:257:9 angle=79
INFO [2022-11-06][11:13:54] game src/main.rs:257:9 angle=80
INFO [2022-11-06][11:13:54] game src/main.rs:257:9 angle=80
INFO [2022-11-06][11:13:54] game src/main.rs:257:9 angle=80
INFO [2022-11-06][11:13:54] game src/main.rs:257:9 angle=80
INFO [2022-11-06][11:13:54] game src/main.rs:257:9 angle=80
INFO [2022-11-06][11:13:54] game src/main.rs:257:9 angle=80
INFO [2022-11-06][11:13:54] game src/main.rs:257:9 angle=80
INFO [2022-11-06][11:13:54] game src/main.rs:257:9 angle=80
INFO [2022-11-06][11:13:54] game src/main.rs:257:9 angle=80
INFO [2022-11-06][11:13:54] game src/main.rs:257:9 angle=80
INFO [2022-11-06][11:13:54] game src/main.rs:257:9 angle=80
INFO [2022-11-06][11:13:54] game src/main.rs:257:9 angle=80
INFO [2022-11-06][11:13:54] game src/main.rs:257:9 angle=80
INFO [2022-11-06][11:13:54] game src/main.rs:257:9 angle=80
INFO [2022-11-06][11:13:54] game src/main.rs:257:9 angle=80
INFO [2022-11-06][11:13:54] game src/main.rs:257:9 angle=80
INFO [2022-11-06][11:13:54] game src/main.rs:257:9 angle=80
INFO [2022-11-06][11:13:54] game src/main.rs:257:9 angle=80
INFO [2022-11-06][11:13:54] game src/main.rs:257:9 angle=80
INFO [2022-11-06][11:13:54] game src/main.rs:257:9 angle=80
INFO [2022-11-06][11:13:54] game src/main.rs:257:9 angle=80
INFO [2022-11-06][11:13:54] game src/main.rs:257:9 angle=80
INFO [2022-11-06][11:13:54] game src/main.rs:257:9 angle=80
INFO [2022-11-06][11:13:54] game src/main.rs:257:9 angle=80
INFO [2022-11-06][11:13:54] game src/main.rs:257:9 angle=80
INFO [2022-11-06][11:13:54] game src/main.rs:257:9 angle=80
INFO [2022-11-06][11:13:54] game src/main.rs:257:9 angle=80
INFO [2022-11-06][11:13:54] game src/main.rs:257:9 angle=80
INFO [2022-11-06][11:13:54] game src/main.rs:257:9 angle=80
INFO [2022-11-06][11:13:54] game src/main.rs:257:9 angle=80
INFO [2022-11-06][11:13:54] game src/main.rs:257:9 angle=81
INFO [2022-11-06][11:13:54] game src/main.rs:257:9 angle=82
INFO [2022-11-06][11:13:54] game src/main.rs:257:9 angle=82
INFO [2022-11-06][11:13:54] game src/main.rs:257:9 angle=83
INFO [2022-11-06][11:13:54] game src/main.rs:257:9 angle=83
INFO [2022-11-06][11:13:54] game src/main.rs:257:9 angle=84
INFO [2022-11-06][11:13:54] game src/main.rs:257:9 angle=84
INFO [2022-11-06][11:13:54] game src/main.rs:257:9 angle=85
INFO [2022-11-06][11:13:54] game src/main.rs:257:9 angle=85
INFO [2022-11-06][11:13:54] game src/main.rs:257:9 angle=86
INFO [2022-11-06][11:13:54] game src/main.rs:257:9 angle=87
INFO [2022-11-06][11:13:54] game src/main.rs:257:9 angle=87
INFO [2022-11-06][11:13:54] game src/main.rs:257:9 angle=88
INFO [2022-11-06][11:13:54] game src/main.rs:257:9 angle=88
INFO [2022-11-06][11:13:54] game src/main.rs:257:9 angle=89
INFO [2022-11-06][11:13:54] game src/main.rs:257:9 angle=89
INFO [2022-11-06][11:13:54] game src/main.rs:257:9 angle=90
INFO [2022-11-06][11:13:54] game src/main.rs:257:9 angle=90
INFO [2022-11-06][11:13:54] game src/main.rs:257:9 angle=91
INFO [2022-11-06][11:13:54] game src/main.rs:257:9 angle=92
INFO [2022-11-06][11:13:54] game src/main.rs:257:9 angle=92
INFO [2022-11-06][11:13:54] game src/main.rs:257:9 angle=93
INFO [2022-11-06][11:13:54] game src/main.rs:257:9 angle=93
INFO [2022-11-06][11:13:54] game src/main.rs:257:9 angle=94
INFO [2022-11-06][11:13:54] game src/main.rs:257:9 angle=94
INFO [2022-11-06][11:13:54] game src/main.rs:257:9 angle=95
INFO [2022-11-06][11:13:54] game src/main.rs:257:9 angle=95
INFO [2022-11-06][11:13:55] game src/main.rs:257:9 angle=96
INFO [2022-11-06][11:13:55] game src/main.rs:257:9 angle=96
INFO [2022-11-06][11:13:55] game src/main.rs:257:9 angle=97
INFO [2022-11-06][11:13:55] game src/main.rs:257:9 angle=98
INFO [2022-11-06][11:13:55] game src/main.rs:257:9 angle=98
INFO [2022-11-06][11:13:55] game src/main.rs:257:9 angle=99
INFO [2022-11-06][11:13:55] game src/main.rs:257:9 angle=99
INFO [2022-11-06][11:13:55] game src/main.rs:257:9 angle=100
INFO [2022-11-06][11:13:55] game src/main.rs:257:9 angle=100
INFO [2022-11-06][11:13:55] game src/main.rs:257:9 angle=101
INFO [2022-11-06][11:13:55] game src/main.rs:257:9 angle=101
INFO [2022-11-06][11:13:55] game src/main.rs:257:9 angle=101
INFO [2022-11-06][11:13:55] game src/main.rs:257:9 angle=101
INFO [2022-11-06][11:13:55] game src/main.rs:257:9 angle=101
INFO [2022-11-06][11:13:55] game src/main.rs:257:9 angle=101
INFO [2022-11-06][11:13:55] game src/main.rs:257:9 angle=101
INFO [2022-11-06][11:13:55] game src/main.rs:257:9 angle=101
INFO [2022-11-06][11:13:55] game src/main.rs:257:9 angle=101
INFO [2022-11-06][11:13:55] game src/main.rs:257:9 angle=101
INFO [2022-11-06][11:13:55] game src/main.rs:257:9 angle=101
INFO [2022-11-06][11:13:55] game src/main.rs:257:9 angle=101
INFO [2022-11-06][11:13:55] game src/main.rs:257:9 angle=101
INFO [2022-11-06][11:13:55] game src/main.rs:257:9 angle=101
INFO [2022-11-06][11:13:55] game src/main.rs:257:9 angle=101
INFO [2022-11-06][11:13:55] game src/main.rs:257:9 angle=101
INFO [2022-11-06][11:13:55] game src/main.rs:257:9 angle=101
INFO [2022-11-06][11:13:55] game src/main.rs:257:9 angle=101
INFO [2022-11-06][11:13:55] game src/main.rs:257:9 angle=101
INFO [2022-11-06][11:13:55] game src/main.rs:257:9 angle=101
INFO [2022-11-06][11:13:55] game src/main.rs:257:9 angle=101
INFO [2022-11-06][11:13:55] game src/main.rs:257:9 angle=101
INFO [2022-11-06][11:13:55] game src/main.rs:257:9 angle=101
INFO [2022-11-06][11:13:55] game src/main.rs:257:9 angle=101
INFO [2022-11-06][11:13:55] game src/main.rs:257:9 angle=101
INFO [2022-11-06][11:13:55] game src/main.rs:257:9 angle=101
INFO [2022-11-06][11:13:55] game src/main.rs:257:9 angle=101
INFO [2022-11-06][11:13:55] game src/main.rs:257:9 angle=101
INFO [2022-11-06][11:13:55] game src/main.rs:257:9 angle=101
INFO [2022-11-06][11:13:55] game src/main.rs:257:9 angle=101
INFO [2022-11-06][11:13:55] game src/main.rs:257:9 angle=101
INFO [2022-11-06][11:13:55] game src/main.rs:257:9 angle=101
INFO [2022-11-06][11:13:55] game src/main.rs:257:9 angle=101
INFO [2022-11-06][11:13:55] game src/main.rs:257:9 angle=101
INFO [2022-11-06][11:13:55] game src/main.rs:257:9 angle=101
INFO [2022-11-06][11:13:55] game src/main.rs:257:9 angle=101
INFO [2022-11-06][11:13:55] game src/main.rs:257:9 angle=101
INFO [2022-11-06][11:13:55] game src/main.rs:257:9 angle=101
INFO [2022-11-06][11:13:55] game src/main.rs:257:9 angle=101
INFO [2022-11-06][11:13:55] game src/main.rs:257:9 angle=101
INFO [2022-11-06][11:13:55] game src/main.rs:257:9 angle=101
INFO [2022-11-06][11:13:55] game src/main.rs:257:9 angle=101
INFO [2022-11-06][11:13:55] game src/main.rs:257:9 angle=101
INFO [2022-11-06][11:13:55] game src/main.rs:257:9 angle=101
INFO [2022-11-06][11:13:55] game src/main.rs:257:9 angle=101
INFO [2022-11-06][11:13:55] game src/main.rs:257:9 angle=101
INFO [2022-11-06][11:13:55] game src/main.rs:257:9 angle=101
INFO [2022-11-06][11:13:55] game src/main.rs:257:9 angle=101
INFO [2022-11-06][11:13:55] game src/main.rs:257:9 angle=100
INFO [2022-11-06][11:13:55] game src/main.rs:257:9 angle=100
INFO [2022-11-06][11:13:55] game src/main.rs:257:9 angle=100
INFO [2022-11-06][11:13:56] game src/main.rs:257:9 angle=100
INFO [2022-11-06][11:13:56] game src/main.rs:257:9 angle=100
INFO [2022-11-06][11:13:56] game src/main.rs:257:9 angle=100
INFO [2022-11-06][11:13:56] game src/main.rs:257:9 angle=100
INFO [2022-11-06][11:13:56] game src/main.rs:257:9 angle=100
INFO [2022-11-06][11:13:56] game src/main.rs:257:9 angle=100
INFO [2022-11-06][11:13:56] game src/main.rs:257:9 angle=100
INFO [2022-11-06][11:13:56] game src/main.rs:257:9 angle=100
INFO [2022-11-06][11:13:56] game src/main.rs:257:9 angle=100
INFO [2022-11-06][11:13:56] game src/main.rs:257:9 angle=100
INFO [2022-11-06][11:13:56] game src/main.rs:257:9 angle=100
INFO [2022-11-06][11:13:56] game src/main.rs:257:9 angle=100
INFO [2022-11-06][11:13:56] game src/main.rs:257:9 angle=100
INFO [2022-11-06][11:13:56] game src/main.rs:257:9 angle=100
INFO [2022-11-06][11:13:56] game src/main.rs:257:9 angle=100
INFO [2022-11-06][11:13:56] game src/main.rs:257:9 angle=100
INFO [2022-11-06][11:13:56] game src/main.rs:257:9 angle=100
INFO [2022-11-06][11:13:56] game src/main.rs:257:9 angle=100
INFO [2022-11-06][11:13:56] game src/main.rs:257:9 angle=100
INFO [2022-11-06][11:13:56] game src/main.rs:257:9 angle=100
INFO [2022-11-06][11:13:56] game src/main.rs:257:9 angle=100
INFO [2022-11-06][11:13:56] game src/main.rs:257:9 angle=100
INFO [2022-11-06][11:13:56] game src/main.rs:257:9 angle=100
INFO [2022-11-06][11:13:56] game src/main.rs:257:9 angle=100
INFO [2022-11-06][11:13:56] game src/main.rs:257:9 angle=100
INFO [2022-11-06][11:13:56] game src/main.rs:257:9 angle=100
INFO [2022-11-06][11:13:56] game src/main.rs:257:9 angle=100
INFO [2022-11-06][11:13:56] game src/main.rs:257:9 angle=99
INFO [2022-11-06][11:13:56] game src/main.rs:257:9 angle=99
INFO [2022-11-06][11:13:56] game src/main.rs:257:9 angle=98
INFO [2022-11-06][11:13:56] game src/main.rs:257:9 angle=97
INFO [2022-11-06][11:13:56] game src/main.rs:257:9 angle=97
INFO [2022-11-06][11:13:56] game src/main.rs:257:9 angle=96
INFO [2022-11-06][11:13:56] game src/main.rs:257:9 angle=96
INFO [2022-11-06][11:13:56] game src/main.rs:257:9 angle=95
INFO [2022-11-06][11:13:56] game src/main.rs:257:9 angle=95
INFO [2022-11-06][11:13:56] game src/main.rs:257:9 angle=94
INFO [2022-11-06][11:13:56] game src/main.rs:257:9 angle=94
INFO [2022-11-06][11:13:56] game src/main.rs:257:9 angle=93
INFO [2022-11-06][11:13:56] game src/main.rs:257:9 angle=92
INFO [2022-11-06][11:13:56] game src/main.rs:257:9 angle=92
INFO [2022-11-06][11:13:56] game src/main.rs:257:9 angle=91
INFO [2022-11-06][11:13:56] game src/main.rs:257:9 angle=91
INFO [2022-11-06][11:13:56] game src/main.rs:257:9 angle=90
INFO [2022-11-06][11:13:56] game src/main.rs:257:9 angle=90
INFO [2022-11-06][11:13:56] game src/main.rs:257:9 angle=89
INFO [2022-11-06][11:13:56] game src/main.rs:257:9 angle=89
INFO [2022-11-06][11:13:56] game src/main.rs:257:9 angle=88
INFO [2022-11-06][11:13:56] game src/main.rs:257:9 angle=88
INFO [2022-11-06][11:13:56] game src/main.rs:257:9 angle=87
INFO [2022-11-06][11:13:56] game src/main.rs:257:9 angle=86
INFO [2022-11-06][11:13:56] game src/main.rs:257:9 angle=86
INFO [2022-11-06][11:13:56] game src/main.rs:257:9 angle=85
INFO [2022-11-06][11:13:56] game src/main.rs:257:9 angle=85
INFO [2022-11-06][11:13:56] game src/main.rs:257:9 angle=84
INFO [2022-11-06][11:13:56] game src/main.rs:257:9 angle=84
INFO [2022-11-06][11:13:56] game src/main.rs:257:9 angle=83
INFO [2022-11-06][11:13:56] game src/main.rs:257:9 angle=83
INFO [2022-11-06][11:13:56] game src/main.rs:257:9 angle=82
INFO [2022-11-06][11:13:56] game src/main.rs:257:9 angle=82
INFO [2022-11-06][11:13:57] game src/main.rs:257:9 angle=81
INFO [2022-11-06][11:13:57] game src/main.rs:257:9 angle=81
INFO [2022-11-06][11:13:57] game src/main.rs:257:9 angle=80
INFO [2022-11-06][11:13:57] game src/main.rs:257:9 angle=79
INFO [2022-11-06][11:13:57] game src/main.rs:257:9 angle=79
INFO [2022-11-06][11:13:57] game src/main.rs:257:9 angle=78
INFO [2022-11-06][11:13:57] game src/main.rs:257:9 angle=78
INFO [2022-11-06][11:13:57] game src/main.rs:257:9 angle=77
INFO [2022-11-06][11:13:57] game src/main.rs:257:9 angle=77
INFO [2022-11-06][11:13:57] game src/main.rs:257:9 angle=76
INFO [2022-11-06][11:13:57] game src/main.rs:257:9 angle=77
INFO [2022-11-06][11:13:57] game src/main.rs:257:9 angle=77
INFO [2022-11-06][11:13:57] game src/main.rs:257:9 angle=77
INFO [2022-11-06][11:13:57] game src/main.rs:257:9 angle=77
INFO [2022-11-06][11:13:57] game src/main.rs:257:9 angle=77
INFO [2022-11-06][11:13:57] game src/main.rs:257:9 angle=77
INFO [2022-11-06][11:13:57] game src/main.rs:257:9 angle=77
INFO [2022-11-06][11:13:57] game src/main.rs:257:9 angle=77
INFO [2022-11-06][11:13:57] game src/main.rs:257:9 angle=77
INFO [2022-11-06][11:13:57] game src/main.rs:257:9 angle=77
INFO [2022-11-06][11:13:57] game src/main.rs:257:9 angle=77
INFO [2022-11-06][11:13:57] game src/main.rs:257:9 angle=77
INFO [2022-11-06][11:13:57] game src/main.rs:257:9 angle=77
INFO [2022-11-06][11:13:57] game src/main.rs:257:9 angle=77
INFO [2022-11-06][11:13:57] game src/main.rs:257:9 angle=77
INFO [2022-11-06][11:13:57] game src/main.rs:257:9 angle=77
INFO [2022-11-06][11:13:57] game src/main.rs:257:9 angle=77
INFO [2022-11-06][11:13:57] game src/main.rs:257:9 angle=77
INFO [2022-11-06][11:13:57] game src/main.rs:257:9 angle=77
INFO [2022-11-06][11:13:57] game src/main.rs:257:9 angle=77
INFO [2022-11-06][11:13:57] game src/main.rs:257:9 angle=77
INFO [2022-11-06][11:13:57] game src/main.rs:257:9 angle=77
INFO [2022-11-06][11:13:57] game src/main.rs:257:9 angle=77
INFO [2022-11-06][11:13:57] game src/main.rs:257:9 angle=77
INFO [2022-11-06][11:13:57] game src/main.rs:257:9 angle=77
INFO [2022-11-06][11:13:57] game src/main.rs:257:9 angle=77
INFO [2022-11-06][11:13:57] game src/main.rs:257:9 angle=77
INFO [2022-11-06][11:13:57] game src/main.rs:257:9 angle=77
INFO [2022-11-06][11:13:57] game src/main.rs:257:9 angle=77
INFO [2022-11-06][11:13:57] game src/main.rs:257:9 angle=77
INFO [2022-11-06][11:13:57] game src/main.rs:257:9 angle=78
INFO [2022-11-06][11:13:57] game src/main.rs:257:9 angle=78
INFO [2022-11-06][11:13:57] game src/main.rs:257:9 angle=79
INFO [2022-11-06][11:13:57] game src/main.rs:257:9 angle=79
INFO [2022-11-06][11:13:57] game src/main.rs:257:9 angle=80
INFO [2022-11-06][11:13:57] game src/main.rs:257:9 angle=80
INFO [2022-11-06][11:13:57] game src/main.rs:257:9 angle=81
INFO [2022-11-06][11:13:57] game src/main.rs:257:9 angle=81
INFO [2022-11-06][11:13:57] game src/main.rs:257:9 angle=82
INFO [2022-11-06][11:13:57] game src/main.rs:257:9 angle=83
INFO [2022-11-06][11:13:57] game src/main.rs:257:9 angle=83
INFO [2022-11-06][11:13:57] game src/main.rs:257:9 angle=83
INFO [2022-11-06][11:13:57] game src/main.rs:257:9 angle=83
INFO [2022-11-06][11:13:57] game src/main.rs:257:9 angle=83
INFO [2022-11-06][11:13:57] game src/main.rs:257:9 angle=83
INFO [2022-11-06][11:13:57] game src/main.rs:257:9 angle=83
INFO [2022-11-06][11:13:57] game src/main.rs:257:9 angle=83
INFO [2022-11-06][11:13:57] game src/main.rs:257:9 angle=83
INFO [2022-11-06][11:13:57] game src/main.rs:257:9 angle=83
INFO [2022-11-06][11:13:57] game src/main.rs:257:9 angle=83
INFO [2022-11-06][11:13:58] game src/main.rs:257:9 angle=83
INFO [2022-11-06][11:13:58] game src/main.rs:257:9 angle=83
INFO [2022-11-06][11:13:58] game src/main.rs:257:9 angle=83
INFO [2022-11-06][11:13:58] game src/main.rs:257:9 angle=83
INFO [2022-11-06][11:13:58] game src/main.rs:257:9 angle=83
INFO [2022-11-06][11:13:58] game src/main.rs:257:9 angle=83
INFO [2022-11-06][11:13:58] game src/main.rs:257:9 angle=83
INFO [2022-11-06][11:13:58] game src/main.rs:257:9 angle=83
INFO [2022-11-06][11:13:58] game src/main.rs:257:9 angle=83
INFO [2022-11-06][11:13:58] game src/main.rs:257:9 angle=83
INFO [2022-11-06][11:13:58] game src/main.rs:257:9 angle=83
