INFO [2022-11-06][06:56:38] game src/main.rs:180:32 Window: Shown
INFO [2022-11-06][06:56:38] game src/main.rs:180:32 Window: Moved(256, 172)
INFO [2022-11-06][06:56:38] game src/main.rs:180:32 Window: Enter
INFO [2022-11-06][06:56:38] game src/main.rs:180:32 Window: Leave
INFO [2022-11-06][06:56:39] game src/main.rs:180:32 Window: Enter
INFO [2022-11-06][06:56:39] game src/main.rs:180:32 Window: Leave
INFO [2022-11-06][06:56:39] game src/main.rs:180:32 Window: FocusGained
INFO [2022-11-06][06:56:39] game src/main.rs:180:32 Window: TakeFocus
INFO [2022-11-06][06:56:39] game src/main.rs:180:32 Window: TakeFocus
INFO [2022-11-06][06:56:39] game src/main.rs:180:32 Window: SizeChanged(854, 473)
INFO [2022-11-06][06:56:39] game src/main.rs:156:29 Resizing to 854x473
INFO [2022-11-06][06:56:39] game src/main.rs:180:32 Window: SizeChanged(854, 443)
INFO [2022-11-06][06:56:39] game src/main.rs:156:29 Resizing to 854x443
INFO [2022-11-06][06:56:40] game src/main.rs:180:32 Window: SizeChanged(854, 418)
INFO [2022-11-06][06:56:40] game src/main.rs:156:29 Resizing to 854x418
INFO [2022-11-06][06:56:40] game src/main.rs:180:32 Window: SizeChanged(854, 407)
INFO [2022-11-06][06:56:40] game src/main.rs:156:29 Resizing to 854x407
INFO [2022-11-06][06:56:40] game src/main.rs:180:32 Window: SizeChanged(854, 393)
INFO [2022-11-06][06:56:40] game src/main.rs:156:29 Resizing to 854x393
INFO [2022-11-06][06:56:40] game src/main.rs:180:32 Window: SizeChanged(854, 386)
INFO [2022-11-06][06:56:40] game src/main.rs:156:29 Resizing to 854x386
INFO [2022-11-06][06:56:40] game src/main.rs:180:32 Window: SizeChanged(854, 378)
INFO [2022-11-06][06:56:40] game src/main.rs:156:29 Resizing to 854x378
INFO [2022-11-06][06:56:40] game src/main.rs:180:32 Window: SizeChanged(854, 375)
INFO [2022-11-06][06:56:40] game src/main.rs:156:29 Resizing to 854x375
INFO [2022-11-06][06:56:40] game src/main.rs:180:32 Window: SizeChanged(854, 379)
INFO [2022-11-06][06:56:40] game src/main.rs:156:29 Resizing to 854x379
INFO [2022-11-06][06:56:40] game src/main.rs:180:32 Window: SizeChanged(854, 411)
INFO [2022-11-06][06:56:40] game src/main.rs:156:29 Resizing to 854x411
INFO [2022-11-06][06:56:40] game src/main.rs:180:32 Window: SizeChanged(854, 432)
INFO [2022-11-06][06:56:40] game src/main.rs:156:29 Resizing to 854x432
INFO [2022-11-06][06:56:40] game src/main.rs:180:32 Window: SizeChanged(854, 469)
INFO [2022-11-06][06:56:40] game src/main.rs:156:29 Resizing to 854x469
INFO [2022-11-06][06:56:40] game src/main.rs:180:32 Window: SizeChanged(854, 460)
INFO [2022-11-06][06:56:40] game src/main.rs:156:29 Resizing to 854x460
INFO [2022-11-06][06:56:40] game src/main.rs:180:32 Window: SizeChanged(854, 419)
INFO [2022-11-06][06:56:40] game src/main.rs:156:29 Resizing to 854x419
INFO [2022-11-06][06:56:40] game src/main.rs:180:32 Window: SizeChanged(854, 380)
INFO [2022-11-06][06:56:40] game src/main.rs:156:29 Resizing to 854x380
INFO [2022-11-06][06:56:40] game src/main.rs:180:32 Window: SizeChanged(854, 374)
INFO [2022-11-06][06:56:40] game src/main.rs:156:29 Resizing to 854x374
INFO [2022-11-06][06:56:40] game src/main.rs:180:32 Window: SizeChanged(854, 402)
INFO [2022-11-06][06:56:40] game src/main.rs:156:29 Resizing to 854x402
INFO [2022-11-06][06:56:40] game src/main.rs:180:32 Window: SizeChanged(854, 480)
INFO [2022-11-06][06:56:40] game src/main.rs:156:29 Resizing to 854x480
INFO [2022-11-06][06:56:40] game src/main.rs:180:32 Window: SizeChanged(854, 482)
INFO [2022-11-06][06:56:40] game src/main.rs:156:29 Resizing to 854x482
INFO [2022-11-06][06:56:40] game src/main.rs:180:32 Window: Enter
INFO [2022-11-06][06:56:40] game src/main.rs:180:32 Window: SizeChanged(854, 478)
INFO [2022-11-06][06:56:40] game src/main.rs:156:29 Resizing to 854x478
INFO [2022-11-06][06:56:40] game src/main.rs:180:32 Window: Leave
INFO [2022-11-06][06:56:40] game src/main.rs:180:32 Window: Enter
INFO [2022-11-06][06:56:41] game src/main.rs:180:32 Window: Leave
INFO [2022-11-06][06:56:42] game src/main.rs:180:32 Window: Enter
INFO [2022-11-06][06:56:43] game src/main.rs:180:32 Window: Leave
INFO [2022-11-06][06:56:43] game src/main.rs:180:32 Window: TakeFocus
INFO [2022-11-06][06:56:43] game src/main.rs:180:32 Window: TakeFocus
INFO [2022-11-06][06:56:43] game src/main.rs:180:32 Window: Moved(257, 172)
INFO [2022-11-06][06:56:43] game src/main.rs:180:32 Window: SizeChanged(853, 478)
INFO [2022-11-06][06:56:43] game src/main.rs:156:29 Resizing to 853x478
INFO [2022-11-06][06:56:43] game src/main.rs:180:32 Window: Moved(281, 172)
INFO [2022-11-06][06:56:43] game src/main.rs:180:32 Window: SizeChanged(829, 463)
INFO [2022-11-06][06:56:43] game src/main.rs:156:29 Resizing to 829x463
INFO [2022-11-06][06:56:43] game src/main.rs:180:32 Window: Moved(317, 172)
INFO [2022-11-06][06:56:43] game src/main.rs:180:32 Window: SizeChanged(793, 445)
INFO [2022-11-06][06:56:43] game src/main.rs:156:29 Resizing to 793x445
INFO [2022-11-06][06:56:43] game src/main.rs:180:32 Window: Moved(571, 172)
INFO [2022-11-06][06:56:43] game src/main.rs:180:32 Window: SizeChanged(539, 364)
INFO [2022-11-06][06:56:43] game src/main.rs:156:29 Resizing to 539x364
INFO [2022-11-06][06:56:43] game src/main.rs:180:32 Window: Moved(688, 172)
INFO [2022-11-06][06:56:43] game src/main.rs:180:32 Window: SizeChanged(422, 336)
INFO [2022-11-06][06:56:43] game src/main.rs:156:29 Resizing to 422x336
INFO [2022-11-06][06:56:43] game src/main.rs:180:32 Window: Moved(767, 172)
INFO [2022-11-06][06:56:43] game src/main.rs:180:32 Window: SizeChanged(343, 327)
INFO [2022-11-06][06:56:43] game src/main.rs:156:29 Resizing to 343x327
INFO [2022-11-06][06:56:43] game src/main.rs:180:32 Window: Moved(769, 172)
INFO [2022-11-06][06:56:43] game src/main.rs:180:32 Window: SizeChanged(341, 326)
INFO [2022-11-06][06:56:43] game src/main.rs:156:29 Resizing to 341x326
INFO [2022-11-06][06:56:43] game src/main.rs:180:32 Window: Moved(770, 172)
INFO [2022-11-06][06:56:43] game src/main.rs:180:32 Window: SizeChanged(340, 327)
INFO [2022-11-06][06:56:43] game src/main.rs:156:29 Resizing to 340x327
INFO [2022-11-06][06:56:44] game src/main.rs:180:32 Window: Moved(759, 172)
INFO [2022-11-06][06:56:44] game src/main.rs:180:32 Window: SizeChanged(351, 346)
INFO [2022-11-06][06:56:44] game src/main.rs:156:29 Resizing to 351x346
INFO [2022-11-06][06:56:44] game src/main.rs:180:32 Window: Moved(710, 172)
INFO [2022-11-06][06:56:44] game src/main.rs:180:32 Window: SizeChanged(400, 389)
INFO [2022-11-06][06:56:44] game src/main.rs:156:29 Resizing to 400x389
INFO [2022-11-06][06:56:44] game src/main.rs:180:32 Window: Moved(620, 172)
INFO [2022-11-06][06:56:44] game src/main.rs:180:32 Window: SizeChanged(490, 428)
INFO [2022-11-06][06:56:44] game src/main.rs:156:29 Resizing to 490x428
INFO [2022-11-06][06:56:44] game src/main.rs:180:32 Window: Moved(595, 172)
INFO [2022-11-06][06:56:44] game src/main.rs:180:32 Window: SizeChanged(515, 431)
INFO [2022-11-06][06:56:44] game src/main.rs:156:29 Resizing to 515x431
INFO [2022-11-06][06:56:44] game src/main.rs:180:32 Window: Moved(578, 172)
INFO [2022-11-06][06:56:44] game src/main.rs:180:32 Window: SizeChanged(532, 433)
INFO [2022-11-06][06:56:44] game src/main.rs:156:29 Resizing to 532x433
INFO [2022-11-06][06:56:44] game src/main.rs:180:32 Window: Moved(557, 172)
INFO [2022-11-06][06:56:44] game src/main.rs:180:32 Window: SizeChanged(553, 433)
INFO [2022-11-06][06:56:44] game src/main.rs:156:29 Resizing to 553x433
INFO [2022-11-06][06:56:44] game src/main.rs:180:32 Window: Moved(552, 172)
INFO [2022-11-06][06:56:44] game src/main.rs:180:32 Window: SizeChanged(558, 433)
INFO [2022-11-06][06:56:44] game src/main.rs:156:29 Resizing to 558x433
INFO [2022-11-06][06:56:44] game src/main.rs:180:32 Window: Moved(553, 172)
INFO [2022-11-06][06:56:44] game src/main.rs:180:32 Window: SizeChanged(557, 431)
INFO [2022-11-06][06:56:44] game src/main.rs:156:29 Resizing to 557x431
INFO [2022-11-06][06:56:44] game src/main.rs:180:32 Window: Moved(723, 172)
INFO [2022-11-06][06:56:44] game src/main.rs:180:32 Window: SizeChanged(387, 392)
INFO [2022-11-06][06:56:44] game src/main.rs:156:29 Resizing to 387x392
INFO [2022-11-06][06:56:44] game src/main.rs:180:32 Window: Moved(913, 172)
INFO [2022-11-06][06:56:44] game src/main.rs:180:32 Window: SizeChanged(197, 343)
INFO [2022-11-06][06:56:44] game src/main.rs:156:29 Resizing to 197x343
INFO [2022-11-06][06:56:44] game src/main.rs:180:32 Window: Moved(1049, 172)
INFO [2022-11-06][06:56:44] game src/main.rs:180:32 Window: SizeChanged(61, 305)
INFO [2022-11-06][06:56:44] game src/main.rs:156:29 Resizing to 61x305
INFO [2022-11-06][06:56:44] game src/main.rs:180:32 Window: Moved(1051, 172)
INFO [2022-11-06][06:56:44] game src/main.rs:180:32 Window: SizeChanged(59, 304)
INFO [2022-11-06][06:56:44] game src/main.rs:156:29 Resizing to 59x304
INFO [2022-11-06][06:56:44] game src/main.rs:180:32 Window: SizeChanged(59, 301)
INFO [2022-11-06][06:56:44] game src/main.rs:156:29 Resizing to 59x301
INFO [2022-11-06][06:56:44] game src/main.rs:180:32 Window: Moved(1046, 172)
INFO [2022-11-06][06:56:44] game src/main.rs:180:32 Window: SizeChanged(64, 268)
INFO [2022-11-06][06:56:44] game src/main.rs:156:29 Resizing to 64x268
INFO [2022-11-06][06:56:44] game src/main.rs:180:32 Window: SizeChanged(64, 204)
INFO [2022-11-06][06:56:44] game src/main.rs:156:29 Resizing to 64x204
INFO [2022-11-06][06:56:44] game src/main.rs:180:32 Window: Moved(1056, 172)
INFO [2022-11-06][06:56:44] game src/main.rs:180:32 Window: SizeChanged(54, 129)
INFO [2022-11-06][06:56:44] game src/main.rs:156:29 Resizing to 54x129
INFO [2022-11-06][06:56:44] game src/main.rs:180:32 Window: Moved(1057, 172)
INFO [2022-11-06][06:56:44] game src/main.rs:180:32 Window: SizeChanged(53, 125)
INFO [2022-11-06][06:56:44] game src/main.rs:156:29 Resizing to 53x125
INFO [2022-11-06][06:56:45] game src/main.rs:180:32 Window: SizeChanged(53, 124)
INFO [2022-11-06][06:56:45] game src/main.rs:156:29 Resizing to 53x124
INFO [2022-11-06][06:56:45] game src/main.rs:180:32 Window: Moved(1050, 172)
INFO [2022-11-06][06:56:45] game src/main.rs:180:32 Window: SizeChanged(60, 132)
INFO [2022-11-06][06:56:45] game src/main.rs:156:29 Resizing to 60x132
INFO [2022-11-06][06:56:45] game src/main.rs:180:32 Window: Moved(1025, 172)
INFO [2022-11-06][06:56:45] game src/main.rs:180:32 Window: SizeChanged(85, 166)
INFO [2022-11-06][06:56:45] game src/main.rs:156:29 Resizing to 85x166
INFO [2022-11-06][06:56:45] game src/main.rs:180:32 Window: Moved(952, 172)
INFO [2022-11-06][06:56:45] game src/main.rs:180:32 Window: SizeChanged(158, 253)
INFO [2022-11-06][06:56:45] game src/main.rs:156:29 Resizing to 158x253
INFO [2022-11-06][06:56:45] game src/main.rs:180:32 Window: Moved(919, 172)
INFO [2022-11-06][06:56:45] game src/main.rs:180:32 Window: SizeChanged(191, 289)
INFO [2022-11-06][06:56:45] game src/main.rs:156:29 Resizing to 191x289
INFO [2022-11-06][06:56:45] game src/main.rs:180:32 Window: Moved(912, 172)
INFO [2022-11-06][06:56:45] game src/main.rs:180:32 Window: SizeChanged(198, 301)
INFO [2022-11-06][06:56:45] game src/main.rs:156:29 Resizing to 198x301
INFO [2022-11-06][06:56:45] game src/main.rs:180:32 Window: Moved(909, 172)
INFO [2022-11-06][06:56:45] game src/main.rs:180:32 Window: SizeChanged(201, 304)
INFO [2022-11-06][06:56:45] game src/main.rs:156:29 Resizing to 201x304
INFO [2022-11-06][06:56:45] game src/main.rs:180:32 Window: Moved(845, 172)
INFO [2022-11-06][06:56:45] game src/main.rs:180:32 Window: SizeChanged(265, 345)
INFO [2022-11-06][06:56:45] game src/main.rs:156:29 Resizing to 265x345
INFO [2022-11-06][06:56:45] game src/main.rs:180:32 Window: Moved(725, 172)
INFO [2022-11-06][06:56:45] game src/main.rs:180:32 Window: SizeChanged(385, 414)
INFO [2022-11-06][06:56:45] game src/main.rs:156:29 Resizing to 385x414
INFO [2022-11-06][06:56:45] game src/main.rs:180:32 Window: Moved(542, 172)
INFO [2022-11-06][06:56:45] game src/main.rs:180:32 Window: SizeChanged(568, 492)
INFO [2022-11-06][06:56:45] game src/main.rs:156:29 Resizing to 568x492
INFO [2022-11-06][06:56:45] game src/main.rs:180:32 Window: Moved(523, 172)
INFO [2022-11-06][06:56:45] game src/main.rs:180:32 Window: SizeChanged(587, 499)
INFO [2022-11-06][06:56:45] game src/main.rs:156:29 Resizing to 587x499
INFO [2022-11-06][06:56:45] game src/main.rs:180:32 Window: Moved(524, 172)
INFO [2022-11-06][06:56:45] game src/main.rs:180:32 Window: SizeChanged(586, 498)
INFO [2022-11-06][06:56:45] game src/main.rs:156:29 Resizing to 586x498
INFO [2022-11-06][06:56:45] game src/main.rs:180:32 Window: Moved(540, 172)
INFO [2022-11-06][06:56:45] game src/main.rs:180:32 Window: SizeChanged(570, 468)
INFO [2022-11-06][06:56:45] game src/main.rs:156:29 Resizing to 570x468
INFO [2022-11-06][06:56:45] game src/main.rs:180:32 Window: Moved(610, 172)
INFO [2022-11-06][06:56:45] game src/main.rs:180:32 Window: SizeChanged(500, 362)
INFO [2022-11-06][06:56:45] game src/main.rs:156:29 Resizing to 500x362
INFO [2022-11-06][06:56:45] game src/main.rs:180:32 Window: Moved(780, 172)
INFO [2022-11-06][06:56:45] game src/main.rs:180:32 Window: SizeChanged(330, 166)
INFO [2022-11-06][06:56:45] game src/main.rs:156:29 Resizing to 330x166
INFO [2022-11-06][06:56:45] game src/main.rs:180:32 Window: Moved(796, 172)
INFO [2022-11-06][06:56:45] game src/main.rs:180:32 Window: SizeChanged(314, 140)
INFO [2022-11-06][06:56:45] game src/main.rs:156:29 Resizing to 314x140
INFO [2022-11-06][06:56:45] game src/main.rs:180:32 Window: Moved(794, 172)
INFO [2022-11-06][06:56:45] game src/main.rs:180:32 Window: SizeChanged(316, 140)
INFO [2022-11-06][06:56:45] game src/main.rs:156:29 Resizing to 316x140
INFO [2022-11-06][06:56:46] game src/main.rs:180:32 Window: Moved(726, 172)
INFO [2022-11-06][06:56:46] game src/main.rs:180:32 Window: SizeChanged(384, 204)
INFO [2022-11-06][06:56:46] game src/main.rs:156:29 Resizing to 384x204
INFO [2022-11-06][06:56:46] game src/main.rs:180:32 Window: Moved(481, 172)
INFO [2022-11-06][06:56:46] game src/main.rs:180:32 Window: SizeChanged(629, 376)
INFO [2022-11-06][06:56:46] game src/main.rs:156:29 Resizing to 629x376
INFO [2022-11-06][06:56:46] game src/main.rs:180:32 Window: Moved(330, 172)
INFO [2022-11-06][06:56:46] game src/main.rs:180:32 Window: SizeChanged(780, 467)
INFO [2022-11-06][06:56:46] game src/main.rs:156:29 Resizing to 780x467
INFO [2022-11-06][06:56:46] game src/main.rs:180:32 Window: Moved(299, 172)
INFO [2022-11-06][06:56:46] game src/main.rs:180:32 Window: SizeChanged(811, 490)
INFO [2022-11-06][06:56:46] game src/main.rs:156:29 Resizing to 811x490
INFO [2022-11-06][06:56:46] game src/main.rs:180:32 Window: SizeChanged(811, 481)
INFO [2022-11-06][06:56:46] game src/main.rs:156:29 Resizing to 811x481
INFO [2022-11-06][06:56:46] game src/main.rs:180:32 Window: SizeChanged(811, 367)
INFO [2022-11-06][06:56:46] game src/main.rs:156:29 Resizing to 811x367
INFO [2022-11-06][06:56:46] game src/main.rs:180:32 Window: Moved(349, 172)
INFO [2022-11-06][06:56:46] game src/main.rs:180:32 Window: SizeChanged(761, 165)
INFO [2022-11-06][06:56:46] game src/main.rs:156:29 Resizing to 761x165
INFO [2022-11-06][06:56:46] game src/main.rs:180:32 Window: Moved(469, 172)
INFO [2022-11-06][06:56:46] game src/main.rs:180:32 Window: SizeChanged(641, 1)
INFO [2022-11-06][06:56:46] game src/main.rs:156:29 Resizing to 641x1
INFO [2022-11-06][06:56:46] game src/main.rs:180:32 Window: Moved(497, 172)
INFO [2022-11-06][06:56:46] game src/main.rs:180:32 Window: SizeChanged(613, 1)
INFO [2022-11-06][06:56:46] game src/main.rs:156:29 Resizing to 613x1
INFO [2022-11-06][06:56:46] game src/main.rs:180:32 Window: Moved(499, 172)
INFO [2022-11-06][06:56:46] game src/main.rs:180:32 Window: SizeChanged(611, 1)
INFO [2022-11-06][06:56:46] game src/main.rs:156:29 Resizing to 611x1
INFO [2022-11-06][06:56:46] game src/main.rs:180:32 Window: SizeChanged(611, 271)
INFO [2022-11-06][06:56:46] game src/main.rs:156:29 Resizing to 611x271
INFO [2022-11-06][06:56:46] game src/main.rs:180:32 Window: Moved(539, 172)
INFO [2022-11-06][06:56:46] game src/main.rs:180:32 Window: SizeChanged(571, 593)
INFO [2022-11-06][06:56:46] game src/main.rs:156:29 Resizing to 571x593
INFO [2022-11-06][06:56:46] game src/main.rs:180:32 Window: Moved(553, 172)
INFO [2022-11-06][06:56:46] game src/main.rs:180:32 Window: SizeChanged(557, 587)
INFO [2022-11-06][06:56:46] game src/main.rs:156:29 Resizing to 557x587
INFO [2022-11-06][06:56:46] game src/main.rs:180:32 Window: Moved(600, 172)
INFO [2022-11-06][06:56:46] game src/main.rs:180:32 Window: SizeChanged(510, 227)
INFO [2022-11-06][06:56:46] game src/main.rs:156:29 Resizing to 510x227
INFO [2022-11-06][06:56:46] game src/main.rs:180:32 Window: Moved(623, 172)
INFO [2022-11-06][06:56:46] game src/main.rs:180:32 Window: SizeChanged(487, 87)
INFO [2022-11-06][06:56:46] game src/main.rs:156:29 Resizing to 487x87
INFO [2022-11-06][06:56:46] game src/main.rs:180:32 Window: Moved(723, 172)
INFO [2022-11-06][06:56:46] game src/main.rs:180:32 Window: SizeChanged(387, 1)
INFO [2022-11-06][06:56:46] game src/main.rs:156:29 Resizing to 387x1
INFO [2022-11-06][06:56:46] game src/main.rs:180:32 Window: Moved(753, 172)
INFO [2022-11-06][06:56:46] game src/main.rs:180:32 Window: SizeChanged(357, 115)
INFO [2022-11-06][06:56:46] game src/main.rs:156:29 Resizing to 357x115
INFO [2022-11-06][06:56:46] game src/main.rs:180:32 Window: SizeChanged(357, 546)
INFO [2022-11-06][06:56:46] game src/main.rs:156:29 Resizing to 357x546
INFO [2022-11-06][06:56:46] game src/main.rs:180:32 Window: SizeChanged(357, 593)
INFO [2022-11-06][06:56:46] game src/main.rs:156:29 Resizing to 357x593
INFO [2022-11-06][06:56:46] game src/main.rs:180:32 Window: SizeChanged(357, 300)
INFO [2022-11-06][06:56:46] game src/main.rs:156:29 Resizing to 357x300
INFO [2022-11-06][06:56:46] game src/main.rs:180:32 Window: SizeChanged(357, 76)
INFO [2022-11-06][06:56:46] game src/main.rs:156:29 Resizing to 357x76
INFO [2022-11-06][06:56:46] game src/main.rs:180:32 Window: Moved(728, 172)
INFO [2022-11-06][06:56:46] game src/main.rs:180:32 Window: SizeChanged(382, 58)
INFO [2022-11-06][06:56:46] game src/main.rs:156:29 Resizing to 382x58
INFO [2022-11-06][06:56:46] game src/main.rs:180:32 Window: Moved(696, 172)
INFO [2022-11-06][06:56:46] game src/main.rs:180:32 Window: SizeChanged(414, 289)
INFO [2022-11-06][06:56:46] game src/main.rs:156:29 Resizing to 414x289
INFO [2022-11-06][06:56:46] game src/main.rs:180:32 Window: Moved(658, 172)
INFO [2022-11-06][06:56:46] game src/main.rs:180:32 Window: SizeChanged(452, 510)
INFO [2022-11-06][06:56:46] game src/main.rs:156:29 Resizing to 452x510
INFO [2022-11-06][06:56:47] game src/main.rs:180:32 Window: SizeChanged(452, 410)
INFO [2022-11-06][06:56:47] game src/main.rs:156:29 Resizing to 452x410
INFO [2022-11-06][06:56:47] game src/main.rs:180:32 Window: SizeChanged(452, 299)
INFO [2022-11-06][06:56:47] game src/main.rs:156:29 Resizing to 452x299
INFO [2022-11-06][06:56:47] game src/main.rs:180:32 Window: Moved(648, 172)
INFO [2022-11-06][06:56:47] game src/main.rs:180:32 Window: SizeChanged(462, 1)
INFO [2022-11-06][06:56:47] game src/main.rs:156:29 Resizing to 462x1
INFO [2022-11-06][06:56:47] game src/main.rs:180:32 Window: Moved(634, 172)
INFO [2022-11-06][06:56:47] game src/main.rs:180:32 Window: SizeChanged(476, 15)
INFO [2022-11-06][06:56:47] game src/main.rs:156:29 Resizing to 476x15
INFO [2022-11-06][06:56:47] game src/main.rs:180:32 Window: Moved(584, 172)
INFO [2022-11-06][06:56:47] game src/main.rs:180:32 Window: SizeChanged(526, 388)
INFO [2022-11-06][06:56:47] game src/main.rs:156:29 Resizing to 526x388
INFO [2022-11-06][06:56:47] game src/main.rs:180:32 Window: Moved(563, 172)
INFO [2022-11-06][06:56:47] game src/main.rs:180:32 Window: SizeChanged(547, 556)
INFO [2022-11-06][06:56:47] game src/main.rs:156:29 Resizing to 547x556
INFO [2022-11-06][06:56:47] game src/main.rs:180:32 Window: Moved(558, 172)
INFO [2022-11-06][06:56:47] game src/main.rs:180:32 Window: SizeChanged(552, 438)
INFO [2022-11-06][06:56:47] game src/main.rs:156:29 Resizing to 552x438
INFO [2022-11-06][06:56:47] game src/main.rs:180:32 Window: SizeChanged(552, 307)
INFO [2022-11-06][06:56:47] game src/main.rs:156:29 Resizing to 552x307
INFO [2022-11-06][06:56:47] game src/main.rs:180:32 Window: Moved(567, 172)
INFO [2022-11-06][06:56:47] game src/main.rs:180:32 Window: SizeChanged(543, 1)
INFO [2022-11-06][06:56:47] game src/main.rs:156:29 Resizing to 543x1
INFO [2022-11-06][06:56:47] game src/main.rs:180:32 Window: Moved(581, 172)
INFO [2022-11-06][06:56:47] game src/main.rs:180:32 Window: SizeChanged(529, 77)
INFO [2022-11-06][06:56:47] game src/main.rs:156:29 Resizing to 529x77
INFO [2022-11-06][06:56:47] game src/main.rs:180:32 Window: Moved(583, 172)
INFO [2022-11-06][06:56:47] game src/main.rs:180:32 Window: SizeChanged(527, 337)
INFO [2022-11-06][06:56:47] game src/main.rs:156:29 Resizing to 527x337
INFO [2022-11-06][06:56:47] game src/main.rs:180:32 Window: Moved(586, 172)
INFO [2022-11-06][06:56:47] game src/main.rs:180:32 Window: SizeChanged(524, 513)
INFO [2022-11-06][06:56:47] game src/main.rs:156:29 Resizing to 524x513
INFO [2022-11-06][06:56:47] game src/main.rs:180:32 Window: SizeChanged(524, 404)
INFO [2022-11-06][06:56:47] game src/main.rs:156:29 Resizing to 524x404
INFO [2022-11-06][06:56:47] game src/main.rs:180:32 Window: SizeChanged(524, 1)
INFO [2022-11-06][06:56:47] game src/main.rs:156:29 Resizing to 524x1
INFO [2022-11-06][06:56:47] game src/main.rs:180:32 Window: Moved(582, 172)
INFO [2022-11-06][06:56:47] game src/main.rs:180:32 Window: SizeChanged(528, 1)
INFO [2022-11-06][06:56:47] game src/main.rs:156:29 Resizing to 528x1
INFO [2022-11-06][06:56:47] game src/main.rs:180:32 Window: Moved(527, 172)
INFO [2022-11-06][06:56:47] game src/main.rs:180:32 Window: SizeChanged(583, 414)
INFO [2022-11-06][06:56:47] game src/main.rs:156:29 Resizing to 583x414
INFO [2022-11-06][06:56:47] game src/main.rs:180:32 Window: Moved(493, 172)
INFO [2022-11-06][06:56:47] game src/main.rs:180:32 Window: SizeChanged(617, 593)
INFO [2022-11-06][06:56:47] game src/main.rs:156:29 Resizing to 617x593
INFO [2022-11-06][06:56:47] game src/main.rs:180:32 Window: SizeChanged(617, 409)
INFO [2022-11-06][06:56:47] game src/main.rs:156:29 Resizing to 617x409
INFO [2022-11-06][06:56:47] game src/main.rs:180:32 Window: Moved(499, 172)
INFO [2022-11-06][06:56:47] game src/main.rs:180:32 Window: SizeChanged(611, 130)
INFO [2022-11-06][06:56:47] game src/main.rs:156:29 Resizing to 611x130
INFO [2022-11-06][06:56:47] game src/main.rs:180:32 Window: Moved(516, 172)
INFO [2022-11-06][06:56:47] game src/main.rs:180:32 Window: SizeChanged(594, 5)
INFO [2022-11-06][06:56:47] game src/main.rs:156:29 Resizing to 594x5
INFO [2022-11-06][06:56:47] game src/main.rs:180:32 Window: SizeChanged(594, 228)
INFO [2022-11-06][06:56:47] game src/main.rs:156:29 Resizing to 594x228
INFO [2022-11-06][06:56:47] game src/main.rs:180:32 Window: Moved(494, 172)
INFO [2022-11-06][06:56:47] game src/main.rs:180:32 Window: SizeChanged(616, 570)
INFO [2022-11-06][06:56:47] game src/main.rs:156:29 Resizing to 616x570
INFO [2022-11-06][06:56:47] game src/main.rs:180:32 Window: SizeChanged(616, 500)
INFO [2022-11-06][06:56:47] game src/main.rs:156:29 Resizing to 616x500
INFO [2022-11-06][06:56:47] game src/main.rs:180:32 Window: Moved(520, 172)
INFO [2022-11-06][06:56:47] game src/main.rs:180:32 Window: SizeChanged(590, 143)
INFO [2022-11-06][06:56:47] game src/main.rs:156:29 Resizing to 590x143
INFO [2022-11-06][06:56:48] game src/main.rs:180:32 Window: Moved(518, 172)
INFO [2022-11-06][06:56:48] game src/main.rs:180:32 Window: SizeChanged(592, 108)
INFO [2022-11-06][06:56:48] game src/main.rs:156:29 Resizing to 592x108
INFO [2022-11-06][06:56:48] game src/main.rs:180:32 Window: Moved(471, 172)
INFO [2022-11-06][06:56:48] game src/main.rs:180:32 Window: SizeChanged(639, 392)
INFO [2022-11-06][06:56:48] game src/main.rs:156:29 Resizing to 639x392
INFO [2022-11-06][06:56:48] game src/main.rs:180:32 Window: Moved(457, 172)
INFO [2022-11-06][06:56:48] game src/main.rs:180:32 Window: SizeChanged(653, 496)
INFO [2022-11-06][06:56:48] game src/main.rs:156:29 Resizing to 653x496
INFO [2022-11-06][06:56:48] game src/main.rs:180:32 Window: SizeChanged(653, 249)
INFO [2022-11-06][06:56:48] game src/main.rs:156:29 Resizing to 653x249
INFO [2022-11-06][06:56:48] game src/main.rs:180:32 Window: SizeChanged(653, 131)
INFO [2022-11-06][06:56:48] game src/main.rs:156:29 Resizing to 653x131
INFO [2022-11-06][06:56:48] game src/main.rs:180:32 Window: SizeChanged(653, 226)
INFO [2022-11-06][06:56:48] game src/main.rs:156:29 Resizing to 653x226
INFO [2022-11-06][06:56:48] game src/main.rs:180:32 Window: Moved(421, 172)
INFO [2022-11-06][06:56:48] game src/main.rs:180:32 Window: SizeChanged(689, 533)
INFO [2022-11-06][06:56:48] game src/main.rs:156:29 Resizing to 689x533
INFO [2022-11-06][06:56:48] game src/main.rs:180:32 Window: Moved(425, 172)
INFO [2022-11-06][06:56:48] game src/main.rs:180:32 Window: SizeChanged(685, 474)
INFO [2022-11-06][06:56:48] game src/main.rs:156:29 Resizing to 685x474
INFO [2022-11-06][06:56:48] game src/main.rs:180:32 Window: Moved(453, 172)
INFO [2022-11-06][06:56:48] game src/main.rs:180:32 Window: SizeChanged(657, 105)
INFO [2022-11-06][06:56:48] game src/main.rs:156:29 Resizing to 657x105
INFO [2022-11-06][06:56:48] game src/main.rs:180:32 Window: Moved(448, 172)
INFO [2022-11-06][06:56:48] game src/main.rs:180:32 Window: SizeChanged(662, 105)
INFO [2022-11-06][06:56:48] game src/main.rs:156:29 Resizing to 662x105
INFO [2022-11-06][06:56:48] game src/main.rs:180:32 Window: Moved(410, 172)
INFO [2022-11-06][06:56:48] game src/main.rs:180:32 Window: SizeChanged(700, 460)
INFO [2022-11-06][06:56:48] game src/main.rs:156:29 Resizing to 700x460
INFO [2022-11-06][06:56:48] game src/main.rs:180:32 Window: Moved(415, 172)
INFO [2022-11-06][06:56:48] game src/main.rs:180:32 Window: SizeChanged(695, 548)
INFO [2022-11-06][06:56:48] game src/main.rs:156:29 Resizing to 695x548
INFO [2022-11-06][06:56:48] game src/main.rs:180:32 Window: Moved(470, 172)
INFO [2022-11-06][06:56:48] game src/main.rs:180:32 Window: SizeChanged(640, 216)
INFO [2022-11-06][06:56:48] game src/main.rs:156:29 Resizing to 640x216
INFO [2022-11-06][06:56:48] game src/main.rs:180:32 Window: Moved(491, 172)
INFO [2022-11-06][06:56:48] game src/main.rs:180:32 Window: SizeChanged(619, 111)
INFO [2022-11-06][06:56:48] game src/main.rs:156:29 Resizing to 619x111
INFO [2022-11-06][06:56:48] game src/main.rs:180:32 Window: SizeChanged(619, 375)
INFO [2022-11-06][06:56:48] game src/main.rs:156:29 Resizing to 619x375
INFO [2022-11-06][06:56:48] game src/main.rs:180:32 Window: Moved(481, 172)
INFO [2022-11-06][06:56:48] game src/main.rs:180:32 Window: SizeChanged(629, 477)
INFO [2022-11-06][06:56:48] game src/main.rs:156:29 Resizing to 629x477
INFO [2022-11-06][06:56:48] game src/main.rs:180:32 Window: Moved(477, 172)
INFO [2022-11-06][06:56:48] game src/main.rs:180:32 Window: SizeChanged(633, 257)
INFO [2022-11-06][06:56:48] game src/main.rs:156:29 Resizing to 633x257
INFO [2022-11-06][06:56:48] game src/main.rs:180:32 Window: SizeChanged(633, 99)
INFO [2022-11-06][06:56:48] game src/main.rs:156:29 Resizing to 633x99
INFO [2022-11-06][06:56:48] game src/main.rs:180:32 Window: Moved(465, 172)
INFO [2022-11-06][06:56:48] game src/main.rs:180:32 Window: SizeChanged(645, 303)
INFO [2022-11-06][06:56:48] game src/main.rs:156:29 Resizing to 645x303
INFO [2022-11-06][06:56:48] game src/main.rs:180:32 Window: Moved(463, 172)
INFO [2022-11-06][06:56:48] game src/main.rs:180:32 Window: SizeChanged(647, 458)
INFO [2022-11-06][06:56:48] game src/main.rs:156:29 Resizing to 647x458
INFO [2022-11-06][06:56:48] game src/main.rs:180:32 Window: Moved(464, 172)
INFO [2022-11-06][06:56:48] game src/main.rs:180:32 Window: SizeChanged(646, 458)
INFO [2022-11-06][06:56:48] game src/main.rs:156:29 Resizing to 646x458
INFO [2022-11-06][06:56:48] game src/main.rs:180:32 Window: Moved(470, 172)
INFO [2022-11-06][06:56:48] game src/main.rs:180:32 Window: SizeChanged(640, 198)
INFO [2022-11-06][06:56:48] game src/main.rs:156:29 Resizing to 640x198
INFO [2022-11-06][06:56:48] game src/main.rs:180:32 Window: Moved(473, 172)
INFO [2022-11-06][06:56:48] game src/main.rs:180:32 Window: SizeChanged(637, 218)
INFO [2022-11-06][06:56:48] game src/main.rs:156:29 Resizing to 637x218
INFO [2022-11-06][06:56:48] game src/main.rs:180:32 Window: SizeChanged(637, 467)
INFO [2022-11-06][06:56:48] game src/main.rs:156:29 Resizing to 637x467
INFO [2022-11-06][06:56:48] game src/main.rs:180:32 Window: Moved(480, 172)
INFO [2022-11-06][06:56:48] game src/main.rs:180:32 Window: SizeChanged(630, 490)
INFO [2022-11-06][06:56:48] game src/main.rs:156:29 Resizing to 630x490
INFO [2022-11-06][06:56:49] game src/main.rs:180:32 Window: SizeChanged(630, 187)
INFO [2022-11-06][06:56:49] game src/main.rs:156:29 Resizing to 630x187
INFO [2022-11-06][06:56:49] game src/main.rs:180:32 Window: Moved(482, 172)
INFO [2022-11-06][06:56:49] game src/main.rs:180:32 Window: SizeChanged(628, 134)
INFO [2022-11-06][06:56:49] game src/main.rs:156:29 Resizing to 628x134
INFO [2022-11-06][06:56:49] game src/main.rs:180:32 Window: SizeChanged(628, 338)
INFO [2022-11-06][06:56:49] game src/main.rs:156:29 Resizing to 628x338
INFO [2022-11-06][06:56:49] game src/main.rs:180:32 Window: SizeChanged(628, 457)
INFO [2022-11-06][06:56:49] game src/main.rs:156:29 Resizing to 628x457
INFO [2022-11-06][06:56:49] game src/main.rs:180:32 Window: Moved(486, 172)
INFO [2022-11-06][06:56:49] game src/main.rs:180:32 Window: SizeChanged(624, 392)
INFO [2022-11-06][06:56:49] game src/main.rs:156:29 Resizing to 624x392
INFO [2022-11-06][06:56:49] game src/main.rs:180:32 Window: SizeChanged(624, 209)
INFO [2022-11-06][06:56:49] game src/main.rs:156:29 Resizing to 624x209
INFO [2022-11-06][06:56:49] game src/main.rs:180:32 Window: Moved(498, 172)
INFO [2022-11-06][06:56:49] game src/main.rs:180:32 Window: SizeChanged(612, 111)
INFO [2022-11-06][06:56:49] game src/main.rs:156:29 Resizing to 612x111
INFO [2022-11-06][06:56:49] game src/main.rs:180:32 Window: Moved(500, 172)
INFO [2022-11-06][06:56:49] game src/main.rs:180:32 Window: SizeChanged(610, 225)
INFO [2022-11-06][06:56:49] game src/main.rs:156:29 Resizing to 610x225
INFO [2022-11-06][06:56:49] game src/main.rs:180:32 Window: Moved(504, 172)
INFO [2022-11-06][06:56:49] game src/main.rs:180:32 Window: SizeChanged(606, 463)
INFO [2022-11-06][06:56:49] game src/main.rs:156:29 Resizing to 606x463
INFO [2022-11-06][06:56:49] game src/main.rs:180:32 Window: Moved(512, 172)
INFO [2022-11-06][06:56:49] game src/main.rs:180:32 Window: SizeChanged(598, 561)
INFO [2022-11-06][06:56:49] game src/main.rs:156:29 Resizing to 598x561
INFO [2022-11-06][06:56:49] game src/main.rs:180:32 Window: SizeChanged(598, 553)
INFO [2022-11-06][06:56:49] game src/main.rs:156:29 Resizing to 598x553
INFO [2022-11-06][06:56:49] game src/main.rs:180:32 Window: Moved(510, 172)
INFO [2022-11-06][06:56:49] game src/main.rs:180:32 Window: SizeChanged(600, 529)
INFO [2022-11-06][06:56:49] game src/main.rs:156:29 Resizing to 600x529
INFO [2022-11-06][06:56:49] game src/main.rs:180:32 Window: Moved(509, 172)
INFO [2022-11-06][06:56:49] game src/main.rs:180:32 Window: SizeChanged(601, 518)
INFO [2022-11-06][06:56:49] game src/main.rs:156:29 Resizing to 601x518
INFO [2022-11-06][06:56:49] game src/main.rs:180:32 Window: Moved(507, 172)
INFO [2022-11-06][06:56:49] game src/main.rs:180:32 Window: SizeChanged(603, 502)
INFO [2022-11-06][06:56:49] game src/main.rs:156:29 Resizing to 603x502
INFO [2022-11-06][06:56:49] game src/main.rs:180:32 Window: SizeChanged(603, 408)
INFO [2022-11-06][06:56:49] game src/main.rs:156:29 Resizing to 603x408
INFO [2022-11-06][06:56:49] game src/main.rs:180:32 Window: Moved(557, 172)
INFO [2022-11-06][06:56:49] game src/main.rs:180:32 Window: SizeChanged(553, 183)
INFO [2022-11-06][06:56:49] game src/main.rs:156:29 Resizing to 553x183
INFO [2022-11-06][06:56:49] game src/main.rs:180:32 Window: Moved(582, 172)
INFO [2022-11-06][06:56:49] game src/main.rs:180:32 Window: SizeChanged(528, 89)
INFO [2022-11-06][06:56:49] game src/main.rs:156:29 Resizing to 528x89
INFO [2022-11-06][06:56:49] game src/main.rs:180:32 Window: SizeChanged(528, 90)
INFO [2022-11-06][06:56:49] game src/main.rs:156:29 Resizing to 528x90
INFO [2022-11-06][06:56:49] game src/main.rs:180:32 Window: Moved(572, 172)
INFO [2022-11-06][06:56:49] game src/main.rs:180:32 Window: SizeChanged(538, 149)
INFO [2022-11-06][06:56:49] game src/main.rs:156:29 Resizing to 538x149
INFO [2022-11-06][06:56:49] game src/main.rs:180:32 Window: Moved(548, 172)
INFO [2022-11-06][06:56:49] game src/main.rs:180:32 Window: SizeChanged(562, 272)
INFO [2022-11-06][06:56:49] game src/main.rs:156:29 Resizing to 562x272
INFO [2022-11-06][06:56:49] game src/main.rs:180:32 Window: Moved(526, 172)
INFO [2022-11-06][06:56:49] game src/main.rs:180:32 Window: SizeChanged(584, 478)
INFO [2022-11-06][06:56:49] game src/main.rs:156:29 Resizing to 584x478
INFO [2022-11-06][06:56:49] game src/main.rs:180:32 Window: Moved(516, 172)
INFO [2022-11-06][06:56:49] game src/main.rs:180:32 Window: SizeChanged(594, 563)
INFO [2022-11-06][06:56:49] game src/main.rs:156:29 Resizing to 594x563
INFO [2022-11-06][06:56:50] game src/main.rs:180:32 Window: SizeChanged(594, 567)
INFO [2022-11-06][06:56:50] game src/main.rs:156:29 Resizing to 594x567
INFO [2022-11-06][06:56:50] game src/main.rs:180:32 Window: Moved(509, 172)
INFO [2022-11-06][06:56:50] game src/main.rs:180:32 Window: SizeChanged(601, 510)
INFO [2022-11-06][06:56:50] game src/main.rs:156:29 Resizing to 601x510
INFO [2022-11-06][06:56:50] game src/main.rs:180:32 Window: Moved(507, 172)
INFO [2022-11-06][06:56:50] game src/main.rs:180:32 Window: SizeChanged(603, 301)
INFO [2022-11-06][06:56:50] game src/main.rs:156:29 Resizing to 603x301
INFO [2022-11-06][06:56:50] game src/main.rs:180:32 Window: Moved(525, 172)
INFO [2022-11-06][06:56:50] game src/main.rs:180:32 Window: SizeChanged(585, 162)
INFO [2022-11-06][06:56:50] game src/main.rs:156:29 Resizing to 585x162
INFO [2022-11-06][06:56:50] game src/main.rs:180:32 Window: Moved(533, 172)
INFO [2022-11-06][06:56:50] game src/main.rs:180:32 Window: SizeChanged(577, 105)
INFO [2022-11-06][06:56:50] game src/main.rs:156:29 Resizing to 577x105
INFO [2022-11-06][06:56:50] game src/main.rs:180:32 Window: Moved(531, 172)
INFO [2022-11-06][06:56:50] game src/main.rs:180:32 Window: SizeChanged(579, 107)
INFO [2022-11-06][06:56:50] game src/main.rs:156:29 Resizing to 579x107
INFO [2022-11-06][06:56:50] game src/main.rs:180:32 Window: Moved(521, 172)
INFO [2022-11-06][06:56:50] game src/main.rs:180:32 Window: SizeChanged(589, 147)
INFO [2022-11-06][06:56:50] game src/main.rs:156:29 Resizing to 589x147
INFO [2022-11-06][06:56:50] game src/main.rs:180:32 Window: Moved(499, 172)
INFO [2022-11-06][06:56:50] game src/main.rs:180:32 Window: SizeChanged(611, 240)
INFO [2022-11-06][06:56:50] game src/main.rs:156:29 Resizing to 611x240
INFO [2022-11-06][06:56:50] game src/main.rs:180:32 Window: Moved(475, 172)
INFO [2022-11-06][06:56:50] game src/main.rs:180:32 Window: SizeChanged(635, 392)
INFO [2022-11-06][06:56:50] game src/main.rs:156:29 Resizing to 635x392
INFO [2022-11-06][06:56:50] game src/main.rs:180:32 Window: SizeChanged(635, 437)
INFO [2022-11-06][06:56:50] game src/main.rs:156:29 Resizing to 635x437
INFO [2022-11-06][06:56:51] game src/main.rs:180:32 Window: Moved(476, 172)
INFO [2022-11-06][06:56:51] game src/main.rs:180:32 Window: SizeChanged(634, 441)
INFO [2022-11-06][06:56:51] game src/main.rs:156:29 Resizing to 634x441
INFO [2022-11-06][06:56:51] game src/main.rs:180:32 Window: Moved(514, 172)
INFO [2022-11-06][06:56:51] game src/main.rs:180:32 Window: SizeChanged(596, 441)
INFO [2022-11-06][06:56:51] game src/main.rs:156:29 Resizing to 596x441
INFO [2022-11-06][06:56:51] game src/main.rs:180:32 Window: Moved(694, 172)
INFO [2022-11-06][06:56:51] game src/main.rs:180:32 Window: SizeChanged(416, 433)
INFO [2022-11-06][06:56:51] game src/main.rs:156:29 Resizing to 416x433
INFO [2022-11-06][06:56:51] game src/main.rs:180:32 Window: Moved(735, 172)
INFO [2022-11-06][06:56:51] game src/main.rs:180:32 Window: SizeChanged(375, 433)
INFO [2022-11-06][06:56:51] game src/main.rs:156:29 Resizing to 375x433
INFO [2022-11-06][06:56:51] game src/main.rs:180:32 Window: Moved(736, 172)
INFO [2022-11-06][06:56:51] game src/main.rs:180:32 Window: SizeChanged(374, 433)
INFO [2022-11-06][06:56:51] game src/main.rs:156:29 Resizing to 374x433
INFO [2022-11-06][06:56:51] game src/main.rs:180:32 Window: Moved(737, 172)
INFO [2022-11-06][06:56:51] game src/main.rs:180:32 Window: SizeChanged(373, 434)
INFO [2022-11-06][06:56:51] game src/main.rs:156:29 Resizing to 373x434
INFO [2022-11-06][06:56:51] game src/main.rs:180:32 Window: Moved(722, 172)
INFO [2022-11-06][06:56:51] game src/main.rs:180:32 Window: SizeChanged(388, 446)
INFO [2022-11-06][06:56:51] game src/main.rs:156:29 Resizing to 388x446
INFO [2022-11-06][06:56:51] game src/main.rs:180:32 Window: Moved(652, 172)
INFO [2022-11-06][06:56:51] game src/main.rs:180:32 Window: SizeChanged(458, 474)
INFO [2022-11-06][06:56:51] game src/main.rs:156:29 Resizing to 458x474
INFO [2022-11-06][06:56:51] game src/main.rs:180:32 Window: Moved(599, 172)
INFO [2022-11-06][06:56:51] game src/main.rs:180:32 Window: SizeChanged(511, 488)
INFO [2022-11-06][06:56:51] game src/main.rs:156:29 Resizing to 511x488
INFO [2022-11-06][06:56:51] game src/main.rs:180:32 Window: Moved(611, 172)
INFO [2022-11-06][06:56:51] game src/main.rs:180:32 Window: SizeChanged(499, 486)
INFO [2022-11-06][06:56:51] game src/main.rs:156:29 Resizing to 499x486
INFO [2022-11-06][06:56:51] game src/main.rs:180:32 Window: Moved(736, 172)
INFO [2022-11-06][06:56:51] game src/main.rs:180:32 Window: SizeChanged(374, 459)
INFO [2022-11-06][06:56:51] game src/main.rs:156:29 Resizing to 374x459
INFO [2022-11-06][06:56:51] game src/main.rs:180:32 Window: Moved(866, 172)
INFO [2022-11-06][06:56:51] game src/main.rs:180:32 Window: SizeChanged(244, 441)
INFO [2022-11-06][06:56:51] game src/main.rs:156:29 Resizing to 244x441
INFO [2022-11-06][06:56:51] game src/main.rs:180:32 Window: Moved(942, 172)
INFO [2022-11-06][06:56:51] game src/main.rs:180:32 Window: SizeChanged(168, 435)
INFO [2022-11-06][06:56:51] game src/main.rs:156:29 Resizing to 168x435
INFO [2022-11-06][06:56:51] game src/main.rs:180:32 Window: Moved(941, 172)
INFO [2022-11-06][06:56:51] game src/main.rs:180:32 Window: SizeChanged(169, 435)
INFO [2022-11-06][06:56:51] game src/main.rs:156:29 Resizing to 169x435
INFO [2022-11-06][06:56:51] game src/main.rs:180:32 Window: Moved(895, 172)
INFO [2022-11-06][06:56:51] game src/main.rs:180:32 Window: SizeChanged(215, 443)
INFO [2022-11-06][06:56:51] game src/main.rs:156:29 Resizing to 215x443
INFO [2022-11-06][06:56:51] game src/main.rs:180:32 Window: Moved(721, 172)
INFO [2022-11-06][06:56:51] game src/main.rs:180:32 Window: SizeChanged(389, 467)
INFO [2022-11-06][06:56:51] game src/main.rs:156:29 Resizing to 389x467
INFO [2022-11-06][06:56:52] game src/main.rs:180:32 Window: Moved(628, 172)
INFO [2022-11-06][06:56:52] game src/main.rs:180:32 Window: SizeChanged(482, 467)
INFO [2022-11-06][06:56:52] game src/main.rs:156:29 Resizing to 482x467
INFO [2022-11-06][06:56:52] game src/main.rs:180:32 Window: Moved(603, 172)
INFO [2022-11-06][06:56:52] game src/main.rs:180:32 Window: SizeChanged(507, 457)
INFO [2022-11-06][06:56:52] game src/main.rs:156:29 Resizing to 507x457
INFO [2022-11-06][06:56:52] game src/main.rs:180:32 Window: Moved(605, 172)
INFO [2022-11-06][06:56:52] game src/main.rs:180:32 Window: SizeChanged(505, 455)
INFO [2022-11-06][06:56:52] game src/main.rs:156:29 Resizing to 505x455
INFO [2022-11-06][06:56:52] game src/main.rs:180:32 Window: Moved(708, 172)
INFO [2022-11-06][06:56:52] game src/main.rs:180:32 Window: SizeChanged(402, 455)
INFO [2022-11-06][06:56:52] game src/main.rs:156:29 Resizing to 402x455
INFO [2022-11-06][06:56:52] game src/main.rs:180:32 Window: Moved(927, 172)
INFO [2022-11-06][06:56:52] game src/main.rs:180:32 Window: SizeChanged(183, 443)
INFO [2022-11-06][06:56:52] game src/main.rs:156:29 Resizing to 183x443
INFO [2022-11-06][06:56:52] game src/main.rs:180:32 Window: Moved(984, 172)
INFO [2022-11-06][06:56:52] game src/main.rs:180:32 Window: SizeChanged(126, 434)
INFO [2022-11-06][06:56:52] game src/main.rs:156:29 Resizing to 126x434
INFO [2022-11-06][06:56:52] game src/main.rs:180:32 Window: Moved(985, 172)
INFO [2022-11-06][06:56:52] game src/main.rs:180:32 Window: SizeChanged(125, 433)
INFO [2022-11-06][06:56:52] game src/main.rs:156:29 Resizing to 125x433
INFO [2022-11-06][06:56:52] game src/main.rs:180:32 Window: Moved(984, 172)
INFO [2022-11-06][06:56:52] game src/main.rs:180:32 Window: SizeChanged(126, 432)
INFO [2022-11-06][06:56:52] game src/main.rs:156:29 Resizing to 126x432
INFO [2022-11-06][06:56:52] game src/main.rs:180:32 Window: Moved(967, 172)
INFO [2022-11-06][06:56:52] game src/main.rs:180:32 Window: SizeChanged(143, 429)
INFO [2022-11-06][06:56:52] game src/main.rs:156:29 Resizing to 143x429
INFO [2022-11-06][06:56:52] game src/main.rs:180:32 Window: Moved(843, 172)
INFO [2022-11-06][06:56:52] game src/main.rs:180:32 Window: SizeChanged(267, 433)
INFO [2022-11-06][06:56:52] game src/main.rs:156:29 Resizing to 267x433
INFO [2022-11-06][06:56:52] game src/main.rs:180:32 Window: Moved(737, 172)
INFO [2022-11-06][06:56:52] game src/main.rs:180:32 Window: SizeChanged(373, 449)
INFO [2022-11-06][06:56:52] game src/main.rs:156:29 Resizing to 373x449
INFO [2022-11-06][06:56:52] game src/main.rs:180:32 Window: Moved(666, 172)
INFO [2022-11-06][06:56:52] game src/main.rs:180:32 Window: SizeChanged(444, 450)
INFO [2022-11-06][06:56:52] game src/main.rs:156:29 Resizing to 444x450
INFO [2022-11-06][06:56:52] game src/main.rs:180:32 Window: Moved(647, 172)
INFO [2022-11-06][06:56:52] game src/main.rs:180:32 Window: SizeChanged(463, 412)
INFO [2022-11-06][06:56:52] game src/main.rs:156:29 Resizing to 463x412
INFO [2022-11-06][06:56:52] game src/main.rs:180:32 Window: Moved(625, 172)
INFO [2022-11-06][06:56:52] game src/main.rs:180:32 Window: SizeChanged(485, 270)
INFO [2022-11-06][06:56:52] game src/main.rs:156:29 Resizing to 485x270
INFO [2022-11-06][06:56:52] game src/main.rs:180:32 Window: Moved(623, 172)
INFO [2022-11-06][06:56:52] game src/main.rs:180:32 Window: SizeChanged(487, 223)
INFO [2022-11-06][06:56:52] game src/main.rs:156:29 Resizing to 487x223
INFO [2022-11-06][06:56:52] game src/main.rs:180:32 Window: SizeChanged(487, 206)
INFO [2022-11-06][06:56:52] game src/main.rs:156:29 Resizing to 487x206
INFO [2022-11-06][06:56:52] game src/main.rs:180:32 Window: SizeChanged(487, 207)
INFO [2022-11-06][06:56:52] game src/main.rs:156:29 Resizing to 487x207
INFO [2022-11-06][06:56:52] game src/main.rs:180:32 Window: Moved(618, 172)
INFO [2022-11-06][06:56:52] game src/main.rs:180:32 Window: SizeChanged(492, 278)
INFO [2022-11-06][06:56:52] game src/main.rs:156:29 Resizing to 492x278
INFO [2022-11-06][06:56:52] game src/main.rs:180:32 Window: Moved(606, 172)
INFO [2022-11-06][06:56:52] game src/main.rs:180:32 Window: SizeChanged(504, 382)
INFO [2022-11-06][06:56:52] game src/main.rs:156:29 Resizing to 504x382
INFO [2022-11-06][06:56:52] game src/main.rs:180:32 Window: Moved(605, 172)
INFO [2022-11-06][06:56:52] game src/main.rs:180:32 Window: SizeChanged(505, 495)
INFO [2022-11-06][06:56:52] game src/main.rs:156:29 Resizing to 505x495
INFO [2022-11-06][06:56:52] game src/main.rs:180:32 Window: Moved(624, 172)
INFO [2022-11-06][06:56:52] game src/main.rs:180:32 Window: SizeChanged(486, 520)
INFO [2022-11-06][06:56:52] game src/main.rs:156:29 Resizing to 486x520
INFO [2022-11-06][06:56:52] game src/main.rs:180:32 Window: Moved(660, 172)
INFO [2022-11-06][06:56:52] game src/main.rs:180:32 Window: SizeChanged(450, 522)
INFO [2022-11-06][06:56:52] game src/main.rs:156:29 Resizing to 450x522
INFO [2022-11-06][06:56:53] game src/main.rs:180:32 Window: Moved(749, 172)
INFO [2022-11-06][06:56:53] game src/main.rs:180:32 Window: SizeChanged(361, 516)
INFO [2022-11-06][06:56:53] game src/main.rs:156:29 Resizing to 361x516
INFO [2022-11-06][06:56:53] game src/main.rs:180:32 Window: Moved(883, 172)
INFO [2022-11-06][06:56:53] game src/main.rs:180:32 Window: SizeChanged(227, 496)
INFO [2022-11-06][06:56:53] game src/main.rs:156:29 Resizing to 227x496
INFO [2022-11-06][06:56:53] game src/main.rs:180:32 Window: Moved(901, 172)
INFO [2022-11-06][06:56:53] game src/main.rs:180:32 Window: SizeChanged(209, 495)
INFO [2022-11-06][06:56:53] game src/main.rs:156:29 Resizing to 209x495
INFO [2022-11-06][06:56:53] game src/main.rs:180:32 Window: Moved(902, 172)
INFO [2022-11-06][06:56:53] game src/main.rs:180:32 Window: SizeChanged(208, 496)
INFO [2022-11-06][06:56:53] game src/main.rs:156:29 Resizing to 208x496
INFO [2022-11-06][06:56:53] game src/main.rs:180:32 Window: Moved(900, 172)
INFO [2022-11-06][06:56:53] game src/main.rs:180:32 Window: SizeChanged(210, 502)
INFO [2022-11-06][06:56:53] game src/main.rs:156:29 Resizing to 210x502
INFO [2022-11-06][06:56:53] game src/main.rs:180:32 Window: Moved(832, 172)
INFO [2022-11-06][06:56:53] game src/main.rs:180:32 Window: SizeChanged(278, 520)
INFO [2022-11-06][06:56:53] game src/main.rs:156:29 Resizing to 278x520
INFO [2022-11-06][06:56:53] game src/main.rs:180:32 Window: Moved(724, 172)
INFO [2022-11-06][06:56:53] game src/main.rs:180:32 Window: SizeChanged(386, 526)
INFO [2022-11-06][06:56:53] game src/main.rs:156:29 Resizing to 386x526
INFO [2022-11-06][06:56:53] game src/main.rs:180:32 Window: Moved(629, 172)
INFO [2022-11-06][06:56:53] game src/main.rs:180:32 Window: SizeChanged(481, 511)
INFO [2022-11-06][06:56:53] game src/main.rs:156:29 Resizing to 481x511
INFO [2022-11-06][06:56:53] game src/main.rs:180:32 Window: Moved(619, 172)
INFO [2022-11-06][06:56:53] game src/main.rs:180:32 Window: SizeChanged(491, 490)
INFO [2022-11-06][06:56:53] game src/main.rs:156:29 Resizing to 491x490
INFO [2022-11-06][06:56:53] game src/main.rs:180:32 Window: Moved(615, 172)
INFO [2022-11-06][06:56:53] game src/main.rs:180:32 Window: SizeChanged(495, 379)
INFO [2022-11-06][06:56:53] game src/main.rs:156:29 Resizing to 495x379
INFO [2022-11-06][06:56:53] game src/main.rs:180:32 Window: SizeChanged(495, 326)
INFO [2022-11-06][06:56:53] game src/main.rs:156:29 Resizing to 495x326
INFO [2022-11-06][06:56:53] game src/main.rs:180:32 Window: Moved(646, 172)
INFO [2022-11-06][06:56:53] game src/main.rs:180:32 Window: SizeChanged(464, 173)
INFO [2022-11-06][06:56:53] game src/main.rs:156:29 Resizing to 464x173
INFO [2022-11-06][06:56:53] game src/main.rs:180:32 Window: SizeChanged(464, 171)
INFO [2022-11-06][06:56:53] game src/main.rs:156:29 Resizing to 464x171
INFO [2022-11-06][06:56:53] game src/main.rs:180:32 Window: Moved(628, 172)
INFO [2022-11-06][06:56:53] game src/main.rs:180:32 Window: SizeChanged(482, 241)
INFO [2022-11-06][06:56:53] game src/main.rs:156:29 Resizing to 482x241
INFO [2022-11-06][06:56:53] game src/main.rs:180:32 Window: Moved(588, 172)
INFO [2022-11-06][06:56:53] game src/main.rs:180:32 Window: SizeChanged(522, 338)
INFO [2022-11-06][06:56:53] game src/main.rs:156:29 Resizing to 522x338
INFO [2022-11-06][06:56:53] game src/main.rs:180:32 Window: Moved(538, 172)
INFO [2022-11-06][06:56:53] game src/main.rs:180:32 Window: SizeChanged(572, 420)
INFO [2022-11-06][06:56:53] game src/main.rs:156:29 Resizing to 572x420
INFO [2022-11-06][06:56:53] game src/main.rs:180:32 Window: Moved(522, 172)
INFO [2022-11-06][06:56:53] game src/main.rs:180:32 Window: SizeChanged(588, 455)
INFO [2022-11-06][06:56:53] game src/main.rs:156:29 Resizing to 588x455
INFO [2022-11-06][06:56:53] game src/main.rs:180:32 Window: Moved(533, 172)
INFO [2022-11-06][06:56:53] game src/main.rs:180:32 Window: SizeChanged(577, 458)
INFO [2022-11-06][06:56:53] game src/main.rs:156:29 Resizing to 577x458
INFO [2022-11-06][06:56:53] game src/main.rs:180:32 Window: Moved(649, 172)
INFO [2022-11-06][06:56:53] game src/main.rs:180:32 Window: SizeChanged(461, 460)
INFO [2022-11-06][06:56:53] game src/main.rs:156:29 Resizing to 461x460
INFO [2022-11-06][06:56:53] game src/main.rs:180:32 Window: Moved(695, 172)
INFO [2022-11-06][06:56:53] game src/main.rs:180:32 Window: SizeChanged(415, 460)
INFO [2022-11-06][06:56:53] game src/main.rs:156:29 Resizing to 415x460
INFO [2022-11-06][06:56:53] game src/main.rs:180:32 Window: Moved(777, 172)
INFO [2022-11-06][06:56:53] game src/main.rs:180:32 Window: SizeChanged(333, 444)
INFO [2022-11-06][06:56:53] game src/main.rs:156:29 Resizing to 333x444
INFO [2022-11-06][06:56:53] game src/main.rs:180:32 Window: SizeChanged(333, 447)
INFO [2022-11-06][06:56:53] game src/main.rs:156:29 Resizing to 333x447
INFO [2022-11-06][06:56:53] game src/main.rs:180:32 Window: Moved(751, 172)
INFO [2022-11-06][06:56:53] game src/main.rs:180:32 Window: SizeChanged(359, 478)
INFO [2022-11-06][06:56:53] game src/main.rs:156:29 Resizing to 359x478
INFO [2022-11-06][06:56:53] game src/main.rs:180:32 Window: Moved(659, 172)
INFO [2022-11-06][06:56:53] game src/main.rs:180:32 Window: SizeChanged(451, 520)
INFO [2022-11-06][06:56:53] game src/main.rs:156:29 Resizing to 451x520
INFO [2022-11-06][06:56:54] game src/main.rs:180:32 Window: Moved(619, 172)
INFO [2022-11-06][06:56:54] game src/main.rs:180:32 Window: SizeChanged(491, 525)
INFO [2022-11-06][06:56:54] game src/main.rs:156:29 Resizing to 491x525
INFO [2022-11-06][06:56:54] game src/main.rs:180:32 Window: Moved(601, 172)
INFO [2022-11-06][06:56:54] game src/main.rs:180:32 Window: SizeChanged(509, 517)
INFO [2022-11-06][06:56:54] game src/main.rs:156:29 Resizing to 509x517
INFO [2022-11-06][06:56:54] game src/main.rs:180:32 Window: Moved(572, 172)
INFO [2022-11-06][06:56:54] game src/main.rs:180:32 Window: SizeChanged(538, 431)
INFO [2022-11-06][06:56:54] game src/main.rs:156:29 Resizing to 538x431
INFO [2022-11-06][06:56:54] game src/main.rs:180:32 Window: Moved(570, 172)
INFO [2022-11-06][06:56:54] game src/main.rs:180:32 Window: SizeChanged(540, 309)
INFO [2022-11-06][06:56:54] game src/main.rs:156:29 Resizing to 540x309
INFO [2022-11-06][06:56:54] game src/main.rs:180:32 Window: SizeChanged(540, 257)
INFO [2022-11-06][06:56:54] game src/main.rs:156:29 Resizing to 540x257
INFO [2022-11-06][06:56:54] game src/main.rs:180:32 Window: Moved(569, 172)
INFO [2022-11-06][06:56:54] game src/main.rs:180:32 Window: SizeChanged(541, 256)
INFO [2022-11-06][06:56:54] game src/main.rs:156:29 Resizing to 541x256
INFO [2022-11-06][06:56:54] game src/main.rs:180:32 Window: Moved(559, 172)
INFO [2022-11-06][06:56:54] game src/main.rs:180:32 Window: SizeChanged(551, 283)
INFO [2022-11-06][06:56:54] game src/main.rs:156:29 Resizing to 551x283
INFO [2022-11-06][06:56:54] game src/main.rs:180:32 Window: Moved(549, 172)
INFO [2022-11-06][06:56:54] game src/main.rs:180:32 Window: SizeChanged(561, 366)
INFO [2022-11-06][06:56:54] game src/main.rs:156:29 Resizing to 561x366
INFO [2022-11-06][06:56:54] game src/main.rs:180:32 Window: Moved(547, 172)
INFO [2022-11-06][06:56:54] game src/main.rs:180:32 Window: SizeChanged(563, 497)
INFO [2022-11-06][06:56:54] game src/main.rs:156:29 Resizing to 563x497
INFO [2022-11-06][06:56:54] game src/main.rs:180:32 Window: Moved(558, 172)
INFO [2022-11-06][06:56:54] game src/main.rs:180:32 Window: SizeChanged(552, 522)
INFO [2022-11-06][06:56:54] game src/main.rs:156:29 Resizing to 552x522
INFO [2022-11-06][06:56:54] game src/main.rs:180:32 Window: Moved(562, 172)
INFO [2022-11-06][06:56:54] game src/main.rs:180:32 Window: SizeChanged(548, 524)
INFO [2022-11-06][06:56:54] game src/main.rs:156:29 Resizing to 548x524
INFO [2022-11-06][06:56:54] game src/main.rs:180:32 Window: Moved(566, 172)
INFO [2022-11-06][06:56:54] game src/main.rs:180:32 Window: SizeChanged(544, 524)
INFO [2022-11-06][06:56:54] game src/main.rs:156:29 Resizing to 544x524
INFO [2022-11-06][06:56:54] game src/main.rs:180:32 Window: Moved(654, 172)
INFO [2022-11-06][06:56:54] game src/main.rs:180:32 Window: SizeChanged(456, 477)
INFO [2022-11-06][06:56:54] game src/main.rs:156:29 Resizing to 456x477
INFO [2022-11-06][06:56:54] game src/main.rs:180:32 Window: Moved(708, 172)
INFO [2022-11-06][06:56:54] game src/main.rs:180:32 Window: SizeChanged(402, 446)
INFO [2022-11-06][06:56:54] game src/main.rs:156:29 Resizing to 402x446
INFO [2022-11-06][06:56:54] game src/main.rs:180:32 Window: Moved(720, 172)
INFO [2022-11-06][06:56:54] game src/main.rs:180:32 Window: SizeChanged(390, 439)
INFO [2022-11-06][06:56:54] game src/main.rs:156:29 Resizing to 390x439
INFO [2022-11-06][06:56:54] game src/main.rs:180:32 Window: Moved(719, 172)
INFO [2022-11-06][06:56:54] game src/main.rs:180:32 Window: SizeChanged(391, 441)
INFO [2022-11-06][06:56:54] game src/main.rs:156:29 Resizing to 391x441
INFO [2022-11-06][06:56:54] game src/main.rs:180:32 Window: Moved(707, 172)
INFO [2022-11-06][06:56:54] game src/main.rs:180:32 Window: SizeChanged(403, 446)
INFO [2022-11-06][06:56:54] game src/main.rs:156:29 Resizing to 403x446
INFO [2022-11-06][06:56:54] game src/main.rs:180:32 Window: Moved(690, 172)
INFO [2022-11-06][06:56:54] game src/main.rs:180:32 Window: SizeChanged(420, 457)
INFO [2022-11-06][06:56:54] game src/main.rs:156:29 Resizing to 420x457
INFO [2022-11-06][06:56:54] game src/main.rs:180:32 Window: Moved(660, 172)
INFO [2022-11-06][06:56:54] game src/main.rs:180:32 Window: SizeChanged(450, 476)
INFO [2022-11-06][06:56:54] game src/main.rs:156:29 Resizing to 450x476
INFO [2022-11-06][06:56:54] game src/main.rs:180:32 Window: Moved(655, 172)
INFO [2022-11-06][06:56:54] game src/main.rs:180:32 Window: SizeChanged(455, 478)
INFO [2022-11-06][06:56:54] game src/main.rs:156:29 Resizing to 455x478
INFO [2022-11-06][06:56:54] game src/main.rs:180:32 Window: Moved(650, 172)
INFO [2022-11-06][06:56:54] game src/main.rs:180:32 Window: SizeChanged(460, 478)
INFO [2022-11-06][06:56:54] game src/main.rs:156:29 Resizing to 460x478
INFO [2022-11-06][06:56:54] game src/main.rs:180:32 Window: Moved(641, 172)
INFO [2022-11-06][06:56:54] game src/main.rs:180:32 Window: SizeChanged(469, 477)
INFO [2022-11-06][06:56:54] game src/main.rs:156:29 Resizing to 469x477
INFO [2022-11-06][06:56:54] game src/main.rs:180:32 Window: Moved(629, 172)
INFO [2022-11-06][06:56:54] game src/main.rs:180:32 Window: SizeChanged(481, 472)
INFO [2022-11-06][06:56:54] game src/main.rs:156:29 Resizing to 481x472
INFO [2022-11-06][06:56:55] game src/main.rs:180:32 Window: Moved(625, 172)
INFO [2022-11-06][06:56:55] game src/main.rs:180:32 Window: SizeChanged(485, 470)
INFO [2022-11-06][06:56:55] game src/main.rs:156:29 Resizing to 485x470
INFO [2022-11-06][06:56:55] game src/main.rs:180:32 Window: Moved(620, 172)
INFO [2022-11-06][06:56:55] game src/main.rs:180:32 Window: SizeChanged(490, 468)
INFO [2022-11-06][06:56:55] game src/main.rs:156:29 Resizing to 490x468
INFO [2022-11-06][06:56:55] game src/main.rs:180:32 Window: Moved(618, 172)
INFO [2022-11-06][06:56:55] game src/main.rs:180:32 Window: SizeChanged(492, 467)
INFO [2022-11-06][06:56:55] game src/main.rs:156:29 Resizing to 492x467
INFO [2022-11-06][06:56:55] game src/main.rs:180:32 Window: Moved(614, 172)
INFO [2022-11-06][06:56:55] game src/main.rs:180:32 Window: SizeChanged(496, 466)
INFO [2022-11-06][06:56:55] game src/main.rs:156:29 Resizing to 496x466
INFO [2022-11-06][06:56:55] game src/main.rs:180:32 Window: Moved(613, 172)
INFO [2022-11-06][06:56:55] game src/main.rs:180:32 Window: SizeChanged(497, 466)
INFO [2022-11-06][06:56:55] game src/main.rs:156:29 Resizing to 497x466
INFO [2022-11-06][06:56:56] game src/main.rs:180:32 Window: Enter
INFO [2022-11-06][06:56:57] game src/main.rs:180:32 Window: Leave
INFO [2022-11-06][06:56:57] game src/main.rs:180:32 Window: Close
