ERROR [2022-11-06][11:18:11] game src/main.rs:66:17 Cannot create vertex shader: 0:20(41): error: `vertCamera' undeclared
0:20(41): error: type mismatch
0:20(20): error: operands to arithmetic operators must be numeric
0:22(27): warning: `vertCamera' used uninitialized
0:22(27): error: size mismatch for matrix multiplication
0:23(23): warning: `projectedVert_tmp' used uninitialized
0:23(47): error: `projectedVert' undeclared
0:23(47): error: type mismatch
0:23(23): error: operands to arithmetic operators must be numeric
0:24(16): warning: `projectedVert' used uninitialized
0:24(2): error: value of type vec3 cannot be assigned to variable of type vec4

ERROR [2022-11-06][11:18:11] game src/main.rs:89:9 Cannot link program: error: linking with uncompiled/unspecialized shader
INFO [2022-11-06][11:18:11] game src/main.rs:257:9 angle=90
INFO [2022-11-06][11:18:11] game src/main.rs:257:9 angle=90
INFO [2022-11-06][11:18:11] game src/main.rs:257:9 angle=90
INFO [2022-11-06][11:18:11] game src/main.rs:257:9 angle=90
INFO [2022-11-06][11:18:11] game src/main.rs:257:9 angle=90
INFO [2022-11-06][11:18:11] game src/main.rs:257:9 angle=90
INFO [2022-11-06][11:18:11] game src/main.rs:257:9 angle=90
INFO [2022-11-06][11:18:11] game src/main.rs:257:9 angle=90
INFO [2022-11-06][11:18:11] game src/main.rs:257:9 angle=90
INFO [2022-11-06][11:18:11] game src/main.rs:257:9 angle=90
INFO [2022-11-06][11:18:11] game src/main.rs:257:9 angle=90
INFO [2022-11-06][11:18:11] game src/main.rs:257:9 angle=90
INFO [2022-11-06][11:18:11] game src/main.rs:257:9 angle=90
INFO [2022-11-06][11:18:11] game src/main.rs:257:9 angle=90
INFO [2022-11-06][11:18:11] game src/main.rs:257:9 angle=90
INFO [2022-11-06][11:18:11] game src/main.rs:257:9 angle=90
INFO [2022-11-06][11:18:11] game src/main.rs:257:9 angle=90
INFO [2022-11-06][11:18:11] game src/main.rs:257:9 angle=90
INFO [2022-11-06][11:18:11] game src/main.rs:257:9 angle=90
INFO [2022-11-06][11:18:11] game src/main.rs:257:9 angle=90
INFO [2022-11-06][11:18:11] game src/main.rs:257:9 angle=90
INFO [2022-11-06][11:18:11] game src/main.rs:257:9 angle=90
INFO [2022-11-06][11:18:11] game src/main.rs:257:9 angle=90
INFO [2022-11-06][11:18:11] game src/main.rs:257:9 angle=90
INFO [2022-11-06][11:18:11] game src/main.rs:257:9 angle=90
INFO [2022-11-06][11:18:11] game src/main.rs:257:9 angle=90
INFO [2022-11-06][11:18:11] game src/main.rs:257:9 angle=90
INFO [2022-11-06][11:18:11] game src/main.rs:257:9 angle=90
INFO [2022-11-06][11:18:11] game src/main.rs:257:9 angle=90
INFO [2022-11-06][11:18:11] game src/main.rs:257:9 angle=90
INFO [2022-11-06][11:18:11] game src/main.rs:257:9 angle=90
INFO [2022-11-06][11:18:11] game src/main.rs:257:9 angle=90
INFO [2022-11-06][11:18:11] game src/main.rs:257:9 angle=90
INFO [2022-11-06][11:18:11] game src/main.rs:257:9 angle=90
INFO [2022-11-06][11:18:11] game src/main.rs:257:9 angle=90
INFO [2022-11-06][11:18:11] game src/main.rs:257:9 angle=90
INFO [2022-11-06][11:18:11] game src/main.rs:257:9 angle=90
INFO [2022-11-06][11:18:11] game src/main.rs:257:9 angle=90
INFO [2022-11-06][11:18:11] game src/main.rs:257:9 angle=90
INFO [2022-11-06][11:18:11] game src/main.rs:257:9 angle=90
INFO [2022-11-06][11:18:11] game src/main.rs:257:9 angle=90
INFO [2022-11-06][11:18:11] game src/main.rs:257:9 angle=90
INFO [2022-11-06][11:18:11] game src/main.rs:257:9 angle=90
INFO [2022-11-06][11:18:11] game src/main.rs:257:9 angle=90
INFO [2022-11-06][11:18:11] game src/main.rs:257:9 angle=90
INFO [2022-11-06][11:18:11] game src/main.rs:257:9 angle=90
INFO [2022-11-06][11:18:11] game src/main.rs:257:9 angle=90
INFO [2022-11-06][11:18:11] game src/main.rs:257:9 angle=90
INFO [2022-11-06][11:18:11] game src/main.rs:257:9 angle=90
INFO [2022-11-06][11:18:11] game src/main.rs:257:9 angle=90
INFO [2022-11-06][11:18:11] game src/main.rs:257:9 angle=90
INFO [2022-11-06][11:18:11] game src/main.rs:257:9 angle=90
INFO [2022-11-06][11:18:11] game src/main.rs:257:9 angle=90
INFO [2022-11-06][11:18:11] game src/main.rs:257:9 angle=90
INFO [2022-11-06][11:18:11] game src/main.rs:257:9 angle=90
INFO [2022-11-06][11:18:11] game src/main.rs:257:9 angle=89
INFO [2022-11-06][11:18:11] game src/main.rs:257:9 angle=89
INFO [2022-11-06][11:18:11] game src/main.rs:257:9 angle=89
INFO [2022-11-06][11:18:12] game src/main.rs:257:9 angle=89
INFO [2022-11-06][11:18:12] game src/main.rs:257:9 angle=89
INFO [2022-11-06][11:18:12] game src/main.rs:257:9 angle=89
INFO [2022-11-06][11:18:12] game src/main.rs:257:9 angle=89
INFO [2022-11-06][11:18:12] game src/main.rs:257:9 angle=89
INFO [2022-11-06][11:18:12] game src/main.rs:257:9 angle=89
INFO [2022-11-06][11:18:12] game src/main.rs:257:9 angle=89
INFO [2022-11-06][11:18:12] game src/main.rs:257:9 angle=89
INFO [2022-11-06][11:18:12] game src/main.rs:257:9 angle=89
INFO [2022-11-06][11:18:12] game src/main.rs:257:9 angle=89
INFO [2022-11-06][11:18:12] game src/main.rs:257:9 angle=89
INFO [2022-11-06][11:18:12] game src/main.rs:257:9 angle=89
INFO [2022-11-06][11:18:12] game src/main.rs:257:9 angle=89
INFO [2022-11-06][11:18:12] game src/main.rs:257:9 angle=89
INFO [2022-11-06][11:18:12] game src/main.rs:257:9 angle=89
INFO [2022-11-06][11:18:12] game src/main.rs:257:9 angle=89
INFO [2022-11-06][11:18:12] game src/main.rs:257:9 angle=89
INFO [2022-11-06][11:18:12] game src/main.rs:257:9 angle=89
INFO [2022-11-06][11:18:12] game src/main.rs:257:9 angle=89
INFO [2022-11-06][11:18:12] game src/main.rs:257:9 angle=89
INFO [2022-11-06][11:18:12] game src/main.rs:257:9 angle=89
INFO [2022-11-06][11:18:12] game src/main.rs:257:9 angle=89
INFO [2022-11-06][11:18:12] game src/main.rs:257:9 angle=89
INFO [2022-11-06][11:18:12] game src/main.rs:257:9 angle=89
INFO [2022-11-06][11:18:12] game src/main.rs:257:9 angle=89
INFO [2022-11-06][11:18:12] game src/main.rs:257:9 angle=89
INFO [2022-11-06][11:18:12] game src/main.rs:257:9 angle=89
INFO [2022-11-06][11:18:12] game src/main.rs:257:9 angle=89
INFO [2022-11-06][11:18:12] game src/main.rs:257:9 angle=89
INFO [2022-11-06][11:18:12] game src/main.rs:257:9 angle=89
INFO [2022-11-06][11:18:12] game src/main.rs:257:9 angle=89
INFO [2022-11-06][11:18:12] game src/main.rs:257:9 angle=89
INFO [2022-11-06][11:18:12] game src/main.rs:257:9 angle=89
INFO [2022-11-06][11:18:12] game src/main.rs:257:9 angle=89
INFO [2022-11-06][11:18:12] game src/main.rs:257:9 angle=89
INFO [2022-11-06][11:18:12] game src/main.rs:257:9 angle=89
INFO [2022-11-06][11:18:12] game src/main.rs:257:9 angle=90
INFO [2022-11-06][11:18:12] game src/main.rs:257:9 angle=90
INFO [2022-11-06][11:18:12] game src/main.rs:257:9 angle=90
INFO [2022-11-06][11:18:12] game src/main.rs:257:9 angle=90
INFO [2022-11-06][11:18:12] game src/main.rs:257:9 angle=90
INFO [2022-11-06][11:18:12] game src/main.rs:257:9 angle=90
INFO [2022-11-06][11:18:12] game src/main.rs:257:9 angle=90
INFO [2022-11-06][11:18:12] game src/main.rs:257:9 angle=90
INFO [2022-11-06][11:18:12] game src/main.rs:257:9 angle=90
INFO [2022-11-06][11:18:12] game src/main.rs:257:9 angle=89
INFO [2022-11-06][11:18:12] game src/main.rs:257:9 angle=89
INFO [2022-11-06][11:18:12] game src/main.rs:257:9 angle=89
INFO [2022-11-06][11:18:12] game src/main.rs:257:9 angle=89
INFO [2022-11-06][11:18:12] game src/main.rs:257:9 angle=89
INFO [2022-11-06][11:18:12] game src/main.rs:257:9 angle=89
INFO [2022-11-06][11:18:12] game src/main.rs:257:9 angle=89
INFO [2022-11-06][11:18:12] game src/main.rs:257:9 angle=90
INFO [2022-11-06][11:18:12] game src/main.rs:257:9 angle=90
INFO [2022-11-06][11:18:12] game src/main.rs:257:9 angle=90
INFO [2022-11-06][11:18:12] game src/main.rs:257:9 angle=90
INFO [2022-11-06][11:18:12] game src/main.rs:257:9 angle=90
INFO [2022-11-06][11:18:12] game src/main.rs:257:9 angle=90
INFO [2022-11-06][11:18:12] game src/main.rs:257:9 angle=90
INFO [2022-11-06][11:18:12] game src/main.rs:257:9 angle=90
INFO [2022-11-06][11:18:13] game src/main.rs:257:9 angle=89
INFO [2022-11-06][11:18:13] game src/main.rs:257:9 angle=89
INFO [2022-11-06][11:18:13] game src/main.rs:257:9 angle=89
INFO [2022-11-06][11:18:13] game src/main.rs:257:9 angle=89
INFO [2022-11-06][11:18:13] game src/main.rs:257:9 angle=89
INFO [2022-11-06][11:18:13] game src/main.rs:257:9 angle=89
INFO [2022-11-06][11:18:13] game src/main.rs:257:9 angle=90
INFO [2022-11-06][11:18:13] game src/main.rs:257:9 angle=90
INFO [2022-11-06][11:18:13] game src/main.rs:257:9 angle=90
INFO [2022-11-06][11:18:13] game src/main.rs:257:9 angle=90
INFO [2022-11-06][11:18:13] game src/main.rs:257:9 angle=90
INFO [2022-11-06][11:18:13] game src/main.rs:257:9 angle=90
INFO [2022-11-06][11:18:13] game src/main.rs:257:9 angle=90
INFO [2022-11-06][11:18:13] game src/main.rs:257:9 angle=90
INFO [2022-11-06][11:18:13] game src/main.rs:257:9 angle=89
INFO [2022-11-06][11:18:13] game src/main.rs:257:9 angle=89
INFO [2022-11-06][11:18:13] game src/main.rs:257:9 angle=89
INFO [2022-11-06][11:18:13] game src/main.rs:257:9 angle=89
INFO [2022-11-06][11:18:13] game src/main.rs:257:9 angle=89
INFO [2022-11-06][11:18:13] game src/main.rs:257:9 angle=89
INFO [2022-11-06][11:18:13] game src/main.rs:257:9 angle=90
INFO [2022-11-06][11:18:13] game src/main.rs:257:9 angle=90
INFO [2022-11-06][11:18:13] game src/main.rs:257:9 angle=90
INFO [2022-11-06][11:18:13] game src/main.rs:257:9 angle=90
INFO [2022-11-06][11:18:13] game src/main.rs:257:9 angle=90
INFO [2022-11-06][11:18:13] game src/main.rs:257:9 angle=90
INFO [2022-11-06][11:18:13] game src/main.rs:257:9 angle=90
INFO [2022-11-06][11:18:13] game src/main.rs:257:9 angle=90
INFO [2022-11-06][11:18:13] game src/main.rs:257:9 angle=89
INFO [2022-11-06][11:18:13] game src/main.rs:257:9 angle=89
INFO [2022-11-06][11:18:13] game src/main.rs:257:9 angle=89
INFO [2022-11-06][11:18:13] game src/main.rs:257:9 angle=89
INFO [2022-11-06][11:18:13] game src/main.rs:257:9 angle=89
INFO [2022-11-06][11:18:13] game src/main.rs:257:9 angle=89
INFO [2022-11-06][11:18:13] game src/main.rs:257:9 angle=90
INFO [2022-11-06][11:18:13] game src/main.rs:257:9 angle=90
INFO [2022-11-06][11:18:13] game src/main.rs:257:9 angle=90
INFO [2022-11-06][11:18:13] game src/main.rs:257:9 angle=90
INFO [2022-11-06][11:18:13] game src/main.rs:257:9 angle=90
INFO [2022-11-06][11:18:13] game src/main.rs:257:9 angle=90
INFO [2022-11-06][11:18:13] game src/main.rs:257:9 angle=90
INFO [2022-11-06][11:18:13] game src/main.rs:257:9 angle=89
INFO [2022-11-06][11:18:13] game src/main.rs:257:9 angle=89
INFO [2022-11-06][11:18:13] game src/main.rs:257:9 angle=89
INFO [2022-11-06][11:18:13] game src/main.rs:257:9 angle=89
INFO [2022-11-06][11:18:13] game src/main.rs:257:9 angle=89
INFO [2022-11-06][11:18:13] game src/main.rs:257:9 angle=89
INFO [2022-11-06][11:18:13] game src/main.rs:257:9 angle=89
INFO [2022-11-06][11:18:13] game src/main.rs:257:9 angle=89
INFO [2022-11-06][11:18:13] game src/main.rs:257:9 angle=89
INFO [2022-11-06][11:18:13] game src/main.rs:257:9 angle=88
INFO [2022-11-06][11:18:13] game src/main.rs:257:9 angle=88
INFO [2022-11-06][11:18:13] game src/main.rs:257:9 angle=88
INFO [2022-11-06][11:18:13] game src/main.rs:257:9 angle=88
INFO [2022-11-06][11:18:13] game src/main.rs:257:9 angle=88
INFO [2022-11-06][11:18:13] game src/main.rs:257:9 angle=88
INFO [2022-11-06][11:18:13] game src/main.rs:257:9 angle=88
INFO [2022-11-06][11:18:13] game src/main.rs:257:9 angle=88
INFO [2022-11-06][11:18:13] game src/main.rs:257:9 angle=88
INFO [2022-11-06][11:18:14] game src/main.rs:257:9 angle=88
INFO [2022-11-06][11:18:14] game src/main.rs:257:9 angle=88
INFO [2022-11-06][11:18:14] game src/main.rs:257:9 angle=88
INFO [2022-11-06][11:18:14] game src/main.rs:257:9 angle=88
INFO [2022-11-06][11:18:14] game src/main.rs:257:9 angle=88
INFO [2022-11-06][11:18:14] game src/main.rs:257:9 angle=88
INFO [2022-11-06][11:18:14] game src/main.rs:257:9 angle=88
INFO [2022-11-06][11:18:14] game src/main.rs:257:9 angle=88
INFO [2022-11-06][11:18:14] game src/main.rs:257:9 angle=88
INFO [2022-11-06][11:18:14] game src/main.rs:257:9 angle=88
INFO [2022-11-06][11:18:14] game src/main.rs:257:9 angle=88
INFO [2022-11-06][11:18:14] game src/main.rs:257:9 angle=88
INFO [2022-11-06][11:18:14] game src/main.rs:257:9 angle=88
INFO [2022-11-06][11:18:14] game src/main.rs:257:9 angle=88
INFO [2022-11-06][11:18:14] game src/main.rs:257:9 angle=88
INFO [2022-11-06][11:18:14] game src/main.rs:257:9 angle=88
INFO [2022-11-06][11:18:14] game src/main.rs:257:9 angle=88
INFO [2022-11-06][11:18:14] game src/main.rs:257:9 angle=88
INFO [2022-11-06][11:18:14] game src/main.rs:257:9 angle=88
INFO [2022-11-06][11:18:14] game src/main.rs:257:9 angle=88
INFO [2022-11-06][11:18:14] game src/main.rs:257:9 angle=88
INFO [2022-11-06][11:18:14] game src/main.rs:257:9 angle=87
INFO [2022-11-06][11:18:14] game src/main.rs:257:9 angle=87
INFO [2022-11-06][11:18:14] game src/main.rs:257:9 angle=86
INFO [2022-11-06][11:18:14] game src/main.rs:257:9 angle=86
INFO [2022-11-06][11:18:14] game src/main.rs:257:9 angle=85
INFO [2022-11-06][11:18:14] game src/main.rs:257:9 angle=84
INFO [2022-11-06][11:18:14] game src/main.rs:257:9 angle=84
INFO [2022-11-06][11:18:14] game src/main.rs:257:9 angle=83
INFO [2022-11-06][11:18:14] game src/main.rs:257:9 angle=83
INFO [2022-11-06][11:18:14] game src/main.rs:257:9 angle=82
INFO [2022-11-06][11:18:14] game src/main.rs:257:9 angle=82
INFO [2022-11-06][11:18:14] game src/main.rs:257:9 angle=81
INFO [2022-11-06][11:18:14] game src/main.rs:257:9 angle=81
INFO [2022-11-06][11:18:14] game src/main.rs:257:9 angle=80
INFO [2022-11-06][11:18:14] game src/main.rs:257:9 angle=80
INFO [2022-11-06][11:18:14] game src/main.rs:257:9 angle=79
INFO [2022-11-06][11:18:14] game src/main.rs:257:9 angle=78
INFO [2022-11-06][11:18:14] game src/main.rs:257:9 angle=78
INFO [2022-11-06][11:18:14] game src/main.rs:257:9 angle=77
INFO [2022-11-06][11:18:14] game src/main.rs:257:9 angle=77
INFO [2022-11-06][11:18:14] game src/main.rs:257:9 angle=76
INFO [2022-11-06][11:18:14] game src/main.rs:257:9 angle=75
INFO [2022-11-06][11:18:14] game src/main.rs:257:9 angle=75
INFO [2022-11-06][11:18:14] game src/main.rs:257:9 angle=75
INFO [2022-11-06][11:18:14] game src/main.rs:257:9 angle=74
INFO [2022-11-06][11:18:14] game src/main.rs:257:9 angle=73
INFO [2022-11-06][11:18:14] game src/main.rs:257:9 angle=73
INFO [2022-11-06][11:18:14] game src/main.rs:257:9 angle=72
INFO [2022-11-06][11:18:14] game src/main.rs:257:9 angle=72
INFO [2022-11-06][11:18:14] game src/main.rs:257:9 angle=71
INFO [2022-11-06][11:18:14] game src/main.rs:257:9 angle=71
INFO [2022-11-06][11:18:14] game src/main.rs:257:9 angle=70
INFO [2022-11-06][11:18:14] game src/main.rs:257:9 angle=70
INFO [2022-11-06][11:18:14] game src/main.rs:257:9 angle=69
INFO [2022-11-06][11:18:14] game src/main.rs:257:9 angle=69
INFO [2022-11-06][11:18:14] game src/main.rs:257:9 angle=68
INFO [2022-11-06][11:18:14] game src/main.rs:257:9 angle=67
INFO [2022-11-06][11:18:14] game src/main.rs:257:9 angle=67
INFO [2022-11-06][11:18:14] game src/main.rs:257:9 angle=66
INFO [2022-11-06][11:18:15] game src/main.rs:257:9 angle=66
INFO [2022-11-06][11:18:15] game src/main.rs:257:9 angle=65
INFO [2022-11-06][11:18:15] game src/main.rs:257:9 angle=65
INFO [2022-11-06][11:18:15] game src/main.rs:257:9 angle=64
INFO [2022-11-06][11:18:15] game src/main.rs:257:9 angle=64
INFO [2022-11-06][11:18:15] game src/main.rs:257:9 angle=63
INFO [2022-11-06][11:18:15] game src/main.rs:257:9 angle=62
INFO [2022-11-06][11:18:15] game src/main.rs:257:9 angle=62
INFO [2022-11-06][11:18:15] game src/main.rs:257:9 angle=61
INFO [2022-11-06][11:18:15] game src/main.rs:257:9 angle=61
INFO [2022-11-06][11:18:15] game src/main.rs:257:9 angle=60
INFO [2022-11-06][11:18:15] game src/main.rs:257:9 angle=60
INFO [2022-11-06][11:18:15] game src/main.rs:257:9 angle=59
INFO [2022-11-06][11:18:15] game src/main.rs:257:9 angle=59
INFO [2022-11-06][11:18:15] game src/main.rs:257:9 angle=58
INFO [2022-11-06][11:18:15] game src/main.rs:257:9 angle=57
INFO [2022-11-06][11:18:15] game src/main.rs:257:9 angle=57
INFO [2022-11-06][11:18:15] game src/main.rs:257:9 angle=56
INFO [2022-11-06][11:18:15] game src/main.rs:257:9 angle=56
INFO [2022-11-06][11:18:15] game src/main.rs:257:9 angle=55
INFO [2022-11-06][11:18:15] game src/main.rs:257:9 angle=55
INFO [2022-11-06][11:18:15] game src/main.rs:257:9 angle=54
INFO [2022-11-06][11:18:15] game src/main.rs:257:9 angle=54
INFO [2022-11-06][11:18:15] game src/main.rs:257:9 angle=53
INFO [2022-11-06][11:18:15] game src/main.rs:257:9 angle=53
INFO [2022-11-06][11:18:15] game src/main.rs:257:9 angle=52
INFO [2022-11-06][11:18:15] game src/main.rs:257:9 angle=51
INFO [2022-11-06][11:18:15] game src/main.rs:257:9 angle=51
INFO [2022-11-06][11:18:15] game src/main.rs:257:9 angle=50
INFO [2022-11-06][11:18:15] game src/main.rs:257:9 angle=50
INFO [2022-11-06][11:18:15] game src/main.rs:257:9 angle=49
INFO [2022-11-06][11:18:15] game src/main.rs:257:9 angle=49
INFO [2022-11-06][11:18:15] game src/main.rs:257:9 angle=48
INFO [2022-11-06][11:18:15] game src/main.rs:257:9 angle=48
INFO [2022-11-06][11:18:15] game src/main.rs:257:9 angle=47
INFO [2022-11-06][11:18:15] game src/main.rs:257:9 angle=47
INFO [2022-11-06][11:18:15] game src/main.rs:257:9 angle=46
INFO [2022-11-06][11:18:15] game src/main.rs:257:9 angle=45
INFO [2022-11-06][11:18:15] game src/main.rs:257:9 angle=45
INFO [2022-11-06][11:18:15] game src/main.rs:257:9 angle=44
INFO [2022-11-06][11:18:15] game src/main.rs:257:9 angle=44
INFO [2022-11-06][11:18:15] game src/main.rs:257:9 angle=43
INFO [2022-11-06][11:18:15] game src/main.rs:257:9 angle=43
INFO [2022-11-06][11:18:15] game src/main.rs:257:9 angle=42
INFO [2022-11-06][11:18:15] game src/main.rs:257:9 angle=42
INFO [2022-11-06][11:18:15] game src/main.rs:257:9 angle=41
INFO [2022-11-06][11:18:15] game src/main.rs:257:9 angle=40
INFO [2022-11-06][11:18:15] game src/main.rs:257:9 angle=40
INFO [2022-11-06][11:18:15] game src/main.rs:257:9 angle=39
INFO [2022-11-06][11:18:15] game src/main.rs:257:9 angle=39
INFO [2022-11-06][11:18:15] game src/main.rs:257:9 angle=38
INFO [2022-11-06][11:18:15] game src/main.rs:257:9 angle=38
INFO [2022-11-06][11:18:15] game src/main.rs:257:9 angle=37
INFO [2022-11-06][11:18:15] game src/main.rs:257:9 angle=37
INFO [2022-11-06][11:18:15] game src/main.rs:257:9 angle=36
INFO [2022-11-06][11:18:15] game src/main.rs:257:9 angle=36
INFO [2022-11-06][11:18:15] game src/main.rs:257:9 angle=35
INFO [2022-11-06][11:18:15] game src/main.rs:257:9 angle=34
INFO [2022-11-06][11:18:15] game src/main.rs:257:9 angle=34
INFO [2022-11-06][11:18:15] game src/main.rs:257:9 angle=33
INFO [2022-11-06][11:18:16] game src/main.rs:257:9 angle=33
INFO [2022-11-06][11:18:16] game src/main.rs:257:9 angle=32
INFO [2022-11-06][11:18:16] game src/main.rs:257:9 angle=32
INFO [2022-11-06][11:18:16] game src/main.rs:257:9 angle=31
INFO [2022-11-06][11:18:16] game src/main.rs:257:9 angle=31
INFO [2022-11-06][11:18:16] game src/main.rs:257:9 angle=30
INFO [2022-11-06][11:18:16] game src/main.rs:257:9 angle=30
INFO [2022-11-06][11:18:16] game src/main.rs:257:9 angle=29
INFO [2022-11-06][11:18:16] game src/main.rs:257:9 angle=28
INFO [2022-11-06][11:18:16] game src/main.rs:257:9 angle=28
INFO [2022-11-06][11:18:16] game src/main.rs:257:9 angle=27
INFO [2022-11-06][11:18:16] game src/main.rs:257:9 angle=27
INFO [2022-11-06][11:18:16] game src/main.rs:257:9 angle=26
INFO [2022-11-06][11:18:16] game src/main.rs:257:9 angle=26
INFO [2022-11-06][11:18:16] game src/main.rs:257:9 angle=25
INFO [2022-11-06][11:18:16] game src/main.rs:257:9 angle=25
INFO [2022-11-06][11:18:16] game src/main.rs:257:9 angle=24
INFO [2022-11-06][11:18:16] game src/main.rs:257:9 angle=23
INFO [2022-11-06][11:18:16] game src/main.rs:257:9 angle=23
INFO [2022-11-06][11:18:16] game src/main.rs:257:9 angle=22
INFO [2022-11-06][11:18:16] game src/main.rs:257:9 angle=22
INFO [2022-11-06][11:18:16] game src/main.rs:257:9 angle=21
INFO [2022-11-06][11:18:16] game src/main.rs:257:9 angle=21
INFO [2022-11-06][11:18:16] game src/main.rs:257:9 angle=20
INFO [2022-11-06][11:18:16] game src/main.rs:257:9 angle=20
INFO [2022-11-06][11:18:16] game src/main.rs:257:9 angle=19
INFO [2022-11-06][11:18:16] game src/main.rs:257:9 angle=18
INFO [2022-11-06][11:18:16] game src/main.rs:257:9 angle=18
INFO [2022-11-06][11:18:16] game src/main.rs:257:9 angle=17
INFO [2022-11-06][11:18:16] game src/main.rs:257:9 angle=17
INFO [2022-11-06][11:18:16] game src/main.rs:257:9 angle=17
INFO [2022-11-06][11:18:16] game src/main.rs:257:9 angle=17
INFO [2022-11-06][11:18:16] game src/main.rs:257:9 angle=17
INFO [2022-11-06][11:18:16] game src/main.rs:257:9 angle=17
INFO [2022-11-06][11:18:16] game src/main.rs:257:9 angle=17
INFO [2022-11-06][11:18:16] game src/main.rs:257:9 angle=17
INFO [2022-11-06][11:18:16] game src/main.rs:257:9 angle=17
INFO [2022-11-06][11:18:16] game src/main.rs:257:9 angle=17
INFO [2022-11-06][11:18:16] game src/main.rs:257:9 angle=17
INFO [2022-11-06][11:18:16] game src/main.rs:257:9 angle=17
INFO [2022-11-06][11:18:16] game src/main.rs:257:9 angle=17
INFO [2022-11-06][11:18:16] game src/main.rs:257:9 angle=17
INFO [2022-11-06][11:18:16] game src/main.rs:257:9 angle=17
INFO [2022-11-06][11:18:16] game src/main.rs:257:9 angle=17
