INFO [2022-11-06][06:54:57] game src/main.rs:170:32 Window: Shown
INFO [2022-11-06][06:54:57] game src/main.rs:170:32 Window: Moved(256, 172)
INFO [2022-11-06][06:54:57] game src/main.rs:170:32 Window: Exposed
INFO [2022-11-06][06:54:57] game src/main.rs:170:32 Window: Enter
INFO [2022-11-06][06:54:58] game src/main.rs:170:32 Window: FocusGained
INFO [2022-11-06][06:54:58] game src/main.rs:170:32 Window: TakeFocus
DEBUG [2022-11-06][06:54:59] game src/main.rs:240:21 MouseButtonDown
DEBUG [2022-11-06][06:54:59] game src/main.rs:252:21 MouseButtonUp
DEBUG [2022-11-06][06:54:59] game src/main.rs:240:21 MouseButtonDown
DEBUG [2022-11-06][06:54:59] game src/main.rs:252:21 MouseButtonUp
DEBUG [2022-11-06][06:55:00] game src/main.rs:240:21 MouseButtonDown
DEBUG [2022-11-06][06:55:00] game src/main.rs:252:21 MouseButtonUp
INFO [2022-11-06][06:55:00] game src/main.rs:170:32 Window: Leave
INFO [2022-11-06][06:55:01] game src/main.rs:170:32 Window: TakeFocus
INFO [2022-11-06][06:55:01] game src/main.rs:170:32 Window: TakeFocus
INFO [2022-11-06][06:55:01] game src/main.rs:170:32 Window: Moved(257, 172)
INFO [2022-11-06][06:55:01] game src/main.rs:170:32 Window: SizeChanged(853, 481)
INFO [2022-11-06][06:55:01] game src/main.rs:156:29 Resizing to 853x481
INFO [2022-11-06][06:55:01] game src/main.rs:170:32 Window: Exposed
INFO [2022-11-06][06:55:01] game src/main.rs:170:32 Window: Moved(262, 172)
INFO [2022-11-06][06:55:01] game src/main.rs:170:32 Window: SizeChanged(848, 481)
INFO [2022-11-06][06:55:01] game src/main.rs:156:29 Resizing to 848x481
INFO [2022-11-06][06:55:01] game src/main.rs:170:32 Window: Exposed
INFO [2022-11-06][06:55:01] game src/main.rs:170:32 Window: Moved(285, 172)
INFO [2022-11-06][06:55:01] game src/main.rs:170:32 Window: SizeChanged(825, 469)
INFO [2022-11-06][06:55:01] game src/main.rs:156:29 Resizing to 825x469
INFO [2022-11-06][06:55:01] game src/main.rs:170:32 Window: Exposed
INFO [2022-11-06][06:55:01] game src/main.rs:170:32 Window: Moved(301, 172)
INFO [2022-11-06][06:55:01] game src/main.rs:170:32 Window: SizeChanged(809, 460)
INFO [2022-11-06][06:55:01] game src/main.rs:156:29 Resizing to 809x460
INFO [2022-11-06][06:55:01] game src/main.rs:170:32 Window: Exposed
INFO [2022-11-06][06:55:01] game src/main.rs:170:32 Window: Moved(311, 172)
INFO [2022-11-06][06:55:01] game src/main.rs:170:32 Window: SizeChanged(799, 452)
INFO [2022-11-06][06:55:01] game src/main.rs:156:29 Resizing to 799x452
INFO [2022-11-06][06:55:01] game src/main.rs:170:32 Window: Exposed
INFO [2022-11-06][06:55:01] game src/main.rs:170:32 Window: Moved(313, 172)
INFO [2022-11-06][06:55:01] game src/main.rs:170:32 Window: SizeChanged(797, 450)
INFO [2022-11-06][06:55:01] game src/main.rs:156:29 Resizing to 797x450
INFO [2022-11-06][06:55:01] game src/main.rs:170:32 Window: Exposed
INFO [2022-11-06][06:55:01] game src/main.rs:170:32 Window: Moved(326, 172)
INFO [2022-11-06][06:55:01] game src/main.rs:170:32 Window: SizeChanged(784, 437)
INFO [2022-11-06][06:55:01] game src/main.rs:156:29 Resizing to 784x437
INFO [2022-11-06][06:55:01] game src/main.rs:170:32 Window: Exposed
INFO [2022-11-06][06:55:01] game src/main.rs:170:32 Window: Moved(332, 172)
INFO [2022-11-06][06:55:01] game src/main.rs:170:32 Window: SizeChanged(778, 431)
INFO [2022-11-06][06:55:01] game src/main.rs:156:29 Resizing to 778x431
INFO [2022-11-06][06:55:01] game src/main.rs:170:32 Window: Exposed
INFO [2022-11-06][06:55:01] game src/main.rs:170:32 Window: Moved(345, 172)
INFO [2022-11-06][06:55:01] game src/main.rs:170:32 Window: SizeChanged(765, 422)
INFO [2022-11-06][06:55:01] game src/main.rs:156:29 Resizing to 765x422
INFO [2022-11-06][06:55:01] game src/main.rs:170:32 Window: Exposed
INFO [2022-11-06][06:55:01] game src/main.rs:170:32 Window: Moved(355, 172)
INFO [2022-11-06][06:55:01] game src/main.rs:170:32 Window: SizeChanged(755, 418)
INFO [2022-11-06][06:55:01] game src/main.rs:156:29 Resizing to 755x418
INFO [2022-11-06][06:55:01] game src/main.rs:170:32 Window: Exposed
INFO [2022-11-06][06:55:01] game src/main.rs:170:32 Window: Moved(372, 172)
INFO [2022-11-06][06:55:01] game src/main.rs:170:32 Window: SizeChanged(738, 416)
INFO [2022-11-06][06:55:01] game src/main.rs:156:29 Resizing to 738x416
INFO [2022-11-06][06:55:01] game src/main.rs:170:32 Window: Exposed
INFO [2022-11-06][06:55:01] game src/main.rs:170:32 Window: Moved(392, 172)
INFO [2022-11-06][06:55:01] game src/main.rs:170:32 Window: SizeChanged(718, 415)
INFO [2022-11-06][06:55:01] game src/main.rs:156:29 Resizing to 718x415
INFO [2022-11-06][06:55:01] game src/main.rs:170:32 Window: Exposed
INFO [2022-11-06][06:55:01] game src/main.rs:170:32 Window: Moved(419, 172)
INFO [2022-11-06][06:55:01] game src/main.rs:170:32 Window: SizeChanged(691, 411)
INFO [2022-11-06][06:55:01] game src/main.rs:156:29 Resizing to 691x411
INFO [2022-11-06][06:55:01] game src/main.rs:170:32 Window: Exposed
INFO [2022-11-06][06:55:01] game src/main.rs:170:32 Window: Moved(446, 172)
INFO [2022-11-06][06:55:01] game src/main.rs:170:32 Window: SizeChanged(664, 407)
INFO [2022-11-06][06:55:01] game src/main.rs:156:29 Resizing to 664x407
INFO [2022-11-06][06:55:01] game src/main.rs:170:32 Window: Exposed
INFO [2022-11-06][06:55:01] game src/main.rs:170:32 Window: Moved(488, 172)
INFO [2022-11-06][06:55:01] game src/main.rs:170:32 Window: SizeChanged(622, 398)
INFO [2022-11-06][06:55:01] game src/main.rs:156:29 Resizing to 622x398
INFO [2022-11-06][06:55:01] game src/main.rs:170:32 Window: Exposed
INFO [2022-11-06][06:55:01] game src/main.rs:170:32 Window: Moved(522, 172)
INFO [2022-11-06][06:55:01] game src/main.rs:170:32 Window: SizeChanged(588, 389)
INFO [2022-11-06][06:55:01] game src/main.rs:156:29 Resizing to 588x389
INFO [2022-11-06][06:55:01] game src/main.rs:170:32 Window: Exposed
INFO [2022-11-06][06:55:01] game src/main.rs:170:32 Window: Moved(558, 172)
INFO [2022-11-06][06:55:01] game src/main.rs:170:32 Window: SizeChanged(552, 377)
INFO [2022-11-06][06:55:01] game src/main.rs:156:29 Resizing to 552x377
INFO [2022-11-06][06:55:01] game src/main.rs:170:32 Window: Exposed
INFO [2022-11-06][06:55:01] game src/main.rs:170:32 Window: Moved(569, 172)
INFO [2022-11-06][06:55:01] game src/main.rs:170:32 Window: SizeChanged(541, 371)
INFO [2022-11-06][06:55:01] game src/main.rs:156:29 Resizing to 541x371
INFO [2022-11-06][06:55:01] game src/main.rs:170:32 Window: Exposed
INFO [2022-11-06][06:55:01] game src/main.rs:170:32 Window: Moved(588, 172)
INFO [2022-11-06][06:55:01] game src/main.rs:170:32 Window: SizeChanged(522, 368)
INFO [2022-11-06][06:55:01] game src/main.rs:156:29 Resizing to 522x368
INFO [2022-11-06][06:55:01] game src/main.rs:170:32 Window: Exposed
INFO [2022-11-06][06:55:01] game src/main.rs:170:32 Window: Moved(596, 172)
INFO [2022-11-06][06:55:01] game src/main.rs:170:32 Window: SizeChanged(514, 367)
INFO [2022-11-06][06:55:01] game src/main.rs:156:29 Resizing to 514x367
INFO [2022-11-06][06:55:01] game src/main.rs:170:32 Window: Exposed
INFO [2022-11-06][06:55:01] game src/main.rs:170:32 Window: Moved(625, 172)
INFO [2022-11-06][06:55:01] game src/main.rs:170:32 Window: SizeChanged(485, 367)
INFO [2022-11-06][06:55:01] game src/main.rs:156:29 Resizing to 485x367
INFO [2022-11-06][06:55:01] game src/main.rs:170:32 Window: Exposed
INFO [2022-11-06][06:55:02] game src/main.rs:170:32 Window: Moved(633, 172)
INFO [2022-11-06][06:55:02] game src/main.rs:170:32 Window: SizeChanged(477, 367)
INFO [2022-11-06][06:55:02] game src/main.rs:156:29 Resizing to 477x367
INFO [2022-11-06][06:55:02] game src/main.rs:170:32 Window: Exposed
INFO [2022-11-06][06:55:02] game src/main.rs:170:32 Window: Moved(651, 172)
INFO [2022-11-06][06:55:02] game src/main.rs:170:32 Window: SizeChanged(459, 367)
INFO [2022-11-06][06:55:02] game src/main.rs:156:29 Resizing to 459x367
INFO [2022-11-06][06:55:02] game src/main.rs:170:32 Window: Exposed
INFO [2022-11-06][06:55:02] game src/main.rs:170:32 Window: Moved(665, 172)
INFO [2022-11-06][06:55:02] game src/main.rs:170:32 Window: SizeChanged(445, 367)
INFO [2022-11-06][06:55:02] game src/main.rs:156:29 Resizing to 445x367
INFO [2022-11-06][06:55:02] game src/main.rs:170:32 Window: Exposed
INFO [2022-11-06][06:55:02] game src/main.rs:170:32 Window: Moved(685, 172)
INFO [2022-11-06][06:55:02] game src/main.rs:170:32 Window: SizeChanged(425, 367)
INFO [2022-11-06][06:55:02] game src/main.rs:156:29 Resizing to 425x367
INFO [2022-11-06][06:55:02] game src/main.rs:170:32 Window: Exposed
INFO [2022-11-06][06:55:02] game src/main.rs:170:32 Window: Moved(736, 172)
INFO [2022-11-06][06:55:02] game src/main.rs:170:32 Window: SizeChanged(374, 367)
INFO [2022-11-06][06:55:02] game src/main.rs:156:29 Resizing to 374x367
INFO [2022-11-06][06:55:02] game src/main.rs:170:32 Window: Exposed
INFO [2022-11-06][06:55:02] game src/main.rs:170:32 Window: Moved(773, 172)
INFO [2022-11-06][06:55:02] game src/main.rs:170:32 Window: SizeChanged(337, 367)
INFO [2022-11-06][06:55:02] game src/main.rs:156:29 Resizing to 337x367
INFO [2022-11-06][06:55:02] game src/main.rs:170:32 Window: Exposed
INFO [2022-11-06][06:55:02] game src/main.rs:170:32 Window: Moved(848, 172)
INFO [2022-11-06][06:55:02] game src/main.rs:170:32 Window: SizeChanged(262, 358)
INFO [2022-11-06][06:55:02] game src/main.rs:156:29 Resizing to 262x358
INFO [2022-11-06][06:55:02] game src/main.rs:170:32 Window: Exposed
INFO [2022-11-06][06:55:02] game src/main.rs:170:32 Window: Moved(888, 172)
INFO [2022-11-06][06:55:02] game src/main.rs:170:32 Window: SizeChanged(222, 353)
INFO [2022-11-06][06:55:02] game src/main.rs:156:29 Resizing to 222x353
INFO [2022-11-06][06:55:02] game src/main.rs:170:32 Window: Exposed
INFO [2022-11-06][06:55:02] game src/main.rs:170:32 Window: Moved(938, 172)
INFO [2022-11-06][06:55:02] game src/main.rs:170:32 Window: SizeChanged(172, 346)
INFO [2022-11-06][06:55:02] game src/main.rs:156:29 Resizing to 172x346
INFO [2022-11-06][06:55:02] game src/main.rs:170:32 Window: Exposed
INFO [2022-11-06][06:55:02] game src/main.rs:170:32 Window: Moved(945, 172)
INFO [2022-11-06][06:55:02] game src/main.rs:170:32 Window: SizeChanged(165, 345)
INFO [2022-11-06][06:55:02] game src/main.rs:156:29 Resizing to 165x345
INFO [2022-11-06][06:55:02] game src/main.rs:170:32 Window: Exposed
INFO [2022-11-06][06:55:02] game src/main.rs:170:32 Window: Moved(951, 172)
INFO [2022-11-06][06:55:02] game src/main.rs:170:32 Window: SizeChanged(159, 345)
INFO [2022-11-06][06:55:02] game src/main.rs:156:29 Resizing to 159x345
INFO [2022-11-06][06:55:02] game src/main.rs:170:32 Window: Exposed
INFO [2022-11-06][06:55:02] game src/main.rs:170:32 Window: Moved(954, 172)
INFO [2022-11-06][06:55:02] game src/main.rs:170:32 Window: SizeChanged(156, 345)
INFO [2022-11-06][06:55:02] game src/main.rs:156:29 Resizing to 156x345
INFO [2022-11-06][06:55:02] game src/main.rs:170:32 Window: Exposed
INFO [2022-11-06][06:55:02] game src/main.rs:170:32 Window: Moved(955, 172)
INFO [2022-11-06][06:55:02] game src/main.rs:170:32 Window: SizeChanged(155, 348)
INFO [2022-11-06][06:55:02] game src/main.rs:156:29 Resizing to 155x348
INFO [2022-11-06][06:55:02] game src/main.rs:170:32 Window: Exposed
INFO [2022-11-06][06:55:02] game src/main.rs:170:32 Window: Moved(947, 172)
INFO [2022-11-06][06:55:02] game src/main.rs:170:32 Window: SizeChanged(163, 363)
INFO [2022-11-06][06:55:02] game src/main.rs:156:29 Resizing to 163x363
INFO [2022-11-06][06:55:02] game src/main.rs:170:32 Window: Exposed
INFO [2022-11-06][06:55:02] game src/main.rs:170:32 Window: Moved(903, 172)
INFO [2022-11-06][06:55:02] game src/main.rs:170:32 Window: SizeChanged(207, 399)
INFO [2022-11-06][06:55:02] game src/main.rs:156:29 Resizing to 207x399
INFO [2022-11-06][06:55:02] game src/main.rs:170:32 Window: Exposed
INFO [2022-11-06][06:55:02] game src/main.rs:170:32 Window: Moved(858, 172)
INFO [2022-11-06][06:55:02] game src/main.rs:170:32 Window: SizeChanged(252, 425)
INFO [2022-11-06][06:55:02] game src/main.rs:156:29 Resizing to 252x425
INFO [2022-11-06][06:55:02] game src/main.rs:170:32 Window: Exposed
INFO [2022-11-06][06:55:02] game src/main.rs:170:32 Window: Moved(782, 172)
INFO [2022-11-06][06:55:02] game src/main.rs:170:32 Window: SizeChanged(328, 463)
INFO [2022-11-06][06:55:02] game src/main.rs:156:29 Resizing to 328x463
INFO [2022-11-06][06:55:02] game src/main.rs:170:32 Window: Exposed
INFO [2022-11-06][06:55:02] game src/main.rs:170:32 Window: Moved(724, 172)
INFO [2022-11-06][06:55:02] game src/main.rs:170:32 Window: SizeChanged(386, 486)
INFO [2022-11-06][06:55:02] game src/main.rs:156:29 Resizing to 386x486
INFO [2022-11-06][06:55:02] game src/main.rs:170:32 Window: Exposed
INFO [2022-11-06][06:55:02] game src/main.rs:170:32 Window: Moved(681, 172)
INFO [2022-11-06][06:55:02] game src/main.rs:170:32 Window: SizeChanged(429, 498)
INFO [2022-11-06][06:55:02] game src/main.rs:156:29 Resizing to 429x498
INFO [2022-11-06][06:55:02] game src/main.rs:170:32 Window: Exposed
INFO [2022-11-06][06:55:02] game src/main.rs:170:32 Window: Moved(614, 172)
INFO [2022-11-06][06:55:02] game src/main.rs:170:32 Window: SizeChanged(496, 516)
INFO [2022-11-06][06:55:02] game src/main.rs:156:29 Resizing to 496x516
INFO [2022-11-06][06:55:02] game src/main.rs:170:32 Window: Exposed
INFO [2022-11-06][06:55:02] game src/main.rs:170:32 Window: Moved(579, 172)
INFO [2022-11-06][06:55:02] game src/main.rs:170:32 Window: SizeChanged(531, 526)
INFO [2022-11-06][06:55:02] game src/main.rs:156:29 Resizing to 531x526
INFO [2022-11-06][06:55:02] game src/main.rs:170:32 Window: Exposed
INFO [2022-11-06][06:55:02] game src/main.rs:170:32 Window: Moved(527, 172)
INFO [2022-11-06][06:55:02] game src/main.rs:170:32 Window: SizeChanged(583, 533)
INFO [2022-11-06][06:55:02] game src/main.rs:156:29 Resizing to 583x533
INFO [2022-11-06][06:55:02] game src/main.rs:170:32 Window: Exposed
INFO [2022-11-06][06:55:02] game src/main.rs:170:32 Window: Moved(483, 172)
INFO [2022-11-06][06:55:02] game src/main.rs:170:32 Window: SizeChanged(627, 533)
INFO [2022-11-06][06:55:02] game src/main.rs:156:29 Resizing to 627x533
INFO [2022-11-06][06:55:02] game src/main.rs:170:32 Window: Exposed
INFO [2022-11-06][06:55:02] game src/main.rs:170:32 Window: Moved(431, 172)
INFO [2022-11-06][06:55:02] game src/main.rs:170:32 Window: SizeChanged(679, 533)
INFO [2022-11-06][06:55:02] game src/main.rs:156:29 Resizing to 679x533
INFO [2022-11-06][06:55:02] game src/main.rs:170:32 Window: Exposed
INFO [2022-11-06][06:55:03] game src/main.rs:170:32 Window: Moved(380, 172)
INFO [2022-11-06][06:55:03] game src/main.rs:170:32 Window: SizeChanged(730, 533)
INFO [2022-11-06][06:55:03] game src/main.rs:156:29 Resizing to 730x533
INFO [2022-11-06][06:55:03] game src/main.rs:170:32 Window: Exposed
INFO [2022-11-06][06:55:03] game src/main.rs:170:32 Window: Moved(298, 172)
INFO [2022-11-06][06:55:03] game src/main.rs:170:32 Window: SizeChanged(812, 541)
INFO [2022-11-06][06:55:03] game src/main.rs:156:29 Resizing to 812x541
INFO [2022-11-06][06:55:03] game src/main.rs:170:32 Window: Exposed
INFO [2022-11-06][06:55:03] game src/main.rs:170:32 Window: Moved(282, 172)
INFO [2022-11-06][06:55:03] game src/main.rs:170:32 Window: SizeChanged(828, 542)
INFO [2022-11-06][06:55:03] game src/main.rs:156:29 Resizing to 828x542
INFO [2022-11-06][06:55:03] game src/main.rs:170:32 Window: Exposed
INFO [2022-11-06][06:55:03] game src/main.rs:170:32 Window: Moved(255, 172)
INFO [2022-11-06][06:55:03] game src/main.rs:170:32 Window: SizeChanged(855, 544)
INFO [2022-11-06][06:55:03] game src/main.rs:156:29 Resizing to 855x544
INFO [2022-11-06][06:55:03] game src/main.rs:170:32 Window: Exposed
INFO [2022-11-06][06:55:03] game src/main.rs:170:32 Window: Moved(254, 172)
INFO [2022-11-06][06:55:03] game src/main.rs:170:32 Window: SizeChanged(856, 545)
INFO [2022-11-06][06:55:03] game src/main.rs:156:29 Resizing to 856x545
INFO [2022-11-06][06:55:03] game src/main.rs:170:32 Window: Exposed
INFO [2022-11-06][06:55:03] game src/main.rs:170:32 Window: Moved(252, 172)
INFO [2022-11-06][06:55:03] game src/main.rs:170:32 Window: SizeChanged(858, 545)
INFO [2022-11-06][06:55:03] game src/main.rs:156:29 Resizing to 858x545
INFO [2022-11-06][06:55:03] game src/main.rs:170:32 Window: Exposed
INFO [2022-11-06][06:55:03] game src/main.rs:170:32 Window: Moved(236, 172)
INFO [2022-11-06][06:55:03] game src/main.rs:170:32 Window: SizeChanged(874, 542)
INFO [2022-11-06][06:55:03] game src/main.rs:156:29 Resizing to 874x542
INFO [2022-11-06][06:55:03] game src/main.rs:170:32 Window: Exposed
INFO [2022-11-06][06:55:03] game src/main.rs:170:32 Window: Moved(229, 172)
INFO [2022-11-06][06:55:03] game src/main.rs:170:32 Window: SizeChanged(881, 540)
INFO [2022-11-06][06:55:03] game src/main.rs:156:29 Resizing to 881x540
INFO [2022-11-06][06:55:03] game src/main.rs:170:32 Window: Exposed
INFO [2022-11-06][06:55:03] game src/main.rs:170:32 Window: Moved(197, 172)
INFO [2022-11-06][06:55:03] game src/main.rs:170:32 Window: SizeChanged(913, 524)
INFO [2022-11-06][06:55:03] game src/main.rs:156:29 Resizing to 913x524
INFO [2022-11-06][06:55:03] game src/main.rs:170:32 Window: Exposed
INFO [2022-11-06][06:55:03] game src/main.rs:170:32 Window: Moved(189, 172)
INFO [2022-11-06][06:55:03] game src/main.rs:170:32 Window: SizeChanged(921, 520)
INFO [2022-11-06][06:55:03] game src/main.rs:156:29 Resizing to 921x520
INFO [2022-11-06][06:55:03] game src/main.rs:170:32 Window: Exposed
INFO [2022-11-06][06:55:03] game src/main.rs:170:32 Window: Moved(181, 172)
INFO [2022-11-06][06:55:03] game src/main.rs:170:32 Window: SizeChanged(929, 518)
INFO [2022-11-06][06:55:03] game src/main.rs:156:29 Resizing to 929x518
INFO [2022-11-06][06:55:03] game src/main.rs:170:32 Window: Exposed
INFO [2022-11-06][06:55:03] game src/main.rs:170:32 Window: Moved(174, 172)
INFO [2022-11-06][06:55:03] game src/main.rs:170:32 Window: SizeChanged(936, 518)
INFO [2022-11-06][06:55:03] game src/main.rs:156:29 Resizing to 936x518
INFO [2022-11-06][06:55:03] game src/main.rs:170:32 Window: Exposed
INFO [2022-11-06][06:55:03] game src/main.rs:170:32 Window: Moved(158, 172)
INFO [2022-11-06][06:55:03] game src/main.rs:170:32 Window: SizeChanged(952, 523)
INFO [2022-11-06][06:55:03] game src/main.rs:156:29 Resizing to 952x523
INFO [2022-11-06][06:55:03] game src/main.rs:170:32 Window: Exposed
INFO [2022-11-06][06:55:03] game src/main.rs:170:32 Window: Moved(148, 172)
INFO [2022-11-06][06:55:03] game src/main.rs:170:32 Window: SizeChanged(962, 531)
INFO [2022-11-06][06:55:03] game src/main.rs:156:29 Resizing to 962x531
INFO [2022-11-06][06:55:03] game src/main.rs:170:32 Window: Exposed
INFO [2022-11-06][06:55:03] game src/main.rs:170:32 Window: Moved(144, 172)
INFO [2022-11-06][06:55:03] game src/main.rs:170:32 Window: SizeChanged(966, 542)
INFO [2022-11-06][06:55:03] game src/main.rs:156:29 Resizing to 966x542
INFO [2022-11-06][06:55:03] game src/main.rs:170:32 Window: Exposed
INFO [2022-11-06][06:55:03] game src/main.rs:170:32 Window: SizeChanged(966, 548)
INFO [2022-11-06][06:55:03] game src/main.rs:156:29 Resizing to 966x548
INFO [2022-11-06][06:55:03] game src/main.rs:170:32 Window: Exposed
INFO [2022-11-06][06:55:03] game src/main.rs:170:32 Window: Moved(145, 172)
INFO [2022-11-06][06:55:03] game src/main.rs:170:32 Window: SizeChanged(965, 557)
INFO [2022-11-06][06:55:03] game src/main.rs:156:29 Resizing to 965x557
INFO [2022-11-06][06:55:03] game src/main.rs:170:32 Window: Exposed
INFO [2022-11-06][06:55:03] game src/main.rs:170:32 Window: Moved(160, 172)
INFO [2022-11-06][06:55:03] game src/main.rs:170:32 Window: SizeChanged(950, 563)
INFO [2022-11-06][06:55:03] game src/main.rs:156:29 Resizing to 950x563
INFO [2022-11-06][06:55:03] game src/main.rs:170:32 Window: Exposed
INFO [2022-11-06][06:55:03] game src/main.rs:170:32 Window: Moved(196, 172)
INFO [2022-11-06][06:55:03] game src/main.rs:170:32 Window: SizeChanged(914, 569)
INFO [2022-11-06][06:55:03] game src/main.rs:156:29 Resizing to 914x569
INFO [2022-11-06][06:55:03] game src/main.rs:170:32 Window: Exposed
INFO [2022-11-06][06:55:03] game src/main.rs:170:32 Window: Moved(213, 172)
INFO [2022-11-06][06:55:03] game src/main.rs:170:32 Window: SizeChanged(897, 573)
INFO [2022-11-06][06:55:03] game src/main.rs:156:29 Resizing to 897x573
INFO [2022-11-06][06:55:03] game src/main.rs:170:32 Window: Exposed
INFO [2022-11-06][06:55:03] game src/main.rs:170:32 Window: Moved(215, 172)
INFO [2022-11-06][06:55:03] game src/main.rs:170:32 Window: SizeChanged(895, 573)
INFO [2022-11-06][06:55:03] game src/main.rs:156:29 Resizing to 895x573
INFO [2022-11-06][06:55:03] game src/main.rs:170:32 Window: Exposed
INFO [2022-11-06][06:55:04] game src/main.rs:170:32 Window: TakeFocus
INFO [2022-11-06][06:55:04] game src/main.rs:170:32 Window: TakeFocus
INFO [2022-11-06][06:55:04] game src/main.rs:170:32 Window: SizeChanged(895, 571)
INFO [2022-11-06][06:55:04] game src/main.rs:156:29 Resizing to 895x571
INFO [2022-11-06][06:55:04] game src/main.rs:170:32 Window: Exposed
INFO [2022-11-06][06:55:04] game src/main.rs:170:32 Window: Moved(219, 172)
INFO [2022-11-06][06:55:04] game src/main.rs:170:32 Window: SizeChanged(891, 553)
INFO [2022-11-06][06:55:04] game src/main.rs:156:29 Resizing to 891x553
INFO [2022-11-06][06:55:04] game src/main.rs:170:32 Window: Exposed
INFO [2022-11-06][06:55:04] game src/main.rs:170:32 Window: Moved(231, 172)
INFO [2022-11-06][06:55:04] game src/main.rs:170:32 Window: SizeChanged(879, 510)
INFO [2022-11-06][06:55:04] game src/main.rs:156:29 Resizing to 879x510
INFO [2022-11-06][06:55:04] game src/main.rs:170:32 Window: Exposed
INFO [2022-11-06][06:55:04] game src/main.rs:170:32 Window: Moved(241, 172)
INFO [2022-11-06][06:55:04] game src/main.rs:170:32 Window: SizeChanged(869, 421)
INFO [2022-11-06][06:55:04] game src/main.rs:156:29 Resizing to 869x421
INFO [2022-11-06][06:55:04] game src/main.rs:170:32 Window: Exposed
INFO [2022-11-06][06:55:05] game src/main.rs:170:32 Window: Moved(243, 172)
INFO [2022-11-06][06:55:05] game src/main.rs:170:32 Window: SizeChanged(867, 400)
INFO [2022-11-06][06:55:05] game src/main.rs:156:29 Resizing to 867x400
INFO [2022-11-06][06:55:05] game src/main.rs:170:32 Window: Exposed
INFO [2022-11-06][06:55:05] game src/main.rs:170:32 Window: SizeChanged(867, 326)
INFO [2022-11-06][06:55:05] game src/main.rs:156:29 Resizing to 867x326
INFO [2022-11-06][06:55:05] game src/main.rs:170:32 Window: Exposed
INFO [2022-11-06][06:55:05] game src/main.rs:170:32 Window: SizeChanged(867, 319)
INFO [2022-11-06][06:55:05] game src/main.rs:156:29 Resizing to 867x319
INFO [2022-11-06][06:55:05] game src/main.rs:170:32 Window: Exposed
INFO [2022-11-06][06:55:05] game src/main.rs:170:32 Window: Moved(240, 172)
INFO [2022-11-06][06:55:05] game src/main.rs:170:32 Window: SizeChanged(870, 292)
INFO [2022-11-06][06:55:05] game src/main.rs:156:29 Resizing to 870x292
INFO [2022-11-06][06:55:05] game src/main.rs:170:32 Window: Exposed
INFO [2022-11-06][06:55:05] game src/main.rs:170:32 Window: Moved(239, 172)
INFO [2022-11-06][06:55:05] game src/main.rs:170:32 Window: SizeChanged(871, 280)
INFO [2022-11-06][06:55:05] game src/main.rs:156:29 Resizing to 871x280
INFO [2022-11-06][06:55:05] game src/main.rs:170:32 Window: Exposed
INFO [2022-11-06][06:55:05] game src/main.rs:170:32 Window: SizeChanged(871, 254)
INFO [2022-11-06][06:55:05] game src/main.rs:156:29 Resizing to 871x254
INFO [2022-11-06][06:55:05] game src/main.rs:170:32 Window: Exposed
INFO [2022-11-06][06:55:05] game src/main.rs:170:32 Window: Moved(244, 172)
INFO [2022-11-06][06:55:05] game src/main.rs:170:32 Window: SizeChanged(866, 236)
INFO [2022-11-06][06:55:05] game src/main.rs:156:29 Resizing to 866x236
INFO [2022-11-06][06:55:05] game src/main.rs:170:32 Window: Exposed
INFO [2022-11-06][06:55:05] game src/main.rs:170:32 Window: Moved(270, 172)
INFO [2022-11-06][06:55:05] game src/main.rs:170:32 Window: SizeChanged(840, 195)
INFO [2022-11-06][06:55:05] game src/main.rs:156:29 Resizing to 840x195
INFO [2022-11-06][06:55:05] game src/main.rs:170:32 Window: Exposed
INFO [2022-11-06][06:55:05] game src/main.rs:170:32 Window: Moved(306, 172)
INFO [2022-11-06][06:55:05] game src/main.rs:170:32 Window: SizeChanged(804, 159)
INFO [2022-11-06][06:55:05] game src/main.rs:156:29 Resizing to 804x159
INFO [2022-11-06][06:55:05] game src/main.rs:170:32 Window: Exposed
INFO [2022-11-06][06:55:05] game src/main.rs:170:32 Window: Moved(349, 172)
INFO [2022-11-06][06:55:05] game src/main.rs:170:32 Window: SizeChanged(761, 128)
INFO [2022-11-06][06:55:05] game src/main.rs:156:29 Resizing to 761x128
INFO [2022-11-06][06:55:05] game src/main.rs:170:32 Window: Exposed
INFO [2022-11-06][06:55:05] game src/main.rs:170:32 Window: Moved(393, 172)
INFO [2022-11-06][06:55:05] game src/main.rs:170:32 Window: SizeChanged(717, 95)
INFO [2022-11-06][06:55:05] game src/main.rs:156:29 Resizing to 717x95
INFO [2022-11-06][06:55:05] game src/main.rs:170:32 Window: Exposed
INFO [2022-11-06][06:55:05] game src/main.rs:170:32 Window: Moved(403, 172)
INFO [2022-11-06][06:55:05] game src/main.rs:170:32 Window: SizeChanged(707, 85)
INFO [2022-11-06][06:55:05] game src/main.rs:156:29 Resizing to 707x85
INFO [2022-11-06][06:55:05] game src/main.rs:170:32 Window: Exposed
INFO [2022-11-06][06:55:05] game src/main.rs:170:32 Window: Moved(414, 172)
INFO [2022-11-06][06:55:05] game src/main.rs:170:32 Window: SizeChanged(696, 70)
INFO [2022-11-06][06:55:05] game src/main.rs:156:29 Resizing to 696x70
INFO [2022-11-06][06:55:05] game src/main.rs:170:32 Window: Exposed
INFO [2022-11-06][06:55:05] game src/main.rs:170:32 Window: Moved(428, 172)
INFO [2022-11-06][06:55:05] game src/main.rs:170:32 Window: SizeChanged(682, 51)
INFO [2022-11-06][06:55:05] game src/main.rs:156:29 Resizing to 682x51
INFO [2022-11-06][06:55:05] game src/main.rs:170:32 Window: Exposed
INFO [2022-11-06][06:55:05] game src/main.rs:170:32 Window: Moved(450, 172)
INFO [2022-11-06][06:55:05] game src/main.rs:170:32 Window: SizeChanged(660, 27)
INFO [2022-11-06][06:55:05] game src/main.rs:156:29 Resizing to 660x27
INFO [2022-11-06][06:55:05] game src/main.rs:170:32 Window: Exposed
INFO [2022-11-06][06:55:05] game src/main.rs:170:32 Window: Moved(460, 172)
INFO [2022-11-06][06:55:05] game src/main.rs:170:32 Window: SizeChanged(650, 23)
INFO [2022-11-06][06:55:05] game src/main.rs:156:29 Resizing to 650x23
INFO [2022-11-06][06:55:05] game src/main.rs:170:32 Window: Exposed
INFO [2022-11-06][06:55:05] game src/main.rs:170:32 Window: Moved(501, 172)
INFO [2022-11-06][06:55:05] game src/main.rs:170:32 Window: SizeChanged(609, 29)
INFO [2022-11-06][06:55:05] game src/main.rs:156:29 Resizing to 609x29
INFO [2022-11-06][06:55:05] game src/main.rs:170:32 Window: Exposed
INFO [2022-11-06][06:55:05] game src/main.rs:170:32 Window: Moved(586, 172)
INFO [2022-11-06][06:55:05] game src/main.rs:170:32 Window: SizeChanged(524, 37)
INFO [2022-11-06][06:55:05] game src/main.rs:156:29 Resizing to 524x37
INFO [2022-11-06][06:55:05] game src/main.rs:170:32 Window: Exposed
INFO [2022-11-06][06:55:05] game src/main.rs:170:32 Window: Moved(782, 172)
INFO [2022-11-06][06:55:05] game src/main.rs:170:32 Window: SizeChanged(328, 37)
INFO [2022-11-06][06:55:05] game src/main.rs:156:29 Resizing to 328x37
INFO [2022-11-06][06:55:05] game src/main.rs:170:32 Window: Exposed
INFO [2022-11-06][06:55:05] game src/main.rs:170:32 Window: Moved(887, 172)
INFO [2022-11-06][06:55:05] game src/main.rs:170:32 Window: SizeChanged(223, 45)
INFO [2022-11-06][06:55:05] game src/main.rs:156:29 Resizing to 223x45
INFO [2022-11-06][06:55:05] game src/main.rs:170:32 Window: Exposed
INFO [2022-11-06][06:55:05] game src/main.rs:170:32 Window: Moved(1025, 172)
INFO [2022-11-06][06:55:05] game src/main.rs:170:32 Window: SizeChanged(85, 59)
INFO [2022-11-06][06:55:05] game src/main.rs:156:29 Resizing to 85x59
INFO [2022-11-06][06:55:05] game src/main.rs:170:32 Window: Exposed
INFO [2022-11-06][06:55:05] game src/main.rs:170:32 Window: Moved(1076, 172)
INFO [2022-11-06][06:55:05] game src/main.rs:170:32 Window: SizeChanged(34, 69)
INFO [2022-11-06][06:55:05] game src/main.rs:156:29 Resizing to 34x69
INFO [2022-11-06][06:55:05] game src/main.rs:170:32 Window: Exposed
INFO [2022-11-06][06:55:05] game src/main.rs:170:32 Window: Moved(1094, 172)
INFO [2022-11-06][06:55:05] game src/main.rs:170:32 Window: SizeChanged(16, 80)
INFO [2022-11-06][06:55:05] game src/main.rs:156:29 Resizing to 16x80
INFO [2022-11-06][06:55:05] game src/main.rs:170:32 Window: Exposed
INFO [2022-11-06][06:55:05] game src/main.rs:170:32 Window: Moved(1097, 172)
INFO [2022-11-06][06:55:05] game src/main.rs:170:32 Window: SizeChanged(13, 96)
INFO [2022-11-06][06:55:05] game src/main.rs:156:29 Resizing to 13x96
INFO [2022-11-06][06:55:05] game src/main.rs:170:32 Window: Exposed
INFO [2022-11-06][06:55:05] game src/main.rs:170:32 Window: SizeChanged(13, 133)
INFO [2022-11-06][06:55:05] game src/main.rs:156:29 Resizing to 13x133
INFO [2022-11-06][06:55:05] game src/main.rs:170:32 Window: Exposed
INFO [2022-11-06][06:55:06] game src/main.rs:170:32 Window: SizeChanged(13, 178)
INFO [2022-11-06][06:55:06] game src/main.rs:156:29 Resizing to 13x178
INFO [2022-11-06][06:55:06] game src/main.rs:170:32 Window: Exposed
INFO [2022-11-06][06:55:06] game src/main.rs:170:32 Window: Moved(1075, 172)
INFO [2022-11-06][06:55:06] game src/main.rs:170:32 Window: SizeChanged(35, 282)
INFO [2022-11-06][06:55:06] game src/main.rs:156:29 Resizing to 35x282
INFO [2022-11-06][06:55:06] game src/main.rs:170:32 Window: Exposed
INFO [2022-11-06][06:55:06] game src/main.rs:170:32 Window: Moved(1037, 172)
INFO [2022-11-06][06:55:06] game src/main.rs:170:32 Window: SizeChanged(73, 360)
INFO [2022-11-06][06:55:06] game src/main.rs:156:29 Resizing to 73x360
INFO [2022-11-06][06:55:06] game src/main.rs:170:32 Window: Exposed
INFO [2022-11-06][06:55:06] game src/main.rs:170:32 Window: Moved(980, 172)
INFO [2022-11-06][06:55:06] game src/main.rs:170:32 Window: SizeChanged(130, 438)
INFO [2022-11-06][06:55:06] game src/main.rs:156:29 Resizing to 130x438
INFO [2022-11-06][06:55:06] game src/main.rs:170:32 Window: Exposed
INFO [2022-11-06][06:55:06] game src/main.rs:170:32 Window: Moved(954, 172)
INFO [2022-11-06][06:55:06] game src/main.rs:170:32 Window: SizeChanged(156, 460)
INFO [2022-11-06][06:55:06] game src/main.rs:156:29 Resizing to 156x460
INFO [2022-11-06][06:55:06] game src/main.rs:170:32 Window: Exposed
INFO [2022-11-06][06:55:06] game src/main.rs:170:32 Window: Moved(907, 172)
INFO [2022-11-06][06:55:06] game src/main.rs:170:32 Window: SizeChanged(203, 478)
INFO [2022-11-06][06:55:06] game src/main.rs:156:29 Resizing to 203x478
INFO [2022-11-06][06:55:06] game src/main.rs:170:32 Window: Exposed
INFO [2022-11-06][06:55:06] game src/main.rs:170:32 Window: Moved(864, 172)
INFO [2022-11-06][06:55:06] game src/main.rs:170:32 Window: SizeChanged(246, 485)
INFO [2022-11-06][06:55:06] game src/main.rs:156:29 Resizing to 246x485
INFO [2022-11-06][06:55:06] game src/main.rs:170:32 Window: Exposed
INFO [2022-11-06][06:55:06] game src/main.rs:170:32 Window: Moved(777, 172)
INFO [2022-11-06][06:55:06] game src/main.rs:170:32 Window: SizeChanged(333, 495)
INFO [2022-11-06][06:55:06] game src/main.rs:156:29 Resizing to 333x495
INFO [2022-11-06][06:55:06] game src/main.rs:170:32 Window: Exposed
INFO [2022-11-06][06:55:06] game src/main.rs:170:32 Window: Moved(709, 172)
INFO [2022-11-06][06:55:06] game src/main.rs:170:32 Window: SizeChanged(401, 495)
INFO [2022-11-06][06:55:06] game src/main.rs:156:29 Resizing to 401x495
INFO [2022-11-06][06:55:06] game src/main.rs:170:32 Window: Exposed
INFO [2022-11-06][06:55:06] game src/main.rs:170:32 Window: Moved(669, 172)
INFO [2022-11-06][06:55:06] game src/main.rs:170:32 Window: SizeChanged(441, 489)
INFO [2022-11-06][06:55:06] game src/main.rs:156:29 Resizing to 441x489
INFO [2022-11-06][06:55:06] game src/main.rs:170:32 Window: Exposed
INFO [2022-11-06][06:55:06] game src/main.rs:170:32 Window: Moved(635, 172)
INFO [2022-11-06][06:55:06] game src/main.rs:170:32 Window: SizeChanged(475, 470)
INFO [2022-11-06][06:55:06] game src/main.rs:156:29 Resizing to 475x470
INFO [2022-11-06][06:55:06] game src/main.rs:170:32 Window: Exposed
INFO [2022-11-06][06:55:06] game src/main.rs:170:32 Window: Moved(625, 172)
INFO [2022-11-06][06:55:06] game src/main.rs:170:32 Window: SizeChanged(485, 459)
INFO [2022-11-06][06:55:06] game src/main.rs:156:29 Resizing to 485x459
INFO [2022-11-06][06:55:06] game src/main.rs:170:32 Window: Exposed
INFO [2022-11-06][06:55:06] game src/main.rs:170:32 Window: Moved(624, 172)
INFO [2022-11-06][06:55:06] game src/main.rs:170:32 Window: SizeChanged(486, 377)
INFO [2022-11-06][06:55:06] game src/main.rs:156:29 Resizing to 486x377
INFO [2022-11-06][06:55:06] game src/main.rs:170:32 Window: Exposed
INFO [2022-11-06][06:55:06] game src/main.rs:170:32 Window: Moved(650, 172)
INFO [2022-11-06][06:55:06] game src/main.rs:170:32 Window: SizeChanged(460, 323)
INFO [2022-11-06][06:55:06] game src/main.rs:156:29 Resizing to 460x323
INFO [2022-11-06][06:55:06] game src/main.rs:170:32 Window: Exposed
INFO [2022-11-06][06:55:06] game src/main.rs:170:32 Window: Moved(721, 172)
INFO [2022-11-06][06:55:06] game src/main.rs:170:32 Window: SizeChanged(389, 243)
INFO [2022-11-06][06:55:06] game src/main.rs:156:29 Resizing to 389x243
INFO [2022-11-06][06:55:06] game src/main.rs:170:32 Window: Exposed
INFO [2022-11-06][06:55:06] game src/main.rs:170:32 Window: Moved(796, 172)
INFO [2022-11-06][06:55:06] game src/main.rs:170:32 Window: SizeChanged(314, 200)
INFO [2022-11-06][06:55:06] game src/main.rs:156:29 Resizing to 314x200
INFO [2022-11-06][06:55:06] game src/main.rs:170:32 Window: Exposed
INFO [2022-11-06][06:55:06] game src/main.rs:170:32 Window: Moved(1011, 172)
INFO [2022-11-06][06:55:06] game src/main.rs:170:32 Window: SizeChanged(99, 147)
INFO [2022-11-06][06:55:06] game src/main.rs:156:29 Resizing to 99x147
INFO [2022-11-06][06:55:06] game src/main.rs:170:32 Window: Exposed
INFO [2022-11-06][06:55:06] game src/main.rs:170:32 Window: Moved(1109, 172)
INFO [2022-11-06][06:55:06] game src/main.rs:170:32 Window: SizeChanged(1, 143)
INFO [2022-11-06][06:55:06] game src/main.rs:156:29 Resizing to 1x143
INFO [2022-11-06][06:55:06] game src/main.rs:170:32 Window: Exposed
INFO [2022-11-06][06:55:06] game src/main.rs:170:32 Window: SizeChanged(1, 151)
INFO [2022-11-06][06:55:06] game src/main.rs:156:29 Resizing to 1x151
INFO [2022-11-06][06:55:06] game src/main.rs:170:32 Window: Exposed
INFO [2022-11-06][06:55:06] game src/main.rs:170:32 Window: SizeChanged(1, 160)
INFO [2022-11-06][06:55:06] game src/main.rs:156:29 Resizing to 1x160
INFO [2022-11-06][06:55:06] game src/main.rs:170:32 Window: Exposed
INFO [2022-11-06][06:55:06] game src/main.rs:170:32 Window: SizeChanged(1, 166)
INFO [2022-11-06][06:55:06] game src/main.rs:156:29 Resizing to 1x166
INFO [2022-11-06][06:55:06] game src/main.rs:170:32 Window: Exposed
INFO [2022-11-06][06:55:06] game src/main.rs:170:32 Window: SizeChanged(1, 164)
INFO [2022-11-06][06:55:06] game src/main.rs:156:29 Resizing to 1x164
INFO [2022-11-06][06:55:06] game src/main.rs:170:32 Window: Exposed
INFO [2022-11-06][06:55:06] game src/main.rs:170:32 Window: SizeChanged(1, 153)
INFO [2022-11-06][06:55:06] game src/main.rs:156:29 Resizing to 1x153
INFO [2022-11-06][06:55:06] game src/main.rs:170:32 Window: Exposed
INFO [2022-11-06][06:55:07] game src/main.rs:170:32 Window: SizeChanged(1, 122)
INFO [2022-11-06][06:55:07] game src/main.rs:156:29 Resizing to 1x122
INFO [2022-11-06][06:55:07] game src/main.rs:170:32 Window: Exposed
INFO [2022-11-06][06:55:07] game src/main.rs:170:32 Window: SizeChanged(1, 56)
INFO [2022-11-06][06:55:07] game src/main.rs:156:29 Resizing to 1x56
INFO [2022-11-06][06:55:07] game src/main.rs:170:32 Window: Exposed
INFO [2022-11-06][06:55:07] game src/main.rs:170:32 Window: SizeChanged(1, 12)
INFO [2022-11-06][06:55:07] game src/main.rs:156:29 Resizing to 1x12
INFO [2022-11-06][06:55:07] game src/main.rs:170:32 Window: Exposed
INFO [2022-11-06][06:55:07] game src/main.rs:170:32 Window: SizeChanged(1, 1)
INFO [2022-11-06][06:55:07] game src/main.rs:156:29 Resizing to 1x1
INFO [2022-11-06][06:55:07] game src/main.rs:170:32 Window: Exposed
INFO [2022-11-06][06:55:07] game src/main.rs:170:32 Window: Moved(1052, 172)
INFO [2022-11-06][06:55:07] game src/main.rs:170:32 Window: SizeChanged(58, 1)
INFO [2022-11-06][06:55:07] game src/main.rs:156:29 Resizing to 58x1
INFO [2022-11-06][06:55:07] game src/main.rs:170:32 Window: Exposed
INFO [2022-11-06][06:55:07] game src/main.rs:170:32 Window: Moved(923, 172)
INFO [2022-11-06][06:55:07] game src/main.rs:170:32 Window: SizeChanged(187, 1)
INFO [2022-11-06][06:55:07] game src/main.rs:156:29 Resizing to 187x1
INFO [2022-11-06][06:55:07] game src/main.rs:170:32 Window: Exposed
INFO [2022-11-06][06:55:07] game src/main.rs:170:32 Window: Moved(797, 172)
INFO [2022-11-06][06:55:07] game src/main.rs:170:32 Window: SizeChanged(313, 14)
INFO [2022-11-06][06:55:07] game src/main.rs:156:29 Resizing to 313x14
INFO [2022-11-06][06:55:07] game src/main.rs:170:32 Window: Exposed
INFO [2022-11-06][06:55:07] game src/main.rs:170:32 Window: Moved(733, 172)
INFO [2022-11-06][06:55:07] game src/main.rs:170:32 Window: SizeChanged(377, 34)
INFO [2022-11-06][06:55:07] game src/main.rs:156:29 Resizing to 377x34
INFO [2022-11-06][06:55:07] game src/main.rs:170:32 Window: Exposed
INFO [2022-11-06][06:55:07] game src/main.rs:170:32 Window: Moved(731, 172)
INFO [2022-11-06][06:55:07] game src/main.rs:170:32 Window: SizeChanged(379, 35)
INFO [2022-11-06][06:55:07] game src/main.rs:156:29 Resizing to 379x35
INFO [2022-11-06][06:55:07] game src/main.rs:170:32 Window: Exposed
INFO [2022-11-06][06:55:07] game src/main.rs:170:32 Window: Moved(725, 172)
INFO [2022-11-06][06:55:07] game src/main.rs:170:32 Window: SizeChanged(385, 46)
INFO [2022-11-06][06:55:07] game src/main.rs:156:29 Resizing to 385x46
INFO [2022-11-06][06:55:07] game src/main.rs:170:32 Window: Exposed
INFO [2022-11-06][06:55:07] game src/main.rs:170:32 Window: Moved(716, 172)
INFO [2022-11-06][06:55:07] game src/main.rs:170:32 Window: SizeChanged(394, 72)
INFO [2022-11-06][06:55:07] game src/main.rs:156:29 Resizing to 394x72
INFO [2022-11-06][06:55:07] game src/main.rs:170:32 Window: Exposed
INFO [2022-11-06][06:55:08] game src/main.rs:170:32 Window: Moved(684, 172)
INFO [2022-11-06][06:55:08] game src/main.rs:170:32 Window: SizeChanged(426, 171)
INFO [2022-11-06][06:55:08] game src/main.rs:156:29 Resizing to 426x171
INFO [2022-11-06][06:55:08] game src/main.rs:170:32 Window: Exposed
INFO [2022-11-06][06:55:08] game src/main.rs:170:32 Window: Moved(669, 172)
INFO [2022-11-06][06:55:08] game src/main.rs:170:32 Window: SizeChanged(441, 249)
INFO [2022-11-06][06:55:08] game src/main.rs:156:29 Resizing to 441x249
INFO [2022-11-06][06:55:08] game src/main.rs:170:32 Window: Exposed
INFO [2022-11-06][06:55:08] game src/main.rs:170:32 Window: Moved(661, 172)
INFO [2022-11-06][06:55:08] game src/main.rs:170:32 Window: SizeChanged(449, 335)
INFO [2022-11-06][06:55:08] game src/main.rs:156:29 Resizing to 449x335
INFO [2022-11-06][06:55:08] game src/main.rs:170:32 Window: Exposed
INFO [2022-11-06][06:55:08] game src/main.rs:170:32 Window: SizeChanged(449, 361)
INFO [2022-11-06][06:55:08] game src/main.rs:156:29 Resizing to 449x361
INFO [2022-11-06][06:55:08] game src/main.rs:170:32 Window: Exposed
INFO [2022-11-06][06:55:08] game src/main.rs:170:32 Window: SizeChanged(449, 368)
INFO [2022-11-06][06:55:08] game src/main.rs:156:29 Resizing to 449x368
INFO [2022-11-06][06:55:08] game src/main.rs:170:32 Window: Exposed
INFO [2022-11-06][06:55:08] game src/main.rs:170:32 Window: SizeChanged(449, 370)
INFO [2022-11-06][06:55:08] game src/main.rs:156:29 Resizing to 449x370
INFO [2022-11-06][06:55:08] game src/main.rs:170:32 Window: Exposed
INFO [2022-11-06][06:55:08] game src/main.rs:170:32 Window: SizeChanged(449, 372)
INFO [2022-11-06][06:55:08] game src/main.rs:156:29 Resizing to 449x372
INFO [2022-11-06][06:55:08] game src/main.rs:170:32 Window: Exposed
INFO [2022-11-06][06:55:08] game src/main.rs:170:32 Window: Moved(647, 172)
INFO [2022-11-06][06:55:08] game src/main.rs:170:32 Window: SizeChanged(463, 390)
INFO [2022-11-06][06:55:08] game src/main.rs:156:29 Resizing to 463x390
INFO [2022-11-06][06:55:08] game src/main.rs:170:32 Window: Exposed
INFO [2022-11-06][06:55:08] game src/main.rs:170:32 Window: Moved(638, 172)
INFO [2022-11-06][06:55:08] game src/main.rs:170:32 Window: SizeChanged(472, 401)
INFO [2022-11-06][06:55:08] game src/main.rs:156:29 Resizing to 472x401
INFO [2022-11-06][06:55:08] game src/main.rs:170:32 Window: Exposed
INFO [2022-11-06][06:55:08] game src/main.rs:170:32 Window: Moved(615, 172)
INFO [2022-11-06][06:55:08] game src/main.rs:170:32 Window: SizeChanged(495, 428)
INFO [2022-11-06][06:55:08] game src/main.rs:156:29 Resizing to 495x428
INFO [2022-11-06][06:55:08] game src/main.rs:170:32 Window: Exposed
INFO [2022-11-06][06:55:08] game src/main.rs:170:32 Window: Moved(603, 172)
INFO [2022-11-06][06:55:08] game src/main.rs:170:32 Window: SizeChanged(507, 440)
INFO [2022-11-06][06:55:08] game src/main.rs:156:29 Resizing to 507x440
INFO [2022-11-06][06:55:08] game src/main.rs:170:32 Window: Exposed
INFO [2022-11-06][06:55:08] game src/main.rs:170:32 Window: Moved(589, 172)
INFO [2022-11-06][06:55:08] game src/main.rs:170:32 Window: SizeChanged(521, 451)
INFO [2022-11-06][06:55:08] game src/main.rs:156:29 Resizing to 521x451
INFO [2022-11-06][06:55:08] game src/main.rs:170:32 Window: Exposed
INFO [2022-11-06][06:55:08] game src/main.rs:170:32 Window: Moved(582, 172)
INFO [2022-11-06][06:55:08] game src/main.rs:170:32 Window: SizeChanged(528, 456)
INFO [2022-11-06][06:55:08] game src/main.rs:156:29 Resizing to 528x456
INFO [2022-11-06][06:55:08] game src/main.rs:170:32 Window: Exposed
INFO [2022-11-06][06:55:08] game src/main.rs:170:32 Window: Moved(580, 172)
INFO [2022-11-06][06:55:08] game src/main.rs:170:32 Window: SizeChanged(530, 458)
INFO [2022-11-06][06:55:08] game src/main.rs:156:29 Resizing to 530x458
INFO [2022-11-06][06:55:08] game src/main.rs:170:32 Window: Exposed
INFO [2022-11-06][06:55:08] game src/main.rs:170:32 Window: Enter
INFO [2022-11-06][06:55:09] game src/main.rs:170:32 Window: Leave
INFO [2022-11-06][06:55:10] game src/main.rs:170:32 Window: Enter
INFO [2022-11-06][06:55:12] game src/main.rs:170:32 Window: Leave
INFO [2022-11-06][06:55:12] game src/main.rs:170:32 Window: FocusLost
INFO [2022-11-06][06:55:13] game src/main.rs:170:32 Window: Enter
INFO [2022-11-06][06:55:14] game src/main.rs:170:32 Window: Leave
INFO [2022-11-06][06:55:15] game src/main.rs:170:32 Window: FocusGained
INFO [2022-11-06][06:55:15] game src/main.rs:170:32 Window: TakeFocus
INFO [2022-11-06][06:55:15] game src/main.rs:170:32 Window: TakeFocus
INFO [2022-11-06][06:55:15] game src/main.rs:170:32 Window: Moved(583, 172)
INFO [2022-11-06][06:55:15] game src/main.rs:170:32 Window: SizeChanged(527, 458)
INFO [2022-11-06][06:55:15] game src/main.rs:156:29 Resizing to 527x458
INFO [2022-11-06][06:55:15] game src/main.rs:170:32 Window: Exposed
INFO [2022-11-06][06:55:15] game src/main.rs:170:32 Window: Moved(598, 172)
INFO [2022-11-06][06:55:15] game src/main.rs:170:32 Window: SizeChanged(512, 458)
INFO [2022-11-06][06:55:15] game src/main.rs:156:29 Resizing to 512x458
INFO [2022-11-06][06:55:15] game src/main.rs:170:32 Window: Exposed
INFO [2022-11-06][06:55:15] game src/main.rs:170:32 Window: Moved(621, 172)
INFO [2022-11-06][06:55:15] game src/main.rs:170:32 Window: SizeChanged(489, 458)
INFO [2022-11-06][06:55:15] game src/main.rs:156:29 Resizing to 489x458
INFO [2022-11-06][06:55:15] game src/main.rs:170:32 Window: Exposed
INFO [2022-11-06][06:55:15] game src/main.rs:170:32 Window: Moved(718, 172)
INFO [2022-11-06][06:55:15] game src/main.rs:170:32 Window: SizeChanged(392, 442)
INFO [2022-11-06][06:55:15] game src/main.rs:156:29 Resizing to 392x442
INFO [2022-11-06][06:55:15] game src/main.rs:170:32 Window: Exposed
INFO [2022-11-06][06:55:15] game src/main.rs:170:32 Window: Moved(757, 172)
INFO [2022-11-06][06:55:15] game src/main.rs:170:32 Window: SizeChanged(353, 438)
INFO [2022-11-06][06:55:15] game src/main.rs:156:29 Resizing to 353x438
INFO [2022-11-06][06:55:15] game src/main.rs:170:32 Window: Exposed
INFO [2022-11-06][06:55:15] game src/main.rs:170:32 Window: Moved(802, 172)
INFO [2022-11-06][06:55:15] game src/main.rs:170:32 Window: SizeChanged(308, 431)
INFO [2022-11-06][06:55:15] game src/main.rs:156:29 Resizing to 308x431
INFO [2022-11-06][06:55:15] game src/main.rs:170:32 Window: Exposed
INFO [2022-11-06][06:55:15] game src/main.rs:170:32 Window: Moved(799, 172)
INFO [2022-11-06][06:55:15] game src/main.rs:170:32 Window: SizeChanged(311, 431)
INFO [2022-11-06][06:55:15] game src/main.rs:156:29 Resizing to 311x431
INFO [2022-11-06][06:55:15] game src/main.rs:170:32 Window: Exposed
INFO [2022-11-06][06:55:15] game src/main.rs:170:32 Window: Moved(778, 172)
INFO [2022-11-06][06:55:15] game src/main.rs:170:32 Window: SizeChanged(332, 431)
INFO [2022-11-06][06:55:15] game src/main.rs:156:29 Resizing to 332x431
INFO [2022-11-06][06:55:15] game src/main.rs:170:32 Window: Exposed
INFO [2022-11-06][06:55:15] game src/main.rs:170:32 Window: Moved(712, 172)
INFO [2022-11-06][06:55:15] game src/main.rs:170:32 Window: SizeChanged(398, 431)
INFO [2022-11-06][06:55:15] game src/main.rs:156:29 Resizing to 398x431
INFO [2022-11-06][06:55:15] game src/main.rs:170:32 Window: Exposed
INFO [2022-11-06][06:55:15] game src/main.rs:170:32 Window: Moved(599, 172)
INFO [2022-11-06][06:55:15] game src/main.rs:170:32 Window: SizeChanged(511, 431)
INFO [2022-11-06][06:55:15] game src/main.rs:156:29 Resizing to 511x431
INFO [2022-11-06][06:55:15] game src/main.rs:170:32 Window: Exposed
INFO [2022-11-06][06:55:15] game src/main.rs:170:32 Window: Moved(563, 172)
INFO [2022-11-06][06:55:15] game src/main.rs:170:32 Window: SizeChanged(547, 431)
INFO [2022-11-06][06:55:15] game src/main.rs:156:29 Resizing to 547x431
INFO [2022-11-06][06:55:15] game src/main.rs:170:32 Window: Exposed
INFO [2022-11-06][06:55:15] game src/main.rs:170:32 Window: Moved(546, 172)
INFO [2022-11-06][06:55:15] game src/main.rs:170:32 Window: SizeChanged(564, 431)
INFO [2022-11-06][06:55:15] game src/main.rs:156:29 Resizing to 564x431
INFO [2022-11-06][06:55:15] game src/main.rs:170:32 Window: Exposed
INFO [2022-11-06][06:55:15] game src/main.rs:170:32 Window: Moved(544, 172)
INFO [2022-11-06][06:55:15] game src/main.rs:170:32 Window: SizeChanged(566, 431)
INFO [2022-11-06][06:55:15] game src/main.rs:156:29 Resizing to 566x431
INFO [2022-11-06][06:55:15] game src/main.rs:170:32 Window: Exposed
INFO [2022-11-06][06:55:15] game src/main.rs:170:32 Window: Moved(539, 172)
INFO [2022-11-06][06:55:15] game src/main.rs:170:32 Window: SizeChanged(571, 431)
INFO [2022-11-06][06:55:15] game src/main.rs:156:29 Resizing to 571x431
INFO [2022-11-06][06:55:15] game src/main.rs:170:32 Window: Exposed
INFO [2022-11-06][06:55:15] game src/main.rs:170:32 Window: Moved(538, 172)
INFO [2022-11-06][06:55:15] game src/main.rs:170:32 Window: SizeChanged(572, 431)
INFO [2022-11-06][06:55:15] game src/main.rs:156:29 Resizing to 572x431
INFO [2022-11-06][06:55:15] game src/main.rs:170:32 Window: Exposed
INFO [2022-11-06][06:55:15] game src/main.rs:170:32 Window: Moved(530, 172)
INFO [2022-11-06][06:55:15] game src/main.rs:170:32 Window: SizeChanged(580, 431)
INFO [2022-11-06][06:55:15] game src/main.rs:156:29 Resizing to 580x431
INFO [2022-11-06][06:55:15] game src/main.rs:170:32 Window: Exposed
INFO [2022-11-06][06:55:15] game src/main.rs:170:32 Window: Moved(521, 172)
INFO [2022-11-06][06:55:15] game src/main.rs:170:32 Window: SizeChanged(589, 432)
INFO [2022-11-06][06:55:15] game src/main.rs:156:29 Resizing to 589x432
INFO [2022-11-06][06:55:15] game src/main.rs:170:32 Window: Exposed
INFO [2022-11-06][06:55:15] game src/main.rs:170:32 Window: Moved(501, 172)
INFO [2022-11-06][06:55:15] game src/main.rs:170:32 Window: SizeChanged(609, 434)
INFO [2022-11-06][06:55:15] game src/main.rs:156:29 Resizing to 609x434
INFO [2022-11-06][06:55:15] game src/main.rs:170:32 Window: Exposed
INFO [2022-11-06][06:55:15] game src/main.rs:170:32 Window: Moved(488, 172)
INFO [2022-11-06][06:55:15] game src/main.rs:170:32 Window: SizeChanged(622, 439)
INFO [2022-11-06][06:55:15] game src/main.rs:156:29 Resizing to 622x439
INFO [2022-11-06][06:55:15] game src/main.rs:170:32 Window: Exposed
INFO [2022-11-06][06:55:15] game src/main.rs:170:32 Window: Moved(462, 172)
INFO [2022-11-06][06:55:15] game src/main.rs:170:32 Window: SizeChanged(648, 443)
INFO [2022-11-06][06:55:15] game src/main.rs:156:29 Resizing to 648x443
INFO [2022-11-06][06:55:15] game src/main.rs:170:32 Window: Exposed
INFO [2022-11-06][06:55:16] game src/main.rs:170:32 Window: Moved(452, 172)
INFO [2022-11-06][06:55:16] game src/main.rs:170:32 Window: SizeChanged(658, 445)
INFO [2022-11-06][06:55:16] game src/main.rs:156:29 Resizing to 658x445
INFO [2022-11-06][06:55:16] game src/main.rs:170:32 Window: Exposed
INFO [2022-11-06][06:55:16] game src/main.rs:170:32 Window: Moved(442, 172)
INFO [2022-11-06][06:55:16] game src/main.rs:170:32 Window: SizeChanged(668, 449)
INFO [2022-11-06][06:55:16] game src/main.rs:156:29 Resizing to 668x449
INFO [2022-11-06][06:55:16] game src/main.rs:170:32 Window: Exposed
INFO [2022-11-06][06:55:16] game src/main.rs:170:32 Window: Moved(437, 172)
INFO [2022-11-06][06:55:16] game src/main.rs:170:32 Window: SizeChanged(673, 450)
INFO [2022-11-06][06:55:16] game src/main.rs:156:29 Resizing to 673x450
INFO [2022-11-06][06:55:16] game src/main.rs:170:32 Window: Exposed
INFO [2022-11-06][06:55:16] game src/main.rs:170:32 Window: Moved(401, 172)
INFO [2022-11-06][06:55:16] game src/main.rs:170:32 Window: SizeChanged(709, 459)
INFO [2022-11-06][06:55:16] game src/main.rs:156:29 Resizing to 709x459
INFO [2022-11-06][06:55:16] game src/main.rs:170:32 Window: Exposed
INFO [2022-11-06][06:55:16] game src/main.rs:170:32 Window: Moved(388, 172)
INFO [2022-11-06][06:55:16] game src/main.rs:170:32 Window: SizeChanged(722, 459)
INFO [2022-11-06][06:55:16] game src/main.rs:156:29 Resizing to 722x459
INFO [2022-11-06][06:55:16] game src/main.rs:170:32 Window: Exposed
INFO [2022-11-06][06:55:16] game src/main.rs:170:32 Window: Moved(389, 172)
INFO [2022-11-06][06:55:16] game src/main.rs:170:32 Window: SizeChanged(721, 459)
INFO [2022-11-06][06:55:16] game src/main.rs:156:29 Resizing to 721x459
INFO [2022-11-06][06:55:16] game src/main.rs:170:32 Window: Exposed
INFO [2022-11-06][06:55:16] game src/main.rs:170:32 Window: Moved(408, 172)
INFO [2022-11-06][06:55:16] game src/main.rs:170:32 Window: SizeChanged(702, 452)
INFO [2022-11-06][06:55:16] game src/main.rs:156:29 Resizing to 702x452
INFO [2022-11-06][06:55:16] game src/main.rs:170:32 Window: Exposed
INFO [2022-11-06][06:55:16] game src/main.rs:170:32 Window: Moved(609, 172)
INFO [2022-11-06][06:55:16] game src/main.rs:170:32 Window: SizeChanged(501, 411)
INFO [2022-11-06][06:55:16] game src/main.rs:156:29 Resizing to 501x411
INFO [2022-11-06][06:55:16] game src/main.rs:170:32 Window: Exposed
INFO [2022-11-06][06:55:16] game src/main.rs:170:32 Window: Moved(758, 172)
INFO [2022-11-06][06:55:16] game src/main.rs:170:32 Window: SizeChanged(352, 391)
INFO [2022-11-06][06:55:16] game src/main.rs:156:29 Resizing to 352x391
INFO [2022-11-06][06:55:16] game src/main.rs:170:32 Window: Exposed
INFO [2022-11-06][06:55:16] game src/main.rs:170:32 Window: Moved(936, 172)
INFO [2022-11-06][06:55:16] game src/main.rs:170:32 Window: SizeChanged(174, 371)
INFO [2022-11-06][06:55:16] game src/main.rs:156:29 Resizing to 174x371
INFO [2022-11-06][06:55:16] game src/main.rs:170:32 Window: Exposed
INFO [2022-11-06][06:55:16] game src/main.rs:170:32 Window: Moved(1024, 172)
INFO [2022-11-06][06:55:16] game src/main.rs:170:32 Window: SizeChanged(86, 369)
INFO [2022-11-06][06:55:16] game src/main.rs:156:29 Resizing to 86x369
INFO [2022-11-06][06:55:16] game src/main.rs:170:32 Window: Exposed
INFO [2022-11-06][06:55:16] game src/main.rs:170:32 Window: Moved(1109, 172)
INFO [2022-11-06][06:55:16] game src/main.rs:170:32 Window: SizeChanged(1, 369)
INFO [2022-11-06][06:55:16] game src/main.rs:156:29 Resizing to 1x369
INFO [2022-11-06][06:55:16] game src/main.rs:170:32 Window: Exposed
INFO [2022-11-06][06:55:16] game src/main.rs:170:32 Window: SizeChanged(1, 365)
INFO [2022-11-06][06:55:16] game src/main.rs:156:29 Resizing to 1x365
INFO [2022-11-06][06:55:16] game src/main.rs:170:32 Window: Exposed
INFO [2022-11-06][06:55:16] game src/main.rs:170:32 Window: SizeChanged(1, 350)
INFO [2022-11-06][06:55:16] game src/main.rs:156:29 Resizing to 1x350
INFO [2022-11-06][06:55:16] game src/main.rs:170:32 Window: Exposed
INFO [2022-11-06][06:55:17] game src/main.rs:170:32 Window: Moved(1060, 172)
INFO [2022-11-06][06:55:17] game src/main.rs:170:32 Window: SizeChanged(50, 338)
INFO [2022-11-06][06:55:17] game src/main.rs:156:29 Resizing to 50x338
INFO [2022-11-06][06:55:17] game src/main.rs:170:32 Window: Exposed
INFO [2022-11-06][06:55:17] game src/main.rs:170:32 Window: Moved(914, 172)
INFO [2022-11-06][06:55:17] game src/main.rs:170:32 Window: SizeChanged(196, 338)
INFO [2022-11-06][06:55:17] game src/main.rs:156:29 Resizing to 196x338
INFO [2022-11-06][06:55:17] game src/main.rs:170:32 Window: Exposed
INFO [2022-11-06][06:55:17] game src/main.rs:170:32 Window: Moved(784, 172)
INFO [2022-11-06][06:55:17] game src/main.rs:170:32 Window: SizeChanged(326, 351)
INFO [2022-11-06][06:55:17] game src/main.rs:156:29 Resizing to 326x351
INFO [2022-11-06][06:55:17] game src/main.rs:170:32 Window: Exposed
INFO [2022-11-06][06:55:17] game src/main.rs:170:32 Window: Moved(778, 172)
INFO [2022-11-06][06:55:17] game src/main.rs:170:32 Window: SizeChanged(332, 352)
INFO [2022-11-06][06:55:17] game src/main.rs:156:29 Resizing to 332x352
INFO [2022-11-06][06:55:17] game src/main.rs:170:32 Window: Exposed
INFO [2022-11-06][06:55:17] game src/main.rs:170:32 Window: Moved(768, 172)
INFO [2022-11-06][06:55:17] game src/main.rs:170:32 Window: SizeChanged(342, 357)
INFO [2022-11-06][06:55:17] game src/main.rs:156:29 Resizing to 342x357
INFO [2022-11-06][06:55:17] game src/main.rs:170:32 Window: Exposed
INFO [2022-11-06][06:55:17] game src/main.rs:170:32 Window: Moved(749, 172)
INFO [2022-11-06][06:55:17] game src/main.rs:170:32 Window: SizeChanged(361, 366)
INFO [2022-11-06][06:55:17] game src/main.rs:156:29 Resizing to 361x366
INFO [2022-11-06][06:55:17] game src/main.rs:170:32 Window: Exposed
INFO [2022-11-06][06:55:17] game src/main.rs:170:32 Window: Moved(705, 172)
INFO [2022-11-06][06:55:17] game src/main.rs:170:32 Window: SizeChanged(405, 382)
INFO [2022-11-06][06:55:17] game src/main.rs:156:29 Resizing to 405x382
INFO [2022-11-06][06:55:17] game src/main.rs:170:32 Window: Exposed
INFO [2022-11-06][06:55:17] game src/main.rs:170:32 Window: Moved(661, 172)
INFO [2022-11-06][06:55:17] game src/main.rs:170:32 Window: SizeChanged(449, 402)
INFO [2022-11-06][06:55:17] game src/main.rs:156:29 Resizing to 449x402
INFO [2022-11-06][06:55:17] game src/main.rs:170:32 Window: Exposed
INFO [2022-11-06][06:55:17] game src/main.rs:170:32 Window: Moved(634, 172)
INFO [2022-11-06][06:55:17] game src/main.rs:170:32 Window: SizeChanged(476, 410)
INFO [2022-11-06][06:55:17] game src/main.rs:156:29 Resizing to 476x410
INFO [2022-11-06][06:55:17] game src/main.rs:170:32 Window: Exposed
INFO [2022-11-06][06:55:17] game src/main.rs:170:32 Window: Moved(618, 172)
INFO [2022-11-06][06:55:17] game src/main.rs:170:32 Window: SizeChanged(492, 414)
INFO [2022-11-06][06:55:17] game src/main.rs:156:29 Resizing to 492x414
INFO [2022-11-06][06:55:17] game src/main.rs:170:32 Window: Exposed
INFO [2022-11-06][06:55:17] game src/main.rs:170:32 Window: Moved(610, 172)
INFO [2022-11-06][06:55:17] game src/main.rs:170:32 Window: SizeChanged(500, 416)
INFO [2022-11-06][06:55:17] game src/main.rs:156:29 Resizing to 500x416
INFO [2022-11-06][06:55:17] game src/main.rs:170:32 Window: Exposed
INFO [2022-11-06][06:55:17] game src/main.rs:170:32 Window: Moved(600, 172)
INFO [2022-11-06][06:55:17] game src/main.rs:170:32 Window: SizeChanged(510, 420)
INFO [2022-11-06][06:55:17] game src/main.rs:156:29 Resizing to 510x420
INFO [2022-11-06][06:55:17] game src/main.rs:170:32 Window: Exposed
INFO [2022-11-06][06:55:17] game src/main.rs:170:32 Window: Moved(596, 172)
INFO [2022-11-06][06:55:17] game src/main.rs:170:32 Window: SizeChanged(514, 421)
INFO [2022-11-06][06:55:17] game src/main.rs:156:29 Resizing to 514x421
INFO [2022-11-06][06:55:17] game src/main.rs:170:32 Window: Exposed
INFO [2022-11-06][06:55:17] game src/main.rs:170:32 Window: Moved(587, 172)
INFO [2022-11-06][06:55:17] game src/main.rs:170:32 Window: SizeChanged(523, 425)
INFO [2022-11-06][06:55:17] game src/main.rs:156:29 Resizing to 523x425
INFO [2022-11-06][06:55:17] game src/main.rs:170:32 Window: Exposed
INFO [2022-11-06][06:55:17] game src/main.rs:170:32 Window: Moved(583, 172)
INFO [2022-11-06][06:55:17] game src/main.rs:170:32 Window: SizeChanged(527, 426)
INFO [2022-11-06][06:55:17] game src/main.rs:156:29 Resizing to 527x426
INFO [2022-11-06][06:55:17] game src/main.rs:170:32 Window: Exposed
INFO [2022-11-06][06:55:17] game src/main.rs:170:32 Window: Moved(573, 172)
INFO [2022-11-06][06:55:17] game src/main.rs:170:32 Window: SizeChanged(537, 430)
INFO [2022-11-06][06:55:17] game src/main.rs:156:29 Resizing to 537x430
INFO [2022-11-06][06:55:17] game src/main.rs:170:32 Window: Exposed
INFO [2022-11-06][06:55:17] game src/main.rs:170:32 Window: Moved(564, 172)
INFO [2022-11-06][06:55:17] game src/main.rs:170:32 Window: SizeChanged(546, 434)
INFO [2022-11-06][06:55:17] game src/main.rs:156:29 Resizing to 546x434
INFO [2022-11-06][06:55:17] game src/main.rs:170:32 Window: Exposed
INFO [2022-11-06][06:55:17] game src/main.rs:170:32 Window: Moved(550, 172)
INFO [2022-11-06][06:55:17] game src/main.rs:170:32 Window: SizeChanged(560, 437)
INFO [2022-11-06][06:55:17] game src/main.rs:156:29 Resizing to 560x437
INFO [2022-11-06][06:55:17] game src/main.rs:170:32 Window: Exposed
INFO [2022-11-06][06:55:17] game src/main.rs:170:32 Window: Moved(546, 172)
INFO [2022-11-06][06:55:17] game src/main.rs:170:32 Window: SizeChanged(564, 437)
INFO [2022-11-06][06:55:17] game src/main.rs:156:29 Resizing to 564x437
INFO [2022-11-06][06:55:17] game src/main.rs:170:32 Window: Exposed
INFO [2022-11-06][06:55:17] game src/main.rs:170:32 Window: Moved(533, 172)
INFO [2022-11-06][06:55:17] game src/main.rs:170:32 Window: SizeChanged(577, 441)
INFO [2022-11-06][06:55:17] game src/main.rs:156:29 Resizing to 577x441
INFO [2022-11-06][06:55:17] game src/main.rs:170:32 Window: Exposed
INFO [2022-11-06][06:55:17] game src/main.rs:170:32 Window: Moved(524, 172)
INFO [2022-11-06][06:55:17] game src/main.rs:170:32 Window: SizeChanged(586, 444)
INFO [2022-11-06][06:55:17] game src/main.rs:156:29 Resizing to 586x444
INFO [2022-11-06][06:55:17] game src/main.rs:170:32 Window: Exposed
INFO [2022-11-06][06:55:17] game src/main.rs:170:32 Window: Moved(519, 172)
INFO [2022-11-06][06:55:17] game src/main.rs:170:32 Window: SizeChanged(591, 445)
INFO [2022-11-06][06:55:17] game src/main.rs:156:29 Resizing to 591x445
INFO [2022-11-06][06:55:17] game src/main.rs:170:32 Window: Exposed
INFO [2022-11-06][06:55:17] game src/main.rs:170:32 Window: Moved(516, 172)
INFO [2022-11-06][06:55:17] game src/main.rs:170:32 Window: SizeChanged(594, 446)
INFO [2022-11-06][06:55:17] game src/main.rs:156:29 Resizing to 594x446
INFO [2022-11-06][06:55:17] game src/main.rs:170:32 Window: Exposed
INFO [2022-11-06][06:55:17] game src/main.rs:170:32 Window: Moved(509, 172)
INFO [2022-11-06][06:55:17] game src/main.rs:170:32 Window: SizeChanged(601, 447)
INFO [2022-11-06][06:55:17] game src/main.rs:156:29 Resizing to 601x447
INFO [2022-11-06][06:55:17] game src/main.rs:170:32 Window: Exposed
INFO [2022-11-06][06:55:18] game src/main.rs:170:32 Window: Moved(508, 172)
INFO [2022-11-06][06:55:18] game src/main.rs:170:32 Window: SizeChanged(602, 447)
INFO [2022-11-06][06:55:18] game src/main.rs:156:29 Resizing to 602x447
INFO [2022-11-06][06:55:18] game src/main.rs:170:32 Window: Exposed
INFO [2022-11-06][06:55:18] game src/main.rs:170:32 Window: Moved(494, 172)
INFO [2022-11-06][06:55:18] game src/main.rs:170:32 Window: SizeChanged(616, 450)
INFO [2022-11-06][06:55:18] game src/main.rs:156:29 Resizing to 616x450
INFO [2022-11-06][06:55:18] game src/main.rs:170:32 Window: Exposed
INFO [2022-11-06][06:55:18] game src/main.rs:170:32 Window: Moved(488, 172)
INFO [2022-11-06][06:55:18] game src/main.rs:170:32 Window: SizeChanged(622, 452)
INFO [2022-11-06][06:55:18] game src/main.rs:156:29 Resizing to 622x452
INFO [2022-11-06][06:55:18] game src/main.rs:170:32 Window: Exposed
INFO [2022-11-06][06:55:18] game src/main.rs:170:32 Window: Moved(478, 172)
INFO [2022-11-06][06:55:18] game src/main.rs:170:32 Window: SizeChanged(632, 456)
INFO [2022-11-06][06:55:18] game src/main.rs:156:29 Resizing to 632x456
INFO [2022-11-06][06:55:18] game src/main.rs:170:32 Window: Exposed
INFO [2022-11-06][06:55:18] game src/main.rs:170:32 Window: Moved(475, 172)
INFO [2022-11-06][06:55:18] game src/main.rs:170:32 Window: SizeChanged(635, 456)
INFO [2022-11-06][06:55:18] game src/main.rs:156:29 Resizing to 635x456
INFO [2022-11-06][06:55:18] game src/main.rs:170:32 Window: Exposed
INFO [2022-11-06][06:55:18] game src/main.rs:170:32 Window: Moved(461, 172)
INFO [2022-11-06][06:55:18] game src/main.rs:170:32 Window: SizeChanged(649, 464)
INFO [2022-11-06][06:55:18] game src/main.rs:156:29 Resizing to 649x464
INFO [2022-11-06][06:55:18] game src/main.rs:170:32 Window: Exposed
INFO [2022-11-06][06:55:18] game src/main.rs:170:32 Window: Moved(453, 172)
INFO [2022-11-06][06:55:18] game src/main.rs:170:32 Window: SizeChanged(657, 469)
INFO [2022-11-06][06:55:18] game src/main.rs:156:29 Resizing to 657x469
INFO [2022-11-06][06:55:18] game src/main.rs:170:32 Window: Exposed
INFO [2022-11-06][06:55:18] game src/main.rs:170:32 Window: Moved(452, 172)
INFO [2022-11-06][06:55:18] game src/main.rs:170:32 Window: SizeChanged(658, 469)
INFO [2022-11-06][06:55:18] game src/main.rs:156:29 Resizing to 658x469
INFO [2022-11-06][06:55:18] game src/main.rs:170:32 Window: Exposed
INFO [2022-11-06][06:55:18] game src/main.rs:170:32 Window: Moved(449, 172)
INFO [2022-11-06][06:55:18] game src/main.rs:170:32 Window: SizeChanged(661, 469)
INFO [2022-11-06][06:55:18] game src/main.rs:156:29 Resizing to 661x469
INFO [2022-11-06][06:55:18] game src/main.rs:170:32 Window: Exposed
INFO [2022-11-06][06:55:18] game src/main.rs:170:32 Window: Moved(444, 172)
INFO [2022-11-06][06:55:18] game src/main.rs:170:32 Window: SizeChanged(666, 470)
INFO [2022-11-06][06:55:18] game src/main.rs:156:29 Resizing to 666x470
INFO [2022-11-06][06:55:18] game src/main.rs:170:32 Window: Exposed
INFO [2022-11-06][06:55:18] game src/main.rs:170:32 Window: Moved(443, 172)
INFO [2022-11-06][06:55:18] game src/main.rs:170:32 Window: SizeChanged(667, 471)
INFO [2022-11-06][06:55:18] game src/main.rs:156:29 Resizing to 667x471
INFO [2022-11-06][06:55:18] game src/main.rs:170:32 Window: Exposed
INFO [2022-11-06][06:55:18] game src/main.rs:170:32 Window: Moved(436, 172)
INFO [2022-11-06][06:55:18] game src/main.rs:170:32 Window: SizeChanged(674, 477)
INFO [2022-11-06][06:55:18] game src/main.rs:156:29 Resizing to 674x477
INFO [2022-11-06][06:55:18] game src/main.rs:170:32 Window: Exposed
INFO [2022-11-06][06:55:18] game src/main.rs:170:32 Window: Moved(426, 172)
INFO [2022-11-06][06:55:18] game src/main.rs:170:32 Window: SizeChanged(684, 487)
INFO [2022-11-06][06:55:18] game src/main.rs:156:29 Resizing to 684x487
INFO [2022-11-06][06:55:18] game src/main.rs:170:32 Window: Exposed
INFO [2022-11-06][06:55:18] game src/main.rs:170:32 Window: Moved(420, 172)
INFO [2022-11-06][06:55:18] game src/main.rs:170:32 Window: SizeChanged(690, 495)
INFO [2022-11-06][06:55:18] game src/main.rs:156:29 Resizing to 690x495
INFO [2022-11-06][06:55:18] game src/main.rs:170:32 Window: Exposed
INFO [2022-11-06][06:55:18] game src/main.rs:170:32 Window: Moved(416, 172)
INFO [2022-11-06][06:55:18] game src/main.rs:170:32 Window: SizeChanged(694, 499)
INFO [2022-11-06][06:55:18] game src/main.rs:156:29 Resizing to 694x499
INFO [2022-11-06][06:55:18] game src/main.rs:170:32 Window: Exposed
INFO [2022-11-06][06:55:18] game src/main.rs:170:32 Window: Moved(408, 172)
INFO [2022-11-06][06:55:18] game src/main.rs:170:32 Window: SizeChanged(702, 508)
INFO [2022-11-06][06:55:18] game src/main.rs:156:29 Resizing to 702x508
INFO [2022-11-06][06:55:18] game src/main.rs:170:32 Window: Exposed
INFO [2022-11-06][06:55:18] game src/main.rs:170:32 Window: Moved(393, 172)
INFO [2022-11-06][06:55:18] game src/main.rs:170:32 Window: SizeChanged(717, 524)
INFO [2022-11-06][06:55:18] game src/main.rs:156:29 Resizing to 717x524
INFO [2022-11-06][06:55:18] game src/main.rs:170:32 Window: Exposed
INFO [2022-11-06][06:55:18] game src/main.rs:170:32 Window: Moved(390, 172)
INFO [2022-11-06][06:55:18] game src/main.rs:170:32 Window: SizeChanged(720, 528)
INFO [2022-11-06][06:55:18] game src/main.rs:156:29 Resizing to 720x528
INFO [2022-11-06][06:55:18] game src/main.rs:170:32 Window: Exposed
INFO [2022-11-06][06:55:18] game src/main.rs:170:32 Window: Moved(387, 172)
INFO [2022-11-06][06:55:18] game src/main.rs:170:32 Window: SizeChanged(723, 532)
INFO [2022-11-06][06:55:18] game src/main.rs:156:29 Resizing to 723x532
INFO [2022-11-06][06:55:18] game src/main.rs:170:32 Window: Exposed
INFO [2022-11-06][06:55:18] game src/main.rs:170:32 Window: Moved(385, 172)
INFO [2022-11-06][06:55:18] game src/main.rs:170:32 Window: SizeChanged(725, 534)
INFO [2022-11-06][06:55:18] game src/main.rs:156:29 Resizing to 725x534
INFO [2022-11-06][06:55:18] game src/main.rs:170:32 Window: Exposed
INFO [2022-11-06][06:55:18] game src/main.rs:170:32 Window: Moved(380, 172)
INFO [2022-11-06][06:55:18] game src/main.rs:170:32 Window: SizeChanged(730, 538)
INFO [2022-11-06][06:55:18] game src/main.rs:156:29 Resizing to 730x538
INFO [2022-11-06][06:55:18] game src/main.rs:170:32 Window: Exposed
INFO [2022-11-06][06:55:18] game src/main.rs:170:32 Window: Moved(378, 172)
INFO [2022-11-06][06:55:18] game src/main.rs:170:32 Window: SizeChanged(732, 539)
INFO [2022-11-06][06:55:18] game src/main.rs:156:29 Resizing to 732x539
INFO [2022-11-06][06:55:18] game src/main.rs:170:32 Window: Exposed
INFO [2022-11-06][06:55:19] game src/main.rs:170:32 Window: Enter
INFO [2022-11-06][06:55:19] game src/main.rs:170:32 Window: Leave
INFO [2022-11-06][06:55:19] game src/main.rs:170:32 Window: FocusLost
INFO [2022-11-06][06:55:21] game src/main.rs:170:32 Window: Enter
INFO [2022-11-06][06:55:21] game src/main.rs:170:32 Window: Leave
INFO [2022-11-06][06:55:21] game src/main.rs:170:32 Window: Enter
INFO [2022-11-06][06:55:22] game src/main.rs:170:32 Window: Leave
INFO [2022-11-06][06:55:22] game src/main.rs:170:32 Window: Enter
INFO [2022-11-06][06:55:22] game src/main.rs:170:32 Window: Leave
INFO [2022-11-06][06:55:23] game src/main.rs:170:32 Window: Hidden
INFO [2022-11-06][06:55:23] game src/main.rs:170:32 Window: Minimized
INFO [2022-11-06][06:55:24] game src/main.rs:170:32 Window: Restored
INFO [2022-11-06][06:55:24] game src/main.rs:170:32 Window: Shown
INFO [2022-11-06][06:55:24] game src/main.rs:170:32 Window: FocusGained
INFO [2022-11-06][06:55:24] game src/main.rs:170:32 Window: TakeFocus
INFO [2022-11-06][06:55:24] game src/main.rs:170:32 Window: Enter
INFO [2022-11-06][06:55:24] game src/main.rs:170:32 Window: Leave
INFO [2022-11-06][06:55:25] game src/main.rs:170:32 Window: TakeFocus
INFO [2022-11-06][06:55:25] game src/main.rs:170:32 Window: Maximized
INFO [2022-11-06][06:55:25] game src/main.rs:170:32 Window: Moved(40, 28)
INFO [2022-11-06][06:55:25] game src/main.rs:170:32 Window: SizeChanged(1326, 740)
INFO [2022-11-06][06:55:25] game src/main.rs:156:29 Resizing to 1326x740
INFO [2022-11-06][06:55:25] game src/main.rs:170:32 Window: Exposed
INFO [2022-11-06][06:55:25] game src/main.rs:170:32 Window: Enter
INFO [2022-11-06][06:55:25] game src/main.rs:170:32 Window: Leave
INFO [2022-11-06][06:55:26] game src/main.rs:170:32 Window: TakeFocus
INFO [2022-11-06][06:55:26] game src/main.rs:170:32 Window: Moved(378, 172)
INFO [2022-11-06][06:55:26] game src/main.rs:170:32 Window: SizeChanged(732, 539)
INFO [2022-11-06][06:55:26] game src/main.rs:156:29 Resizing to 732x539
INFO [2022-11-06][06:55:26] game src/main.rs:170:32 Window: Exposed
INFO [2022-11-06][06:55:26] game src/main.rs:170:32 Window: Restored
INFO [2022-11-06][06:55:27] game src/main.rs:170:32 Window: TakeFocus
INFO [2022-11-06][06:55:27] game src/main.rs:170:32 Window: Maximized
INFO [2022-11-06][06:55:27] game src/main.rs:170:32 Window: Moved(40, 28)
INFO [2022-11-06][06:55:27] game src/main.rs:170:32 Window: SizeChanged(1326, 740)
INFO [2022-11-06][06:55:27] game src/main.rs:156:29 Resizing to 1326x740
INFO [2022-11-06][06:55:27] game src/main.rs:170:32 Window: Exposed
INFO [2022-11-06][06:55:27] game src/main.rs:170:32 Window: Enter
INFO [2022-11-06][06:55:28] game src/main.rs:170:32 Window: Leave
INFO [2022-11-06][06:55:29] game src/main.rs:170:32 Window: Enter
INFO [2022-11-06][06:55:29] game src/main.rs:170:32 Window: Leave
INFO [2022-11-06][06:55:29] game src/main.rs:170:32 Window: Hidden
INFO [2022-11-06][06:55:29] game src/main.rs:170:32 Window: Minimized
INFO [2022-11-06][06:55:29] game src/main.rs:170:32 Window: FocusLost
INFO [2022-11-06][06:55:29] game src/main.rs:170:32 Window: Maximized
INFO [2022-11-06][06:55:31] game src/main.rs:170:32 Window: Restored
INFO [2022-11-06][06:55:31] game src/main.rs:170:32 Window: Shown
INFO [2022-11-06][06:55:31] game src/main.rs:170:32 Window: FocusGained
INFO [2022-11-06][06:55:31] game src/main.rs:170:32 Window: Maximized
INFO [2022-11-06][06:55:31] game src/main.rs:170:32 Window: TakeFocus
INFO [2022-11-06][06:55:31] game src/main.rs:170:32 Window: Enter
DEBUG [2022-11-06][06:55:31] game src/main.rs:240:21 MouseButtonDown
DEBUG [2022-11-06][06:55:31] game src/main.rs:252:21 MouseButtonUp
INFO [2022-11-06][06:55:32] game src/main.rs:170:32 Window: Leave
INFO [2022-11-06][06:55:32] game src/main.rs:170:32 Window: TakeFocus
INFO [2022-11-06][06:55:32] game src/main.rs:170:32 Window: TakeFocus
INFO [2022-11-06][06:55:32] game src/main.rs:170:32 Window: Moved(582, 28)
INFO [2022-11-06][06:55:32] game src/main.rs:170:32 Window: SizeChanged(732, 539)
INFO [2022-11-06][06:55:32] game src/main.rs:156:29 Resizing to 732x539
INFO [2022-11-06][06:55:32] game src/main.rs:170:32 Window: Exposed
INFO [2022-11-06][06:55:32] game src/main.rs:170:32 Window: Restored
INFO [2022-11-06][06:55:32] game src/main.rs:170:32 Window: Moved(580, 116)
INFO [2022-11-06][06:55:32] game src/main.rs:170:32 Window: Moved(580, 125)
INFO [2022-11-06][06:55:32] game src/main.rs:170:32 Window: Moved(580, 129)
INFO [2022-11-06][06:55:32] game src/main.rs:170:32 Window: Moved(580, 131)
INFO [2022-11-06][06:55:32] game src/main.rs:170:32 Window: Moved(580, 134)
INFO [2022-11-06][06:55:32] game src/main.rs:170:32 Window: Moved(580, 136)
INFO [2022-11-06][06:55:33] game src/main.rs:170:32 Window: Moved(580, 142)
INFO [2022-11-06][06:55:33] game src/main.rs:170:32 Window: Moved(580, 143)
INFO [2022-11-06][06:55:33] game src/main.rs:170:32 Window: Moved(579, 138)
INFO [2022-11-06][06:55:33] game src/main.rs:170:32 Window: Moved(557, 65)
INFO [2022-11-06][06:55:33] game src/main.rs:170:32 Window: Moved(532, 28)
INFO [2022-11-06][06:55:33] game src/main.rs:170:32 Window: Moved(512, 28)
INFO [2022-11-06][06:55:33] game src/main.rs:170:32 Window: Moved(502, 28)
INFO [2022-11-06][06:55:33] game src/main.rs:170:32 Window: Moved(500, 28)
INFO [2022-11-06][06:55:33] game src/main.rs:170:32 Window: Maximized
INFO [2022-11-06][06:55:33] game src/main.rs:170:32 Window: Moved(40, 28)
INFO [2022-11-06][06:55:33] game src/main.rs:170:32 Window: SizeChanged(1326, 740)
INFO [2022-11-06][06:55:33] game src/main.rs:156:29 Resizing to 1326x740
INFO [2022-11-06][06:55:33] game src/main.rs:170:32 Window: Exposed
INFO [2022-11-06][06:55:34] game src/main.rs:170:32 Window: TakeFocus
INFO [2022-11-06][06:55:34] game src/main.rs:170:32 Window: TakeFocus
INFO [2022-11-06][06:55:34] game src/main.rs:170:32 Window: Moved(539, 28)
INFO [2022-11-06][06:55:34] game src/main.rs:170:32 Window: SizeChanged(732, 539)
INFO [2022-11-06][06:55:34] game src/main.rs:156:29 Resizing to 732x539
INFO [2022-11-06][06:55:34] game src/main.rs:170:32 Window: Exposed
INFO [2022-11-06][06:55:34] game src/main.rs:170:32 Window: Restored
INFO [2022-11-06][06:55:34] game src/main.rs:170:32 Window: Moved(529, 124)
INFO [2022-11-06][06:55:34] game src/main.rs:170:32 Window: Moved(527, 129)
INFO [2022-11-06][06:55:34] game src/main.rs:170:32 Window: Moved(527, 135)
INFO [2022-11-06][06:55:34] game src/main.rs:170:32 Window: Moved(526, 138)
INFO [2022-11-06][06:55:34] game src/main.rs:170:32 Window: Moved(526, 141)
INFO [2022-11-06][06:55:34] game src/main.rs:170:32 Window: Moved(526, 142)
INFO [2022-11-06][06:55:34] game src/main.rs:170:32 Window: Moved(526, 143)
INFO [2022-11-06][06:55:34] game src/main.rs:170:32 Window: Moved(526, 141)
INFO [2022-11-06][06:55:34] game src/main.rs:170:32 Window: Moved(521, 119)
INFO [2022-11-06][06:55:34] game src/main.rs:170:32 Window: Moved(515, 69)
INFO [2022-11-06][06:55:34] game src/main.rs:170:32 Window: Moved(509, 28)
INFO [2022-11-06][06:55:34] game src/main.rs:170:32 Window: Moved(501, 28)
INFO [2022-11-06][06:55:34] game src/main.rs:170:32 Window: Moved(500, 28)
INFO [2022-11-06][06:55:34] game src/main.rs:170:32 Window: Maximized
INFO [2022-11-06][06:55:34] game src/main.rs:170:32 Window: Moved(40, 28)
INFO [2022-11-06][06:55:34] game src/main.rs:170:32 Window: SizeChanged(1326, 740)
INFO [2022-11-06][06:55:34] game src/main.rs:156:29 Resizing to 1326x740
INFO [2022-11-06][06:55:34] game src/main.rs:170:32 Window: Exposed
INFO [2022-11-06][06:55:36] game src/main.rs:170:32 Window: Close
