DEBUG [2022-11-01][11:01:10] game src/main.rs:46:5 Running
DEBUG [2022-11-01][11:01:12] game src/main.rs:164:21 KeyDown:
DEBUG [2022-11-01][11:01:12] game src/main.rs:166:37 Keycode K, 107
DEBUG [2022-11-01][11:01:12] game src/main.rs:170:37 Scancde K, 14
DEBUG [2022-11-01][11:01:12] game src/main.rs:173:21 Keymod: 0000
DEBUG [2022-11-01][11:01:12] game src/main.rs:154:21 TextInput
DEBUG [2022-11-01][11:01:12] game src/main.rs:164:21 KeyDown:
DEBUG [2022-11-01][11:01:12] game src/main.rs:166:37 Keycode L, 108
DEBUG [2022-11-01][11:01:12] game src/main.rs:170:37 Scancde L, 15
DEBUG [2022-11-01][11:01:12] game src/main.rs:173:21 Keymod: 0000
DEBUG [2022-11-01][11:01:12] game src/main.rs:154:21 TextInput
DEBUG [2022-11-01][11:01:12] game src/main.rs:184:21 KeyUp:
DEBUG [2022-11-01][11:01:12] game src/main.rs:186:37 Keycode L, 108
DEBUG [2022-11-01][11:01:12] game src/main.rs:190:37 Scancde L, 15
DEBUG [2022-11-01][11:01:12] game src/main.rs:193:21 Keymod: 0000
DEBUG [2022-11-01][11:01:12] game src/main.rs:184:21 KeyUp:
DEBUG [2022-11-01][11:01:12] game src/main.rs:186:37 Keycode K, 107
DEBUG [2022-11-01][11:01:12] game src/main.rs:190:37 Scancde K, 14
DEBUG [2022-11-01][11:01:12] game src/main.rs:193:21 Keymod: 0000
DEBUG [2022-11-01][11:01:12] game src/main.rs:164:21 KeyDown:
DEBUG [2022-11-01][11:01:12] game src/main.rs:166:37 Keycode K, 107
DEBUG [2022-11-01][11:01:12] game src/main.rs:170:37 Scancde K, 14
DEBUG [2022-11-01][11:01:12] game src/main.rs:173:21 Keymod: 0000
DEBUG [2022-11-01][11:01:12] game src/main.rs:154:21 TextInput
DEBUG [2022-11-01][11:01:12] game src/main.rs:184:21 KeyUp:
DEBUG [2022-11-01][11:01:12] game src/main.rs:186:37 Keycode K, 107
DEBUG [2022-11-01][11:01:12] game src/main.rs:190:37 Scancde K, 14
DEBUG [2022-11-01][11:01:12] game src/main.rs:193:21 Keymod: 0000
DEBUG [2022-11-01][11:01:12] game src/main.rs:164:21 KeyDown:
DEBUG [2022-11-01][11:01:12] game src/main.rs:166:37 Keycode O, 111
DEBUG [2022-11-01][11:01:12] game src/main.rs:170:37 Scancde O, 18
DEBUG [2022-11-01][11:01:12] game src/main.rs:173:21 Keymod: 0000
DEBUG [2022-11-01][11:01:12] game src/main.rs:154:21 TextInput
DEBUG [2022-11-01][11:01:12] game src/main.rs:164:21 KeyDown:
DEBUG [2022-11-01][11:01:12] game src/main.rs:166:37 Keycode P, 112
DEBUG [2022-11-01][11:01:12] game src/main.rs:170:37 Scancde P, 19
DEBUG [2022-11-01][11:01:12] game src/main.rs:173:21 Keymod: 0000
DEBUG [2022-11-01][11:01:12] game src/main.rs:154:21 TextInput
DEBUG [2022-11-01][11:01:12] game src/main.rs:164:21 KeyDown:
DEBUG [2022-11-01][11:01:12] game src/main.rs:166:37 Keycode L, 108
DEBUG [2022-11-01][11:01:12] game src/main.rs:170:37 Scancde L, 15
DEBUG [2022-11-01][11:01:12] game src/main.rs:173:21 Keymod: 0000
DEBUG [2022-11-01][11:01:12] game src/main.rs:154:21 TextInput
DEBUG [2022-11-01][11:01:12] game src/main.rs:184:21 KeyUp:
DEBUG [2022-11-01][11:01:12] game src/main.rs:186:37 Keycode O, 111
DEBUG [2022-11-01][11:01:12] game src/main.rs:190:37 Scancde O, 18
DEBUG [2022-11-01][11:01:12] game src/main.rs:193:21 Keymod: 0000
DEBUG [2022-11-01][11:01:12] game src/main.rs:164:21 KeyDown:
DEBUG [2022-11-01][11:01:12] game src/main.rs:166:37 Keycode M, 109
DEBUG [2022-11-01][11:01:12] game src/main.rs:170:37 Scancde M, 16
DEBUG [2022-11-01][11:01:12] game src/main.rs:173:21 Keymod: 0000
DEBUG [2022-11-01][11:01:12] game src/main.rs:154:21 TextInput
DEBUG [2022-11-01][11:01:12] game src/main.rs:184:21 KeyUp:
DEBUG [2022-11-01][11:01:12] game src/main.rs:186:37 Keycode L, 108
DEBUG [2022-11-01][11:01:12] game src/main.rs:190:37 Scancde L, 15
DEBUG [2022-11-01][11:01:12] game src/main.rs:193:21 Keymod: 0000
DEBUG [2022-11-01][11:01:12] game src/main.rs:184:21 KeyUp:
DEBUG [2022-11-01][11:01:12] game src/main.rs:186:37 Keycode P, 112
DEBUG [2022-11-01][11:01:12] game src/main.rs:190:37 Scancde P, 19
DEBUG [2022-11-01][11:01:12] game src/main.rs:193:21 Keymod: 0000
DEBUG [2022-11-01][11:01:12] game src/main.rs:164:21 KeyDown:
DEBUG [2022-11-01][11:01:12] game src/main.rs:166:37 Keycode J, 106
DEBUG [2022-11-01][11:01:12] game src/main.rs:170:37 Scancde J, 13
DEBUG [2022-11-01][11:01:12] game src/main.rs:173:21 Keymod: 0000
DEBUG [2022-11-01][11:01:12] game src/main.rs:154:21 TextInput
DEBUG [2022-11-01][11:01:12] game src/main.rs:184:21 KeyUp:
DEBUG [2022-11-01][11:01:12] game src/main.rs:186:37 Keycode M, 109
DEBUG [2022-11-01][11:01:12] game src/main.rs:190:37 Scancde M, 16
DEBUG [2022-11-01][11:01:12] game src/main.rs:193:21 Keymod: 0000
DEBUG [2022-11-01][11:01:12] game src/main.rs:184:21 KeyUp:
DEBUG [2022-11-01][11:01:12] game src/main.rs:186:37 Keycode J, 106
DEBUG [2022-11-01][11:01:12] game src/main.rs:190:37 Scancde J, 13
DEBUG [2022-11-01][11:01:12] game src/main.rs:193:21 Keymod: 0000
DEBUG [2022-11-01][11:01:12] game src/main.rs:164:21 KeyDown:
DEBUG [2022-11-01][11:01:12] game src/main.rs:166:37 Keycode O, 111
DEBUG [2022-11-01][11:01:12] game src/main.rs:170:37 Scancde O, 18
DEBUG [2022-11-01][11:01:12] game src/main.rs:173:21 Keymod: 0000
DEBUG [2022-11-01][11:01:12] game src/main.rs:154:21 TextInput
DEBUG [2022-11-01][11:01:12] game src/main.rs:164:21 KeyDown:
DEBUG [2022-11-01][11:01:12] game src/main.rs:166:37 Keycode M, 109
DEBUG [2022-11-01][11:01:12] game src/main.rs:170:37 Scancde M, 16
DEBUG [2022-11-01][11:01:12] game src/main.rs:173:21 Keymod: 0000
DEBUG [2022-11-01][11:01:12] game src/main.rs:154:21 TextInput
DEBUG [2022-11-01][11:01:12] game src/main.rs:184:21 KeyUp:
DEBUG [2022-11-01][11:01:12] game src/main.rs:186:37 Keycode O, 111
DEBUG [2022-11-01][11:01:12] game src/main.rs:190:37 Scancde O, 18
DEBUG [2022-11-01][11:01:12] game src/main.rs:193:21 Keymod: 0000
DEBUG [2022-11-01][11:01:12] game src/main.rs:184:21 KeyUp:
DEBUG [2022-11-01][11:01:12] game src/main.rs:186:37 Keycode M, 109
DEBUG [2022-11-01][11:01:12] game src/main.rs:190:37 Scancde M, 16
DEBUG [2022-11-01][11:01:12] game src/main.rs:193:21 Keymod: 0000
DEBUG [2022-11-01][11:01:12] game src/main.rs:164:21 KeyDown:
DEBUG [2022-11-01][11:01:12] game src/main.rs:166:37 Keycode O, 111
DEBUG [2022-11-01][11:01:12] game src/main.rs:170:37 Scancde O, 18
DEBUG [2022-11-01][11:01:12] game src/main.rs:173:21 Keymod: 0000
DEBUG [2022-11-01][11:01:12] game src/main.rs:154:21 TextInput
DEBUG [2022-11-01][11:01:13] game src/main.rs:184:21 KeyUp:
DEBUG [2022-11-01][11:01:13] game src/main.rs:186:37 Keycode O, 111
DEBUG [2022-11-01][11:01:13] game src/main.rs:190:37 Scancde O, 18
DEBUG [2022-11-01][11:01:13] game src/main.rs:193:21 Keymod: 0000
DEBUG [2022-11-01][11:01:13] game src/main.rs:164:21 KeyDown:
DEBUG [2022-11-01][11:01:13] game src/main.rs:166:37 Keycode Left Alt, 1073742050
DEBUG [2022-11-01][11:01:13] game src/main.rs:170:37 Scancde Left Alt, 226
DEBUG [2022-11-01][11:01:13] game src/main.rs:173:21 Keymod: 0100
