DEBUG [2022-11-06][10:09:05] game src/main.rs:158:32 Window: Shown
DEBUG [2022-11-06][10:09:05] game src/main.rs:158:32 Window: Moved(256, 172)
DEBUG [2022-11-06][10:09:05] game src/main.rs:158:32 Window: Exposed
DEBUG [2022-11-06][10:09:05] game src/main.rs:158:32 Window: Enter
DEBUG [2022-11-06][10:09:05] game src/main.rs:158:32 Window: FocusGained
DEBUG [2022-11-06][10:09:05] game src/main.rs:158:32 Window: TakeFocus
DEBUG [2022-11-06][10:09:06] game src/main.rs:228:21 MouseButtonDown
DEBUG [2022-11-06][10:09:06] game src/main.rs:240:21 MouseButtonUp
DEBUG [2022-11-06][10:09:06] game src/main.rs:228:21 MouseButtonDown
DEBUG [2022-11-06][10:09:06] game src/main.rs:240:21 MouseButtonUp
DEBUG [2022-11-06][10:09:07] game src/main.rs:228:21 MouseButtonDown
DEBUG [2022-11-06][10:09:07] game src/main.rs:240:21 MouseButtonUp
DEBUG [2022-11-06][10:09:07] game src/main.rs:228:21 MouseButtonDown
DEBUG [2022-11-06][10:09:07] game src/main.rs:240:21 MouseButtonUp
DEBUG [2022-11-06][10:09:07] game src/main.rs:228:21 MouseButtonDown
DEBUG [2022-11-06][10:09:08] game src/main.rs:240:21 MouseButtonUp
DEBUG [2022-11-06][10:09:08] game src/main.rs:158:32 Window: Leave
DEBUG [2022-11-06][10:09:08] game src/main.rs:158:32 Window: TakeFocus
DEBUG [2022-11-06][10:09:08] game src/main.rs:158:32 Window: TakeFocus
DEBUG [2022-11-06][10:09:08] game src/main.rs:158:32 Window: Moved(234, 177)
DEBUG [2022-11-06][10:09:08] game src/main.rs:158:32 Window: Moved(167, 196)
DEBUG [2022-11-06][10:09:08] game src/main.rs:158:32 Window: Moved(105, 206)
DEBUG [2022-11-06][10:09:08] game src/main.rs:158:32 Window: Moved(40, 212)
DEBUG [2022-11-06][10:09:08] game src/main.rs:158:32 Window: Moved(-57, 216)
DEBUG [2022-11-06][10:09:08] game src/main.rs:158:32 Window: Moved(-79, 216)
DEBUG [2022-11-06][10:09:08] game src/main.rs:158:32 Window: Moved(-86, 216)
DEBUG [2022-11-06][10:09:08] game src/main.rs:158:32 Window: Moved(-87, 216)
DEBUG [2022-11-06][10:09:09] game src/main.rs:158:32 Window: Moved(-89, 212)
DEBUG [2022-11-06][10:09:09] game src/main.rs:158:32 Window: Moved(-93, 207)
DEBUG [2022-11-06][10:09:09] game src/main.rs:158:32 Window: Moved(-98, 186)
DEBUG [2022-11-06][10:09:09] game src/main.rs:158:32 Window: Moved(-104, 167)
DEBUG [2022-11-06][10:09:09] game src/main.rs:158:32 Window: Moved(-107, 150)
DEBUG [2022-11-06][10:09:09] game src/main.rs:158:32 Window: Moved(-110, 135)
DEBUG [2022-11-06][10:09:09] game src/main.rs:158:32 Window: Moved(-111, 128)
DEBUG [2022-11-06][10:09:09] game src/main.rs:158:32 Window: Moved(-111, 125)
DEBUG [2022-11-06][10:09:09] game src/main.rs:158:32 Window: Enter
DEBUG [2022-11-06][10:09:09] game src/main.rs:158:32 Window: Leave
DEBUG [2022-11-06][10:09:14] game src/main.rs:158:32 Window: Enter
DEBUG [2022-11-06][10:09:14] game src/main.rs:228:21 MouseButtonDown
DEBUG [2022-11-06][10:09:14] game src/main.rs:240:21 MouseButtonUp
DEBUG [2022-11-06][10:09:14] game src/main.rs:228:21 MouseButtonDown
DEBUG [2022-11-06][10:09:15] game src/main.rs:240:21 MouseButtonUp
DEBUG [2022-11-06][10:09:15] game src/main.rs:228:21 MouseButtonDown
DEBUG [2022-11-06][10:09:15] game src/main.rs:240:21 MouseButtonUp
DEBUG [2022-11-06][10:09:15] game src/main.rs:228:21 MouseButtonDown
DEBUG [2022-11-06][10:09:15] game src/main.rs:240:21 MouseButtonUp
DEBUG [2022-11-06][10:09:15] game src/main.rs:228:21 MouseButtonDown
DEBUG [2022-11-06][10:09:15] game src/main.rs:240:21 MouseButtonUp
DEBUG [2022-11-06][10:09:15] game src/main.rs:158:32 Window: Leave
DEBUG [2022-11-06][10:09:16] game src/main.rs:158:32 Window: TakeFocus
DEBUG [2022-11-06][10:09:16] game src/main.rs:158:32 Window: TakeFocus
DEBUG [2022-11-06][10:09:16] game src/main.rs:158:32 Window: Moved(-88, 127)
DEBUG [2022-11-06][10:09:16] game src/main.rs:158:32 Window: Moved(-20, 129)
DEBUG [2022-11-06][10:09:16] game src/main.rs:158:32 Window: Moved(60, 129)
DEBUG [2022-11-06][10:09:16] game src/main.rs:158:32 Window: Moved(136, 129)
DEBUG [2022-11-06][10:09:16] game src/main.rs:158:32 Window: Moved(227, 117)
DEBUG [2022-11-06][10:09:16] game src/main.rs:158:32 Window: Moved(233, 116)
DEBUG [2022-11-06][10:09:16] game src/main.rs:158:32 Window: Enter
DEBUG [2022-11-06][10:09:17] game src/main.rs:158:32 Window: Leave
DEBUG [2022-11-06][10:09:17] game src/main.rs:158:32 Window: TakeFocus
DEBUG [2022-11-06][10:09:17] game src/main.rs:158:32 Window: TakeFocus
DEBUG [2022-11-06][10:09:17] game src/main.rs:158:32 Window: Enter
DEBUG [2022-11-06][10:09:17] game src/main.rs:158:32 Window: Leave
DEBUG [2022-11-06][10:09:18] game src/main.rs:158:32 Window: Close
